/home/robot/robot_ws/install/robot_ai/lib/python3.10/site-packages/robot_ai/publisher.py
/home/robot/robot_ws/install/robot_ai/lib/python3.10/site-packages/robot_ai/camera.py
/home/robot/robot_ws/install/robot_ai/lib/python3.10/site-packages/robot_ai/__init__.py
/home/robot/robot_ws/install/robot_ai/lib/python3.10/site-packages/robot_ai/ai_node.py
/home/robot/robot_ws/install/robot_ai/lib/python3.10/site-packages/robot_ai/config.py
/home/robot/robot_ws/install/robot_ai/lib/python3.10/site-packages/robot_ai/model_loader.py
/home/robot/robot_ws/install/robot_ai/lib/python3.10/site-packages/robot_ai/detector.py
/home/robot/robot_ws/install/robot_ai/lib/python3.10/site-packages/robot_ai/__pycache__/publisher.cpython-310.pyc
/home/robot/robot_ws/install/robot_ai/lib/python3.10/site-packages/robot_ai/__pycache__/camera.cpython-310.pyc
/home/robot/robot_ws/install/robot_ai/lib/python3.10/site-packages/robot_ai/__pycache__/__init__.cpython-310.pyc
/home/robot/robot_ws/install/robot_ai/lib/python3.10/site-packages/robot_ai/__pycache__/ai_node.cpython-310.pyc
/home/robot/robot_ws/install/robot_ai/lib/python3.10/site-packages/robot_ai/__pycache__/config.cpython-310.pyc
/home/robot/robot_ws/install/robot_ai/lib/python3.10/site-packages/robot_ai/__pycache__/model_loader.cpython-310.pyc
/home/robot/robot_ws/install/robot_ai/lib/python3.10/site-packages/robot_ai/__pycache__/detector.cpython-310.pyc
/home/robot/robot_ws/install/robot_ai/share/ament_index/resource_index/packages/robot_ai
/home/robot/robot_ws/install/robot_ai/share/robot_ai/package.xml
/home/robot/robot_ws/install/robot_ai/share/robot_ai/launch/ai.launch.py
/home/robot/robot_ws/install/robot_ai/share/robot_ai/config/ai.yaml
/home/robot/robot_ws/install/robot_ai/share/robot_ai/model
/home/robot/robot_ws/install/robot_ai/lib/python3.10/site-packages/robot_ai-1.0.0-py3.10.egg-info/PKG-INFO
/home/robot/robot_ws/install/robot_ai/lib/python3.10/site-packages/robot_ai-1.0.0-py3.10.egg-info/top_level.txt
/home/robot/robot_ws/install/robot_ai/lib/python3.10/site-packages/robot_ai-1.0.0-py3.10.egg-info/SOURCES.txt
/home/robot/robot_ws/install/robot_ai/lib/python3.10/site-packages/robot_ai-1.0.0-py3.10.egg-info/entry_points.txt
/home/robot/robot_ws/install/robot_ai/lib/python3.10/site-packages/robot_ai-1.0.0-py3.10.egg-info/requires.txt
/home/robot/robot_ws/install/robot_ai/lib/python3.10/site-packages/robot_ai-1.0.0-py3.10.egg-info/dependency_links.txt
/home/robot/robot_ws/install/robot_ai/lib/python3.10/site-packages/robot_ai-1.0.0-py3.10.egg-info/zip-safe
/home/robot/robot_ws/install/robot_ai/lib/robot_ai/ai_node
