[35m[1mConsolidate compiler generated dependencies of target vision_msgs__rosidl_generator_c[0m
[ 10%] Built target vision_msgs__rosidl_generator_c
[ 10%] Built target ament_cmake_python_copy_vision_msgs
[35m[1mConsolidate compiler generated dependencies of target vision_msgs__rosidl_typesupport_introspection_c[0m
[ 20%] Built target vision_msgs__rosidl_typesupport_introspection_c
[35m[1mConsolidate compiler generated dependencies of target vision_msgs__rosidl_typesupport_c[0m
[ 31%] Built target vision_msgs__rosidl_typesupport_c
[35m[1mConsolidate compiler generated dependencies of target vision_msgs__rosidl_typesupport_fastrtps_c[0m
[ 41%] Built target vision_msgs__rosidl_typesupport_fastrtps_c
running egg_info
writing vision_msgs.egg-info/PKG-INFO
writing dependency_links to vision_msgs.egg-info/dependency_links.txt
writing top-level names to vision_msgs.egg-info/top_level.txt
reading manifest file 'vision_msgs.egg-info/SOURCES.txt'
writing manifest file 'vision_msgs.egg-info/SOURCES.txt'
[ 41%] Built target ament_cmake_python_build_vision_msgs_egg
[ 43%] Built target vision_msgs__rs
[ 45%] Built target vision_msgs__cpp
[35m[1mConsolidate compiler generated dependencies of target vision_msgs__rosidl_typesupport_fastrtps_cpp[0m
[ 56%] Built target vision_msgs__rosidl_typesupport_fastrtps_cpp
[ 58%] [32mBuilding CXX object CMakeFiles/vision_msgs__rosidl_typesupport_cpp.dir/rosidl_typesupport_cpp/vision_msgs/msg/detection__type_support.cpp.o[0m
[ 60%] [32mBuilding CXX object CMakeFiles/vision_msgs__rosidl_typesupport_cpp.dir/rosidl_typesupport_cpp/vision_msgs/msg/ai_status__type_support.cpp.o[0m
[ 62%] [32mBuilding CXX object CMakeFiles/vision_msgs__rosidl_typesupport_cpp.dir/rosidl_typesupport_cpp/vision_msgs/msg/detection_array__type_support.cpp.o[0m
[ 64%] [32m[1mLinking CXX shared library libvision_msgs__rosidl_typesupport_cpp.so[0m
[ 66%] Built target vision_msgs__rosidl_typesupport_cpp
[ 68%] [34m[1mGenerating C++ introspection for ROS interfaces[0m
[35m[1mConsolidate compiler generated dependencies of target vision_msgs__rosidl_typesupport_introspection_cpp[0m
[ 70%] [32mBuilding CXX object CMakeFiles/vision_msgs__rosidl_typesupport_introspection_cpp.dir/rosidl_typesupport_introspection_cpp/vision_msgs/msg/detail/detection__type_support.cpp.o[0m
[ 72%] [32mBuilding CXX object CMakeFiles/vision_msgs__rosidl_typesupport_introspection_cpp.dir/rosidl_typesupport_introspection_cpp/vision_msgs/msg/detail/ai_status__type_support.cpp.o[0m
[ 75%] [32mBuilding CXX object CMakeFiles/vision_msgs__rosidl_typesupport_introspection_cpp.dir/rosidl_typesupport_introspection_cpp/vision_msgs/msg/detail/detection_array__type_support.cpp.o[0m
[ 77%] [32m[1mLinking CXX shared library libvision_msgs__rosidl_typesupport_introspection_cpp.so[0m
[ 77%] Built target vision_msgs__rosidl_typesupport_introspection_cpp
[ 77%] Built target vision_msgs
[ 79%] [34m[1mGenerating Python code for ROS interfaces[0m
[ 79%] Built target vision_msgs__py
[35m[1mConsolidate compiler generated dependencies of target vision_msgs__rosidl_generator_py[0m
[ 81%] [32mBuilding C object CMakeFiles/vision_msgs__rosidl_generator_py.dir/rosidl_generator_py/vision_msgs/msg/_detection_s.c.o[0m
[ 83%] [32mBuilding C object CMakeFiles/vision_msgs__rosidl_generator_py.dir/rosidl_generator_py/vision_msgs/msg/_ai_status_s.c.o[0m
[ 85%] [32mBuilding C object CMakeFiles/vision_msgs__rosidl_generator_py.dir/rosidl_generator_py/vision_msgs/msg/_detection_array_s.c.o[0m
[ 87%] [32m[1mLinking C shared library rosidl_generator_py/vision_msgs/libvision_msgs__rosidl_generator_py.so[0m
[ 87%] Built target vision_msgs__rosidl_generator_py
[35m[1mConsolidate compiler generated dependencies of target vision_msgs__rosidl_typesupport_fastrtps_c__pyext[0m
[ 89%] [32mBuilding C object CMakeFiles/vision_msgs__rosidl_typesupport_fastrtps_c__pyext.dir/rosidl_generator_py/vision_msgs/_vision_msgs_s.ep.rosidl_typesupport_fastrtps_c.c.o[0m
[ 91%] [32m[1mLinking C shared library rosidl_generator_py/vision_msgs/vision_msgs_s__rosidl_typesupport_fastrtps_c.cpython-310-aarch64-linux-gnu.so[0m
[ 91%] Built target vision_msgs__rosidl_typesupport_fastrtps_c__pyext
[35m[1mConsolidate compiler generated dependencies of target vision_msgs__rosidl_typesupport_c__pyext[0m
[ 93%] [32mBuilding C object CMakeFiles/vision_msgs__rosidl_typesupport_c__pyext.dir/rosidl_generator_py/vision_msgs/_vision_msgs_s.ep.rosidl_typesupport_c.c.o[0m
[ 95%] [32m[1mLinking C shared library rosidl_generator_py/vision_msgs/vision_msgs_s__rosidl_typesupport_c.cpython-310-aarch64-linux-gnu.so[0m
[ 95%] Built target vision_msgs__rosidl_typesupport_c__pyext
[35m[1mConsolidate compiler generated dependencies of target vision_msgs__rosidl_typesupport_introspection_c__pyext[0m
[ 97%] [32mBuilding C object CMakeFiles/vision_msgs__rosidl_typesupport_introspection_c__pyext.dir/rosidl_generator_py/vision_msgs/_vision_msgs_s.ep.rosidl_typesupport_introspection_c.c.o[0m
[100%] [32m[1mLinking C shared library rosidl_generator_py/vision_msgs/vision_msgs_s__rosidl_typesupport_introspection_c.cpython-310-aarch64-linux-gnu.so[0m
[100%] Built target vision_msgs__rosidl_typesupport_introspection_c__pyext
-- Install configuration: ""
-- Installing: /home/robot/robot_ws/install/vision_msgs/share/ament_index/resource_index/rosidl_interfaces/vision_msgs
-- Up-to-date: /home/robot/robot_ws/install/vision_msgs/include/vision_msgs/vision_msgs
-- Up-to-date: /home/robot/robot_ws/install/vision_msgs/include/vision_msgs/vision_msgs/msg
-- Installing: /home/robot/robot_ws/install/vision_msgs/include/vision_msgs/vision_msgs/msg/detection.h
-- Installing: /home/robot/robot_ws/install/vision_msgs/include/vision_msgs/vision_msgs/msg/ai_status.h
-- Up-to-date: /home/robot/robot_ws/install/vision_msgs/include/vision_msgs/vision_msgs/msg/rosidl_generator_c__visibility_control.h
-- Up-to-date: /home/robot/robot_ws/install/vision_msgs/include/vision_msgs/vision_msgs/msg/detail
-- Installing: /home/robot/robot_ws/install/vision_msgs/include/vision_msgs/vision_msgs/msg/detail/ai_status__struct.h
-- Installing: /home/robot/robot_ws/install/vision_msgs/include/vision_msgs/vision_msgs/msg/detail/detection__functions.c
-- Installing: /home/robot/robot_ws/install/vision_msgs/include/vision_msgs/vision_msgs/msg/detail/ai_status__type_support.h
-- Installing: /home/robot/robot_ws/install/vision_msgs/include/vision_msgs/vision_msgs/msg/detail/detection__functions.h
-- Installing: /home/robot/robot_ws/install/vision_msgs/include/vision_msgs/vision_msgs/msg/detail/detection_array__type_support.h
-- Installing: /home/robot/robot_ws/install/vision_msgs/include/vision_msgs/vision_msgs/msg/detail/ai_status__functions.c
-- Installing: /home/robot/robot_ws/install/vision_msgs/include/vision_msgs/vision_msgs/msg/detail/detection_array__functions.c
-- Installing: /home/robot/robot_ws/install/vision_msgs/include/vision_msgs/vision_msgs/msg/detail/ai_status__functions.h
-- Installing: /home/robot/robot_ws/install/vision_msgs/include/vision_msgs/vision_msgs/msg/detail/detection__struct.h
-- Installing: /home/robot/robot_ws/install/vision_msgs/include/vision_msgs/vision_msgs/msg/detail/detection_array__functions.h
-- Installing: /home/robot/robot_ws/install/vision_msgs/include/vision_msgs/vision_msgs/msg/detail/detection__type_support.h
-- Installing: /home/robot/robot_ws/install/vision_msgs/include/vision_msgs/vision_msgs/msg/detail/detection_array__struct.h
-- Installing: /home/robot/robot_ws/install/vision_msgs/include/vision_msgs/vision_msgs/msg/detection_array.h
-- Up-to-date: /home/robot/robot_ws/install/vision_msgs/share/vision_msgs/environment/library_path.sh
-- Installing: /home/robot/robot_ws/install/vision_msgs/share/vision_msgs/environment/library_path.dsv
-- Installing: /home/robot/robot_ws/install/vision_msgs/lib/libvision_msgs__rosidl_generator_c.so
-- Set runtime path of "/home/robot/robot_ws/install/vision_msgs/lib/libvision_msgs__rosidl_generator_c.so" to ""
-- Up-to-date: /home/robot/robot_ws/install/vision_msgs/include/vision_msgs/vision_msgs
-- Up-to-date: /home/robot/robot_ws/install/vision_msgs/include/vision_msgs/vision_msgs/msg
-- Up-to-date: /home/robot/robot_ws/install/vision_msgs/include/vision_msgs/vision_msgs/msg/rosidl_typesupport_fastrtps_c__visibility_control.h
-- Up-to-date: /home/robot/robot_ws/install/vision_msgs/include/vision_msgs/vision_msgs/msg/detail
-- Installing: /home/robot/robot_ws/install/vision_msgs/include/vision_msgs/vision_msgs/msg/detail/detection__rosidl_typesupport_fastrtps_c.h
-- Installing: /home/robot/robot_ws/install/vision_msgs/include/vision_msgs/vision_msgs/msg/detail/detection_array__rosidl_typesupport_fastrtps_c.h
-- Installing: /home/robot/robot_ws/install/vision_msgs/include/vision_msgs/vision_msgs/msg/detail/ai_status__rosidl_typesupport_fastrtps_c.h
-- Installing: /home/robot/robot_ws/install/vision_msgs/lib/libvision_msgs__rosidl_typesupport_fastrtps_c.so
-- Set runtime path of "/home/robot/robot_ws/install/vision_msgs/lib/libvision_msgs__rosidl_typesupport_fastrtps_c.so" to ""
-- Up-to-date: /home/robot/robot_ws/install/vision_msgs/include/vision_msgs/vision_msgs
-- Up-to-date: /home/robot/robot_ws/install/vision_msgs/include/vision_msgs/vision_msgs/msg
-- Up-to-date: /home/robot/robot_ws/install/vision_msgs/include/vision_msgs/vision_msgs/msg/detail
-- Installing: /home/robot/robot_ws/install/vision_msgs/include/vision_msgs/vision_msgs/msg/detail/detection__rosidl_typesupport_introspection_c.h
-- Installing: /home/robot/robot_ws/install/vision_msgs/include/vision_msgs/vision_msgs/msg/detail/ai_status__rosidl_typesupport_introspection_c.h
-- Installing: /home/robot/robot_ws/install/vision_msgs/include/vision_msgs/vision_msgs/msg/detail/detection__type_support.c
-- Installing: /home/robot/robot_ws/install/vision_msgs/include/vision_msgs/vision_msgs/msg/detail/ai_status__type_support.c
-- Installing: /home/robot/robot_ws/install/vision_msgs/include/vision_msgs/vision_msgs/msg/detail/detection_array__rosidl_typesupport_introspection_c.h
-- Installing: /home/robot/robot_ws/install/vision_msgs/include/vision_msgs/vision_msgs/msg/detail/detection_array__type_support.c
-- Up-to-date: /home/robot/robot_ws/install/vision_msgs/include/vision_msgs/vision_msgs/msg/rosidl_typesupport_introspection_c__visibility_control.h
-- Installing: /home/robot/robot_ws/install/vision_msgs/lib/libvision_msgs__rosidl_typesupport_introspection_c.so
-- Set runtime path of "/home/robot/robot_ws/install/vision_msgs/lib/libvision_msgs__rosidl_typesupport_introspection_c.so" to ""
-- Installing: /home/robot/robot_ws/install/vision_msgs/lib/libvision_msgs__rosidl_typesupport_c.so
-- Set runtime path of "/home/robot/robot_ws/install/vision_msgs/lib/libvision_msgs__rosidl_typesupport_c.so" to ""
-- Up-to-date: /home/robot/robot_ws/install/vision_msgs/include/vision_msgs/vision_msgs
-- Up-to-date: /home/robot/robot_ws/install/vision_msgs/include/vision_msgs/vision_msgs/msg
-- Installing: /home/robot/robot_ws/install/vision_msgs/include/vision_msgs/vision_msgs/msg/detection_array.hpp
-- Installing: /home/robot/robot_ws/install/vision_msgs/include/vision_msgs/vision_msgs/msg/ai_status.hpp
-- Up-to-date: /home/robot/robot_ws/install/vision_msgs/include/vision_msgs/vision_msgs/msg/detail
-- Installing: /home/robot/robot_ws/install/vision_msgs/include/vision_msgs/vision_msgs/msg/detail/detection__struct.hpp
-- Installing: /home/robot/robot_ws/install/vision_msgs/include/vision_msgs/vision_msgs/msg/detail/ai_status__traits.hpp
-- Installing: /home/robot/robot_ws/install/vision_msgs/include/vision_msgs/vision_msgs/msg/detail/detection_array__type_support.hpp
-- Installing: /home/robot/robot_ws/install/vision_msgs/include/vision_msgs/vision_msgs/msg/detail/detection_array__builder.hpp
-- Installing: /home/robot/robot_ws/install/vision_msgs/include/vision_msgs/vision_msgs/msg/detail/detection__traits.hpp
-- Installing: /home/robot/robot_ws/install/vision_msgs/include/vision_msgs/vision_msgs/msg/detail/detection_array__struct.hpp
-- Installing: /home/robot/robot_ws/install/vision_msgs/include/vision_msgs/vision_msgs/msg/detail/ai_status__type_support.hpp
-- Installing: /home/robot/robot_ws/install/vision_msgs/include/vision_msgs/vision_msgs/msg/detail/detection__type_support.hpp
-- Installing: /home/robot/robot_ws/install/vision_msgs/include/vision_msgs/vision_msgs/msg/detail/detection_array__traits.hpp
-- Installing: /home/robot/robot_ws/install/vision_msgs/include/vision_msgs/vision_msgs/msg/detail/ai_status__builder.hpp
-- Installing: /home/robot/robot_ws/install/vision_msgs/include/vision_msgs/vision_msgs/msg/detail/detection__builder.hpp
-- Installing: /home/robot/robot_ws/install/vision_msgs/include/vision_msgs/vision_msgs/msg/detail/ai_status__struct.hpp
-- Up-to-date: /home/robot/robot_ws/install/vision_msgs/include/vision_msgs/vision_msgs/msg/rosidl_generator_cpp__visibility_control.hpp
-- Installing: /home/robot/robot_ws/install/vision_msgs/include/vision_msgs/vision_msgs/msg/detection.hpp
-- Up-to-date: /home/robot/robot_ws/install/vision_msgs/include/vision_msgs/vision_msgs
-- Up-to-date: /home/robot/robot_ws/install/vision_msgs/include/vision_msgs/vision_msgs/msg
-- Up-to-date: /home/robot/robot_ws/install/vision_msgs/include/vision_msgs/vision_msgs/msg/rosidl_typesupport_fastrtps_cpp__visibility_control.h
-- Up-to-date: /home/robot/robot_ws/install/vision_msgs/include/vision_msgs/vision_msgs/msg/detail
-- Up-to-date: /home/robot/robot_ws/install/vision_msgs/include/vision_msgs/vision_msgs/msg/detail/dds_fastrtps
-- Installing: /home/robot/robot_ws/install/vision_msgs/include/vision_msgs/vision_msgs/msg/detail/detection__rosidl_typesupport_fastrtps_cpp.hpp
-- Installing: /home/robot/robot_ws/install/vision_msgs/include/vision_msgs/vision_msgs/msg/detail/detection_array__rosidl_typesupport_fastrtps_cpp.hpp
-- Installing: /home/robot/robot_ws/install/vision_msgs/include/vision_msgs/vision_msgs/msg/detail/ai_status__rosidl_typesupport_fastrtps_cpp.hpp
-- Installing: /home/robot/robot_ws/install/vision_msgs/lib/libvision_msgs__rosidl_typesupport_fastrtps_cpp.so
-- Set runtime path of "/home/robot/robot_ws/install/vision_msgs/lib/libvision_msgs__rosidl_typesupport_fastrtps_cpp.so" to ""
-- Up-to-date: /home/robot/robot_ws/install/vision_msgs/include/vision_msgs/vision_msgs
-- Up-to-date: /home/robot/robot_ws/install/vision_msgs/include/vision_msgs/vision_msgs/msg
-- Up-to-date: /home/robot/robot_ws/install/vision_msgs/include/vision_msgs/vision_msgs/msg/detail
-- Installing: /home/robot/robot_ws/install/vision_msgs/include/vision_msgs/vision_msgs/msg/detail/detection_array__type_support.cpp
-- Installing: /home/robot/robot_ws/install/vision_msgs/include/vision_msgs/vision_msgs/msg/detail/detection__type_support.cpp
-- Installing: /home/robot/robot_ws/install/vision_msgs/include/vision_msgs/vision_msgs/msg/detail/ai_status__type_support.cpp
-- Installing: /home/robot/robot_ws/install/vision_msgs/include/vision_msgs/vision_msgs/msg/detail/ai_status__rosidl_typesupport_introspection_cpp.hpp
-- Installing: /home/robot/robot_ws/install/vision_msgs/include/vision_msgs/vision_msgs/msg/detail/detection__rosidl_typesupport_introspection_cpp.hpp
-- Installing: /home/robot/robot_ws/install/vision_msgs/include/vision_msgs/vision_msgs/msg/detail/detection_array__rosidl_typesupport_introspection_cpp.hpp
-- Installing: /home/robot/robot_ws/install/vision_msgs/lib/libvision_msgs__rosidl_typesupport_introspection_cpp.so
-- Set runtime path of "/home/robot/robot_ws/install/vision_msgs/lib/libvision_msgs__rosidl_typesupport_introspection_cpp.so" to ""
-- Installing: /home/robot/robot_ws/install/vision_msgs/lib/libvision_msgs__rosidl_typesupport_cpp.so
-- Set runtime path of "/home/robot/robot_ws/install/vision_msgs/lib/libvision_msgs__rosidl_typesupport_cpp.so" to ""
-- Up-to-date: /home/robot/robot_ws/install/vision_msgs/share/vision_msgs/environment/pythonpath.sh
-- Installing: /home/robot/robot_ws/install/vision_msgs/share/vision_msgs/environment/pythonpath.dsv
-- Up-to-date: /home/robot/robot_ws/install/vision_msgs/local/lib/python3.10/dist-packages/vision_msgs-1.0.0-py3.10.egg-info
-- Installing: /home/robot/robot_ws/install/vision_msgs/local/lib/python3.10/dist-packages/vision_msgs-1.0.0-py3.10.egg-info/PKG-INFO
-- Installing: /home/robot/robot_ws/install/vision_msgs/local/lib/python3.10/dist-packages/vision_msgs-1.0.0-py3.10.egg-info/top_level.txt
-- Installing: /home/robot/robot_ws/install/vision_msgs/local/lib/python3.10/dist-packages/vision_msgs-1.0.0-py3.10.egg-info/SOURCES.txt
-- Installing: /home/robot/robot_ws/install/vision_msgs/local/lib/python3.10/dist-packages/vision_msgs-1.0.0-py3.10.egg-info/dependency_links.txt
-- Up-to-date: /home/robot/robot_ws/install/vision_msgs/local/lib/python3.10/dist-packages/vision_msgs
-- Installing: /home/robot/robot_ws/install/vision_msgs/local/lib/python3.10/dist-packages/vision_msgs/__init__.py
-- Installing: /home/robot/robot_ws/install/vision_msgs/local/lib/python3.10/dist-packages/vision_msgs/vision_msgs_s__rosidl_typesupport_fastrtps_c.cpython-310-aarch64-linux-gnu.so
-- Installing: /home/robot/robot_ws/install/vision_msgs/local/lib/python3.10/dist-packages/vision_msgs/vision_msgs_s__rosidl_typesupport_c.cpython-310-aarch64-linux-gnu.so
-- Installing: /home/robot/robot_ws/install/vision_msgs/local/lib/python3.10/dist-packages/vision_msgs/_vision_msgs_s.ep.rosidl_typesupport_fastrtps_c.c
-- Installing: /home/robot/robot_ws/install/vision_msgs/local/lib/python3.10/dist-packages/vision_msgs/libvision_msgs__rosidl_generator_py.so
-- Installing: /home/robot/robot_ws/install/vision_msgs/local/lib/python3.10/dist-packages/vision_msgs/_vision_msgs_s.ep.rosidl_typesupport_introspection_c.c
-- Up-to-date: /home/robot/robot_ws/install/vision_msgs/local/lib/python3.10/dist-packages/vision_msgs/msg
-- Installing: /home/robot/robot_ws/install/vision_msgs/local/lib/python3.10/dist-packages/vision_msgs/msg/__init__.py
-- Installing: /home/robot/robot_ws/install/vision_msgs/local/lib/python3.10/dist-packages/vision_msgs/msg/_detection_array_s.c
-- Installing: /home/robot/robot_ws/install/vision_msgs/local/lib/python3.10/dist-packages/vision_msgs/msg/_ai_status.py
-- Installing: /home/robot/robot_ws/install/vision_msgs/local/lib/python3.10/dist-packages/vision_msgs/msg/_detection_array.py
-- Installing: /home/robot/robot_ws/install/vision_msgs/local/lib/python3.10/dist-packages/vision_msgs/msg/_ai_status_s.c
-- Installing: /home/robot/robot_ws/install/vision_msgs/local/lib/python3.10/dist-packages/vision_msgs/msg/_detection.py
-- Installing: /home/robot/robot_ws/install/vision_msgs/local/lib/python3.10/dist-packages/vision_msgs/msg/_detection_s.c
-- Installing: /home/robot/robot_ws/install/vision_msgs/local/lib/python3.10/dist-packages/vision_msgs/vision_msgs_s__rosidl_typesupport_introspection_c.cpython-310-aarch64-linux-gnu.so
-- Installing: /home/robot/robot_ws/install/vision_msgs/local/lib/python3.10/dist-packages/vision_msgs/_vision_msgs_s.ep.rosidl_typesupport_c.c
Listing '/home/robot/robot_ws/install/vision_msgs/local/lib/python3.10/dist-packages/vision_msgs'...
Compiling '/home/robot/robot_ws/install/vision_msgs/local/lib/python3.10/dist-packages/vision_msgs/__init__.py'...
Listing '/home/robot/robot_ws/install/vision_msgs/local/lib/python3.10/dist-packages/vision_msgs/msg'...
Compiling '/home/robot/robot_ws/install/vision_msgs/local/lib/python3.10/dist-packages/vision_msgs/msg/__init__.py'...
Compiling '/home/robot/robot_ws/install/vision_msgs/local/lib/python3.10/dist-packages/vision_msgs/msg/_ai_status.py'...
Compiling '/home/robot/robot_ws/install/vision_msgs/local/lib/python3.10/dist-packages/vision_msgs/msg/_detection.py'...
Compiling '/home/robot/robot_ws/install/vision_msgs/local/lib/python3.10/dist-packages/vision_msgs/msg/_detection_array.py'...
-- Installing: /home/robot/robot_ws/install/vision_msgs/local/lib/python3.10/dist-packages/vision_msgs/vision_msgs_s__rosidl_typesupport_fastrtps_c.cpython-310-aarch64-linux-gnu.so
-- Set runtime path of "/home/robot/robot_ws/install/vision_msgs/local/lib/python3.10/dist-packages/vision_msgs/vision_msgs_s__rosidl_typesupport_fastrtps_c.cpython-310-aarch64-linux-gnu.so" to ""
-- Installing: /home/robot/robot_ws/install/vision_msgs/local/lib/python3.10/dist-packages/vision_msgs/vision_msgs_s__rosidl_typesupport_introspection_c.cpython-310-aarch64-linux-gnu.so
-- Set runtime path of "/home/robot/robot_ws/install/vision_msgs/local/lib/python3.10/dist-packages/vision_msgs/vision_msgs_s__rosidl_typesupport_introspection_c.cpython-310-aarch64-linux-gnu.so" to ""
-- Installing: /home/robot/robot_ws/install/vision_msgs/local/lib/python3.10/dist-packages/vision_msgs/vision_msgs_s__rosidl_typesupport_c.cpython-310-aarch64-linux-gnu.so
-- Set runtime path of "/home/robot/robot_ws/install/vision_msgs/local/lib/python3.10/dist-packages/vision_msgs/vision_msgs_s__rosidl_typesupport_c.cpython-310-aarch64-linux-gnu.so" to ""
-- Installing: /home/robot/robot_ws/install/vision_msgs/lib/libvision_msgs__rosidl_generator_py.so
-- Set runtime path of "/home/robot/robot_ws/install/vision_msgs/lib/libvision_msgs__rosidl_generator_py.so" to ""
-- Up-to-date: /home/robot/robot_ws/install/vision_msgs/share/ament_index/resource_index/rust_packages/vision_msgs
-- Up-to-date: /home/robot/robot_ws/install/vision_msgs/share/vision_msgs/rust
-- Up-to-date: /home/robot/robot_ws/install/vision_msgs/share/vision_msgs/rust/src
-- Installing: /home/robot/robot_ws/install/vision_msgs/share/vision_msgs/rust/src/msg.rs
-- Up-to-date: /home/robot/robot_ws/install/vision_msgs/share/vision_msgs/rust/src/msg
-- Installing: /home/robot/robot_ws/install/vision_msgs/share/vision_msgs/rust/src/msg/rmw.rs
-- Installing: /home/robot/robot_ws/install/vision_msgs/share/vision_msgs/rust/src/lib.rs
-- Installing: /home/robot/robot_ws/install/vision_msgs/share/vision_msgs/rust/build.rs
-- Installing: /home/robot/robot_ws/install/vision_msgs/share/vision_msgs/rust/Cargo.toml
-- Installing: /home/robot/robot_ws/install/vision_msgs/share/vision_msgs/msg/Detection.idl
-- Up-to-date: /home/robot/robot_ws/install/vision_msgs/share/vision_msgs/msg/DetectionArray.idl
-- Installing: /home/robot/robot_ws/install/vision_msgs/share/vision_msgs/msg/AIStatus.idl
-- Installing: /home/robot/robot_ws/install/vision_msgs/share/vision_msgs/msg/Detection.msg
-- Up-to-date: /home/robot/robot_ws/install/vision_msgs/share/vision_msgs/msg/DetectionArray.msg
-- Installing: /home/robot/robot_ws/install/vision_msgs/share/vision_msgs/msg/AIStatus.msg
-- Up-to-date: /home/robot/robot_ws/install/vision_msgs/share/ament_index/resource_index/package_run_dependencies/vision_msgs
-- Up-to-date: /home/robot/robot_ws/install/vision_msgs/share/ament_index/resource_index/parent_prefix_path/vision_msgs
-- Up-to-date: /home/robot/robot_ws/install/vision_msgs/share/vision_msgs/environment/ament_prefix_path.sh
-- Installing: /home/robot/robot_ws/install/vision_msgs/share/vision_msgs/environment/ament_prefix_path.dsv
-- Up-to-date: /home/robot/robot_ws/install/vision_msgs/share/vision_msgs/environment/path.sh
-- Installing: /home/robot/robot_ws/install/vision_msgs/share/vision_msgs/environment/path.dsv
-- Up-to-date: /home/robot/robot_ws/install/vision_msgs/share/vision_msgs/local_setup.bash
-- Up-to-date: /home/robot/robot_ws/install/vision_msgs/share/vision_msgs/local_setup.sh
-- Up-to-date: /home/robot/robot_ws/install/vision_msgs/share/vision_msgs/local_setup.zsh
-- Installing: /home/robot/robot_ws/install/vision_msgs/share/vision_msgs/local_setup.dsv
-- Installing: /home/robot/robot_ws/install/vision_msgs/share/vision_msgs/package.dsv
-- Up-to-date: /home/robot/robot_ws/install/vision_msgs/share/ament_index/resource_index/packages/vision_msgs
-- Up-to-date: /home/robot/robot_ws/install/vision_msgs/share/vision_msgs/cmake/export_vision_msgs__rosidl_generator_cExport.cmake
-- Up-to-date: /home/robot/robot_ws/install/vision_msgs/share/vision_msgs/cmake/export_vision_msgs__rosidl_generator_cExport-noconfig.cmake
-- Up-to-date: /home/robot/robot_ws/install/vision_msgs/share/vision_msgs/cmake/export_vision_msgs__rosidl_typesupport_fastrtps_cExport.cmake
-- Up-to-date: /home/robot/robot_ws/install/vision_msgs/share/vision_msgs/cmake/export_vision_msgs__rosidl_typesupport_fastrtps_cExport-noconfig.cmake
-- Up-to-date: /home/robot/robot_ws/install/vision_msgs/share/vision_msgs/cmake/vision_msgs__rosidl_typesupport_introspection_cExport.cmake
-- Up-to-date: /home/robot/robot_ws/install/vision_msgs/share/vision_msgs/cmake/vision_msgs__rosidl_typesupport_introspection_cExport-noconfig.cmake
-- Up-to-date: /home/robot/robot_ws/install/vision_msgs/share/vision_msgs/cmake/vision_msgs__rosidl_typesupport_cExport.cmake
-- Up-to-date: /home/robot/robot_ws/install/vision_msgs/share/vision_msgs/cmake/vision_msgs__rosidl_typesupport_cExport-noconfig.cmake
-- Up-to-date: /home/robot/robot_ws/install/vision_msgs/share/vision_msgs/cmake/export_vision_msgs__rosidl_generator_cppExport.cmake
-- Up-to-date: /home/robot/robot_ws/install/vision_msgs/share/vision_msgs/cmake/export_vision_msgs__rosidl_typesupport_fastrtps_cppExport.cmake
-- Up-to-date: /home/robot/robot_ws/install/vision_msgs/share/vision_msgs/cmake/export_vision_msgs__rosidl_typesupport_fastrtps_cppExport-noconfig.cmake
-- Up-to-date: /home/robot/robot_ws/install/vision_msgs/share/vision_msgs/cmake/vision_msgs__rosidl_typesupport_introspection_cppExport.cmake
-- Up-to-date: /home/robot/robot_ws/install/vision_msgs/share/vision_msgs/cmake/vision_msgs__rosidl_typesupport_introspection_cppExport-noconfig.cmake
-- Up-to-date: /home/robot/robot_ws/install/vision_msgs/share/vision_msgs/cmake/vision_msgs__rosidl_typesupport_cppExport.cmake
-- Up-to-date: /home/robot/robot_ws/install/vision_msgs/share/vision_msgs/cmake/vision_msgs__rosidl_typesupport_cppExport-noconfig.cmake
-- Up-to-date: /home/robot/robot_ws/install/vision_msgs/share/vision_msgs/cmake/export_vision_msgs__rosidl_generator_pyExport.cmake
-- Up-to-date: /home/robot/robot_ws/install/vision_msgs/share/vision_msgs/cmake/export_vision_msgs__rosidl_generator_pyExport-noconfig.cmake
-- Installing: /home/robot/robot_ws/install/vision_msgs/share/vision_msgs/cmake/rosidl_cmake-extras.cmake
-- Up-to-date: /home/robot/robot_ws/install/vision_msgs/share/vision_msgs/cmake/ament_cmake_export_dependencies-extras.cmake
-- Up-to-date: /home/robot/robot_ws/install/vision_msgs/share/vision_msgs/cmake/ament_cmake_export_include_directories-extras.cmake
-- Up-to-date: /home/robot/robot_ws/install/vision_msgs/share/vision_msgs/cmake/ament_cmake_export_libraries-extras.cmake
-- Up-to-date: /home/robot/robot_ws/install/vision_msgs/share/vision_msgs/cmake/ament_cmake_export_targets-extras.cmake
-- Up-to-date: /home/robot/robot_ws/install/vision_msgs/share/vision_msgs/cmake/rosidl_cmake_export_typesupport_targets-extras.cmake
-- Up-to-date: /home/robot/robot_ws/install/vision_msgs/share/vision_msgs/cmake/rosidl_cmake_export_typesupport_libraries-extras.cmake
-- Up-to-date: /home/robot/robot_ws/install/vision_msgs/share/vision_msgs/cmake/rosidl_cmake_aggregate_target-extras.cmake
-- Up-to-date: /home/robot/robot_ws/install/vision_msgs/share/vision_msgs/cmake/vision_msgsConfig.cmake
-- Up-to-date: /home/robot/robot_ws/install/vision_msgs/share/vision_msgs/cmake/vision_msgsConfig-version.cmake
-- Up-to-date: /home/robot/robot_ws/install/vision_msgs/share/vision_msgs/package.xml
