[1.073s] DEBUG:colcon:Command line arguments: ['/usr/bin/colcon', 'build', '--packages-select', 'robot_camera']
[1.073s] DEBUG:colcon:Parsed command line arguments: Namespace(log_base=None, log_level=None, verb_name='build', build_base='build', install_base='install', merge_install=False, symlink_install=False, test_result_base=None, continue_on_error=False, executor='parallel', parallel_workers=4, event_handlers=None, ignore_user_meta=False, metas=['./colcon.meta'], base_paths=['.'], packages_ignore=None, packages_ignore_regex=None, paths=None, packages_up_to=None, packages_up_to_regex=None, packages_above=None, packages_above_and_dependencies=None, packages_above_depth=None, packages_select_by_dep=None, packages_skip_by_dep=None, packages_skip_up_to=None, packages_select_build_failed=False, packages_skip_build_finished=False, packages_select_test_failures=False, packages_skip_test_passed=False, packages_select=['robot_camera'], packages_skip=None, packages_select_regex=None, packages_skip_regex=None, packages_start=None, packages_end=None, allow_overriding=[], cmake_args=None, cmake_target=None, cmake_target_skip_unavailable=False, cmake_clean_cache=False, cmake_clean_first=False, cmake_force_configure=False, ament_cmake_args=None, catkin_cmake_args=None, catkin_skip_building_tests=False, verb_parser=<colcon_defaults.argument_parser.defaults.DefaultArgumentsDecorator object at 0xffff8f0866b0>, verb_extension=<colcon_core.verb.build.BuildVerb object at 0xffff8f18fe20>, main=<bound method BuildVerb.main of <colcon_core.verb.build.BuildVerb object at 0xffff8f18fe20>>)
[3.536s] Level 1:colcon.colcon_core.package_discovery:discover_packages(colcon_meta) check parameters
[3.537s] Level 1:colcon.colcon_core.package_discovery:discover_packages(recursive) check parameters
[3.538s] Level 1:colcon.colcon_core.package_discovery:discover_packages(ignore) check parameters
[3.538s] Level 1:colcon.colcon_core.package_discovery:discover_packages(path) check parameters
[3.538s] Level 1:colcon.colcon_core.package_discovery:discover_packages(colcon_meta) discover
[3.539s] Level 1:colcon.colcon_core.package_discovery:discover_packages(recursive) discover
[3.540s] INFO:colcon.colcon_core.package_discovery:Crawling recursively for packages in '/home/robot/robot_ws'
[3.541s] Level 1:colcon.colcon_core.package_identification:_identify(.) by extensions ['ignore', 'ignore_ament_install']
[3.542s] Level 1:colcon.colcon_core.package_identification:_identify(.) by extension 'ignore'
[3.543s] Level 1:colcon.colcon_core.package_identification:_identify(.) by extension 'ignore_ament_install'
[3.544s] Level 1:colcon.colcon_core.package_identification:_identify(.) by extensions ['colcon_pkg']
[3.544s] Level 1:colcon.colcon_core.package_identification:_identify(.) by extension 'colcon_pkg'
[3.545s] Level 1:colcon.colcon_core.package_identification:_identify(.) by extensions ['colcon_meta']
[3.545s] Level 1:colcon.colcon_core.package_identification:_identify(.) by extension 'colcon_meta'
[3.546s] Level 1:colcon.colcon_core.package_identification:_identify(.) by extensions ['ros']
[3.547s] Level 1:colcon.colcon_core.package_identification:_identify(.) by extension 'ros'
[3.671s] Level 1:colcon.colcon_core.package_identification:_identify(.) by extensions ['cmake', 'python']
[3.673s] Level 1:colcon.colcon_core.package_identification:_identify(.) by extension 'cmake'
[3.673s] Level 1:colcon.colcon_core.package_identification:_identify(.) by extension 'python'
[3.674s] Level 1:colcon.colcon_core.package_identification:_identify(.) by extensions ['python_setup_py']
[3.675s] Level 1:colcon.colcon_core.package_identification:_identify(.) by extension 'python_setup_py'
[3.676s] Level 1:colcon.colcon_core.package_identification:_identify(build) by extensions ['ignore', 'ignore_ament_install']
[3.677s] Level 1:colcon.colcon_core.package_identification:_identify(build) by extension 'ignore'
[3.678s] Level 1:colcon.colcon_core.package_identification:_identify(build) ignored
[3.680s] Level 1:colcon.colcon_core.package_identification:_identify(install) by extensions ['ignore', 'ignore_ament_install']
[3.682s] Level 1:colcon.colcon_core.package_identification:_identify(install) by extension 'ignore'
[3.683s] Level 1:colcon.colcon_core.package_identification:_identify(install) ignored
[3.685s] Level 1:colcon.colcon_core.package_identification:_identify(log) by extensions ['ignore', 'ignore_ament_install']
[3.686s] Level 1:colcon.colcon_core.package_identification:_identify(log) by extension 'ignore'
[3.687s] Level 1:colcon.colcon_core.package_identification:_identify(log) ignored
[3.688s] Level 1:colcon.colcon_core.package_identification:_identify(src) by extensions ['ignore', 'ignore_ament_install']
[3.689s] Level 1:colcon.colcon_core.package_identification:_identify(src) by extension 'ignore'
[3.690s] Level 1:colcon.colcon_core.package_identification:_identify(src) by extension 'ignore_ament_install'
[3.691s] Level 1:colcon.colcon_core.package_identification:_identify(src) by extensions ['colcon_pkg']
[3.691s] Level 1:colcon.colcon_core.package_identification:_identify(src) by extension 'colcon_pkg'
[3.692s] Level 1:colcon.colcon_core.package_identification:_identify(src) by extensions ['colcon_meta']
[3.693s] Level 1:colcon.colcon_core.package_identification:_identify(src) by extension 'colcon_meta'
[3.693s] Level 1:colcon.colcon_core.package_identification:_identify(src) by extensions ['ros']
[3.694s] Level 1:colcon.colcon_core.package_identification:_identify(src) by extension 'ros'
[3.695s] Level 1:colcon.colcon_core.package_identification:_identify(src) by extensions ['cmake', 'python']
[3.696s] Level 1:colcon.colcon_core.package_identification:_identify(src) by extension 'cmake'
[3.696s] Level 1:colcon.colcon_core.package_identification:_identify(src) by extension 'python'
[3.697s] Level 1:colcon.colcon_core.package_identification:_identify(src) by extensions ['python_setup_py']
[3.697s] Level 1:colcon.colcon_core.package_identification:_identify(src) by extension 'python_setup_py'
[3.699s] Level 1:colcon.colcon_core.package_identification:_identify(src/robot_camera) by extensions ['ignore', 'ignore_ament_install']
[3.700s] Level 1:colcon.colcon_core.package_identification:_identify(src/robot_camera) by extension 'ignore'
[3.701s] Level 1:colcon.colcon_core.package_identification:_identify(src/robot_camera) by extension 'ignore_ament_install'
[3.702s] Level 1:colcon.colcon_core.package_identification:_identify(src/robot_camera) by extensions ['colcon_pkg']
[3.702s] Level 1:colcon.colcon_core.package_identification:_identify(src/robot_camera) by extension 'colcon_pkg'
[3.703s] Level 1:colcon.colcon_core.package_identification:_identify(src/robot_camera) by extensions ['colcon_meta']
[3.704s] Level 1:colcon.colcon_core.package_identification:_identify(src/robot_camera) by extension 'colcon_meta'
[3.705s] Level 1:colcon.colcon_core.package_identification:_identify(src/robot_camera) by extensions ['ros']
[3.705s] Level 1:colcon.colcon_core.package_identification:_identify(src/robot_camera) by extension 'ros'
[3.747s] DEBUG:colcon.colcon_core.package_identification:Package 'src/robot_camera' with type 'ros.ament_python' and name 'robot_camera'
[3.748s] Level 1:colcon.colcon_core.package_discovery:discover_packages(recursive) using defaults
[3.748s] Level 1:colcon.colcon_core.package_discovery:discover_packages(ignore) discover
[3.749s] Level 1:colcon.colcon_core.package_discovery:discover_packages(ignore) using defaults
[3.749s] Level 1:colcon.colcon_core.package_discovery:discover_packages(path) discover
[3.749s] Level 1:colcon.colcon_core.package_discovery:discover_packages(path) using defaults
[3.965s] Level 1:colcon.colcon_core.package_discovery:discover_packages(prefix_path) check parameters
[3.965s] Level 1:colcon.colcon_core.package_discovery:discover_packages(prefix_path) discover
[3.981s] DEBUG:colcon.colcon_installed_package_information.package_discovery:Found 0 installed packages in /home/robot/robot_ws/install
[3.993s] DEBUG:colcon.colcon_installed_package_information.package_discovery:Found 259 installed packages in /opt/ros/humble
[4.000s] Level 1:colcon.colcon_core.package_discovery:discover_packages(prefix_path) using defaults
[4.224s] Level 5:colcon.colcon_core.verb:set package 'robot_camera' build argument 'cmake_args' from command line to 'None'
[4.224s] Level 5:colcon.colcon_core.verb:set package 'robot_camera' build argument 'cmake_target' from command line to 'None'
[4.224s] Level 5:colcon.colcon_core.verb:set package 'robot_camera' build argument 'cmake_target_skip_unavailable' from command line to 'False'
[4.224s] Level 5:colcon.colcon_core.verb:set package 'robot_camera' build argument 'cmake_clean_cache' from command line to 'False'
[4.224s] Level 5:colcon.colcon_core.verb:set package 'robot_camera' build argument 'cmake_clean_first' from command line to 'False'
[4.225s] Level 5:colcon.colcon_core.verb:set package 'robot_camera' build argument 'cmake_force_configure' from command line to 'False'
[4.225s] Level 5:colcon.colcon_core.verb:set package 'robot_camera' build argument 'ament_cmake_args' from command line to 'None'
[4.225s] Level 5:colcon.colcon_core.verb:set package 'robot_camera' build argument 'catkin_cmake_args' from command line to 'None'
[4.225s] Level 5:colcon.colcon_core.verb:set package 'robot_camera' build argument 'catkin_skip_building_tests' from command line to 'False'
[4.225s] DEBUG:colcon.colcon_core.verb:Building package 'robot_camera' with the following arguments: {'ament_cmake_args': None, 'build_base': '/home/robot/robot_ws/build/robot_camera', 'catkin_cmake_args': None, 'catkin_skip_building_tests': False, 'cmake_args': None, 'cmake_clean_cache': False, 'cmake_clean_first': False, 'cmake_force_configure': False, 'cmake_target': None, 'cmake_target_skip_unavailable': False, 'install_base': '/home/robot/robot_ws/install/robot_camera', 'merge_install': False, 'path': '/home/robot/robot_ws/src/robot_camera', 'symlink_install': False, 'test_result_base': None}
[4.226s] INFO:colcon.colcon_core.executor:Executing jobs using 'parallel' executor
[4.229s] DEBUG:colcon.colcon_parallel_executor.executor.parallel:run_until_complete
[4.230s] INFO:colcon.colcon_ros.task.ament_python.build:Building ROS package in '/home/robot/robot_ws/src/robot_camera' with build type 'ament_python'
[4.232s] Level 1:colcon.colcon_core.shell:create_environment_hook('robot_camera', 'ament_prefix_path')
[4.260s] INFO:colcon.colcon_core.plugin_system:Skipping extension 'colcon_core.shell.bat': Not used on non-Windows systems
[4.261s] INFO:colcon.colcon_core.shell:Creating environment hook '/home/robot/robot_ws/install/robot_camera/share/robot_camera/hook/ament_prefix_path.ps1'
[4.267s] INFO:colcon.colcon_core.shell:Creating environment descriptor '/home/robot/robot_ws/install/robot_camera/share/robot_camera/hook/ament_prefix_path.dsv'
[4.270s] INFO:colcon.colcon_core.shell:Creating environment hook '/home/robot/robot_ws/install/robot_camera/share/robot_camera/hook/ament_prefix_path.sh'
[4.275s] INFO:colcon.colcon_core.shell:Skip shell extension 'powershell' for command environment: Not usable outside of PowerShell
[4.275s] DEBUG:colcon.colcon_core.shell:Skip shell extension 'dsv' for command environment
[6.763s] INFO:colcon.colcon_core.task.python.build:Building Python package in '/home/robot/robot_ws/src/robot_camera'
[6.766s] INFO:colcon.colcon_core.shell:Skip shell extension 'powershell' for command environment: Not usable outside of PowerShell
[6.767s] DEBUG:colcon.colcon_core.shell:Skip shell extension 'dsv' for command environment
[11.265s] DEBUG:colcon.colcon_core.task.python.build:Available setuptools commands: upload, symlink_data, install_scripts, saveopts, extract_messages, install_egg_info, install, register, upload_docs, test, install_headers, bdist_wheel, update_catalog, develop, bdist, check, build_clib, easy_install, rotate, bdist_egg, egg_info, clean, compile_catalog, bdist_rpm, build, bdist_dumb, install_lib, dist_info, init_catalog, build_ext, build_py, alias, sdist, setopt, build_scripts, install_data
[11.302s] DEBUG:colcon.colcon_core.event_handler.log_command:Invoking command in '/home/robot/robot_ws/src/robot_camera': PYTHONPATH=/home/robot/robot_ws/build/robot_camera/prefix_override:/usr/lib/python3/dist-packages/colcon_core/task/python/colcon_distutils_commands:/home/robot/robot_ws/install/robot_camera/lib/python3.10/site-packages:${PYTHONPATH} /usr/bin/python3 -W ignore:setup.py install is deprecated -W ignore:easy_install command is deprecated setup.py egg_info --egg-base ../../build/robot_camera build --build-base /home/robot/robot_ws/build/robot_camera/build install --record /home/robot/robot_ws/build/robot_camera/install.log --install-scripts $base/lib/robot_camera --single-version-externally-managed install_data
[14.673s] DEBUG:colcon.colcon_core.event_handler.log_command:Invoked command in '/home/robot/robot_ws/src/robot_camera' returned '0': PYTHONPATH=/home/robot/robot_ws/build/robot_camera/prefix_override:/usr/lib/python3/dist-packages/colcon_core/task/python/colcon_distutils_commands:/home/robot/robot_ws/install/robot_camera/lib/python3.10/site-packages:${PYTHONPATH} /usr/bin/python3 -W ignore:setup.py install is deprecated -W ignore:easy_install command is deprecated setup.py egg_info --egg-base ../../build/robot_camera build --build-base /home/robot/robot_ws/build/robot_camera/build install --record /home/robot/robot_ws/build/robot_camera/install.log --install-scripts $base/lib/robot_camera --single-version-externally-managed install_data
[14.723s] Level 1:colcon.colcon_core.environment:checking '/home/robot/robot_ws/install/robot_camera' for CMake module files
[14.730s] Level 1:colcon.colcon_core.environment:checking '/home/robot/robot_ws/install/robot_camera' for CMake config files
[14.739s] Level 1:colcon.colcon_core.environment:checking '/home/robot/robot_ws/install/robot_camera/lib'
[14.741s] Level 1:colcon.colcon_core.environment:checking '/home/robot/robot_ws/install/robot_camera/bin'
[14.742s] Level 1:colcon.colcon_core.environment:checking '/home/robot/robot_ws/install/robot_camera/lib/pkgconfig/robot_camera.pc'
[14.744s] Level 1:colcon.colcon_core.environment:checking '/home/robot/robot_ws/install/robot_camera/lib/python3.10/site-packages'
[14.745s] Level 1:colcon.colcon_core.shell:create_environment_hook('robot_camera', 'pythonpath')
[14.749s] INFO:colcon.colcon_core.shell:Creating environment hook '/home/robot/robot_ws/install/robot_camera/share/robot_camera/hook/pythonpath.ps1'
[14.757s] INFO:colcon.colcon_core.shell:Creating environment descriptor '/home/robot/robot_ws/install/robot_camera/share/robot_camera/hook/pythonpath.dsv'
[14.761s] INFO:colcon.colcon_core.shell:Creating environment hook '/home/robot/robot_ws/install/robot_camera/share/robot_camera/hook/pythonpath.sh'
[14.769s] Level 1:colcon.colcon_core.environment:checking '/home/robot/robot_ws/install/robot_camera/bin'
[14.770s] Level 1:colcon.colcon_core.environment:create_environment_scripts_only(robot_camera)
[14.773s] INFO:colcon.colcon_core.shell:Creating package script '/home/robot/robot_ws/install/robot_camera/share/robot_camera/package.ps1'
[14.788s] INFO:colcon.colcon_core.shell:Creating package descriptor '/home/robot/robot_ws/install/robot_camera/share/robot_camera/package.dsv'
[14.794s] INFO:colcon.colcon_core.shell:Creating package script '/home/robot/robot_ws/install/robot_camera/share/robot_camera/package.sh'
[14.798s] INFO:colcon.colcon_core.shell:Creating package script '/home/robot/robot_ws/install/robot_camera/share/robot_camera/package.bash'
[14.809s] INFO:colcon.colcon_core.shell:Creating package script '/home/robot/robot_ws/install/robot_camera/share/robot_camera/package.zsh'
[14.819s] Level 1:colcon.colcon_core.environment:create_file_with_runtime_dependencies(/home/robot/robot_ws/install/robot_camera/share/colcon-core/packages/robot_camera)
[14.823s] DEBUG:colcon.colcon_parallel_executor.executor.parallel:closing loop
[14.825s] DEBUG:colcon.colcon_parallel_executor.executor.parallel:loop closed
[14.826s] DEBUG:colcon.colcon_parallel_executor.executor.parallel:run_until_complete finished with '0'
[14.827s] DEBUG:colcon.colcon_core.event_reactor:joining thread
[14.830s] DEBUG:colcon.colcon_core.event_reactor:joined thread
[14.833s] INFO:colcon.colcon_core.shell:Creating prefix script '/home/robot/robot_ws/install/local_setup.ps1'
[14.844s] INFO:colcon.colcon_core.shell:Creating prefix util module '/home/robot/robot_ws/install/_local_setup_util_ps1.py'
[14.862s] INFO:colcon.colcon_core.shell:Creating prefix chain script '/home/robot/robot_ws/install/setup.ps1'
[14.980s] INFO:colcon.colcon_core.shell:Creating prefix script '/home/robot/robot_ws/install/local_setup.sh'
[14.988s] INFO:colcon.colcon_core.shell:Creating prefix util module '/home/robot/robot_ws/install/_local_setup_util_sh.py'
[14.996s] INFO:colcon.colcon_core.shell:Creating prefix chain script '/home/robot/robot_ws/install/setup.sh'
[15.009s] INFO:colcon.colcon_core.shell:Creating prefix script '/home/robot/robot_ws/install/local_setup.bash'
[15.096s] INFO:colcon.colcon_core.shell:Creating prefix chain script '/home/robot/robot_ws/install/setup.bash'
[15.108s] INFO:colcon.colcon_core.shell:Creating prefix script '/home/robot/robot_ws/install/local_setup.zsh'
[15.116s] INFO:colcon.colcon_core.shell:Creating prefix chain script '/home/robot/robot_ws/install/setup.zsh'
