running egg_info
creating ../../build/robot_serial/robot_serial.egg-info
writing ../../build/robot_serial/robot_serial.egg-info/PKG-INFO
writing dependency_links to ../../build/robot_serial/robot_serial.egg-info/dependency_links.txt
writing entry points to ../../build/robot_serial/robot_serial.egg-info/entry_points.txt
writing requirements to ../../build/robot_serial/robot_serial.egg-info/requires.txt
writing top-level names to ../../build/robot_serial/robot_serial.egg-info/top_level.txt
writing manifest file '../../build/robot_serial/robot_serial.egg-info/SOURCES.txt'
reading manifest file '../../build/robot_serial/robot_serial.egg-info/SOURCES.txt'
writing manifest file '../../build/robot_serial/robot_serial.egg-info/SOURCES.txt'
running build
running build_py
creating /home/robot/robot_ws/build/robot_serial/build
creating /home/robot/robot_ws/build/robot_serial/build/lib
creating /home/robot/robot_ws/build/robot_serial/build/lib/robot_serial
copying robot_serial/__init__.py -> /home/robot/robot_ws/build/robot_serial/build/lib/robot_serial
copying robot_serial/serial_protocol.py -> /home/robot/robot_ws/build/robot_serial/build/lib/robot_serial
copying robot_serial/serial_bridge_node.py -> /home/robot/robot_ws/build/robot_serial/build/lib/robot_serial
copying robot_serial/serial_parser.py -> /home/robot/robot_ws/build/robot_serial/build/lib/robot_serial
running install
running install_lib
creating /home/robot/robot_ws/install/robot_serial/lib/python3.10/site-packages/robot_serial
copying /home/robot/robot_ws/build/robot_serial/build/lib/robot_serial/__init__.py -> /home/robot/robot_ws/install/robot_serial/lib/python3.10/site-packages/robot_serial
copying /home/robot/robot_ws/build/robot_serial/build/lib/robot_serial/serial_protocol.py -> /home/robot/robot_ws/install/robot_serial/lib/python3.10/site-packages/robot_serial
copying /home/robot/robot_ws/build/robot_serial/build/lib/robot_serial/serial_bridge_node.py -> /home/robot/robot_ws/install/robot_serial/lib/python3.10/site-packages/robot_serial
copying /home/robot/robot_ws/build/robot_serial/build/lib/robot_serial/serial_parser.py -> /home/robot/robot_ws/install/robot_serial/lib/python3.10/site-packages/robot_serial
byte-compiling /home/robot/robot_ws/install/robot_serial/lib/python3.10/site-packages/robot_serial/__init__.py to __init__.cpython-310.pyc
byte-compiling /home/robot/robot_ws/install/robot_serial/lib/python3.10/site-packages/robot_serial/serial_protocol.py to serial_protocol.cpython-310.pyc
byte-compiling /home/robot/robot_ws/install/robot_serial/lib/python3.10/site-packages/robot_serial/serial_bridge_node.py to serial_bridge_node.cpython-310.pyc
byte-compiling /home/robot/robot_ws/install/robot_serial/lib/python3.10/site-packages/robot_serial/serial_parser.py to serial_parser.cpython-310.pyc
running install_data
creating /home/robot/robot_ws/install/robot_serial/share/ament_index
creating /home/robot/robot_ws/install/robot_serial/share/ament_index/resource_index
creating /home/robot/robot_ws/install/robot_serial/share/ament_index/resource_index/packages
copying resource/robot_serial -> /home/robot/robot_ws/install/robot_serial/share/ament_index/resource_index/packages
copying package.xml -> /home/robot/robot_ws/install/robot_serial/share/robot_serial
creating /home/robot/robot_ws/install/robot_serial/share/robot_serial/launch
copying launch/robot_serial.launch.py -> /home/robot/robot_ws/install/robot_serial/share/robot_serial/launch
creating /home/robot/robot_ws/install/robot_serial/share/robot_serial/config
copying config/serial.yaml -> /home/robot/robot_ws/install/robot_serial/share/robot_serial/config
running install_egg_info
Copying ../../build/robot_serial/robot_serial.egg-info to /home/robot/robot_ws/install/robot_serial/lib/python3.10/site-packages/robot_serial-1.0.0-py3.10.egg-info
running install_scripts
Installing robot_serial_node script to /home/robot/robot_ws/install/robot_serial/lib/robot_serial
writing list of installed files to '/home/robot/robot_ws/build/robot_serial/install.log'
