running egg_info
creating ../../build/robot_ai/robot_ai.egg-info
writing ../../build/robot_ai/robot_ai.egg-info/PKG-INFO
writing dependency_links to ../../build/robot_ai/robot_ai.egg-info/dependency_links.txt
writing entry points to ../../build/robot_ai/robot_ai.egg-info/entry_points.txt
writing requirements to ../../build/robot_ai/robot_ai.egg-info/requires.txt
writing top-level names to ../../build/robot_ai/robot_ai.egg-info/top_level.txt
writing manifest file '../../build/robot_ai/robot_ai.egg-info/SOURCES.txt'
reading manifest file '../../build/robot_ai/robot_ai.egg-info/SOURCES.txt'
writing manifest file '../../build/robot_ai/robot_ai.egg-info/SOURCES.txt'
running build
running build_py
creating /home/robot/robot_ws/build/robot_ai/build
creating /home/robot/robot_ws/build/robot_ai/build/lib
creating /home/robot/robot_ws/build/robot_ai/build/lib/robot_ai
copying robot_ai/publisher.py -> /home/robot/robot_ws/build/robot_ai/build/lib/robot_ai
copying robot_ai/camera.py -> /home/robot/robot_ws/build/robot_ai/build/lib/robot_ai
copying robot_ai/__init__.py -> /home/robot/robot_ws/build/robot_ai/build/lib/robot_ai
copying robot_ai/ai_node.py -> /home/robot/robot_ws/build/robot_ai/build/lib/robot_ai
copying robot_ai/config.py -> /home/robot/robot_ws/build/robot_ai/build/lib/robot_ai
copying robot_ai/model_loader.py -> /home/robot/robot_ws/build/robot_ai/build/lib/robot_ai
copying robot_ai/detector.py -> /home/robot/robot_ws/build/robot_ai/build/lib/robot_ai
running install
running install_lib
creating /home/robot/robot_ws/install/robot_ai/lib/python3.10/site-packages/robot_ai
copying /home/robot/robot_ws/build/robot_ai/build/lib/robot_ai/publisher.py -> /home/robot/robot_ws/install/robot_ai/lib/python3.10/site-packages/robot_ai
copying /home/robot/robot_ws/build/robot_ai/build/lib/robot_ai/camera.py -> /home/robot/robot_ws/install/robot_ai/lib/python3.10/site-packages/robot_ai
copying /home/robot/robot_ws/build/robot_ai/build/lib/robot_ai/__init__.py -> /home/robot/robot_ws/install/robot_ai/lib/python3.10/site-packages/robot_ai
copying /home/robot/robot_ws/build/robot_ai/build/lib/robot_ai/ai_node.py -> /home/robot/robot_ws/install/robot_ai/lib/python3.10/site-packages/robot_ai
copying /home/robot/robot_ws/build/robot_ai/build/lib/robot_ai/config.py -> /home/robot/robot_ws/install/robot_ai/lib/python3.10/site-packages/robot_ai
copying /home/robot/robot_ws/build/robot_ai/build/lib/robot_ai/model_loader.py -> /home/robot/robot_ws/install/robot_ai/lib/python3.10/site-packages/robot_ai
copying /home/robot/robot_ws/build/robot_ai/build/lib/robot_ai/detector.py -> /home/robot/robot_ws/install/robot_ai/lib/python3.10/site-packages/robot_ai
byte-compiling /home/robot/robot_ws/install/robot_ai/lib/python3.10/site-packages/robot_ai/publisher.py to publisher.cpython-310.pyc
byte-compiling /home/robot/robot_ws/install/robot_ai/lib/python3.10/site-packages/robot_ai/camera.py to camera.cpython-310.pyc
byte-compiling /home/robot/robot_ws/install/robot_ai/lib/python3.10/site-packages/robot_ai/__init__.py to __init__.cpython-310.pyc
byte-compiling /home/robot/robot_ws/install/robot_ai/lib/python3.10/site-packages/robot_ai/ai_node.py to ai_node.cpython-310.pyc
byte-compiling /home/robot/robot_ws/install/robot_ai/lib/python3.10/site-packages/robot_ai/config.py to config.cpython-310.pyc
byte-compiling /home/robot/robot_ws/install/robot_ai/lib/python3.10/site-packages/robot_ai/model_loader.py to model_loader.cpython-310.pyc
byte-compiling /home/robot/robot_ws/install/robot_ai/lib/python3.10/site-packages/robot_ai/detector.py to detector.cpython-310.pyc
running install_data
creating /home/robot/robot_ws/install/robot_ai/share/ament_index
creating /home/robot/robot_ws/install/robot_ai/share/ament_index/resource_index
creating /home/robot/robot_ws/install/robot_ai/share/ament_index/resource_index/packages
copying resource/robot_ai -> /home/robot/robot_ws/install/robot_ai/share/ament_index/resource_index/packages
copying package.xml -> /home/robot/robot_ws/install/robot_ai/share/robot_ai
creating /home/robot/robot_ws/install/robot_ai/share/robot_ai/launch
copying launch/ai.launch.py -> /home/robot/robot_ws/install/robot_ai/share/robot_ai/launch
creating /home/robot/robot_ws/install/robot_ai/share/robot_ai/config
copying config/ai.yaml -> /home/robot/robot_ws/install/robot_ai/share/robot_ai/config
creating /home/robot/robot_ws/install/robot_ai/share/robot_ai/model
running install_egg_info
Copying ../../build/robot_ai/robot_ai.egg-info to /home/robot/robot_ws/install/robot_ai/lib/python3.10/site-packages/robot_ai-1.0.0-py3.10.egg-info
running install_scripts
Installing ai_node script to /home/robot/robot_ws/install/robot_ai/lib/robot_ai
writing list of installed files to '/home/robot/robot_ws/build/robot_ai/install.log'
