[1.118s] DEBUG:colcon:Command line arguments: ['/usr/bin/colcon', 'build', '--packages-select', 'robot_camera']
[1.119s] DEBUG:colcon:Parsed command line arguments: Namespace(log_base=None, log_level=None, verb_name='build', build_base='build', install_base='install', merge_install=False, symlink_install=False, test_result_base=None, continue_on_error=False, executor='parallel', parallel_workers=4, event_handlers=None, ignore_user_meta=False, metas=['./colcon.meta'], base_paths=['.'], packages_ignore=None, packages_ignore_regex=None, paths=None, packages_up_to=None, packages_up_to_regex=None, packages_above=None, packages_above_and_dependencies=None, packages_above_depth=None, packages_select_by_dep=None, packages_skip_by_dep=None, packages_skip_up_to=None, packages_select_build_failed=False, packages_skip_build_finished=False, packages_select_test_failures=False, packages_skip_test_passed=False, packages_select=['robot_camera'], packages_skip=None, packages_select_regex=None, packages_skip_regex=None, packages_start=None, packages_end=None, allow_overriding=[], cmake_args=None, cmake_target=None, cmake_target_skip_unavailable=False, cmake_clean_cache=False, cmake_clean_first=False, cmake_force_configure=False, ament_cmake_args=None, catkin_cmake_args=None, catkin_skip_building_tests=False, verb_parser=<colcon_defaults.argument_parser.defaults.DefaultArgumentsDecorator object at 0xffffa30b2980>, verb_extension=<colcon_core.verb.build.BuildVerb object at 0xffffa3200130>, main=<bound method BuildVerb.main of <colcon_core.verb.build.BuildVerb object at 0xffffa3200130>>)
[3.026s] Level 1:colcon.colcon_core.package_discovery:discover_packages(colcon_meta) check parameters
[3.027s] Level 1:colcon.colcon_core.package_discovery:discover_packages(recursive) check parameters
[3.028s] Level 1:colcon.colcon_core.package_discovery:discover_packages(ignore) check parameters
[3.028s] Level 1:colcon.colcon_core.package_discovery:discover_packages(path) check parameters
[3.029s] Level 1:colcon.colcon_core.package_discovery:discover_packages(colcon_meta) discover
[3.029s] Level 1:colcon.colcon_core.package_discovery:discover_packages(recursive) discover
[3.030s] INFO:colcon.colcon_core.package_discovery:Crawling recursively for packages in '/home/robot/robot_ws'
[3.031s] Level 1:colcon.colcon_core.package_identification:_identify(.) by extensions ['ignore', 'ignore_ament_install']
[3.032s] Level 1:colcon.colcon_core.package_identification:_identify(.) by extension 'ignore'
[3.032s] Level 1:colcon.colcon_core.package_identification:_identify(.) by extension 'ignore_ament_install'
[3.033s] Level 1:colcon.colcon_core.package_identification:_identify(.) by extensions ['colcon_pkg']
[3.034s] Level 1:colcon.colcon_core.package_identification:_identify(.) by extension 'colcon_pkg'
[3.034s] Level 1:colcon.colcon_core.package_identification:_identify(.) by extensions ['colcon_meta']
[3.035s] Level 1:colcon.colcon_core.package_identification:_identify(.) by extension 'colcon_meta'
[3.035s] Level 1:colcon.colcon_core.package_identification:_identify(.) by extensions ['ros']
[3.035s] Level 1:colcon.colcon_core.package_identification:_identify(.) by extension 'ros'
[3.151s] Level 1:colcon.colcon_core.package_identification:_identify(.) by extensions ['cmake', 'python']
[3.152s] Level 1:colcon.colcon_core.package_identification:_identify(.) by extension 'cmake'
[3.152s] Level 1:colcon.colcon_core.package_identification:_identify(.) by extension 'python'
[3.153s] Level 1:colcon.colcon_core.package_identification:_identify(.) by extensions ['python_setup_py']
[3.153s] Level 1:colcon.colcon_core.package_identification:_identify(.) by extension 'python_setup_py'
[3.155s] Level 1:colcon.colcon_core.package_identification:_identify(build) by extensions ['ignore', 'ignore_ament_install']
[3.156s] Level 1:colcon.colcon_core.package_identification:_identify(build) by extension 'ignore'
[3.156s] Level 1:colcon.colcon_core.package_identification:_identify(build) ignored
[3.158s] Level 1:colcon.colcon_core.package_identification:_identify(install) by extensions ['ignore', 'ignore_ament_install']
[3.159s] Level 1:colcon.colcon_core.package_identification:_identify(install) by extension 'ignore'
[3.159s] Level 1:colcon.colcon_core.package_identification:_identify(install) ignored
[3.161s] Level 1:colcon.colcon_core.package_identification:_identify(log) by extensions ['ignore', 'ignore_ament_install']
[3.161s] Level 1:colcon.colcon_core.package_identification:_identify(log) by extension 'ignore'
[3.162s] Level 1:colcon.colcon_core.package_identification:_identify(log) ignored
[3.163s] Level 1:colcon.colcon_core.package_identification:_identify(src) by extensions ['ignore', 'ignore_ament_install']
[3.164s] Level 1:colcon.colcon_core.package_identification:_identify(src) by extension 'ignore'
[3.164s] Level 1:colcon.colcon_core.package_identification:_identify(src) by extension 'ignore_ament_install'
[3.165s] Level 1:colcon.colcon_core.package_identification:_identify(src) by extensions ['colcon_pkg']
[3.165s] Level 1:colcon.colcon_core.package_identification:_identify(src) by extension 'colcon_pkg'
[3.166s] Level 1:colcon.colcon_core.package_identification:_identify(src) by extensions ['colcon_meta']
[3.166s] Level 1:colcon.colcon_core.package_identification:_identify(src) by extension 'colcon_meta'
[3.167s] Level 1:colcon.colcon_core.package_identification:_identify(src) by extensions ['ros']
[3.167s] Level 1:colcon.colcon_core.package_identification:_identify(src) by extension 'ros'
[3.168s] Level 1:colcon.colcon_core.package_identification:_identify(src) by extensions ['cmake', 'python']
[3.169s] Level 1:colcon.colcon_core.package_identification:_identify(src) by extension 'cmake'
[3.169s] Level 1:colcon.colcon_core.package_identification:_identify(src) by extension 'python'
[3.170s] Level 1:colcon.colcon_core.package_identification:_identify(src) by extensions ['python_setup_py']
[3.170s] Level 1:colcon.colcon_core.package_identification:_identify(src) by extension 'python_setup_py'
[3.171s] Level 1:colcon.colcon_core.package_identification:_identify(src/robot_camera) by extensions ['ignore', 'ignore_ament_install']
[3.172s] Level 1:colcon.colcon_core.package_identification:_identify(src/robot_camera) by extension 'ignore'
[3.173s] Level 1:colcon.colcon_core.package_identification:_identify(src/robot_camera) by extension 'ignore_ament_install'
[3.174s] Level 1:colcon.colcon_core.package_identification:_identify(src/robot_camera) by extensions ['colcon_pkg']
[3.174s] Level 1:colcon.colcon_core.package_identification:_identify(src/robot_camera) by extension 'colcon_pkg'
[3.174s] Level 1:colcon.colcon_core.package_identification:_identify(src/robot_camera) by extensions ['colcon_meta']
[3.175s] Level 1:colcon.colcon_core.package_identification:_identify(src/robot_camera) by extension 'colcon_meta'
[3.175s] Level 1:colcon.colcon_core.package_identification:_identify(src/robot_camera) by extensions ['ros']
[3.176s] Level 1:colcon.colcon_core.package_identification:_identify(src/robot_camera) by extension 'ros'
[3.207s] DEBUG:colcon.colcon_core.package_identification:Package 'src/robot_camera' with type 'ros.ament_python' and name 'robot_camera'
[3.208s] Level 1:colcon.colcon_core.package_discovery:discover_packages(recursive) using defaults
[3.208s] Level 1:colcon.colcon_core.package_discovery:discover_packages(ignore) discover
[3.208s] Level 1:colcon.colcon_core.package_discovery:discover_packages(ignore) using defaults
[3.208s] Level 1:colcon.colcon_core.package_discovery:discover_packages(path) discover
[3.208s] Level 1:colcon.colcon_core.package_discovery:discover_packages(path) using defaults
[3.295s] Level 1:colcon.colcon_core.package_discovery:discover_packages(prefix_path) check parameters
[3.296s] Level 1:colcon.colcon_core.package_discovery:discover_packages(prefix_path) discover
[3.305s] DEBUG:colcon.colcon_installed_package_information.package_discovery:Found 1 installed packages in /home/robot/robot_ws/install
[3.315s] DEBUG:colcon.colcon_installed_package_information.package_discovery:Found 259 installed packages in /opt/ros/humble
[3.322s] Level 1:colcon.colcon_core.package_discovery:discover_packages(prefix_path) using defaults
[3.539s] Level 5:colcon.colcon_core.verb:set package 'robot_camera' build argument 'cmake_args' from command line to 'None'
[3.539s] Level 5:colcon.colcon_core.verb:set package 'robot_camera' build argument 'cmake_target' from command line to 'None'
[3.539s] Level 5:colcon.colcon_core.verb:set package 'robot_camera' build argument 'cmake_target_skip_unavailable' from command line to 'False'
[3.539s] Level 5:colcon.colcon_core.verb:set package 'robot_camera' build argument 'cmake_clean_cache' from command line to 'False'
[3.539s] Level 5:colcon.colcon_core.verb:set package 'robot_camera' build argument 'cmake_clean_first' from command line to 'False'
[3.540s] Level 5:colcon.colcon_core.verb:set package 'robot_camera' build argument 'cmake_force_configure' from command line to 'False'
[3.540s] Level 5:colcon.colcon_core.verb:set package 'robot_camera' build argument 'ament_cmake_args' from command line to 'None'
[3.540s] Level 5:colcon.colcon_core.verb:set package 'robot_camera' build argument 'catkin_cmake_args' from command line to 'None'
[3.540s] Level 5:colcon.colcon_core.verb:set package 'robot_camera' build argument 'catkin_skip_building_tests' from command line to 'False'
[3.540s] DEBUG:colcon.colcon_core.verb:Building package 'robot_camera' with the following arguments: {'ament_cmake_args': None, 'build_base': '/home/robot/robot_ws/build/robot_camera', 'catkin_cmake_args': None, 'catkin_skip_building_tests': False, 'cmake_args': None, 'cmake_clean_cache': False, 'cmake_clean_first': False, 'cmake_force_configure': False, 'cmake_target': None, 'cmake_target_skip_unavailable': False, 'install_base': '/home/robot/robot_ws/install/robot_camera', 'merge_install': False, 'path': '/home/robot/robot_ws/src/robot_camera', 'symlink_install': False, 'test_result_base': None}
[3.541s] INFO:colcon.colcon_core.executor:Executing jobs using 'parallel' executor
[3.544s] DEBUG:colcon.colcon_parallel_executor.executor.parallel:run_until_complete
[3.545s] INFO:colcon.colcon_ros.task.ament_python.build:Building ROS package in '/home/robot/robot_ws/src/robot_camera' with build type 'ament_python'
[3.546s] Level 1:colcon.colcon_core.shell:create_environment_hook('robot_camera', 'ament_prefix_path')
[3.557s] INFO:colcon.colcon_core.plugin_system:Skipping extension 'colcon_core.shell.bat': Not used on non-Windows systems
[3.558s] INFO:colcon.colcon_core.shell:Creating environment hook '/home/robot/robot_ws/install/robot_camera/share/robot_camera/hook/ament_prefix_path.ps1'
[3.561s] INFO:colcon.colcon_core.shell:Creating environment descriptor '/home/robot/robot_ws/install/robot_camera/share/robot_camera/hook/ament_prefix_path.dsv'
[3.564s] INFO:colcon.colcon_core.shell:Creating environment hook '/home/robot/robot_ws/install/robot_camera/share/robot_camera/hook/ament_prefix_path.sh'
[3.567s] INFO:colcon.colcon_core.shell:Skip shell extension 'powershell' for command environment: Not usable outside of PowerShell
[3.568s] DEBUG:colcon.colcon_core.shell:Skip shell extension 'dsv' for command environment
[6.151s] INFO:colcon.colcon_core.task.python.build:Building Python package in '/home/robot/robot_ws/src/robot_camera'
[6.153s] INFO:colcon.colcon_core.shell:Skip shell extension 'powershell' for command environment: Not usable outside of PowerShell
[6.154s] DEBUG:colcon.colcon_core.shell:Skip shell extension 'dsv' for command environment
[9.836s] DEBUG:colcon.colcon_core.task.python.build:Available setuptools commands: bdist_rpm, setopt, install_scripts, extract_messages, bdist_wheel, install, build_py, clean, develop, install_lib, build, install_data, sdist, build_ext, symlink_data, init_catalog, install_headers, update_catalog, upload, alias, test, upload_docs, rotate, bdist_egg, bdist, compile_catalog, install_egg_info, easy_install, bdist_dumb, check, register, build_clib, build_scripts, dist_info, saveopts, egg_info
[9.853s] DEBUG:colcon.colcon_core.event_handler.log_command:Invoking command in '/home/robot/robot_ws/src/robot_camera': PYTHONPATH=/home/robot/robot_ws/build/robot_camera/prefix_override:/usr/lib/python3/dist-packages/colcon_core/task/python/colcon_distutils_commands:/home/robot/robot_ws/install/robot_camera/lib/python3.10/site-packages:${PYTHONPATH} /usr/bin/python3 -W ignore:setup.py install is deprecated -W ignore:easy_install command is deprecated setup.py egg_info --egg-base ../../build/robot_camera build --build-base /home/robot/robot_ws/build/robot_camera/build install --record /home/robot/robot_ws/build/robot_camera/install.log --install-scripts $base/lib/robot_camera --single-version-externally-managed install_data
[13.055s] DEBUG:colcon.colcon_core.event_handler.log_command:Invoked command in '/home/robot/robot_ws/src/robot_camera' returned '0': PYTHONPATH=/home/robot/robot_ws/build/robot_camera/prefix_override:/usr/lib/python3/dist-packages/colcon_core/task/python/colcon_distutils_commands:/home/robot/robot_ws/install/robot_camera/lib/python3.10/site-packages:${PYTHONPATH} /usr/bin/python3 -W ignore:setup.py install is deprecated -W ignore:easy_install command is deprecated setup.py egg_info --egg-base ../../build/robot_camera build --build-base /home/robot/robot_ws/build/robot_camera/build install --record /home/robot/robot_ws/build/robot_camera/install.log --install-scripts $base/lib/robot_camera --single-version-externally-managed install_data
[13.081s] Level 1:colcon.colcon_core.environment:checking '/home/robot/robot_ws/install/robot_camera' for CMake module files
[13.087s] Level 1:colcon.colcon_core.environment:checking '/home/robot/robot_ws/install/robot_camera' for CMake config files
[13.099s] Level 1:colcon.colcon_core.environment:checking '/home/robot/robot_ws/install/robot_camera/lib'
[13.101s] Level 1:colcon.colcon_core.environment:checking '/home/robot/robot_ws/install/robot_camera/bin'
[13.102s] Level 1:colcon.colcon_core.environment:checking '/home/robot/robot_ws/install/robot_camera/lib/pkgconfig/robot_camera.pc'
[13.105s] Level 1:colcon.colcon_core.environment:checking '/home/robot/robot_ws/install/robot_camera/lib/python3.10/site-packages'
[13.105s] Level 1:colcon.colcon_core.shell:create_environment_hook('robot_camera', 'pythonpath')
[13.107s] INFO:colcon.colcon_core.shell:Creating environment hook '/home/robot/robot_ws/install/robot_camera/share/robot_camera/hook/pythonpath.ps1'
[13.109s] INFO:colcon.colcon_core.shell:Creating environment descriptor '/home/robot/robot_ws/install/robot_camera/share/robot_camera/hook/pythonpath.dsv'
[13.111s] INFO:colcon.colcon_core.shell:Creating environment hook '/home/robot/robot_ws/install/robot_camera/share/robot_camera/hook/pythonpath.sh'
[13.115s] Level 1:colcon.colcon_core.environment:checking '/home/robot/robot_ws/install/robot_camera/bin'
[13.115s] Level 1:colcon.colcon_core.environment:create_environment_scripts_only(robot_camera)
[13.117s] INFO:colcon.colcon_core.shell:Creating package script '/home/robot/robot_ws/install/robot_camera/share/robot_camera/package.ps1'
[13.122s] INFO:colcon.colcon_core.shell:Creating package descriptor '/home/robot/robot_ws/install/robot_camera/share/robot_camera/package.dsv'
[13.126s] INFO:colcon.colcon_core.shell:Creating package script '/home/robot/robot_ws/install/robot_camera/share/robot_camera/package.sh'
[13.129s] INFO:colcon.colcon_core.shell:Creating package script '/home/robot/robot_ws/install/robot_camera/share/robot_camera/package.bash'
[13.133s] INFO:colcon.colcon_core.shell:Creating package script '/home/robot/robot_ws/install/robot_camera/share/robot_camera/package.zsh'
[13.137s] Level 1:colcon.colcon_core.environment:create_file_with_runtime_dependencies(/home/robot/robot_ws/install/robot_camera/share/colcon-core/packages/robot_camera)
[13.140s] DEBUG:colcon.colcon_parallel_executor.executor.parallel:closing loop
[13.142s] DEBUG:colcon.colcon_parallel_executor.executor.parallel:loop closed
[13.144s] DEBUG:colcon.colcon_parallel_executor.executor.parallel:run_until_complete finished with '0'
[13.146s] DEBUG:colcon.colcon_core.event_reactor:joining thread
[13.149s] DEBUG:colcon.colcon_core.event_reactor:joined thread
[13.152s] INFO:colcon.colcon_core.shell:Creating prefix script '/home/robot/robot_ws/install/local_setup.ps1'
[13.162s] INFO:colcon.colcon_core.shell:Creating prefix util module '/home/robot/robot_ws/install/_local_setup_util_ps1.py'
[13.178s] INFO:colcon.colcon_core.shell:Creating prefix chain script '/home/robot/robot_ws/install/setup.ps1'
[13.190s] INFO:colcon.colcon_core.shell:Creating prefix script '/home/robot/robot_ws/install/local_setup.sh'
[13.195s] INFO:colcon.colcon_core.shell:Creating prefix util module '/home/robot/robot_ws/install/_local_setup_util_sh.py'
[13.202s] INFO:colcon.colcon_core.shell:Creating prefix chain script '/home/robot/robot_ws/install/setup.sh'
[13.213s] INFO:colcon.colcon_core.shell:Creating prefix script '/home/robot/robot_ws/install/local_setup.bash'
[13.218s] INFO:colcon.colcon_core.shell:Creating prefix chain script '/home/robot/robot_ws/install/setup.bash'
[13.229s] INFO:colcon.colcon_core.shell:Creating prefix script '/home/robot/robot_ws/install/local_setup.zsh'
[13.235s] INFO:colcon.colcon_core.shell:Creating prefix chain script '/home/robot/robot_ws/install/setup.zsh'
