[0.103s] Invoking command in '/home/robot/robot_ws/build/vision_msgs': CMAKE_PREFIX_PATH=/opt/ros/humble /usr/bin/cmake /home/robot/robot_ws/src/vision_msgs -DCMAKE_INSTALL_PREFIX=/home/robot/robot_ws/install/vision_msgs
[2.442s] -- The C compiler identification is GNU 11.4.0
[3.549s] -- The CXX compiler identification is GNU 11.4.0
[3.652s] -- Detecting C compiler ABI info
[4.448s] -- Detecting C compiler ABI info - done
[4.524s] -- Check for working C compiler: /usr/bin/cc - skipped
[4.528s] -- Detecting C compile features
[4.535s] -- Detecting C compile features - done
[4.571s] -- Detecting CXX compiler ABI info
[5.529s] -- Detecting CXX compiler ABI info - done
[5.603s] -- Check for working CXX compiler: /usr/bin/c++ - skipped
[5.606s] -- Detecting CXX compile features
[5.611s] -- Detecting CXX compile features - done
[5.719s] -- Found ament_cmake: 1.3.14 (/opt/ros/humble/share/ament_cmake/cmake)
[7.959s] -- Found Python3: /usr/bin/python3 (found version "3.10.12") found components: Interpreter 
[12.981s] -- Found rosidl_default_generators: 1.2.1 (/opt/ros/humble/share/rosidl_default_generators/cmake)
[13.065s] -- Using all available rosidl_typesupport_c: rosidl_typesupport_fastrtps_c;rosidl_typesupport_introspection_c
[13.271s] -- Found rosidl_adapter: 3.1.9 (/opt/ros/humble/share/rosidl_adapter/cmake)
[14.261s] -- Using all available rosidl_typesupport_cpp: rosidl_typesupport_fastrtps_cpp;rosidl_typesupport_introspection_cpp
[15.122s] -- Found std_msgs: 4.9.1 (/opt/ros/humble/share/std_msgs/cmake)
[19.371s] -- Found ament_cmake_ros: 0.10.0 (/opt/ros/humble/share/ament_cmake_ros/cmake)
[22.106s] -- Using all available rosidl_typesupport_c: rosidl_typesupport_fastrtps_c;rosidl_typesupport_introspection_c
[26.028s] -- Using all available rosidl_typesupport_cpp: rosidl_typesupport_fastrtps_cpp;rosidl_typesupport_introspection_cpp
[26.290s] -- Found PythonInterp: /usr/bin/python3 (found suitable version "3.10.12", minimum required is "3.6") 
[26.351s] -- Found python_cmake_module: 0.10.0 (/opt/ros/humble/share/python_cmake_module/cmake)
[26.656s] -- Found PythonLibs: /usr/lib/aarch64-linux-gnu/libpython3.10.so (found suitable version "3.10.12", minimum required is "3.5") 
[26.657s] -- Using PYTHON_EXECUTABLE: /usr/bin/python3
[26.659s] -- Using PYTHON_INCLUDE_DIRS: /usr/include/python3.10
[26.660s] -- Using PYTHON_LIBRARIES: /usr/lib/aarch64-linux-gnu/libpython3.10.so
[26.907s] -- Found PythonExtra: .so  
[28.849s] -- Configuring done
[29.426s] -- Generating done
[29.575s] -- Build files have been written to: /home/robot/robot_ws/build/vision_msgs
[29.634s] Invoked command in '/home/robot/robot_ws/build/vision_msgs' returned '0': CMAKE_PREFIX_PATH=/opt/ros/humble /usr/bin/cmake /home/robot/robot_ws/src/vision_msgs -DCMAKE_INSTALL_PREFIX=/home/robot/robot_ws/install/vision_msgs
[29.646s] Invoking command in '/home/robot/robot_ws/build/vision_msgs': CMAKE_PREFIX_PATH=/opt/ros/humble /usr/bin/cmake --build /home/robot/robot_ws/build/vision_msgs -- -j4 -l4
[30.178s] [  2%] Generating Rust code for ROS interfaces
[50.266s] [  2%] Built target vision_msgs__rs
[50.807s] [  2%] Built target ament_cmake_python_copy_vision_msgs
[50.823s] [  5%] Generating C code for ROS interfaces
[58.790s] [  7%] Building C object CMakeFiles/vision_msgs__rosidl_generator_c.dir/rosidl_generator_c/vision_msgs/msg/detail/detection__functions.c.o
[59.643s] [ 10%] Building C object CMakeFiles/vision_msgs__rosidl_generator_c.dir/rosidl_generator_c/vision_msgs/msg/detail/detection_array__functions.c.o
[60.379s] [ 12%] Linking C shared library libvision_msgs__rosidl_generator_c.so
[60.859s] [ 12%] Built target vision_msgs__rosidl_generator_c
[63.668s] running egg_info
[63.675s] creating vision_msgs.egg-info
[63.676s] writing vision_msgs.egg-info/PKG-INFO
[63.679s] writing dependency_links to vision_msgs.egg-info/dependency_links.txt
[63.682s] writing top-level names to vision_msgs.egg-info/top_level.txt
[63.683s] writing manifest file 'vision_msgs.egg-info/SOURCES.txt'
[63.703s] reading manifest file 'vision_msgs.egg-info/SOURCES.txt'
[63.710s] writing manifest file 'vision_msgs.egg-info/SOURCES.txt'
[63.968s] [ 12%] Built target ament_cmake_python_build_vision_msgs_egg
[64.070s] [ 15%] Generating C introspection for ROS interfaces
[69.426s] [ 17%] Building C object CMakeFiles/vision_msgs__rosidl_typesupport_introspection_c.dir/rosidl_typesupport_introspection_c/vision_msgs/msg/detail/detection__type_support.c.o
[70.030s] [ 20%] Building C object CMakeFiles/vision_msgs__rosidl_typesupport_introspection_c.dir/rosidl_typesupport_introspection_c/vision_msgs/msg/detail/detection_array__type_support.c.o
[76.925s] [ 22%] Linking C shared library libvision_msgs__rosidl_typesupport_introspection_c.so
[77.288s] [ 22%] Built target vision_msgs__rosidl_typesupport_introspection_c
[78.216s] [ 25%] Generating C type support dispatch for ROS interfaces
[82.678s] [ 27%] Building CXX object CMakeFiles/vision_msgs__rosidl_typesupport_c.dir/rosidl_typesupport_c/vision_msgs/msg/detection__type_support.cpp.o
[83.117s] [ 30%] Building CXX object CMakeFiles/vision_msgs__rosidl_typesupport_c.dir/rosidl_typesupport_c/vision_msgs/msg/detection_array__type_support.cpp.o
[83.518s] [ 32%] Linking CXX shared library libvision_msgs__rosidl_typesupport_c.so
[83.930s] [ 32%] Built target vision_msgs__rosidl_typesupport_c
[84.032s] [ 35%] Generating C type support for eProsima Fast-RTPS
[89.946s] [ 37%] Building CXX object CMakeFiles/vision_msgs__rosidl_typesupport_fastrtps_c.dir/rosidl_typesupport_fastrtps_c/vision_msgs/msg/detail/detection__type_support_c.cpp.o
[95.120s] [ 40%] Building CXX object CMakeFiles/vision_msgs__rosidl_typesupport_fastrtps_c.dir/rosidl_typesupport_fastrtps_c/vision_msgs/msg/detail/detection_array__type_support_c.cpp.o
[99.106s] [ 42%] Linking CXX shared library libvision_msgs__rosidl_typesupport_fastrtps_c.so
[99.839s] [ 42%] Built target vision_msgs__rosidl_typesupport_fastrtps_c
[100.039s] [ 45%] Generating C++ code for ROS interfaces
[105.694s] [ 45%] Built target vision_msgs__cpp
[105.797s] [ 47%] Generating C++ type support for eProsima Fast-RTPS
