[0.106s] Invoking command in '/home/robot/robot_ws/build/robot_description': CMAKE_PREFIX_PATH=/opt/ros/humble /usr/bin/cmake --build /home/robot/robot_ws/build/robot_description -- -j4 -l4
[0.318s] -- Found ament_cmake: 1.3.14 (/opt/ros/humble/share/ament_cmake/cmake)
[1.679s] -- Found ament_lint_auto: 0.12.15 (/opt/ros/humble/share/ament_lint_auto/cmake)
[2.409s] -- Added test 'copyright' to check source files copyright and LICENSE
[2.468s] -- Added test 'flake8' to check Python code syntax and style conventions
[2.476s] -- Added test 'lint_cmake' to check CMake code style
[2.482s] -- Added test 'pep257' to check Python code against some of the docstring style conventions in PEP 257
[2.513s] -- Added test 'xmllint' to check XML markup files
[2.528s] -- Configuring done
[2.580s] -- Generating done
[2.605s] -- Build files have been written to: /home/robot/robot_ws/build/robot_description
[2.786s] Invoked command in '/home/robot/robot_ws/build/robot_description' returned '0': CMAKE_PREFIX_PATH=/opt/ros/humble /usr/bin/cmake --build /home/robot/robot_ws/build/robot_description -- -j4 -l4
[2.866s] Invoking command in '/home/robot/robot_ws/build/robot_description': CMAKE_PREFIX_PATH=/opt/ros/humble /usr/bin/cmake --install /home/robot/robot_ws/build/robot_description
[2.939s] -- Install configuration: ""
[2.940s] -- Up-to-date: /home/robot/robot_ws/install/robot_description/share/robot_description//launch
[2.943s] -- Installing: /home/robot/robot_ws/install/robot_description/share/robot_description//launch/display.launch.py
[2.947s] -- Installing: /home/robot/robot_ws/install/robot_description/share/robot_description//launch/robot_state_publisher.launch.py
[2.952s] -- Up-to-date: /home/robot/robot_ws/install/robot_description/share/robot_description//urdf
[2.954s] -- Installing: /home/robot/robot_ws/install/robot_description/share/robot_description//urdf/gazebo.xacro
[2.958s] -- Installing: /home/robot/robot_ws/install/robot_description/share/robot_description//urdf/materials.xacro
[2.959s] -- Installing: /home/robot/robot_ws/install/robot_description/share/robot_description//urdf/robot.urdf.xacro
[2.963s] -- Installing: /home/robot/robot_ws/install/robot_description/share/robot_description//urdf/macros.xacro
[2.964s] -- Up-to-date: /home/robot/robot_ws/install/robot_description/share/robot_description//config
[2.966s] -- Up-to-date: /home/robot/robot_ws/install/robot_description/share/robot_description//config/joint_limits.yaml
[2.967s] -- Installing: /home/robot/robot_ws/install/robot_description/share/robot_description//rviz
[2.968s] -- Installing: /home/robot/robot_ws/install/robot_description/share/robot_description//rviz/rviz.rviz
[2.972s] -- Installing: /home/robot/robot_ws/install/robot_description/share/ament_index/resource_index/package_run_dependencies/robot_description
[2.973s] -- Up-to-date: /home/robot/robot_ws/install/robot_description/share/ament_index/resource_index/parent_prefix_path/robot_description
[2.974s] -- Up-to-date: /home/robot/robot_ws/install/robot_description/share/robot_description/environment/ament_prefix_path.sh
[2.982s] -- Installing: /home/robot/robot_ws/install/robot_description/share/robot_description/environment/ament_prefix_path.dsv
[2.983s] -- Up-to-date: /home/robot/robot_ws/install/robot_description/share/robot_description/environment/path.sh
[2.985s] -- Installing: /home/robot/robot_ws/install/robot_description/share/robot_description/environment/path.dsv
[2.986s] -- Up-to-date: /home/robot/robot_ws/install/robot_description/share/robot_description/local_setup.bash
[2.987s] -- Up-to-date: /home/robot/robot_ws/install/robot_description/share/robot_description/local_setup.sh
[2.989s] -- Up-to-date: /home/robot/robot_ws/install/robot_description/share/robot_description/local_setup.zsh
[2.990s] -- Installing: /home/robot/robot_ws/install/robot_description/share/robot_description/local_setup.dsv
[2.993s] -- Installing: /home/robot/robot_ws/install/robot_description/share/robot_description/package.dsv
[2.995s] -- Up-to-date: /home/robot/robot_ws/install/robot_description/share/ament_index/resource_index/packages/robot_description
[2.998s] -- Installing: /home/robot/robot_ws/install/robot_description/share/robot_description/cmake/robot_descriptionConfig.cmake
[3.000s] -- Installing: /home/robot/robot_ws/install/robot_description/share/robot_description/cmake/robot_descriptionConfig-version.cmake
[3.002s] -- Installing: /home/robot/robot_ws/install/robot_description/share/robot_description/package.xml
[3.016s] Invoked command in '/home/robot/robot_ws/build/robot_description' returned '0': CMAKE_PREFIX_PATH=/opt/ros/humble /usr/bin/cmake --install /home/robot/robot_ws/build/robot_description
