[0.238s] Invoking command in '/home/robot/robot_ws/build/sllidar_ros2': CMAKE_PREFIX_PATH=${CMAKE_PREFIX_PATH}:/home/robot/robot_ws/install/robot_camera:/opt/ros/humble /usr/bin/cmake --build /home/robot/robot_ws/build/sllidar_ros2 -- -j4 -l4
[0.982s] [ 10%] Built target sllidar_client
[1.145s] [100%] Built target sllidar_node
[1.250s] Invoked command in '/home/robot/robot_ws/build/sllidar_ros2' returned '0': CMAKE_PREFIX_PATH=${CMAKE_PREFIX_PATH}:/home/robot/robot_ws/install/robot_camera:/opt/ros/humble /usr/bin/cmake --build /home/robot/robot_ws/build/sllidar_ros2 -- -j4 -l4
[1.353s] Invoking command in '/home/robot/robot_ws/build/sllidar_ros2': CMAKE_PREFIX_PATH=${CMAKE_PREFIX_PATH}:/home/robot/robot_ws/install/robot_camera:/opt/ros/humble /usr/bin/cmake --install /home/robot/robot_ws/build/sllidar_ros2
[1.419s] -- Install configuration: ""
[1.423s] -- Execute custom install script
[1.433s] -- Up-to-date symlink: /home/robot/robot_ws/install/sllidar_ros2/share/sllidar_ros2/launch/slam_sllidar_c1_launch.py
[1.435s] -- Up-to-date symlink: /home/robot/robot_ws/install/sllidar_ros2/share/sllidar_ros2/launch/slam_sllidar_c1_view.py
[1.438s] -- Up-to-date symlink: /home/robot/robot_ws/install/sllidar_ros2/share/sllidar_ros2/launch/sllidar_a1_launch.py
[1.440s] -- Up-to-date symlink: /home/robot/robot_ws/install/sllidar_ros2/share/sllidar_ros2/launch/sllidar_a2m12_launch .py
[1.442s] -- Up-to-date symlink: /home/robot/robot_ws/install/sllidar_ros2/share/sllidar_ros2/launch/sllidar_a2m7_launch.py
[1.444s] -- Up-to-date symlink: /home/robot/robot_ws/install/sllidar_ros2/share/sllidar_ros2/launch/sllidar_a2m8_launch.py
[1.446s] -- Up-to-date symlink: /home/robot/robot_ws/install/sllidar_ros2/share/sllidar_ros2/launch/sllidar_a3_launch.py
[1.448s] -- Up-to-date symlink: /home/robot/robot_ws/install/sllidar_ros2/share/sllidar_ros2/launch/sllidar_c1_launch.py
[1.450s] -- Up-to-date symlink: /home/robot/robot_ws/install/sllidar_ros2/share/sllidar_ros2/launch/sllidar_s1_launch.py
[1.453s] -- Up-to-date symlink: /home/robot/robot_ws/install/sllidar_ros2/share/sllidar_ros2/launch/sllidar_s1_tcp_launch.py
[1.455s] -- Up-to-date symlink: /home/robot/robot_ws/install/sllidar_ros2/share/sllidar_ros2/launch/sllidar_s2_launch.py
[1.457s] -- Up-to-date symlink: /home/robot/robot_ws/install/sllidar_ros2/share/sllidar_ros2/launch/sllidar_s2e_launch.py
[1.459s] -- Up-to-date symlink: /home/robot/robot_ws/install/sllidar_ros2/share/sllidar_ros2/launch/sllidar_s3_launch.py
[1.461s] -- Up-to-date symlink: /home/robot/robot_ws/install/sllidar_ros2/share/sllidar_ros2/launch/sllidar_t1_launch.py
[1.464s] -- Up-to-date symlink: /home/robot/robot_ws/install/sllidar_ros2/share/sllidar_ros2/launch/view_sllidar_a1_launch.py
[1.466s] -- Up-to-date symlink: /home/robot/robot_ws/install/sllidar_ros2/share/sllidar_ros2/launch/view_sllidar_a2m12_launch.py
[1.468s] -- Up-to-date symlink: /home/robot/robot_ws/install/sllidar_ros2/share/sllidar_ros2/launch/view_sllidar_a2m7_launch.py
[1.471s] -- Up-to-date symlink: /home/robot/robot_ws/install/sllidar_ros2/share/sllidar_ros2/launch/view_sllidar_a2m8_launch.py
[1.473s] -- Up-to-date symlink: /home/robot/robot_ws/install/sllidar_ros2/share/sllidar_ros2/launch/view_sllidar_a3_launch.py
[1.476s] -- Up-to-date symlink: /home/robot/robot_ws/install/sllidar_ros2/share/sllidar_ros2/launch/view_sllidar_c1_launch.py
[1.479s] -- Up-to-date symlink: /home/robot/robot_ws/install/sllidar_ros2/share/sllidar_ros2/launch/view_sllidar_s1_launch.py
[1.482s] -- Up-to-date symlink: /home/robot/robot_ws/install/sllidar_ros2/share/sllidar_ros2/launch/view_sllidar_s1_tcp_launch.py
[1.488s] -- Up-to-date symlink: /home/robot/robot_ws/install/sllidar_ros2/share/sllidar_ros2/launch/view_sllidar_s2_launch.py
[1.489s] -- Up-to-date symlink: /home/robot/robot_ws/install/sllidar_ros2/share/sllidar_ros2/launch/view_sllidar_s2e_launch.py
[1.491s] -- Up-to-date symlink: /home/robot/robot_ws/install/sllidar_ros2/share/sllidar_ros2/launch/view_sllidar_s3_launch.py
[1.493s] -- Up-to-date symlink: /home/robot/robot_ws/install/sllidar_ros2/share/sllidar_ros2/launch/view_sllidar_t1_launch.py
[1.499s] -- Up-to-date symlink: /home/robot/robot_ws/install/sllidar_ros2/share/sllidar_ros2/rviz/slam_sllidar_c1.rviz
[1.502s] -- Up-to-date symlink: /home/robot/robot_ws/install/sllidar_ros2/share/sllidar_ros2/rviz/sllidar_ros2.rviz
[1.507s] -- Up-to-date symlink: /home/robot/robot_ws/install/sllidar_ros2/lib/sllidar_ros2/sllidar_node
[1.675s] -- Up-to-date symlink: /home/robot/robot_ws/install/sllidar_ros2/lib/sllidar_ros2/sllidar_client
[1.679s] -- Up-to-date symlink: /home/robot/robot_ws/install/sllidar_ros2/share/ament_index/resource_index/package_run_dependencies/sllidar_ros2
[1.681s] -- Up-to-date symlink: /home/robot/robot_ws/install/sllidar_ros2/share/ament_index/resource_index/parent_prefix_path/sllidar_ros2
[1.683s] -- Up-to-date symlink: /home/robot/robot_ws/install/sllidar_ros2/share/sllidar_ros2/environment/ament_prefix_path.sh
[1.688s] -- Up-to-date symlink: /home/robot/robot_ws/install/sllidar_ros2/share/sllidar_ros2/environment/ament_prefix_path.dsv
[1.690s] -- Up-to-date symlink: /home/robot/robot_ws/install/sllidar_ros2/share/sllidar_ros2/environment/path.sh
[1.693s] -- Up-to-date symlink: /home/robot/robot_ws/install/sllidar_ros2/share/sllidar_ros2/environment/path.dsv
[1.696s] -- Up-to-date symlink: /home/robot/robot_ws/install/sllidar_ros2/share/sllidar_ros2/local_setup.bash
[1.700s] -- Up-to-date symlink: /home/robot/robot_ws/install/sllidar_ros2/share/sllidar_ros2/local_setup.sh
[1.705s] -- Up-to-date symlink: /home/robot/robot_ws/install/sllidar_ros2/share/sllidar_ros2/local_setup.zsh
[1.708s] -- Up-to-date symlink: /home/robot/robot_ws/install/sllidar_ros2/share/sllidar_ros2/local_setup.dsv
[1.710s] -- Symlinking: /home/robot/robot_ws/install/sllidar_ros2/share/sllidar_ros2/package.dsv
[1.806s] -- Up-to-date symlink: /home/robot/robot_ws/install/sllidar_ros2/share/ament_index/resource_index/packages/sllidar_ros2
[1.808s] -- Up-to-date symlink: /home/robot/robot_ws/install/sllidar_ros2/share/sllidar_ros2/cmake/ament_cmake_export_dependencies-extras.cmake
[1.813s] -- Up-to-date symlink: /home/robot/robot_ws/install/sllidar_ros2/share/sllidar_ros2/cmake/ament_cmake_export_include_directories-extras.cmake
[1.816s] -- Up-to-date symlink: /home/robot/robot_ws/install/sllidar_ros2/share/sllidar_ros2/cmake/sllidar_ros2Config.cmake
[1.818s] -- Up-to-date symlink: /home/robot/robot_ws/install/sllidar_ros2/share/sllidar_ros2/cmake/sllidar_ros2Config-version.cmake
[1.821s] -- Up-to-date symlink: /home/robot/robot_ws/install/sllidar_ros2/share/sllidar_ros2/package.xml
[1.847s] Invoked command in '/home/robot/robot_ws/build/sllidar_ros2' returned '0': CMAKE_PREFIX_PATH=${CMAKE_PREFIX_PATH}:/home/robot/robot_ws/install/robot_camera:/opt/ros/humble /usr/bin/cmake --install /home/robot/robot_ws/build/sllidar_ros2
