[6.303s] Invoking command in '/home/robot/robot_ws/src/robot_camera': PYTHONPATH=/home/robot/robot_ws/build/robot_camera/prefix_override:/usr/lib/python3/dist-packages/colcon_core/task/python/colcon_distutils_commands:/home/robot/robot_ws/install/robot_camera/lib/python3.10/site-packages:${PYTHONPATH} /usr/bin/python3 -W ignore:setup.py install is deprecated -W ignore:easy_install command is deprecated setup.py egg_info --egg-base ../../build/robot_camera build --build-base /home/robot/robot_ws/build/robot_camera/build install --record /home/robot/robot_ws/build/robot_camera/install.log --install-scripts $base/lib/robot_camera --single-version-externally-managed install_data
[8.963s] running egg_info
[8.970s] writing ../../build/robot_camera/robot_camera.egg-info/PKG-INFO
[8.973s] writing dependency_links to ../../build/robot_camera/robot_camera.egg-info/dependency_links.txt
[8.979s] writing entry points to ../../build/robot_camera/robot_camera.egg-info/entry_points.txt
[8.980s] writing requirements to ../../build/robot_camera/robot_camera.egg-info/requires.txt
[8.981s] writing top-level names to ../../build/robot_camera/robot_camera.egg-info/top_level.txt
[9.002s] reading manifest file '../../build/robot_camera/robot_camera.egg-info/SOURCES.txt'
[9.014s] writing manifest file '../../build/robot_camera/robot_camera.egg-info/SOURCES.txt'
[9.019s] running build
[9.023s] running build_py
[9.028s] copying robot_camera/camera_node.py -> /home/robot/robot_ws/build/robot_camera/build/lib/robot_camera
[9.033s] running install
[9.037s] running install_lib
[9.041s] copying /home/robot/robot_ws/build/robot_camera/build/lib/robot_camera/camera_node.py -> /home/robot/robot_ws/install/robot_camera/lib/python3.10/site-packages/robot_camera
[9.049s] byte-compiling /home/robot/robot_ws/install/robot_camera/lib/python3.10/site-packages/robot_camera/camera_node.py to camera_node.cpython-310.pyc
[9.056s] running install_data
[9.057s] copying package.xml -> /home/robot/robot_ws/install/robot_camera/share/robot_camera
[9.059s] running install_egg_info
[9.072s] removing '/home/robot/robot_ws/install/robot_camera/lib/python3.10/site-packages/robot_camera-0.0.0-py3.10.egg-info' (and everything under it)
[9.077s] Copying ../../build/robot_camera/robot_camera.egg-info to /home/robot/robot_ws/install/robot_camera/lib/python3.10/site-packages/robot_camera-0.0.0-py3.10.egg-info
[9.094s] running install_scripts
[9.300s] Installing camera_node script to /home/robot/robot_ws/install/robot_camera/lib/robot_camera
[9.304s] writing list of installed files to '/home/robot/robot_ws/build/robot_camera/install.log'
[9.506s] Invoked command in '/home/robot/robot_ws/src/robot_camera' returned '0': PYTHONPATH=/home/robot/robot_ws/build/robot_camera/prefix_override:/usr/lib/python3/dist-packages/colcon_core/task/python/colcon_distutils_commands:/home/robot/robot_ws/install/robot_camera/lib/python3.10/site-packages:${PYTHONPATH} /usr/bin/python3 -W ignore:setup.py install is deprecated -W ignore:easy_install command is deprecated setup.py egg_info --egg-base ../../build/robot_camera build --build-base /home/robot/robot_ws/build/robot_camera/build install --record /home/robot/robot_ws/build/robot_camera/install.log --install-scripts $base/lib/robot_camera --single-version-externally-managed install_data
