[0.000000] (-) TimerEvent: {}
[0.001554] (-) JobUnselected: {'identifier': 'camera_node'}
[0.002788] (-) JobUnselected: {'identifier': 'robot_bringup'}
[0.003289] (-) JobUnselected: {'identifier': 'robot_description'}
[0.004068] (-) JobUnselected: {'identifier': 'robot_serial'}
[0.004506] (-) JobUnselected: {'identifier': 'sllidar_ros2'}
[0.004805] (-) JobUnselected: {'identifier': 'vision_ai_node'}
[0.005073] (-) JobUnselected: {'identifier': 'vision_msgs'}
[0.005349] (robot_ai) JobQueued: {'identifier': 'robot_ai', 'dependencies': OrderedDict([('vision_msgs', '/home/robot/robot_ws/install/vision_msgs')])}
[0.005674] (robot_ai) JobStarted: {'identifier': 'robot_ai'}
[0.094964] (-) TimerEvent: {}
[0.282655] (-) TimerEvent: {}
[0.383390] (-) TimerEvent: {}
[0.543789] (-) TimerEvent: {}
[0.644595] (-) TimerEvent: {}
[0.745578] (-) TimerEvent: {}
[0.846714] (-) TimerEvent: {}
[0.947464] (-) TimerEvent: {}
[1.048217] (-) TimerEvent: {}
[1.148967] (-) TimerEvent: {}
[1.249783] (-) TimerEvent: {}
[1.350548] (-) TimerEvent: {}
[1.451310] (-) TimerEvent: {}
[1.552084] (-) TimerEvent: {}
[1.652812] (-) TimerEvent: {}
[1.753555] (-) TimerEvent: {}
[1.854330] (-) TimerEvent: {}
[1.955054] (-) TimerEvent: {}
[2.055776] (-) TimerEvent: {}
[2.156542] (-) TimerEvent: {}
[2.381030] (-) TimerEvent: {}
[2.481891] (-) TimerEvent: {}
[2.582616] (-) TimerEvent: {}
[2.683344] (-) TimerEvent: {}
[2.784098] (-) TimerEvent: {}
[2.884875] (-) TimerEvent: {}
[2.985667] (-) TimerEvent: {}
[3.086555] (-) TimerEvent: {}
[3.187312] (-) TimerEvent: {}
[3.288069] (-) TimerEvent: {}
[3.388837] (-) TimerEvent: {}
[3.489587] (-) TimerEvent: {}
[3.590395] (-) TimerEvent: {}
[3.691154] (-) TimerEvent: {}
[3.791908] (-) TimerEvent: {}
[3.892699] (-) TimerEvent: {}
[3.994363] (-) TimerEvent: {}
[4.095185] (-) TimerEvent: {}
[4.195847] (-) TimerEvent: {}
[4.296868] (-) TimerEvent: {}
[4.397603] (-) TimerEvent: {}
[4.498377] (-) TimerEvent: {}
[4.599147] (-) TimerEvent: {}
[4.779246] (-) TimerEvent: {}
[4.879980] (-) TimerEvent: {}
[4.980957] (-) TimerEvent: {}
[5.082106] (-) TimerEvent: {}
[5.183008] (-) TimerEvent: {}
[5.283785] (-) TimerEvent: {}
[5.384557] (-) TimerEvent: {}
[5.486274] (-) TimerEvent: {}
[5.587515] (-) TimerEvent: {}
[5.688265] (-) TimerEvent: {}
[5.789020] (-) TimerEvent: {}
[5.889814] (-) TimerEvent: {}
[6.066788] (-) TimerEvent: {}
[6.167550] (-) TimerEvent: {}
[6.268304] (-) TimerEvent: {}
[6.369060] (-) TimerEvent: {}
[6.469934] (-) TimerEvent: {}
[6.570692] (-) TimerEvent: {}
[6.671460] (-) TimerEvent: {}
[6.772215] (-) TimerEvent: {}
[6.873012] (-) TimerEvent: {}
[6.973813] (-) TimerEvent: {}
[7.074575] (-) TimerEvent: {}
[7.175370] (-) TimerEvent: {}
[7.736425] (-) TimerEvent: {}
[7.837182] (-) TimerEvent: {}
[7.988518] (-) TimerEvent: {}
[8.089275] (-) TimerEvent: {}
[8.274448] (-) TimerEvent: {}
[8.375280] (-) TimerEvent: {}
[8.476118] (-) TimerEvent: {}
[8.576985] (-) TimerEvent: {}
[8.749341] (-) TimerEvent: {}
[8.850173] (-) TimerEvent: {}
[8.950874] (-) TimerEvent: {}
[9.051591] (-) TimerEvent: {}
[9.152390] (-) TimerEvent: {}
[9.256800] (-) TimerEvent: {}
[9.357581] (-) TimerEvent: {}
[9.493169] (-) TimerEvent: {}
[9.593972] (-) TimerEvent: {}
[9.694716] (-) TimerEvent: {}
[9.795399] (-) TimerEvent: {}
[9.954734] (-) TimerEvent: {}
[10.055480] (-) TimerEvent: {}
[10.156212] (-) TimerEvent: {}
[10.256947] (-) TimerEvent: {}
[10.357876] (-) TimerEvent: {}
[10.458644] (-) TimerEvent: {}
[10.559365] (-) TimerEvent: {}
[10.660102] (-) TimerEvent: {}
[10.760935] (-) TimerEvent: {}
[10.861774] (-) TimerEvent: {}
[10.962490] (-) TimerEvent: {}
[11.171102] (-) TimerEvent: {}
[11.271883] (-) TimerEvent: {}
[11.416107] (-) TimerEvent: {}
[11.516875] (-) TimerEvent: {}
[11.617677] (-) TimerEvent: {}
[11.796309] (-) TimerEvent: {}
[11.897140] (-) TimerEvent: {}
[11.997982] (-) TimerEvent: {}
[12.218562] (-) TimerEvent: {}
[12.319291] (-) TimerEvent: {}
[12.652893] (-) TimerEvent: {}
[12.753783] (-) TimerEvent: {}
[12.854535] (-) TimerEvent: {}
[12.955261] (-) TimerEvent: {}
[13.056044] (-) TimerEvent: {}
[13.156916] (-) TimerEvent: {}
[13.257700] (-) TimerEvent: {}
[13.358629] (-) TimerEvent: {}
[13.459387] (-) TimerEvent: {}
[13.560146] (-) TimerEvent: {}
[13.660861] (-) TimerEvent: {}
[13.761592] (-) TimerEvent: {}
[13.862335] (-) TimerEvent: {}
[13.963128] (-) TimerEvent: {}
[14.063946] (-) TimerEvent: {}
[14.164805] (-) TimerEvent: {}
[14.265639] (-) TimerEvent: {}
[14.366456] (-) TimerEvent: {}
[14.467248] (-) TimerEvent: {}
[14.643119] (-) TimerEvent: {}
[14.743880] (-) TimerEvent: {}
[14.844669] (-) TimerEvent: {}
[14.945350] (-) TimerEvent: {}
[15.046104] (-) TimerEvent: {}
[15.146836] (-) TimerEvent: {}
[15.247644] (-) TimerEvent: {}
[15.348427] (-) TimerEvent: {}
[15.487402] (-) TimerEvent: {}
[15.588136] (-) TimerEvent: {}
[15.738246] (-) TimerEvent: {}
[15.839028] (-) TimerEvent: {}
[15.939879] (-) TimerEvent: {}
[16.040621] (-) TimerEvent: {}
[16.309424] (-) TimerEvent: {}
[16.410214] (-) TimerEvent: {}
[16.511003] (-) TimerEvent: {}
[16.611736] (-) TimerEvent: {}
[16.712437] (-) TimerEvent: {}
[16.813193] (-) TimerEvent: {}
[16.914021] (-) TimerEvent: {}
[17.045449] (-) TimerEvent: {}
[17.146307] (-) TimerEvent: {}
[17.247063] (-) TimerEvent: {}
[17.347939] (-) TimerEvent: {}
[17.448722] (-) TimerEvent: {}
[17.549485] (-) TimerEvent: {}
[17.704498] (-) TimerEvent: {}
[17.805343] (-) TimerEvent: {}
[17.931318] (-) TimerEvent: {}
[18.032066] (-) TimerEvent: {}
[18.184281] (-) TimerEvent: {}
[18.285051] (-) TimerEvent: {}
[18.405417] (-) TimerEvent: {}
[18.506222] (-) TimerEvent: {}
[18.646686] (-) TimerEvent: {}
[18.747858] (-) TimerEvent: {}
[18.974102] (-) TimerEvent: {}
[19.074891] (-) TimerEvent: {}
[19.182837] (-) TimerEvent: {}
[19.283632] (-) TimerEvent: {}
[19.384434] (-) TimerEvent: {}
[19.485157] (-) TimerEvent: {}
[19.586006] (-) TimerEvent: {}
[19.686760] (-) TimerEvent: {}
[19.879132] (-) TimerEvent: {}
[19.979893] (-) TimerEvent: {}
[20.167564] (-) TimerEvent: {}
[20.268330] (-) TimerEvent: {}
[20.369141] (-) TimerEvent: {}
[20.470054] (-) TimerEvent: {}
[20.570840] (-) TimerEvent: {}
[20.671581] (-) TimerEvent: {}
[20.772334] (-) TimerEvent: {}
[20.873122] (-) TimerEvent: {}
[20.973928] (-) TimerEvent: {}
[21.104218] (-) TimerEvent: {}
[21.204979] (-) TimerEvent: {}
[21.305887] (-) TimerEvent: {}
[21.553949] (-) TimerEvent: {}
[21.654700] (-) TimerEvent: {}
[21.798617] (-) TimerEvent: {}
[21.899588] (-) TimerEvent: {}
[22.000401] (-) TimerEvent: {}
[22.101270] (-) TimerEvent: {}
[22.202060] (-) TimerEvent: {}
[22.311794] (-) TimerEvent: {}
[22.412509] (-) TimerEvent: {}
[22.513327] (-) TimerEvent: {}
[22.614179] (-) TimerEvent: {}
[22.811734] (-) TimerEvent: {}
[23.039680] (-) TimerEvent: {}
[23.562935] (-) TimerEvent: {}
[23.663737] (-) TimerEvent: {}
[23.764631] (-) TimerEvent: {}
[23.865409] (-) TimerEvent: {}
[23.966237] (-) TimerEvent: {}
[24.067022] (-) TimerEvent: {}
[24.167782] (-) TimerEvent: {}
[24.268560] (-) TimerEvent: {}
[24.369311] (-) TimerEvent: {}
[24.470288] (-) TimerEvent: {}
[24.571086] (-) TimerEvent: {}
[24.671900] (-) TimerEvent: {}
[24.772717] (-) TimerEvent: {}
[24.873626] (-) TimerEvent: {}
[24.974482] (-) TimerEvent: {}
[25.075276] (-) TimerEvent: {}
[25.176034] (-) TimerEvent: {}
[25.276793] (-) TimerEvent: {}
[25.377587] (-) TimerEvent: {}
[25.478314] (-) TimerEvent: {}
[25.579037] (-) TimerEvent: {}
[25.679801] (-) TimerEvent: {}
[25.780552] (-) TimerEvent: {}
[25.881314] (-) TimerEvent: {}
[25.982211] (-) TimerEvent: {}
[26.082951] (-) TimerEvent: {}
[26.183736] (-) TimerEvent: {}
[26.284498] (-) TimerEvent: {}
[26.385329] (-) TimerEvent: {}
[26.486872] (-) TimerEvent: {}
[26.587694] (-) TimerEvent: {}
[26.688523] (-) TimerEvent: {}
[26.789381] (-) TimerEvent: {}
[26.890286] (-) TimerEvent: {}
[26.991078] (-) TimerEvent: {}
[27.091845] (-) TimerEvent: {}
[27.192597] (-) TimerEvent: {}
[27.293360] (-) TimerEvent: {}
[27.394204] (-) TimerEvent: {}
[27.494896] (-) TimerEvent: {}
[27.595636] (-) TimerEvent: {}
[27.696392] (-) TimerEvent: {}
[27.797122] (-) TimerEvent: {}
[27.897883] (-) TimerEvent: {}
[27.998659] (-) TimerEvent: {}
[28.147116] (-) TimerEvent: {}
[28.247867] (-) TimerEvent: {}
[28.348614] (-) TimerEvent: {}
[28.449463] (-) TimerEvent: {}
[28.550376] (-) TimerEvent: {}
[28.824499] (-) TimerEvent: {}
[28.925272] (-) TimerEvent: {}
[29.088696] (-) TimerEvent: {}
[29.189429] (-) TimerEvent: {}
[29.290233] (-) TimerEvent: {}
[29.390986] (-) TimerEvent: {}
[29.491727] (-) TimerEvent: {}
[29.592529] (-) TimerEvent: {}
[29.693316] (-) TimerEvent: {}
[29.794124] (-) TimerEvent: {}
[29.894817] (-) TimerEvent: {}
[29.995518] (-) TimerEvent: {}
[30.096339] (-) TimerEvent: {}
[30.197113] (-) TimerEvent: {}
[30.298004] (-) TimerEvent: {}
[30.398790] (-) TimerEvent: {}
[30.499579] (-) TimerEvent: {}
[30.600427] (-) TimerEvent: {}
[30.701164] (-) TimerEvent: {}
[30.802029] (-) TimerEvent: {}
[30.902775] (-) TimerEvent: {}
[31.003531] (-) TimerEvent: {}
[31.104291] (-) TimerEvent: {}
[31.205022] (-) TimerEvent: {}
[31.305800] (-) TimerEvent: {}
[31.406615] (-) TimerEvent: {}
[31.507318] (-) TimerEvent: {}
[31.608110] (-) TimerEvent: {}
[31.708916] (-) TimerEvent: {}
[31.809664] (-) TimerEvent: {}
[32.035353] (-) TimerEvent: {}
[32.136141] (-) TimerEvent: {}
[32.312881] (-) TimerEvent: {}
[32.413610] (-) TimerEvent: {}
[32.514414] (-) TimerEvent: {}
[32.615148] (-) TimerEvent: {}
[32.715882] (-) TimerEvent: {}
[32.816664] (-) TimerEvent: {}
[32.917421] (-) TimerEvent: {}
[33.018324] (-) TimerEvent: {}
[33.119085] (-) TimerEvent: {}
[33.219853] (-) TimerEvent: {}
[33.320687] (-) TimerEvent: {}
[33.421444] (-) TimerEvent: {}
[33.522229] (-) TimerEvent: {}
[33.622986] (-) TimerEvent: {}
[33.723823] (-) TimerEvent: {}
[33.824551] (-) TimerEvent: {}
[34.140211] (-) TimerEvent: {}
[34.240953] (-) TimerEvent: {}
[34.341692] (-) TimerEvent: {}
[34.442480] (-) TimerEvent: {}
[34.543218] (-) TimerEvent: {}
[34.643947] (-) TimerEvent: {}
[34.744646] (-) TimerEvent: {}
[34.845350] (-) TimerEvent: {}
[34.946103] (-) TimerEvent: {}
[35.046858] (-) TimerEvent: {}
[35.147641] (-) TimerEvent: {}
[35.248486] (-) TimerEvent: {}
[35.349357] (-) TimerEvent: {}
[35.450184] (-) TimerEvent: {}
[35.565365] (-) TimerEvent: {}
[35.666395] (-) TimerEvent: {}
[35.767291] (-) TimerEvent: {}
[35.868123] (-) TimerEvent: {}
[35.968959] (-) TimerEvent: {}
[36.069811] (-) TimerEvent: {}
[36.170713] (-) TimerEvent: {}
[36.271461] (-) TimerEvent: {}
[36.372257] (-) TimerEvent: {}
[36.473035] (-) TimerEvent: {}
[36.573877] (-) TimerEvent: {}
[36.674644] (-) TimerEvent: {}
[36.775426] (-) TimerEvent: {}
[36.876192] (-) TimerEvent: {}
[36.976969] (-) TimerEvent: {}
[37.077702] (-) TimerEvent: {}
[37.386851] (-) TimerEvent: {}
[37.487600] (-) TimerEvent: {}
[37.665858] (-) TimerEvent: {}
[37.766663] (-) TimerEvent: {}
[37.867446] (-) TimerEvent: {}
[37.968186] (-) TimerEvent: {}
[38.068922] (-) TimerEvent: {}
[38.169700] (-) TimerEvent: {}
[38.270552] (-) TimerEvent: {}
[38.371302] (-) TimerEvent: {}
[38.472061] (-) TimerEvent: {}
[38.572900] (-) TimerEvent: {}
[38.673593] (-) TimerEvent: {}
[38.774355] (-) TimerEvent: {}
[38.875124] (-) TimerEvent: {}
[38.975896] (-) TimerEvent: {}
[39.076638] (-) TimerEvent: {}
[39.177410] (-) TimerEvent: {}
[39.278158] (-) TimerEvent: {}
[39.378882] (-) TimerEvent: {}
[39.479646] (-) TimerEvent: {}
[39.580982] (-) TimerEvent: {}
[39.681787] (-) TimerEvent: {}
[39.782568] (-) TimerEvent: {}
[40.004137] (-) TimerEvent: {}
[40.104904] (-) TimerEvent: {}
[40.205684] (-) TimerEvent: {}
[40.356359] (-) TimerEvent: {}
[40.583232] (-) TimerEvent: {}
[40.683977] (-) TimerEvent: {}
[40.854563] (-) TimerEvent: {}
[40.955532] (-) TimerEvent: {}
[41.056359] (-) TimerEvent: {}
[41.157144] (-) TimerEvent: {}
[41.316569] (-) TimerEvent: {}
[41.598981] (-) TimerEvent: {}
[41.699799] (-) TimerEvent: {}
[41.800587] (-) TimerEvent: {}
[41.901309] (-) TimerEvent: {}
[42.002104] (-) TimerEvent: {}
[42.102861] (-) TimerEvent: {}
[42.386413] (-) TimerEvent: {}
[42.487155] (-) TimerEvent: {}
[42.588553] (-) TimerEvent: {}
[42.689309] (-) TimerEvent: {}
[42.790072] (-) TimerEvent: {}
[42.890827] (-) TimerEvent: {}
[42.991555] (-) TimerEvent: {}
[43.092311] (-) TimerEvent: {}
[43.193063] (-) TimerEvent: {}
[43.293967] (-) TimerEvent: {}
[43.394662] (-) TimerEvent: {}
[43.495533] (-) TimerEvent: {}
[43.596283] (-) TimerEvent: {}
[43.697089] (-) TimerEvent: {}
[43.797896] (-) TimerEvent: {}
[44.165759] (-) TimerEvent: {}
[44.276777] (-) TimerEvent: {}
[44.377641] (-) TimerEvent: {}
[44.478442] (-) TimerEvent: {}
[44.579185] (-) TimerEvent: {}
[44.840382] (-) TimerEvent: {}
[44.941158] (-) TimerEvent: {}
[45.042086] (-) TimerEvent: {}
[45.142814] (-) TimerEvent: {}
[45.345221] (-) TimerEvent: {}
[45.445983] (-) TimerEvent: {}
