[1.093s] DEBUG:colcon:Command line arguments: ['/usr/bin/colcon', 'build', '--packages-select', 'sllidar_ros2', '--symlink-install']
[1.093s] DEBUG:colcon:Parsed command line arguments: Namespace(log_base=None, log_level=None, verb_name='build', build_base='build', install_base='install', merge_install=False, symlink_install=True, test_result_base=None, continue_on_error=False, executor='parallel', parallel_workers=4, event_handlers=None, ignore_user_meta=False, metas=['./colcon.meta'], base_paths=['.'], packages_ignore=None, packages_ignore_regex=None, paths=None, packages_up_to=None, packages_up_to_regex=None, packages_above=None, packages_above_and_dependencies=None, packages_above_depth=None, packages_select_by_dep=None, packages_skip_by_dep=None, packages_skip_up_to=None, packages_select_build_failed=False, packages_skip_build_finished=False, packages_select_test_failures=False, packages_skip_test_passed=False, packages_select=['sllidar_ros2'], packages_skip=None, packages_select_regex=None, packages_skip_regex=None, packages_start=None, packages_end=None, allow_overriding=[], cmake_args=None, cmake_target=None, cmake_target_skip_unavailable=False, cmake_clean_cache=False, cmake_clean_first=False, cmake_force_configure=False, ament_cmake_args=None, catkin_cmake_args=None, catkin_skip_building_tests=False, verb_parser=<colcon_defaults.argument_parser.defaults.DefaultArgumentsDecorator object at 0xffff8cc9aef0>, verb_extension=<colcon_core.verb.build.BuildVerb object at 0xffff8cdf46a0>, main=<bound method BuildVerb.main of <colcon_core.verb.build.BuildVerb object at 0xffff8cdf46a0>>)
[2.881s] Level 1:colcon.colcon_core.package_discovery:discover_packages(colcon_meta) check parameters
[2.882s] Level 1:colcon.colcon_core.package_discovery:discover_packages(recursive) check parameters
[2.883s] Level 1:colcon.colcon_core.package_discovery:discover_packages(ignore) check parameters
[2.883s] Level 1:colcon.colcon_core.package_discovery:discover_packages(path) check parameters
[2.884s] Level 1:colcon.colcon_core.package_discovery:discover_packages(colcon_meta) discover
[2.884s] Level 1:colcon.colcon_core.package_discovery:discover_packages(recursive) discover
[2.885s] INFO:colcon.colcon_core.package_discovery:Crawling recursively for packages in '/home/robot/robot_ws'
[2.886s] Level 1:colcon.colcon_core.package_identification:_identify(.) by extensions ['ignore', 'ignore_ament_install']
[2.887s] Level 1:colcon.colcon_core.package_identification:_identify(.) by extension 'ignore'
[2.887s] Level 1:colcon.colcon_core.package_identification:_identify(.) by extension 'ignore_ament_install'
[2.888s] Level 1:colcon.colcon_core.package_identification:_identify(.) by extensions ['colcon_pkg']
[2.889s] Level 1:colcon.colcon_core.package_identification:_identify(.) by extension 'colcon_pkg'
[2.889s] Level 1:colcon.colcon_core.package_identification:_identify(.) by extensions ['colcon_meta']
[2.889s] Level 1:colcon.colcon_core.package_identification:_identify(.) by extension 'colcon_meta'
[2.890s] Level 1:colcon.colcon_core.package_identification:_identify(.) by extensions ['ros']
[2.890s] Level 1:colcon.colcon_core.package_identification:_identify(.) by extension 'ros'
[3.006s] Level 1:colcon.colcon_core.package_identification:_identify(.) by extensions ['cmake', 'python']
[3.006s] Level 1:colcon.colcon_core.package_identification:_identify(.) by extension 'cmake'
[3.007s] Level 1:colcon.colcon_core.package_identification:_identify(.) by extension 'python'
[3.007s] Level 1:colcon.colcon_core.package_identification:_identify(.) by extensions ['python_setup_py']
[3.008s] Level 1:colcon.colcon_core.package_identification:_identify(.) by extension 'python_setup_py'
[3.009s] Level 1:colcon.colcon_core.package_identification:_identify(build) by extensions ['ignore', 'ignore_ament_install']
[3.010s] Level 1:colcon.colcon_core.package_identification:_identify(build) by extension 'ignore'
[3.011s] Level 1:colcon.colcon_core.package_identification:_identify(build) ignored
[3.012s] Level 1:colcon.colcon_core.package_identification:_identify(install) by extensions ['ignore', 'ignore_ament_install']
[3.013s] Level 1:colcon.colcon_core.package_identification:_identify(install) by extension 'ignore'
[3.014s] Level 1:colcon.colcon_core.package_identification:_identify(install) ignored
[3.015s] Level 1:colcon.colcon_core.package_identification:_identify(log) by extensions ['ignore', 'ignore_ament_install']
[3.017s] Level 1:colcon.colcon_core.package_identification:_identify(log) by extension 'ignore'
[3.017s] Level 1:colcon.colcon_core.package_identification:_identify(log) ignored
[3.019s] Level 1:colcon.colcon_core.package_identification:_identify(sllidar_ros2) by extensions ['ignore', 'ignore_ament_install']
[3.020s] Level 1:colcon.colcon_core.package_identification:_identify(sllidar_ros2) by extension 'ignore'
[3.021s] Level 1:colcon.colcon_core.package_identification:_identify(sllidar_ros2) by extension 'ignore_ament_install'
[3.021s] Level 1:colcon.colcon_core.package_identification:_identify(sllidar_ros2) by extensions ['colcon_pkg']
[3.022s] Level 1:colcon.colcon_core.package_identification:_identify(sllidar_ros2) by extension 'colcon_pkg'
[3.022s] Level 1:colcon.colcon_core.package_identification:_identify(sllidar_ros2) by extensions ['colcon_meta']
[3.023s] Level 1:colcon.colcon_core.package_identification:_identify(sllidar_ros2) by extension 'colcon_meta'
[3.023s] Level 1:colcon.colcon_core.package_identification:_identify(sllidar_ros2) by extensions ['ros']
[3.024s] Level 1:colcon.colcon_core.package_identification:_identify(sllidar_ros2) by extension 'ros'
[3.055s] DEBUG:colcon.colcon_core.package_identification:Package 'sllidar_ros2' with type 'ros.ament_cmake' and name 'sllidar_ros2'
[3.057s] Level 1:colcon.colcon_core.package_identification:_identify(src) by extensions ['ignore', 'ignore_ament_install']
[3.058s] Level 1:colcon.colcon_core.package_identification:_identify(src) by extension 'ignore'
[3.058s] Level 1:colcon.colcon_core.package_identification:_identify(src) by extension 'ignore_ament_install'
[3.059s] Level 1:colcon.colcon_core.package_identification:_identify(src) by extensions ['colcon_pkg']
[3.059s] Level 1:colcon.colcon_core.package_identification:_identify(src) by extension 'colcon_pkg'
[3.060s] Level 1:colcon.colcon_core.package_identification:_identify(src) by extensions ['colcon_meta']
[3.060s] Level 1:colcon.colcon_core.package_identification:_identify(src) by extension 'colcon_meta'
[3.061s] Level 1:colcon.colcon_core.package_identification:_identify(src) by extensions ['ros']
[3.062s] Level 1:colcon.colcon_core.package_identification:_identify(src) by extension 'ros'
[3.063s] Level 1:colcon.colcon_core.package_identification:_identify(src) by extensions ['cmake', 'python']
[3.063s] Level 1:colcon.colcon_core.package_identification:_identify(src) by extension 'cmake'
[3.064s] Level 1:colcon.colcon_core.package_identification:_identify(src) by extension 'python'
[3.064s] Level 1:colcon.colcon_core.package_identification:_identify(src) by extensions ['python_setup_py']
[3.065s] Level 1:colcon.colcon_core.package_identification:_identify(src) by extension 'python_setup_py'
[3.066s] Level 1:colcon.colcon_core.package_identification:_identify(src/robot_camera) by extensions ['ignore', 'ignore_ament_install']
[3.067s] Level 1:colcon.colcon_core.package_identification:_identify(src/robot_camera) by extension 'ignore'
[3.067s] Level 1:colcon.colcon_core.package_identification:_identify(src/robot_camera) by extension 'ignore_ament_install'
[3.068s] Level 1:colcon.colcon_core.package_identification:_identify(src/robot_camera) by extensions ['colcon_pkg']
[3.068s] Level 1:colcon.colcon_core.package_identification:_identify(src/robot_camera) by extension 'colcon_pkg'
[3.069s] Level 1:colcon.colcon_core.package_identification:_identify(src/robot_camera) by extensions ['colcon_meta']
[3.069s] Level 1:colcon.colcon_core.package_identification:_identify(src/robot_camera) by extension 'colcon_meta'
[3.070s] Level 1:colcon.colcon_core.package_identification:_identify(src/robot_camera) by extensions ['ros']
[3.070s] Level 1:colcon.colcon_core.package_identification:_identify(src/robot_camera) by extension 'ros'
[3.079s] DEBUG:colcon.colcon_core.package_identification:Package 'src/robot_camera' with type 'ros.ament_python' and name 'robot_camera'
[3.081s] Level 1:colcon.colcon_core.package_discovery:discover_packages(recursive) using defaults
[3.081s] Level 1:colcon.colcon_core.package_discovery:discover_packages(ignore) discover
[3.081s] Level 1:colcon.colcon_core.package_discovery:discover_packages(ignore) using defaults
[3.082s] Level 1:colcon.colcon_core.package_discovery:discover_packages(path) discover
[3.082s] Level 1:colcon.colcon_core.package_discovery:discover_packages(path) using defaults
[3.287s] INFO:colcon.colcon_core.package_selection:Skipping not selected package 'robot_camera' in 'src/robot_camera'
[3.292s] Level 1:colcon.colcon_core.package_discovery:discover_packages(prefix_path) check parameters
[3.293s] Level 1:colcon.colcon_core.package_discovery:discover_packages(prefix_path) discover
[3.316s] DEBUG:colcon.colcon_installed_package_information.package_discovery:Found 2 installed packages in /home/robot/robot_ws/install
[3.341s] DEBUG:colcon.colcon_installed_package_information.package_discovery:Found 259 installed packages in /opt/ros/humble
[3.359s] Level 1:colcon.colcon_core.package_discovery:discover_packages(prefix_path) using defaults
[3.858s] Level 5:colcon.colcon_core.verb:set package 'sllidar_ros2' build argument 'cmake_args' from command line to 'None'
[3.859s] Level 5:colcon.colcon_core.verb:set package 'sllidar_ros2' build argument 'cmake_target' from command line to 'None'
[3.859s] Level 5:colcon.colcon_core.verb:set package 'sllidar_ros2' build argument 'cmake_target_skip_unavailable' from command line to 'False'
[3.860s] Level 5:colcon.colcon_core.verb:set package 'sllidar_ros2' build argument 'cmake_clean_cache' from command line to 'False'
[3.860s] Level 5:colcon.colcon_core.verb:set package 'sllidar_ros2' build argument 'cmake_clean_first' from command line to 'False'
[3.860s] Level 5:colcon.colcon_core.verb:set package 'sllidar_ros2' build argument 'cmake_force_configure' from command line to 'False'
[3.861s] Level 5:colcon.colcon_core.verb:set package 'sllidar_ros2' build argument 'ament_cmake_args' from command line to 'None'
[3.861s] Level 5:colcon.colcon_core.verb:set package 'sllidar_ros2' build argument 'catkin_cmake_args' from command line to 'None'
[3.861s] Level 5:colcon.colcon_core.verb:set package 'sllidar_ros2' build argument 'catkin_skip_building_tests' from command line to 'False'
[3.862s] DEBUG:colcon.colcon_core.verb:Building package 'sllidar_ros2' with the following arguments: {'ament_cmake_args': None, 'build_base': '/home/robot/robot_ws/build/sllidar_ros2', 'catkin_cmake_args': None, 'catkin_skip_building_tests': False, 'cmake_args': None, 'cmake_clean_cache': False, 'cmake_clean_first': False, 'cmake_force_configure': False, 'cmake_target': None, 'cmake_target_skip_unavailable': False, 'install_base': '/home/robot/robot_ws/install/sllidar_ros2', 'merge_install': False, 'path': '/home/robot/robot_ws/sllidar_ros2', 'symlink_install': True, 'test_result_base': None}
[3.863s] INFO:colcon.colcon_core.executor:Executing jobs using 'parallel' executor
[3.870s] DEBUG:colcon.colcon_parallel_executor.executor.parallel:run_until_complete
[3.872s] INFO:colcon.colcon_ros.task.ament_cmake.build:Building ROS package in '/home/robot/robot_ws/sllidar_ros2' with build type 'ament_cmake'
[3.873s] INFO:colcon.colcon_cmake.task.cmake.build:Building CMake package in '/home/robot/robot_ws/sllidar_ros2'
[3.897s] INFO:colcon.colcon_core.plugin_system:Skipping extension 'colcon_core.shell.bat': Not used on non-Windows systems
[3.900s] INFO:colcon.colcon_core.shell:Skip shell extension 'powershell' for command environment: Not usable outside of PowerShell
[3.900s] DEBUG:colcon.colcon_core.shell:Skip shell extension 'dsv' for command environment
[3.998s] DEBUG:colcon.colcon_core.event_handler.log_command:Invoking command in '/home/robot/robot_ws/build/sllidar_ros2': CMAKE_PREFIX_PATH=${CMAKE_PREFIX_PATH}:/home/robot/robot_ws/install/robot_camera:/opt/ros/humble /usr/bin/cmake --build /home/robot/robot_ws/build/sllidar_ros2 -- -j4 -l4
[5.083s] DEBUG:colcon.colcon_core.event_handler.log_command:Invoked command in '/home/robot/robot_ws/build/sllidar_ros2' returned '0': CMAKE_PREFIX_PATH=${CMAKE_PREFIX_PATH}:/home/robot/robot_ws/install/robot_camera:/opt/ros/humble /usr/bin/cmake --build /home/robot/robot_ws/build/sllidar_ros2 -- -j4 -l4
[5.594s] DEBUG:colcon.colcon_core.event_handler.log_command:Invoking command in '/home/robot/robot_ws/build/sllidar_ros2': CMAKE_PREFIX_PATH=${CMAKE_PREFIX_PATH}:/home/robot/robot_ws/install/robot_camera:/opt/ros/humble /usr/bin/cmake --install /home/robot/robot_ws/build/sllidar_ros2
[6.049s] Level 1:colcon.colcon_core.environment:create_environment_scripts_only(sllidar_ros2)
[6.053s] DEBUG:colcon.colcon_core.event_handler.log_command:Invoked command in '/home/robot/robot_ws/build/sllidar_ros2' returned '0': CMAKE_PREFIX_PATH=${CMAKE_PREFIX_PATH}:/home/robot/robot_ws/install/robot_camera:/opt/ros/humble /usr/bin/cmake --install /home/robot/robot_ws/build/sllidar_ros2
[6.080s] Level 1:colcon.colcon_core.environment:checking '/home/robot/robot_ws/install/sllidar_ros2' for CMake module files
[6.219s] Level 1:colcon.colcon_core.environment:checking '/home/robot/robot_ws/install/sllidar_ros2' for CMake config files
[6.225s] Level 1:colcon.colcon_core.shell:create_environment_hook('sllidar_ros2', 'cmake_prefix_path')
[6.227s] INFO:colcon.colcon_core.shell:Creating environment hook '/home/robot/robot_ws/install/sllidar_ros2/share/sllidar_ros2/hook/cmake_prefix_path.ps1'
[6.233s] INFO:colcon.colcon_core.shell:Creating environment descriptor '/home/robot/robot_ws/install/sllidar_ros2/share/sllidar_ros2/hook/cmake_prefix_path.dsv'
[6.238s] INFO:colcon.colcon_core.shell:Creating environment hook '/home/robot/robot_ws/install/sllidar_ros2/share/sllidar_ros2/hook/cmake_prefix_path.sh'
[6.247s] Level 1:colcon.colcon_core.environment:checking '/home/robot/robot_ws/install/sllidar_ros2/lib'
[6.249s] Level 1:colcon.colcon_core.environment:checking '/home/robot/robot_ws/install/sllidar_ros2/bin'
[6.250s] Level 1:colcon.colcon_core.environment:checking '/home/robot/robot_ws/install/sllidar_ros2/lib/pkgconfig/sllidar_ros2.pc'
[6.252s] Level 1:colcon.colcon_core.environment:checking '/home/robot/robot_ws/install/sllidar_ros2/lib/python3.10/site-packages'
[6.256s] Level 1:colcon.colcon_core.environment:checking '/home/robot/robot_ws/install/sllidar_ros2/bin'
[6.259s] INFO:colcon.colcon_core.shell:Creating package script '/home/robot/robot_ws/install/sllidar_ros2/share/sllidar_ros2/package.ps1'
[6.271s] INFO:colcon.colcon_core.shell:Creating package descriptor '/home/robot/robot_ws/install/sllidar_ros2/share/sllidar_ros2/package.dsv'
[6.277s] INFO:colcon.colcon_core.shell:Creating package script '/home/robot/robot_ws/install/sllidar_ros2/share/sllidar_ros2/package.sh'
[6.285s] INFO:colcon.colcon_core.shell:Creating package script '/home/robot/robot_ws/install/sllidar_ros2/share/sllidar_ros2/package.bash'
[6.293s] INFO:colcon.colcon_core.shell:Creating package script '/home/robot/robot_ws/install/sllidar_ros2/share/sllidar_ros2/package.zsh'
[6.301s] Level 1:colcon.colcon_core.environment:create_file_with_runtime_dependencies(/home/robot/robot_ws/install/sllidar_ros2/share/colcon-core/packages/sllidar_ros2)
[6.307s] Level 1:colcon.colcon_core.environment:create_environment_scripts_only(sllidar_ros2)
[6.310s] Level 1:colcon.colcon_core.environment:checking '/home/robot/robot_ws/install/sllidar_ros2' for CMake module files
[6.835s] Level 1:colcon.colcon_core.environment:checking '/home/robot/robot_ws/install/sllidar_ros2' for CMake config files
[6.840s] Level 1:colcon.colcon_core.shell:create_environment_hook('sllidar_ros2', 'cmake_prefix_path')
[6.842s] INFO:colcon.colcon_core.shell:Creating environment hook '/home/robot/robot_ws/install/sllidar_ros2/share/sllidar_ros2/hook/cmake_prefix_path.ps1'
[6.844s] INFO:colcon.colcon_core.shell:Creating environment descriptor '/home/robot/robot_ws/install/sllidar_ros2/share/sllidar_ros2/hook/cmake_prefix_path.dsv'
[6.846s] INFO:colcon.colcon_core.shell:Creating environment hook '/home/robot/robot_ws/install/sllidar_ros2/share/sllidar_ros2/hook/cmake_prefix_path.sh'
[6.849s] Level 1:colcon.colcon_core.environment:checking '/home/robot/robot_ws/install/sllidar_ros2/lib'
[6.850s] Level 1:colcon.colcon_core.environment:checking '/home/robot/robot_ws/install/sllidar_ros2/bin'
[6.850s] Level 1:colcon.colcon_core.environment:checking '/home/robot/robot_ws/install/sllidar_ros2/lib/pkgconfig/sllidar_ros2.pc'
[6.851s] Level 1:colcon.colcon_core.environment:checking '/home/robot/robot_ws/install/sllidar_ros2/lib/python3.10/site-packages'
[6.853s] Level 1:colcon.colcon_core.environment:checking '/home/robot/robot_ws/install/sllidar_ros2/bin'
[6.854s] INFO:colcon.colcon_core.shell:Creating package script '/home/robot/robot_ws/install/sllidar_ros2/share/sllidar_ros2/package.ps1'
[6.857s] INFO:colcon.colcon_core.shell:Creating package descriptor '/home/robot/robot_ws/install/sllidar_ros2/share/sllidar_ros2/package.dsv'
[6.859s] INFO:colcon.colcon_core.shell:Creating package script '/home/robot/robot_ws/install/sllidar_ros2/share/sllidar_ros2/package.sh'
[6.862s] INFO:colcon.colcon_core.shell:Creating package script '/home/robot/robot_ws/install/sllidar_ros2/share/sllidar_ros2/package.bash'
[6.864s] INFO:colcon.colcon_core.shell:Creating package script '/home/robot/robot_ws/install/sllidar_ros2/share/sllidar_ros2/package.zsh'
[6.866s] Level 1:colcon.colcon_core.environment:create_file_with_runtime_dependencies(/home/robot/robot_ws/install/sllidar_ros2/share/colcon-core/packages/sllidar_ros2)
[6.867s] DEBUG:colcon.colcon_parallel_executor.executor.parallel:closing loop
[6.869s] DEBUG:colcon.colcon_parallel_executor.executor.parallel:loop closed
[6.869s] DEBUG:colcon.colcon_parallel_executor.executor.parallel:run_until_complete finished with '0'
[6.871s] DEBUG:colcon.colcon_core.event_reactor:joining thread
[6.872s] DEBUG:colcon.colcon_core.event_reactor:joined thread
[6.874s] INFO:colcon.colcon_core.shell:Creating prefix script '/home/robot/robot_ws/install/local_setup.ps1'
[6.884s] INFO:colcon.colcon_core.shell:Creating prefix util module '/home/robot/robot_ws/install/_local_setup_util_ps1.py'
[6.899s] INFO:colcon.colcon_core.shell:Creating prefix chain script '/home/robot/robot_ws/install/setup.ps1'
[6.912s] INFO:colcon.colcon_core.shell:Creating prefix script '/home/robot/robot_ws/install/local_setup.sh'
[6.918s] INFO:colcon.colcon_core.shell:Creating prefix util module '/home/robot/robot_ws/install/_local_setup_util_sh.py'
[6.924s] INFO:colcon.colcon_core.shell:Creating prefix chain script '/home/robot/robot_ws/install/setup.sh'
[6.936s] INFO:colcon.colcon_core.shell:Creating prefix script '/home/robot/robot_ws/install/local_setup.bash'
[6.942s] INFO:colcon.colcon_core.shell:Creating prefix chain script '/home/robot/robot_ws/install/setup.bash'
[6.953s] INFO:colcon.colcon_core.shell:Creating prefix script '/home/robot/robot_ws/install/local_setup.zsh'
[6.959s] INFO:colcon.colcon_core.shell:Creating prefix chain script '/home/robot/robot_ws/install/setup.zsh'
