running egg_info
writing ../../build/camera_node/camera_node.egg-info/PKG-INFO
writing dependency_links to ../../build/camera_node/camera_node.egg-info/dependency_links.txt
writing entry points to ../../build/camera_node/camera_node.egg-info/entry_points.txt
writing requirements to ../../build/camera_node/camera_node.egg-info/requires.txt
writing top-level names to ../../build/camera_node/camera_node.egg-info/top_level.txt
reading manifest file '../../build/camera_node/camera_node.egg-info/SOURCES.txt'
writing manifest file '../../build/camera_node/camera_node.egg-info/SOURCES.txt'
running build
running build_py
running install
running install_lib
creating /home/robot/robot_ws/install/camera_node/lib/python3.10/site-packages/camera_node
copying /home/robot/robot_ws/build/camera_node/build/lib/camera_node/__init__.py -> /home/robot/robot_ws/install/camera_node/lib/python3.10/site-packages/camera_node
copying /home/robot/robot_ws/build/camera_node/build/lib/camera_node/camera_node.py -> /home/robot/robot_ws/install/camera_node/lib/python3.10/site-packages/camera_node
byte-compiling /home/robot/robot_ws/install/camera_node/lib/python3.10/site-packages/camera_node/__init__.py to __init__.cpython-310.pyc
byte-compiling /home/robot/robot_ws/install/camera_node/lib/python3.10/site-packages/camera_node/camera_node.py to camera_node.cpython-310.pyc
running install_data
creating /home/robot/robot_ws/install/camera_node/share/ament_index
creating /home/robot/robot_ws/install/camera_node/share/ament_index/resource_index
creating /home/robot/robot_ws/install/camera_node/share/ament_index/resource_index/packages
copying resource/camera_node -> /home/robot/robot_ws/install/camera_node/share/ament_index/resource_index/packages
copying package.xml -> /home/robot/robot_ws/install/camera_node/share/camera_node
creating /home/robot/robot_ws/install/camera_node/share/camera_node/launch
copying launch/camera.launch.py -> /home/robot/robot_ws/install/camera_node/share/camera_node/launch
creating /home/robot/robot_ws/install/camera_node/share/camera_node/config
copying config/camera.yaml -> /home/robot/robot_ws/install/camera_node/share/camera_node/config
running install_egg_info
Copying ../../build/camera_node/camera_node.egg-info to /home/robot/robot_ws/install/camera_node/lib/python3.10/site-packages/camera_node-1.0.0-py3.10.egg-info
running install_scripts
Installing camera_node script to /home/robot/robot_ws/install/camera_node/lib/camera_node
writing list of installed files to '/home/robot/robot_ws/build/camera_node/install.log'
