[0.000000] (-) TimerEvent: {}
[0.002052] (-) JobUnselected: {'identifier': 'robot_camera'}
[0.003309] (-) JobUnselected: {'identifier': 'robot_description'}
[0.004410] (-) JobUnselected: {'identifier': 'sllidar_ros2'}
[0.004842] (robot_bringup) JobQueued: {'identifier': 'robot_bringup', 'dependencies': OrderedDict([('robot_description', '/home/robot/robot_ws/install/robot_description'), ('sllidar_ros2', '/home/robot/robot_ws/install/sllidar_ros2')])}
[0.005198] (robot_bringup) JobStarted: {'identifier': 'robot_bringup'}
[0.097027] (-) TimerEvent: {}
[0.102249] (robot_bringup) JobProgress: {'identifier': 'robot_bringup', 'progress': 'cmake'}
[0.107956] (robot_bringup) JobProgress: {'identifier': 'robot_bringup', 'progress': 'build'}
[0.114038] (robot_bringup) Command: {'cmd': ['/usr/bin/cmake', '--build', '/home/robot/robot_ws/build/robot_bringup', '--', '-j4', '-l4'], 'cwd': '/home/robot/robot_ws/build/robot_bringup', 'env': OrderedDict([('VSCODE_CWD', '/home/robot'), ('USER', 'robot'), ('SSH_CLIENT', '192.168.31.103 56500 22'), ('VSCODE_NLS_CONFIG', '{"userLocale":"en","osLocale":"en","resolvedLanguage":"en","defaultMessagesFile":"/home/robot/.qoder-server/bin/df796da00864399fd38bf22024de7bdc0bbd9d73/out/nls.messages.json","locale":"en","availableLanguages":{}}'), ('XDG_SESSION_TYPE', 'tty'), ('SHLVL', '1'), ('LD_LIBRARY_PATH', '/opt/ros/humble/opt/rviz_ogre_vendor/lib:/opt/ros/humble/lib/aarch64-linux-gnu:/opt/ros/humble/lib'), ('MOTD_SHOWN', 'pam'), ('HOME', '/home/robot'), ('OLDPWD', '/home/robot/robot_ws'), ('DISABLE_AUTO_UPDATE', 'true'), ('ROS_PYTHON_VERSION', '3'), ('npm_config_yes', 'true'), ('VSCODE_PREVENT_SHELL_HISTORY', '1'), ('DBUS_SESSION_BUS_ADDRESS', 'unix:path=/run/user/1000/bus'), ('ROS_DISTRO', 'humble'), ('LOGNAME', 'robot'), ('VSCODE_HANDLES_SIGPIPE', 'true'), ('_', '/usr/bin/colcon'), ('ROS_VERSION', '2'), ('XDG_SESSION_CLASS', 'user'), ('XDG_SESSION_ID', '16'), ('ROS_LOCALHOST_ONLY', '0'), ('PATH', '/opt/ros/humble/bin:/usr/local/sbin:/usr/local/bin:/usr/sbin:/usr/bin:/sbin:/bin:/usr/games:/usr/local/games:/snap/bin'), ('XDG_RUNTIME_DIR', '/run/user/1000'), ('LANG', 'en_US.UTF-8'), ('AMENT_PREFIX_PATH', '/home/robot/robot_ws/install/sllidar_ros2:/home/robot/robot_ws/install/robot_description:/opt/ros/humble'), ('DEBIAN_FRONTEND', 'noninteractive'), ('SHELL', '/bin/bash'), ('QODER_AGENT', 'true'), ('GIT_PAGER', 'cat'), ('PWD', '/home/robot/robot_ws/build/robot_bringup'), ('LC_ALL', 'en_US.UTF-8'), ('SSH_CONNECTION', '192.168.31.103 56500 192.168.31.121 22'), ('XDG_DATA_DIRS', '/usr/local/share:/usr/share:/var/lib/snapd/desktop'), ('PYTHONPATH', '/opt/ros/humble/lib/python3.10/site-packages:/opt/ros/humble/local/lib/python3.10/dist-packages'), ('COLCON', '1'), ('PIP_NO_INPUT', 'true'), ('CMAKE_PREFIX_PATH', '/home/robot/robot_ws/install/sllidar_ros2:/home/robot/robot_ws/install/robot_description:/opt/ros/humble')]), 'shell': False}
[0.197340] (-) TimerEvent: {}
[0.298073] (-) TimerEvent: {}
[0.398891] (-) TimerEvent: {}
[0.461359] (robot_bringup) CommandEnded: {'returncode': 0}
[0.495378] (robot_bringup) JobProgress: {'identifier': 'robot_bringup', 'progress': 'install'}
[0.499197] (-) TimerEvent: {}
[0.539954] (robot_bringup) Command: {'cmd': ['/usr/bin/cmake', '--install', '/home/robot/robot_ws/build/robot_bringup'], 'cwd': '/home/robot/robot_ws/build/robot_bringup', 'env': OrderedDict([('VSCODE_CWD', '/home/robot'), ('USER', 'robot'), ('SSH_CLIENT', '192.168.31.103 56500 22'), ('VSCODE_NLS_CONFIG', '{"userLocale":"en","osLocale":"en","resolvedLanguage":"en","defaultMessagesFile":"/home/robot/.qoder-server/bin/df796da00864399fd38bf22024de7bdc0bbd9d73/out/nls.messages.json","locale":"en","availableLanguages":{}}'), ('XDG_SESSION_TYPE', 'tty'), ('SHLVL', '1'), ('LD_LIBRARY_PATH', '/opt/ros/humble/opt/rviz_ogre_vendor/lib:/opt/ros/humble/lib/aarch64-linux-gnu:/opt/ros/humble/lib'), ('MOTD_SHOWN', 'pam'), ('HOME', '/home/robot'), ('OLDPWD', '/home/robot/robot_ws'), ('DISABLE_AUTO_UPDATE', 'true'), ('ROS_PYTHON_VERSION', '3'), ('npm_config_yes', 'true'), ('VSCODE_PREVENT_SHELL_HISTORY', '1'), ('DBUS_SESSION_BUS_ADDRESS', 'unix:path=/run/user/1000/bus'), ('ROS_DISTRO', 'humble'), ('LOGNAME', 'robot'), ('VSCODE_HANDLES_SIGPIPE', 'true'), ('_', '/usr/bin/colcon'), ('ROS_VERSION', '2'), ('XDG_SESSION_CLASS', 'user'), ('XDG_SESSION_ID', '16'), ('ROS_LOCALHOST_ONLY', '0'), ('PATH', '/opt/ros/humble/bin:/usr/local/sbin:/usr/local/bin:/usr/sbin:/usr/bin:/sbin:/bin:/usr/games:/usr/local/games:/snap/bin'), ('XDG_RUNTIME_DIR', '/run/user/1000'), ('LANG', 'en_US.UTF-8'), ('AMENT_PREFIX_PATH', '/home/robot/robot_ws/install/sllidar_ros2:/home/robot/robot_ws/install/robot_description:/opt/ros/humble'), ('DEBIAN_FRONTEND', 'noninteractive'), ('SHELL', '/bin/bash'), ('QODER_AGENT', 'true'), ('GIT_PAGER', 'cat'), ('PWD', '/home/robot/robot_ws/build/robot_bringup'), ('LC_ALL', 'en_US.UTF-8'), ('SSH_CONNECTION', '192.168.31.103 56500 192.168.31.121 22'), ('XDG_DATA_DIRS', '/usr/local/share:/usr/share:/var/lib/snapd/desktop'), ('PYTHONPATH', '/opt/ros/humble/lib/python3.10/site-packages:/opt/ros/humble/local/lib/python3.10/dist-packages'), ('COLCON', '1'), ('PIP_NO_INPUT', 'true'), ('CMAKE_PREFIX_PATH', '/home/robot/robot_ws/install/sllidar_ros2:/home/robot/robot_ws/install/robot_description:/opt/ros/humble')]), 'shell': False}
[0.599500] (-) TimerEvent: {}
[0.612113] (robot_bringup) StdoutLine: {'line': b'-- Install configuration: ""\n'}
[0.616762] (robot_bringup) StdoutLine: {'line': b'-- Up-to-date: /home/robot/robot_ws/install/robot_bringup/share/robot_bringup//launch\n'}
[0.621992] (robot_bringup) StdoutLine: {'line': b'-- Up-to-date: /home/robot/robot_ws/install/robot_bringup/share/robot_bringup//launch/slam.launch.py\n'}
[0.623300] (robot_bringup) StdoutLine: {'line': b'-- Up-to-date: /home/robot/robot_ws/install/robot_bringup/share/robot_bringup//launch/localization.launch.py\n'}
[0.624392] (robot_bringup) StdoutLine: {'line': b'-- Up-to-date: /home/robot/robot_ws/install/robot_bringup/share/robot_bringup//launch/robot.launch.py\n'}
[0.625460] (robot_bringup) StdoutLine: {'line': b'-- Up-to-date: /home/robot/robot_ws/install/robot_bringup/share/robot_bringup//launch/lidar.launch.py\n'}
[0.626434] (robot_bringup) StdoutLine: {'line': b'-- Up-to-date: /home/robot/robot_ws/install/robot_bringup/share/robot_bringup//launch/view_robot.launch.py\n'}
[0.627403] (robot_bringup) StdoutLine: {'line': b'-- Up-to-date: /home/robot/robot_ws/install/robot_bringup/share/robot_bringup//config\n'}
[0.628416] (robot_bringup) StdoutLine: {'line': b'-- Up-to-date: /home/robot/robot_ws/install/robot_bringup/share/robot_bringup//config/slam_toolbox_params.yaml\n'}
[0.629705] (robot_bringup) StdoutLine: {'line': b'-- Up-to-date: /home/robot/robot_ws/install/robot_bringup/share/robot_bringup//rviz\n'}
[0.632546] (robot_bringup) StdoutLine: {'line': b'-- Up-to-date: /home/robot/robot_ws/install/robot_bringup/share/robot_bringup//rviz/robot_view.rviz\n'}
[0.633632] (robot_bringup) StdoutLine: {'line': b'-- Up-to-date: /home/robot/robot_ws/install/robot_bringup/lib/robot_bringup/mount_hdd.sh\n'}
[0.634606] (robot_bringup) StdoutLine: {'line': b'-- Up-to-date: /home/robot/robot_ws/install/robot_bringup/lib/robot_bringup/unmount_hdd.sh\n'}
[0.635549] (robot_bringup) StdoutLine: {'line': b'-- Up-to-date: /home/robot/robot_ws/install/robot_bringup/lib/robot_bringup/save_map.sh\n'}
[0.637506] (robot_bringup) StdoutLine: {'line': b'-- Up-to-date: /home/robot/robot_ws/install/robot_bringup/lib/robot_bringup/setup_hdd_automount.sh\n'}
[0.638690] (robot_bringup) StdoutLine: {'line': b'-- Up-to-date: /home/robot/robot_ws/install/robot_bringup/share/robot_bringup//maps\n'}
[0.639683] (robot_bringup) StdoutLine: {'line': b'-- Up-to-date: /home/robot/robot_ws/install/robot_bringup/share/robot_bringup//maps/.gitkeep\n'}
[0.645204] (robot_bringup) StdoutLine: {'line': b'-- Up-to-date: /home/robot/robot_ws/install/robot_bringup/share/ament_index/resource_index/package_run_dependencies/robot_bringup\n'}
[0.646538] (robot_bringup) StdoutLine: {'line': b'-- Up-to-date: /home/robot/robot_ws/install/robot_bringup/share/ament_index/resource_index/parent_prefix_path/robot_bringup\n'}
[0.647888] (robot_bringup) StdoutLine: {'line': b'-- Up-to-date: /home/robot/robot_ws/install/robot_bringup/share/robot_bringup/environment/ament_prefix_path.sh\n'}
[0.649224] (robot_bringup) StdoutLine: {'line': b'-- Up-to-date: /home/robot/robot_ws/install/robot_bringup/share/robot_bringup/environment/ament_prefix_path.dsv\n'}
[0.650564] (robot_bringup) StdoutLine: {'line': b'-- Up-to-date: /home/robot/robot_ws/install/robot_bringup/share/robot_bringup/environment/path.sh\n'}
[0.654340] (robot_bringup) StdoutLine: {'line': b'-- Up-to-date: /home/robot/robot_ws/install/robot_bringup/share/robot_bringup/environment/path.dsv\n'}
[0.658272] (robot_bringup) StdoutLine: {'line': b'-- Up-to-date: /home/robot/robot_ws/install/robot_bringup/share/robot_bringup/local_setup.bash\n'}
[0.660058] (robot_bringup) StdoutLine: {'line': b'-- Up-to-date: /home/robot/robot_ws/install/robot_bringup/share/robot_bringup/local_setup.sh\n'}
[0.662190] (robot_bringup) StdoutLine: {'line': b'-- Up-to-date: /home/robot/robot_ws/install/robot_bringup/share/robot_bringup/local_setup.zsh\n'}
[0.663411] (robot_bringup) StdoutLine: {'line': b'-- Up-to-date: /home/robot/robot_ws/install/robot_bringup/share/robot_bringup/local_setup.dsv\n'}
[0.669350] (robot_bringup) StdoutLine: {'line': b'-- Installing: /home/robot/robot_ws/install/robot_bringup/share/robot_bringup/package.dsv\n'}
[0.670668] (robot_bringup) StdoutLine: {'line': b'-- Up-to-date: /home/robot/robot_ws/install/robot_bringup/share/ament_index/resource_index/packages/robot_bringup\n'}
[0.673993] (robot_bringup) StdoutLine: {'line': b'-- Up-to-date: /home/robot/robot_ws/install/robot_bringup/share/robot_bringup/cmake/robot_bringupConfig.cmake\n'}
[0.675855] (robot_bringup) StdoutLine: {'line': b'-- Up-to-date: /home/robot/robot_ws/install/robot_bringup/share/robot_bringup/cmake/robot_bringupConfig-version.cmake\n'}
[0.678560] (robot_bringup) StdoutLine: {'line': b'-- Up-to-date: /home/robot/robot_ws/install/robot_bringup/share/robot_bringup/package.xml\n'}
[0.679701] (robot_bringup) CommandEnded: {'returncode': 0}
[0.700140] (-) TimerEvent: {}
[0.800930] (-) TimerEvent: {}
[0.886300] (robot_bringup) JobEnded: {'identifier': 'robot_bringup', 'rc': 0}
[0.891245] (-) EventReactorShutdown: {}
