[0.000000] (-) TimerEvent: {}
[0.002165] (-) JobUnselected: {'identifier': 'robot_bringup'}
[0.003660] (-) JobUnselected: {'identifier': 'robot_description'}
[0.003965] (-) JobUnselected: {'identifier': 'sllidar_ros2'}
[0.005040] (camera_node) JobQueued: {'identifier': 'camera_node', 'dependencies': OrderedDict()}
[0.005515] (camera_node) JobStarted: {'identifier': 'camera_node'}
[0.096765] (-) TimerEvent: {}
[0.197482] (-) TimerEvent: {}
[0.298269] (-) TimerEvent: {}
[0.398962] (-) TimerEvent: {}
[0.499691] (-) TimerEvent: {}
[0.600444] (-) TimerEvent: {}
[0.701513] (-) TimerEvent: {}
[0.802276] (-) TimerEvent: {}
[0.903069] (-) TimerEvent: {}
[1.003793] (-) TimerEvent: {}
[1.104503] (-) TimerEvent: {}
[1.205202] (-) TimerEvent: {}
[1.305882] (-) TimerEvent: {}
[1.406599] (-) TimerEvent: {}
[1.507326] (-) TimerEvent: {}
[1.608132] (-) TimerEvent: {}
[1.708870] (-) TimerEvent: {}
[1.809604] (-) TimerEvent: {}
[1.910329] (-) TimerEvent: {}
[2.011022] (-) TimerEvent: {}
[2.111784] (-) TimerEvent: {}
[2.212509] (-) TimerEvent: {}
[2.313327] (-) TimerEvent: {}
[2.414042] (-) TimerEvent: {}
[2.514798] (-) TimerEvent: {}
[2.615528] (-) TimerEvent: {}
[2.716217] (-) TimerEvent: {}
[2.817137] (-) TimerEvent: {}
[2.918281] (-) TimerEvent: {}
[3.019375] (-) TimerEvent: {}
[3.120167] (-) TimerEvent: {}
[9.402275] (-) TimerEvent: {}
[9.503169] (-) TimerEvent: {}
[14.271512] (camera_node) Command: {'cmd': ['/usr/bin/python3', '-W', 'ignore:setup.py install is deprecated', '-W', 'ignore:easy_install command is deprecated', 'setup.py', 'egg_info', '--egg-base', '../../build/camera_node', 'build', '--build-base', '/home/robot/robot_ws/build/camera_node/build', 'install', '--record', '/home/robot/robot_ws/build/camera_node/install.log', '--install-scripts', '$base/lib/camera_node', '--single-version-externally-managed', 'install_data'], 'cwd': '/home/robot/robot_ws/src/camera_node', 'env': {'VSCODE_CWD': '/home/robot', 'USER': 'robot', 'SSH_CLIENT': '192.168.1.87 62742 22', 'VSCODE_NLS_CONFIG': '{"userLocale":"en","osLocale":"en","resolvedLanguage":"en","defaultMessagesFile":"/home/robot/.qoder-server/bin/3ed5d31635b5343712913d2f132876a4b5dc7e53/out/nls.messages.json","locale":"en","availableLanguages":{}}', 'XDG_SESSION_TYPE': 'tty', 'SHLVL': '1', 'LD_LIBRARY_PATH': '/opt/ros/humble/opt/rviz_ogre_vendor/lib:/opt/ros/humble/lib/aarch64-linux-gnu:/opt/ros/humble/lib', 'MOTD_SHOWN': 'pam', 'HOME': '/home/robot', 'OLDPWD': '/home/robot/robot_ws', 'DISABLE_AUTO_UPDATE': 'true', 'ROS_PYTHON_VERSION': '3', 'npm_config_yes': 'true', 'VSCODE_PREVENT_SHELL_HISTORY': '1', 'DBUS_SESSION_BUS_ADDRESS': 'unix:path=/run/user/1000/bus', 'ROS_DISTRO': 'humble', 'LOGNAME': 'robot', 'VSCODE_HANDLES_SIGPIPE': 'true', '_': '/usr/bin/colcon', 'ROS_VERSION': '2', 'XDG_SESSION_CLASS': 'user', 'XDG_SESSION_ID': '12', 'ROS_LOCALHOST_ONLY': '0', 'PATH': '/opt/ros/humble/bin:/usr/local/sbin:/usr/local/bin:/usr/sbin:/usr/bin:/sbin:/bin:/usr/games:/usr/local/games:/snap/bin', 'XDG_RUNTIME_DIR': '/run/user/1000', 'LANG': 'en_US.UTF-8', 'AMENT_PREFIX_PATH': '/opt/ros/humble', 'DEBIAN_FRONTEND': 'noninteractive', 'SHELL': '/bin/bash', 'QODER_AGENT': 'true', 'GIT_PAGER': 'cat', 'PWD': '/home/robot/robot_ws/build/camera_node', 'LC_ALL': 'en_US.UTF-8', 'SSH_CONNECTION': '192.168.1.87 62742 192.168.1.252 22', 'XDG_DATA_DIRS': '/usr/local/share:/usr/share:/var/lib/snapd/desktop', 'PYTHONPATH': '/home/robot/robot_ws/build/camera_node/prefix_override:/usr/lib/python3/dist-packages/colcon_core/task/python/colcon_distutils_commands:/home/robot/robot_ws/install/camera_node/lib/python3.10/site-packages:/opt/ros/humble/lib/python3.10/site-packages:/opt/ros/humble/local/lib/python3.10/dist-packages', 'COLCON': '1', 'PIP_NO_INPUT': 'true'}, 'shell': False}
[14.289798] (-) TimerEvent: {}
[14.390897] (-) TimerEvent: {}
[14.492222] (-) TimerEvent: {}
[14.593085] (-) TimerEvent: {}
[15.535756] (-) TimerEvent: {}
[15.636476] (-) TimerEvent: {}
[15.737221] (-) TimerEvent: {}
[15.837888] (-) TimerEvent: {}
[15.938536] (-) TimerEvent: {}
[16.039244] (-) TimerEvent: {}
[16.140078] (-) TimerEvent: {}
[16.241008] (-) TimerEvent: {}
[16.341745] (-) TimerEvent: {}
[16.442514] (-) TimerEvent: {}
[16.543348] (-) TimerEvent: {}
[16.644098] (-) TimerEvent: {}
[16.744912] (-) TimerEvent: {}
[16.845691] (-) TimerEvent: {}
[16.946454] (-) TimerEvent: {}
[17.017368] (camera_node) StdoutLine: {'line': b'running egg_info\n'}
[17.024215] (camera_node) StdoutLine: {'line': b'writing ../../build/camera_node/camera_node.egg-info/PKG-INFO\n'}
[17.026775] (camera_node) StdoutLine: {'line': b'writing dependency_links to ../../build/camera_node/camera_node.egg-info/dependency_links.txt\n'}
[17.030322] (camera_node) StdoutLine: {'line': b'writing entry points to ../../build/camera_node/camera_node.egg-info/entry_points.txt\n'}
[17.033064] (camera_node) StdoutLine: {'line': b'writing requirements to ../../build/camera_node/camera_node.egg-info/requires.txt\n'}
[17.035512] (camera_node) StdoutLine: {'line': b'writing top-level names to ../../build/camera_node/camera_node.egg-info/top_level.txt\n'}
[17.046745] (-) TimerEvent: {}
[17.053880] (camera_node) StdoutLine: {'line': b"reading manifest file '../../build/camera_node/camera_node.egg-info/SOURCES.txt'\n"}
[17.064337] (camera_node) StdoutLine: {'line': b"writing manifest file '../../build/camera_node/camera_node.egg-info/SOURCES.txt'\n"}
[17.067843] (camera_node) StdoutLine: {'line': b'running build\n'}
[17.069075] (camera_node) StdoutLine: {'line': b'running build_py\n'}
[17.071817] (camera_node) StdoutLine: {'line': b'running install\n'}
[17.074322] (camera_node) StdoutLine: {'line': b'running install_lib\n'}
[17.085755] (camera_node) StdoutLine: {'line': b'creating /home/robot/robot_ws/install/camera_node/lib/python3.10/site-packages/camera_node\n'}
[17.088301] (camera_node) StdoutLine: {'line': b'copying /home/robot/robot_ws/build/camera_node/build/lib/camera_node/__init__.py -> /home/robot/robot_ws/install/camera_node/lib/python3.10/site-packages/camera_node\n'}
[17.098463] (camera_node) StdoutLine: {'line': b'copying /home/robot/robot_ws/build/camera_node/build/lib/camera_node/camera_node.py -> /home/robot/robot_ws/install/camera_node/lib/python3.10/site-packages/camera_node\n'}
[17.101104] (camera_node) StdoutLine: {'line': b'byte-compiling /home/robot/robot_ws/install/camera_node/lib/python3.10/site-packages/camera_node/__init__.py to __init__.cpython-310.pyc\n'}
[17.102367] (camera_node) StdoutLine: {'line': b'byte-compiling /home/robot/robot_ws/install/camera_node/lib/python3.10/site-packages/camera_node/camera_node.py to camera_node.cpython-310.pyc\n'}
[17.114864] (camera_node) StdoutLine: {'line': b'running install_data\n'}
[17.120637] (camera_node) StdoutLine: {'line': b'creating /home/robot/robot_ws/install/camera_node/share/ament_index\n'}
[17.121977] (camera_node) StdoutLine: {'line': b'creating /home/robot/robot_ws/install/camera_node/share/ament_index/resource_index\n'}
[17.123077] (camera_node) StdoutLine: {'line': b'creating /home/robot/robot_ws/install/camera_node/share/ament_index/resource_index/packages\n'}
[17.124151] (camera_node) StdoutLine: {'line': b'copying resource/camera_node -> /home/robot/robot_ws/install/camera_node/share/ament_index/resource_index/packages\n'}
[17.125351] (camera_node) StdoutLine: {'line': b'copying package.xml -> /home/robot/robot_ws/install/camera_node/share/camera_node\n'}
[17.127645] (camera_node) StdoutLine: {'line': b'creating /home/robot/robot_ws/install/camera_node/share/camera_node/launch\n'}
[17.131786] (camera_node) StdoutLine: {'line': b'copying launch/camera.launch.py -> /home/robot/robot_ws/install/camera_node/share/camera_node/launch\n'}
[17.135647] (camera_node) StdoutLine: {'line': b'creating /home/robot/robot_ws/install/camera_node/share/camera_node/config\n'}
[17.139587] (camera_node) StdoutLine: {'line': b'copying config/camera.yaml -> /home/robot/robot_ws/install/camera_node/share/camera_node/config\n'}
[17.143162] (camera_node) StdoutLine: {'line': b'running install_egg_info\n'}
[17.146868] (-) TimerEvent: {}
[17.147662] (camera_node) StdoutLine: {'line': b'Copying ../../build/camera_node/camera_node.egg-info to /home/robot/robot_ws/install/camera_node/lib/python3.10/site-packages/camera_node-1.0.0-py3.10.egg-info\n'}
[17.161484] (camera_node) StdoutLine: {'line': b'running install_scripts\n'}
[17.247207] (-) TimerEvent: {}
[17.347967] (-) TimerEvent: {}
[17.366272] (camera_node) StdoutLine: {'line': b'Installing camera_node script to /home/robot/robot_ws/install/camera_node/lib/camera_node\n'}
[17.369199] (camera_node) StdoutLine: {'line': b"writing list of installed files to '/home/robot/robot_ws/build/camera_node/install.log'\n"}
[17.448448] (-) TimerEvent: {}
[17.549624] (-) TimerEvent: {}
[17.588678] (camera_node) CommandEnded: {'returncode': 0}
[17.649855] (-) TimerEvent: {}
[17.739559] (camera_node) JobEnded: {'identifier': 'camera_node', 'rc': 0}
[17.746499] (-) EventReactorShutdown: {}
