[0.000000] (-) TimerEvent: {}
[0.000757] (-) JobUnselected: {'identifier': 'robot_camera'}
[0.001541] (-) JobUnselected: {'identifier': 'robot_description'}
[0.002072] (-) JobUnselected: {'identifier': 'sllidar_ros2'}
[0.002643] (robot_bringup) JobQueued: {'identifier': 'robot_bringup', 'dependencies': OrderedDict([('robot_description', '/home/robot/robot_ws/install/robot_description'), ('sllidar_ros2', '/home/robot/robot_ws/install/sllidar_ros2')])}
[0.002988] (robot_bringup) JobStarted: {'identifier': 'robot_bringup'}
[0.093726] (-) TimerEvent: {}
[0.235594] (robot_bringup) JobProgress: {'identifier': 'robot_bringup', 'progress': 'cmake'}
[0.236189] (-) TimerEvent: {}
[0.241730] (robot_bringup) JobProgress: {'identifier': 'robot_bringup', 'progress': 'build'}
[0.249038] (robot_bringup) Command: {'cmd': ['/usr/bin/cmake', '--build', '/home/robot/robot_ws/build/robot_bringup', '--', '-j4', '-l4'], 'cwd': '/home/robot/robot_ws/build/robot_bringup', 'env': OrderedDict([('VSCODE_CWD', '/home/robot'), ('USER', 'robot'), ('SSH_CLIENT', '192.168.31.103 56500 22'), ('VSCODE_NLS_CONFIG', '{"userLocale":"en","osLocale":"en","resolvedLanguage":"en","defaultMessagesFile":"/home/robot/.qoder-server/bin/df796da00864399fd38bf22024de7bdc0bbd9d73/out/nls.messages.json","locale":"en","availableLanguages":{}}'), ('XDG_SESSION_TYPE', 'tty'), ('SHLVL', '1'), ('LD_LIBRARY_PATH', '/opt/ros/humble/opt/rviz_ogre_vendor/lib:/opt/ros/humble/lib/aarch64-linux-gnu:/opt/ros/humble/lib'), ('MOTD_SHOWN', 'pam'), ('HOME', '/home/robot'), ('OLDPWD', '/home/robot/robot_ws'), ('DISABLE_AUTO_UPDATE', 'true'), ('ROS_PYTHON_VERSION', '3'), ('npm_config_yes', 'true'), ('VSCODE_PREVENT_SHELL_HISTORY', '1'), ('DBUS_SESSION_BUS_ADDRESS', 'unix:path=/run/user/1000/bus'), ('ROS_DISTRO', 'humble'), ('LOGNAME', 'robot'), ('VSCODE_HANDLES_SIGPIPE', 'true'), ('_', '/usr/bin/colcon'), ('ROS_VERSION', '2'), ('XDG_SESSION_CLASS', 'user'), ('XDG_SESSION_ID', '16'), ('ROS_LOCALHOST_ONLY', '0'), ('PATH', '/opt/ros/humble/bin:/usr/local/sbin:/usr/local/bin:/usr/sbin:/usr/bin:/sbin:/bin:/usr/games:/usr/local/games:/snap/bin'), ('XDG_RUNTIME_DIR', '/run/user/1000'), ('LANG', 'en_US.UTF-8'), ('AMENT_PREFIX_PATH', '/home/robot/robot_ws/install/sllidar_ros2:/home/robot/robot_ws/install/robot_description:/opt/ros/humble'), ('DEBIAN_FRONTEND', 'noninteractive'), ('SHELL', '/bin/bash'), ('QODER_AGENT', 'true'), ('GIT_PAGER', 'cat'), ('PWD', '/home/robot/robot_ws/build/robot_bringup'), ('LC_ALL', 'en_US.UTF-8'), ('SSH_CONNECTION', '192.168.31.103 56500 192.168.31.121 22'), ('XDG_DATA_DIRS', '/usr/local/share:/usr/share:/var/lib/snapd/desktop'), ('PYTHONPATH', '/opt/ros/humble/lib/python3.10/site-packages:/opt/ros/humble/local/lib/python3.10/dist-packages'), ('COLCON', '1'), ('PIP_NO_INPUT', 'true'), ('CMAKE_PREFIX_PATH', '/home/robot/robot_ws/install/sllidar_ros2:/home/robot/robot_ws/install/robot_description:/opt/ros/humble')]), 'shell': False}
[0.336512] (-) TimerEvent: {}
[0.480224] (robot_bringup) StdoutLine: {'line': b'-- Found ament_cmake: 1.3.14 (/opt/ros/humble/share/ament_cmake/cmake)\n'}
[0.481871] (-) TimerEvent: {}
[0.582469] (-) TimerEvent: {}
[1.369478] (-) TimerEvent: {}
[1.470244] (-) TimerEvent: {}
[1.766034] (-) TimerEvent: {}
[1.866820] (-) TimerEvent: {}
[2.184675] (-) TimerEvent: {}
[2.259618] (robot_bringup) StdoutLine: {'line': b'-- Found ament_lint_auto: 0.12.15 (/opt/ros/humble/share/ament_lint_auto/cmake)\n'}
[2.284985] (-) TimerEvent: {}
[2.385724] (-) TimerEvent: {}
[2.486407] (-) TimerEvent: {}
[2.587110] (-) TimerEvent: {}
[3.149180] (-) TimerEvent: {}
[3.249920] (-) TimerEvent: {}
[3.504331] (robot_bringup) StdoutLine: {'line': b"-- Added test 'copyright' to check source files copyright and LICENSE\n"}
[3.505768] (-) TimerEvent: {}
[3.576250] (robot_bringup) StdoutLine: {'line': b"-- Added test 'flake8' to check Python code syntax and style conventions\n"}
[3.586554] (robot_bringup) StdoutLine: {'line': b"-- Added test 'lint_cmake' to check CMake code style\n"}
[3.593312] (robot_bringup) StdoutLine: {'line': b"-- Added test 'pep257' to check Python code against some of the docstring style conventions in PEP 257\n"}
[3.606039] (-) TimerEvent: {}
[3.631054] (robot_bringup) StdoutLine: {'line': b"-- Added test 'xmllint' to check XML markup files\n"}
[3.642617] (robot_bringup) StdoutLine: {'line': b'-- Configuring done\n'}
[3.691970] (robot_bringup) StdoutLine: {'line': b'-- Generating done\n'}
[3.706424] (-) TimerEvent: {}
[3.807085] (-) TimerEvent: {}
[3.908017] (-) TimerEvent: {}
[4.008926] (-) TimerEvent: {}
[4.400662] (robot_bringup) StdoutLine: {'line': b'-- Build files have been written to: /home/robot/robot_ws/build/robot_bringup\n'}
[4.402285] (-) TimerEvent: {}
[4.502994] (-) TimerEvent: {}
[4.583362] (robot_bringup) CommandEnded: {'returncode': 0}
[5.150593] (-) TimerEvent: {}
[5.151021] (robot_bringup) JobProgress: {'identifier': 'robot_bringup', 'progress': 'install'}
[5.220656] (robot_bringup) Command: {'cmd': ['/usr/bin/cmake', '--install', '/home/robot/robot_ws/build/robot_bringup'], 'cwd': '/home/robot/robot_ws/build/robot_bringup', 'env': OrderedDict([('VSCODE_CWD', '/home/robot'), ('USER', 'robot'), ('SSH_CLIENT', '192.168.31.103 56500 22'), ('VSCODE_NLS_CONFIG', '{"userLocale":"en","osLocale":"en","resolvedLanguage":"en","defaultMessagesFile":"/home/robot/.qoder-server/bin/df796da00864399fd38bf22024de7bdc0bbd9d73/out/nls.messages.json","locale":"en","availableLanguages":{}}'), ('XDG_SESSION_TYPE', 'tty'), ('SHLVL', '1'), ('LD_LIBRARY_PATH', '/opt/ros/humble/opt/rviz_ogre_vendor/lib:/opt/ros/humble/lib/aarch64-linux-gnu:/opt/ros/humble/lib'), ('MOTD_SHOWN', 'pam'), ('HOME', '/home/robot'), ('OLDPWD', '/home/robot/robot_ws'), ('DISABLE_AUTO_UPDATE', 'true'), ('ROS_PYTHON_VERSION', '3'), ('npm_config_yes', 'true'), ('VSCODE_PREVENT_SHELL_HISTORY', '1'), ('DBUS_SESSION_BUS_ADDRESS', 'unix:path=/run/user/1000/bus'), ('ROS_DISTRO', 'humble'), ('LOGNAME', 'robot'), ('VSCODE_HANDLES_SIGPIPE', 'true'), ('_', '/usr/bin/colcon'), ('ROS_VERSION', '2'), ('XDG_SESSION_CLASS', 'user'), ('XDG_SESSION_ID', '16'), ('ROS_LOCALHOST_ONLY', '0'), ('PATH', '/opt/ros/humble/bin:/usr/local/sbin:/usr/local/bin:/usr/sbin:/usr/bin:/sbin:/bin:/usr/games:/usr/local/games:/snap/bin'), ('XDG_RUNTIME_DIR', '/run/user/1000'), ('LANG', 'en_US.UTF-8'), ('AMENT_PREFIX_PATH', '/home/robot/robot_ws/install/sllidar_ros2:/home/robot/robot_ws/install/robot_description:/opt/ros/humble'), ('DEBIAN_FRONTEND', 'noninteractive'), ('SHELL', '/bin/bash'), ('QODER_AGENT', 'true'), ('GIT_PAGER', 'cat'), ('PWD', '/home/robot/robot_ws/build/robot_bringup'), ('LC_ALL', 'en_US.UTF-8'), ('SSH_CONNECTION', '192.168.31.103 56500 192.168.31.121 22'), ('XDG_DATA_DIRS', '/usr/local/share:/usr/share:/var/lib/snapd/desktop'), ('PYTHONPATH', '/opt/ros/humble/lib/python3.10/site-packages:/opt/ros/humble/local/lib/python3.10/dist-packages'), ('COLCON', '1'), ('PIP_NO_INPUT', 'true'), ('CMAKE_PREFIX_PATH', '/home/robot/robot_ws/install/sllidar_ros2:/home/robot/robot_ws/install/robot_description:/opt/ros/humble')]), 'shell': False}
[5.250956] (-) TimerEvent: {}
[5.295911] (robot_bringup) StdoutLine: {'line': b'-- Install configuration: ""\n'}
[5.297285] (robot_bringup) StdoutLine: {'line': b'-- Up-to-date: /home/robot/robot_ws/install/robot_bringup/share/robot_bringup//launch\n'}
[5.298292] (robot_bringup) StdoutLine: {'line': b'-- Up-to-date: /home/robot/robot_ws/install/robot_bringup/share/robot_bringup//launch/slam.launch.py\n'}
[5.300444] (robot_bringup) StdoutLine: {'line': b'-- Installing: /home/robot/robot_ws/install/robot_bringup/share/robot_bringup//launch/localization.launch.py\n'}
[5.301509] (robot_bringup) StdoutLine: {'line': b'-- Up-to-date: /home/robot/robot_ws/install/robot_bringup/share/robot_bringup//launch/robot.launch.py\n'}
[5.304009] (robot_bringup) StdoutLine: {'line': b'-- Up-to-date: /home/robot/robot_ws/install/robot_bringup/share/robot_bringup//launch/lidar.launch.py\n'}
[5.305889] (robot_bringup) StdoutLine: {'line': b'-- Up-to-date: /home/robot/robot_ws/install/robot_bringup/share/robot_bringup//launch/view_robot.launch.py\n'}
[5.306981] (robot_bringup) StdoutLine: {'line': b'-- Up-to-date: /home/robot/robot_ws/install/robot_bringup/share/robot_bringup//config\n'}
[5.308870] (robot_bringup) StdoutLine: {'line': b'-- Up-to-date: /home/robot/robot_ws/install/robot_bringup/share/robot_bringup//config/slam_toolbox_params.yaml\n'}
[5.309966] (robot_bringup) StdoutLine: {'line': b'-- Up-to-date: /home/robot/robot_ws/install/robot_bringup/share/robot_bringup//rviz\n'}
[5.311673] (robot_bringup) StdoutLine: {'line': b'-- Up-to-date: /home/robot/robot_ws/install/robot_bringup/share/robot_bringup//rviz/robot_view.rviz\n'}
[5.312869] (robot_bringup) StdoutLine: {'line': b'-- Installing: /home/robot/robot_ws/install/robot_bringup/lib/robot_bringup/mount_hdd.sh\n'}
[5.314662] (robot_bringup) StdoutLine: {'line': b'-- Installing: /home/robot/robot_ws/install/robot_bringup/lib/robot_bringup/unmount_hdd.sh\n'}
[5.315668] (robot_bringup) StdoutLine: {'line': b'-- Installing: /home/robot/robot_ws/install/robot_bringup/lib/robot_bringup/save_map.sh\n'}
[5.317998] (robot_bringup) StdoutLine: {'line': b'-- Installing: /home/robot/robot_ws/install/robot_bringup/lib/robot_bringup/setup_hdd_automount.sh\n'}
[5.320298] (robot_bringup) StdoutLine: {'line': b'-- Up-to-date: /home/robot/robot_ws/install/robot_bringup/share/robot_bringup//maps\n'}
[5.322602] (robot_bringup) StdoutLine: {'line': b'-- Up-to-date: /home/robot/robot_ws/install/robot_bringup/share/robot_bringup//maps/.gitkeep\n'}
[5.323672] (robot_bringup) StdoutLine: {'line': b'-- Up-to-date: /home/robot/robot_ws/install/robot_bringup/share/ament_index/resource_index/package_run_dependencies/robot_bringup\n'}
[5.324790] (robot_bringup) StdoutLine: {'line': b'-- Up-to-date: /home/robot/robot_ws/install/robot_bringup/share/ament_index/resource_index/parent_prefix_path/robot_bringup\n'}
[5.326415] (robot_bringup) StdoutLine: {'line': b'-- Up-to-date: /home/robot/robot_ws/install/robot_bringup/share/robot_bringup/environment/ament_prefix_path.sh\n'}
[5.328218] (robot_bringup) StdoutLine: {'line': b'-- Installing: /home/robot/robot_ws/install/robot_bringup/share/robot_bringup/environment/ament_prefix_path.dsv\n'}
[5.329313] (robot_bringup) StdoutLine: {'line': b'-- Up-to-date: /home/robot/robot_ws/install/robot_bringup/share/robot_bringup/environment/path.sh\n'}
[5.330267] (robot_bringup) StdoutLine: {'line': b'-- Installing: /home/robot/robot_ws/install/robot_bringup/share/robot_bringup/environment/path.dsv\n'}
[5.333300] (robot_bringup) StdoutLine: {'line': b'-- Up-to-date: /home/robot/robot_ws/install/robot_bringup/share/robot_bringup/local_setup.bash\n'}
[5.335018] (robot_bringup) StdoutLine: {'line': b'-- Up-to-date: /home/robot/robot_ws/install/robot_bringup/share/robot_bringup/local_setup.sh\n'}
[5.336101] (robot_bringup) StdoutLine: {'line': b'-- Up-to-date: /home/robot/robot_ws/install/robot_bringup/share/robot_bringup/local_setup.zsh\n'}
[5.337836] (robot_bringup) StdoutLine: {'line': b'-- Installing: /home/robot/robot_ws/install/robot_bringup/share/robot_bringup/local_setup.dsv\n'}
[5.338854] (robot_bringup) StdoutLine: {'line': b'-- Installing: /home/robot/robot_ws/install/robot_bringup/share/robot_bringup/package.dsv\n'}
[5.341205] (robot_bringup) StdoutLine: {'line': b'-- Up-to-date: /home/robot/robot_ws/install/robot_bringup/share/ament_index/resource_index/packages/robot_bringup\n'}
[5.344820] (robot_bringup) StdoutLine: {'line': b'-- Up-to-date: /home/robot/robot_ws/install/robot_bringup/share/robot_bringup/cmake/robot_bringupConfig.cmake\n'}
[5.346291] (robot_bringup) StdoutLine: {'line': b'-- Up-to-date: /home/robot/robot_ws/install/robot_bringup/share/robot_bringup/cmake/robot_bringupConfig-version.cmake\n'}
[5.347526] (robot_bringup) StdoutLine: {'line': b'-- Up-to-date: /home/robot/robot_ws/install/robot_bringup/share/robot_bringup/package.xml\n'}
[5.351255] (-) TimerEvent: {}
[5.355359] (robot_bringup) CommandEnded: {'returncode': 0}
[5.455895] (-) TimerEvent: {}
[5.556728] (-) TimerEvent: {}
[5.657447] (-) TimerEvent: {}
[5.788578] (robot_bringup) JobEnded: {'identifier': 'robot_bringup', 'rc': 0}
[5.793488] (-) TimerEvent: {}
[5.793831] (-) EventReactorShutdown: {}
