[0.122s] Invoking command in '/home/robot/robot_ws/build/robot_description': CMAKE_PREFIX_PATH=/opt/ros/humble /usr/bin/cmake /home/robot/robot_ws/src/robot_description -DCMAKE_INSTALL_PREFIX=/home/robot/robot_ws/install/robot_description
[18.841s] -- The C compiler identification is GNU 11.4.0
[21.188s] -- The CXX compiler identification is GNU 11.4.0
[21.892s] -- Detecting C compiler ABI info
[24.842s] -- Detecting C compiler ABI info - done
[24.915s] -- Check for working C compiler: /usr/bin/cc - skipped
[25.500s] -- Detecting C compile features
[25.505s] -- Detecting C compile features - done
[25.625s] -- Detecting CXX compiler ABI info
[27.659s] -- Detecting CXX compiler ABI info - done
[27.921s] -- Check for working CXX compiler: /usr/bin/c++ - skipped
[27.924s] -- Detecting CXX compile features
[27.928s] -- Detecting CXX compile features - done
[31.278s] -- Found ament_cmake: 1.3.14 (/opt/ros/humble/share/ament_cmake/cmake)
[33.656s] -- Found Python3: /usr/bin/python3 (found version "3.10.12") found components: Interpreter 
[36.769s] -- Found ament_lint_auto: 0.12.15 (/opt/ros/humble/share/ament_lint_auto/cmake)
[47.564s] -- Added test 'copyright' to check source files copyright and LICENSE
[47.609s] -- Added test 'flake8' to check Python code syntax and style conventions
[48.174s] -- Added test 'lint_cmake' to check CMake code style
[48.747s] -- Added test 'pep257' to check Python code against some of the docstring style conventions in PEP 257
[49.106s] -- Added test 'xmllint' to check XML markup files
[49.127s] -- Configuring done
[49.188s] -- Generating done
[49.213s] -- Build files have been written to: /home/robot/robot_ws/build/robot_description
[49.243s] Invoked command in '/home/robot/robot_ws/build/robot_description' returned '0': CMAKE_PREFIX_PATH=/opt/ros/humble /usr/bin/cmake /home/robot/robot_ws/src/robot_description -DCMAKE_INSTALL_PREFIX=/home/robot/robot_ws/install/robot_description
[49.262s] Invoking command in '/home/robot/robot_ws/build/robot_description': CMAKE_PREFIX_PATH=/opt/ros/humble /usr/bin/cmake --build /home/robot/robot_ws/build/robot_description -- -j4 -l4
[50.120s] Invoked command in '/home/robot/robot_ws/build/robot_description' returned '0': CMAKE_PREFIX_PATH=/opt/ros/humble /usr/bin/cmake --build /home/robot/robot_ws/build/robot_description -- -j4 -l4
[50.201s] Invoking command in '/home/robot/robot_ws/build/robot_description': CMAKE_PREFIX_PATH=/opt/ros/humble /usr/bin/cmake --install /home/robot/robot_ws/build/robot_description
[50.274s] -- Install configuration: ""
[50.276s] -- Installing: /home/robot/robot_ws/install/robot_description/share/robot_description//launch
[50.277s] -- Installing: /home/robot/robot_ws/install/robot_description/share/robot_description//launch/robot_state_publisher.launch.py
[50.279s] -- Installing: /home/robot/robot_ws/install/robot_description/share/robot_description//urdf
[50.282s] -- Installing: /home/robot/robot_ws/install/robot_description/share/robot_description//urdf/robot.urdf.xacro
[50.285s] -- Installing: /home/robot/robot_ws/install/robot_description/share/robot_description//config
[50.287s] -- Installing: /home/robot/robot_ws/install/robot_description/share/robot_description//config/joint_limits.yaml
[50.290s] -- Installing: /home/robot/robot_ws/install/robot_description/share/ament_index/resource_index/package_run_dependencies/robot_description
[50.294s] -- Installing: /home/robot/robot_ws/install/robot_description/share/ament_index/resource_index/parent_prefix_path/robot_description
[50.299s] -- Installing: /home/robot/robot_ws/install/robot_description/share/robot_description/environment/ament_prefix_path.sh
[50.302s] -- Installing: /home/robot/robot_ws/install/robot_description/share/robot_description/environment/ament_prefix_path.dsv
[50.305s] -- Installing: /home/robot/robot_ws/install/robot_description/share/robot_description/environment/path.sh
[50.309s] -- Installing: /home/robot/robot_ws/install/robot_description/share/robot_description/environment/path.dsv
[50.312s] -- Installing: /home/robot/robot_ws/install/robot_description/share/robot_description/local_setup.bash
[50.315s] -- Installing: /home/robot/robot_ws/install/robot_description/share/robot_description/local_setup.sh
[50.318s] -- Installing: /home/robot/robot_ws/install/robot_description/share/robot_description/local_setup.zsh
[50.322s] -- Installing: /home/robot/robot_ws/install/robot_description/share/robot_description/local_setup.dsv
[50.325s] -- Installing: /home/robot/robot_ws/install/robot_description/share/robot_description/package.dsv
[50.329s] -- Installing: /home/robot/robot_ws/install/robot_description/share/ament_index/resource_index/packages/robot_description
[50.333s] -- Installing: /home/robot/robot_ws/install/robot_description/share/robot_description/cmake/robot_descriptionConfig.cmake
[50.336s] -- Installing: /home/robot/robot_ws/install/robot_description/share/robot_description/cmake/robot_descriptionConfig-version.cmake
[50.340s] -- Installing: /home/robot/robot_ws/install/robot_description/share/robot_description/package.xml
[50.355s] Invoked command in '/home/robot/robot_ws/build/robot_description' returned '0': CMAKE_PREFIX_PATH=/opt/ros/humble /usr/bin/cmake --install /home/robot/robot_ws/build/robot_description
