[0.000000] (-) TimerEvent: {}
[0.000750] (-) JobUnselected: {'identifier': 'camera_node'}
[0.001222] (-) JobUnselected: {'identifier': 'robot_bringup'}
[0.001624] (-) JobUnselected: {'identifier': 'robot_description'}
[0.001925] (-) JobUnselected: {'identifier': 'robot_serial'}
[0.002219] (-) JobUnselected: {'identifier': 'sllidar_ros2'}
[0.002475] (-) JobUnselected: {'identifier': 'vision_ai_node'}
[0.002754] (vision_msgs) JobQueued: {'identifier': 'vision_msgs', 'dependencies': OrderedDict()}
[0.005297] (vision_msgs) JobStarted: {'identifier': 'vision_msgs'}
[0.095850] (-) TimerEvent: {}
[0.100628] (vision_msgs) JobProgress: {'identifier': 'vision_msgs', 'progress': 'cmake'}
[0.108098] (vision_msgs) JobProgress: {'identifier': 'vision_msgs', 'progress': 'build'}
[0.116281] (vision_msgs) Command: {'cmd': ['/usr/bin/cmake', '--build', '/home/robot/robot_ws/build/vision_msgs', '--', '-j4', '-l4'], 'cwd': '/home/robot/robot_ws/build/vision_msgs', 'env': OrderedDict([('VSCODE_CWD', '/home/robot'), ('USER', 'robot'), ('SSH_CLIENT', '192.168.1.87 53972 22'), ('VSCODE_NLS_CONFIG', '{"userLocale":"en","osLocale":"en","resolvedLanguage":"en","defaultMessagesFile":"/home/robot/.qoder-server/bin/3ed5d31635b5343712913d2f132876a4b5dc7e53/out/nls.messages.json","locale":"en","availableLanguages":{}}'), ('XDG_SESSION_TYPE', 'tty'), ('SHLVL', '1'), ('LD_LIBRARY_PATH', '/opt/ros/humble/opt/rviz_ogre_vendor/lib:/opt/ros/humble/lib/aarch64-linux-gnu:/opt/ros/humble/lib'), ('MOTD_SHOWN', 'pam'), ('HOME', '/home/robot'), ('OLDPWD', '/home/robot/robot_ws'), ('DISABLE_AUTO_UPDATE', 'true'), ('ROS_PYTHON_VERSION', '3'), ('npm_config_yes', 'true'), ('VSCODE_PREVENT_SHELL_HISTORY', '1'), ('DBUS_SESSION_BUS_ADDRESS', 'unix:path=/run/user/1000/bus'), ('ROS_DISTRO', 'humble'), ('LOGNAME', 'robot'), ('VSCODE_HANDLES_SIGPIPE', 'true'), ('_', '/usr/bin/colcon'), ('ROS_VERSION', '2'), ('XDG_SESSION_CLASS', 'user'), ('XDG_SESSION_ID', '7'), ('ROS_LOCALHOST_ONLY', '0'), ('PATH', '/opt/ros/humble/bin:/usr/local/sbin:/usr/local/bin:/usr/sbin:/usr/bin:/sbin:/bin:/usr/games:/usr/local/games:/snap/bin'), ('XDG_RUNTIME_DIR', '/run/user/1000'), ('LANG', 'en_US.UTF-8'), ('AMENT_PREFIX_PATH', '/opt/ros/humble'), ('DEBIAN_FRONTEND', 'noninteractive'), ('SHELL', '/bin/bash'), ('QODER_AGENT', 'true'), ('GIT_PAGER', 'cat'), ('PWD', '/home/robot/robot_ws/build/vision_msgs'), ('LC_ALL', 'en_US.UTF-8'), ('SSH_CONNECTION', '192.168.1.87 53972 192.168.1.253 22'), ('XDG_DATA_DIRS', '/usr/local/share:/usr/share:/var/lib/snapd/desktop'), ('PYTHONPATH', '/opt/ros/humble/lib/python3.10/site-packages:/opt/ros/humble/local/lib/python3.10/dist-packages'), ('COLCON', '1'), ('PIP_NO_INPUT', 'true'), ('CMAKE_PREFIX_PATH', '/opt/ros/humble')]), 'shell': False}
[0.196190] (-) TimerEvent: {}
[0.297004] (-) TimerEvent: {}
[3.332991] (-) TimerEvent: {}
[3.433815] (-) TimerEvent: {}
[3.534610] (-) TimerEvent: {}
[3.635501] (-) TimerEvent: {}
[3.736283] (-) TimerEvent: {}
[4.158206] (-) TimerEvent: {}
[4.259086] (-) TimerEvent: {}
[4.360129] (-) TimerEvent: {}
[4.460938] (-) TimerEvent: {}
[5.053907] (-) TimerEvent: {}
[5.154727] (-) TimerEvent: {}
[5.255683] (-) TimerEvent: {}
[5.877747] (vision_msgs) StdoutLine: {'line': b'-- Found ament_cmake: 1.3.14 (/opt/ros/humble/share/ament_cmake/cmake)\n'}
[6.050160] (-) TimerEvent: {}
[6.150774] (-) TimerEvent: {}
[6.251595] (-) TimerEvent: {}
[6.352312] (-) TimerEvent: {}
[6.453013] (-) TimerEvent: {}
[6.553730] (-) TimerEvent: {}
[6.654512] (-) TimerEvent: {}
[6.870385] (-) TimerEvent: {}
[7.311205] (-) TimerEvent: {}
[7.411997] (-) TimerEvent: {}
[7.512777] (-) TimerEvent: {}
[8.071492] (-) TimerEvent: {}
[8.172309] (-) TimerEvent: {}
[8.444298] (-) TimerEvent: {}
[8.706296] (-) TimerEvent: {}
[8.807238] (-) TimerEvent: {}
[8.908012] (-) TimerEvent: {}
[9.008799] (-) TimerEvent: {}
[9.109574] (-) TimerEvent: {}
[9.210369] (-) TimerEvent: {}
[9.311160] (-) TimerEvent: {}
[9.411997] (-) TimerEvent: {}
[9.692732] (-) TimerEvent: {}
[9.793471] (-) TimerEvent: {}
[9.894251] (-) TimerEvent: {}
[9.995051] (-) TimerEvent: {}
[10.452900] (-) TimerEvent: {}
[10.553737] (-) TimerEvent: {}
[10.654678] (-) TimerEvent: {}
[10.755494] (-) TimerEvent: {}
[10.856256] (-) TimerEvent: {}
[10.957087] (-) TimerEvent: {}
[11.057940] (-) TimerEvent: {}
[11.158737] (-) TimerEvent: {}
[11.259585] (-) TimerEvent: {}
[11.360345] (-) TimerEvent: {}
[11.461100] (-) TimerEvent: {}
[11.711886] (-) TimerEvent: {}
[11.812636] (-) TimerEvent: {}
[11.913406] (-) TimerEvent: {}
[12.158310] (-) TimerEvent: {}
[12.354151] (-) TimerEvent: {}
[12.454964] (-) TimerEvent: {}
[12.555780] (-) TimerEvent: {}
[12.656588] (-) TimerEvent: {}
[12.757375] (-) TimerEvent: {}
[12.989069] (-) TimerEvent: {}
[13.089858] (-) TimerEvent: {}
[13.190672] (-) TimerEvent: {}
[13.291486] (-) TimerEvent: {}
[13.888374] (-) TimerEvent: {}
[13.989187] (-) TimerEvent: {}
[14.428450] (-) TimerEvent: {}
[14.813548] (-) TimerEvent: {}
[14.914293] (-) TimerEvent: {}
[15.183578] (-) TimerEvent: {}
[15.442850] (-) TimerEvent: {}
[15.543636] (-) TimerEvent: {}
[15.644383] (-) TimerEvent: {}
[15.745230] (-) TimerEvent: {}
[15.845972] (-) TimerEvent: {}
[15.946722] (-) TimerEvent: {}
[16.047709] (-) TimerEvent: {}
[16.148696] (-) TimerEvent: {}
[16.249459] (-) TimerEvent: {}
[16.350301] (-) TimerEvent: {}
[18.366645] (-) TimerEvent: {}
[18.467751] (-) TimerEvent: {}
[23.292704] (-) TimerEvent: {}
[23.393512] (-) TimerEvent: {}
[23.494387] (-) TimerEvent: {}
[23.595304] (-) TimerEvent: {}
[23.696163] (-) TimerEvent: {}
[23.797066] (-) TimerEvent: {}
[23.897926] (-) TimerEvent: {}
[24.165228] (-) TimerEvent: {}
[24.266094] (-) TimerEvent: {}
[24.367080] (-) TimerEvent: {}
[24.468013] (-) TimerEvent: {}
[24.568802] (-) TimerEvent: {}
[24.811378] (-) TimerEvent: {}
[24.912406] (vision_msgs) StdoutLine: {'line': b'-- Found rosidl_default_generators: 1.2.1 (/opt/ros/humble/share/rosidl_default_generators/cmake)\n'}
[24.914008] (-) TimerEvent: {}
[24.939456] (vision_msgs) StdoutLine: {'line': b'-- Using all available rosidl_typesupport_c: rosidl_typesupport_fastrtps_c;rosidl_typesupport_introspection_c\n'}
[25.014404] (-) TimerEvent: {}
[25.115162] (-) TimerEvent: {}
[25.215977] (-) TimerEvent: {}
[25.410253] (-) TimerEvent: {}
[25.511012] (-) TimerEvent: {}
[25.611882] (-) TimerEvent: {}
[25.712627] (-) TimerEvent: {}
[25.813365] (-) TimerEvent: {}
[26.055434] (-) TimerEvent: {}
[26.147254] (vision_msgs) StdoutLine: {'line': b'-- Found rosidl_adapter: 3.1.9 (/opt/ros/humble/share/rosidl_adapter/cmake)\n'}
[26.155719] (-) TimerEvent: {}
[26.256477] (-) TimerEvent: {}
[26.357234] (-) TimerEvent: {}
[26.458083] (-) TimerEvent: {}
[26.558941] (-) TimerEvent: {}
[26.659838] (-) TimerEvent: {}
[26.760700] (-) TimerEvent: {}
[26.861560] (-) TimerEvent: {}
[26.962311] (-) TimerEvent: {}
[27.063061] (-) TimerEvent: {}
[27.163855] (-) TimerEvent: {}
[29.188350] (-) TimerEvent: {}
[29.289107] (-) TimerEvent: {}
[30.459482] (-) TimerEvent: {}
[30.560276] (-) TimerEvent: {}
[30.661037] (-) TimerEvent: {}
[30.761760] (-) TimerEvent: {}
[30.862551] (-) TimerEvent: {}
[30.963349] (-) TimerEvent: {}
[31.064096] (-) TimerEvent: {}
[31.164874] (-) TimerEvent: {}
[31.265654] (-) TimerEvent: {}
[31.366412] (-) TimerEvent: {}
[33.048703] (-) TimerEvent: {}
[33.150590] (-) TimerEvent: {}
[33.885975] (-) TimerEvent: {}
[33.986722] (-) TimerEvent: {}
[34.087687] (-) TimerEvent: {}
[34.188512] (-) TimerEvent: {}
[34.289286] (-) TimerEvent: {}
[34.390068] (-) TimerEvent: {}
[34.490931] (-) TimerEvent: {}
[34.591767] (-) TimerEvent: {}
[34.692550] (-) TimerEvent: {}
[36.938276] (-) TimerEvent: {}
[37.039114] (-) TimerEvent: {}
[38.227039] (-) TimerEvent: {}
[38.327981] (-) TimerEvent: {}
[38.428801] (-) TimerEvent: {}
[38.529680] (-) TimerEvent: {}
[38.630455] (-) TimerEvent: {}
[41.048897] (-) TimerEvent: {}
[41.149757] (-) TimerEvent: {}
[41.250623] (-) TimerEvent: {}
[41.351424] (-) TimerEvent: {}
[41.452120] (-) TimerEvent: {}
[46.181762] (-) TimerEvent: {}
[46.282537] (-) TimerEvent: {}
[46.383341] (-) TimerEvent: {}
[46.484140] (-) TimerEvent: {}
[46.584993] (-) TimerEvent: {}
[46.685710] (-) TimerEvent: {}
[46.786487] (-) TimerEvent: {}
[46.887370] (-) TimerEvent: {}
[46.988266] (-) TimerEvent: {}
[47.089042] (-) TimerEvent: {}
[47.189847] (-) TimerEvent: {}
[47.290692] (-) TimerEvent: {}
[47.393711] (-) TimerEvent: {}
[47.494503] (-) TimerEvent: {}
[47.595417] (-) TimerEvent: {}
[47.774455] (-) TimerEvent: {}
[47.875277] (-) TimerEvent: {}
[47.976039] (-) TimerEvent: {}
[48.108274] (-) TimerEvent: {}
[48.229602] (-) TimerEvent: {}
[48.330362] (-) TimerEvent: {}
[48.495063] (-) TimerEvent: {}
[48.596102] (-) TimerEvent: {}
[48.705814] (-) TimerEvent: {}
[48.806600] (-) TimerEvent: {}
[48.907517] (-) TimerEvent: {}
[49.008367] (-) TimerEvent: {}
[49.109175] (-) TimerEvent: {}
[49.209956] (-) TimerEvent: {}
[49.310710] (-) TimerEvent: {}
[49.411482] (-) TimerEvent: {}
[49.488293] (vision_msgs) StdoutLine: {'line': b'-- Using all available rosidl_typesupport_cpp: rosidl_typesupport_fastrtps_cpp;rosidl_typesupport_introspection_cpp\n'}
[49.511712] (-) TimerEvent: {}
[49.612415] (-) TimerEvent: {}
[49.713314] (-) TimerEvent: {}
[49.814077] (-) TimerEvent: {}
[49.914894] (-) TimerEvent: {}
[50.016134] (-) TimerEvent: {}
[50.235078] (-) TimerEvent: {}
[50.335863] (-) TimerEvent: {}
[50.436670] (-) TimerEvent: {}
[50.537456] (-) TimerEvent: {}
[50.725987] (-) TimerEvent: {}
[50.826816] (-) TimerEvent: {}
[50.927640] (-) TimerEvent: {}
[51.028491] (-) TimerEvent: {}
[51.129573] (-) TimerEvent: {}
[51.230539] (-) TimerEvent: {}
[51.465771] (-) TimerEvent: {}
[51.566566] (-) TimerEvent: {}
[51.667415] (-) TimerEvent: {}
[51.768187] (-) TimerEvent: {}
[51.868943] (-) TimerEvent: {}
[51.969784] (-) TimerEvent: {}
[52.070673] (-) TimerEvent: {}
[52.171500] (-) TimerEvent: {}
[52.272395] (-) TimerEvent: {}
[52.380924] (-) TimerEvent: {}
[52.481712] (-) TimerEvent: {}
[54.793914] (-) TimerEvent: {}
[54.894702] (-) TimerEvent: {}
[54.995570] (-) TimerEvent: {}
[55.101674] (vision_msgs) StdoutLine: {'line': b'-- Found std_msgs: 4.9.1 (/opt/ros/humble/share/std_msgs/cmake)\n'}
[55.103487] (-) TimerEvent: {}
[55.206555] (-) TimerEvent: {}
[55.488572] (-) TimerEvent: {}
[55.589341] (-) TimerEvent: {}
[55.690112] (-) TimerEvent: {}
[55.790878] (-) TimerEvent: {}
[55.891687] (-) TimerEvent: {}
[55.992459] (-) TimerEvent: {}
[56.093223] (-) TimerEvent: {}
[56.193969] (-) TimerEvent: {}
[56.294721] (-) TimerEvent: {}
[56.395502] (-) TimerEvent: {}
[56.496287] (-) TimerEvent: {}
[56.685768] (-) TimerEvent: {}
[56.786509] (-) TimerEvent: {}
[57.004893] (-) TimerEvent: {}
[57.105760] (-) TimerEvent: {}
[57.206518] (-) TimerEvent: {}
[57.307356] (-) TimerEvent: {}
[57.408110] (-) TimerEvent: {}
[57.509285] (-) TimerEvent: {}
[57.610112] (-) TimerEvent: {}
[58.054774] (-) TimerEvent: {}
[58.155547] (-) TimerEvent: {}
[58.256310] (-) TimerEvent: {}
[58.357201] (-) TimerEvent: {}
[58.534793] (-) TimerEvent: {}
[58.635521] (-) TimerEvent: {}
[58.829689] (-) TimerEvent: {}
[58.930417] (-) TimerEvent: {}
[59.031232] (-) TimerEvent: {}
[59.329208] (-) TimerEvent: {}
[59.429946] (-) TimerEvent: {}
[59.632082] (-) TimerEvent: {}
[59.732883] (-) TimerEvent: {}
[59.886009] (-) TimerEvent: {}
[59.986761] (-) TimerEvent: {}
[60.190492] (-) TimerEvent: {}
[60.291292] (-) TimerEvent: {}
[60.392082] (-) TimerEvent: {}
[60.815105] (-) TimerEvent: {}
[60.945441] (-) TimerEvent: {}
[61.209727] (-) TimerEvent: {}
[61.310593] (-) TimerEvent: {}
[61.514683] (-) TimerEvent: {}
[61.723232] (-) TimerEvent: {}
[61.824036] (-) TimerEvent: {}
[62.269224] (-) TimerEvent: {}
[62.369988] (-) TimerEvent: {}
[62.470777] (-) TimerEvent: {}
[62.571694] (-) TimerEvent: {}
[62.754553] (-) TimerEvent: {}
[62.855420] (-) TimerEvent: {}
[63.131537] (-) TimerEvent: {}
[63.232355] (-) TimerEvent: {}
[63.500148] (-) TimerEvent: {}
[63.600991] (-) TimerEvent: {}
[63.705584] (-) TimerEvent: {}
[63.806434] (-) TimerEvent: {}
[63.971793] (-) TimerEvent: {}
[64.072626] (-) TimerEvent: {}
[64.173392] (-) TimerEvent: {}
[64.274199] (-) TimerEvent: {}
[64.374926] (-) TimerEvent: {}
[64.681346] (-) TimerEvent: {}
[64.886129] (-) TimerEvent: {}
[64.986905] (-) TimerEvent: {}
[65.265876] (-) TimerEvent: {}
[65.366671] (-) TimerEvent: {}
[65.467467] (-) TimerEvent: {}
[65.732828] (-) TimerEvent: {}
[65.833626] (-) TimerEvent: {}
[65.934553] (-) TimerEvent: {}
[66.035406] (-) TimerEvent: {}
[66.601704] (-) TimerEvent: {}
[66.702370] (-) TimerEvent: {}
[66.893857] (-) TimerEvent: {}
[66.994754] (-) TimerEvent: {}
[67.193103] (-) TimerEvent: {}
[67.293933] (-) TimerEvent: {}
[67.485435] (-) TimerEvent: {}
[67.586288] (-) TimerEvent: {}
[67.687052] (-) TimerEvent: {}
[67.787851] (-) TimerEvent: {}
[67.888614] (-) TimerEvent: {}
[68.272431] (-) TimerEvent: {}
[68.373190] (-) TimerEvent: {}
[68.771439] (-) TimerEvent: {}
[68.872229] (-) TimerEvent: {}
[69.181708] (-) TimerEvent: {}
[69.282507] (-) TimerEvent: {}
[69.383778] (-) TimerEvent: {}
[69.484602] (-) TimerEvent: {}
[69.586559] (-) TimerEvent: {}
[69.687495] (-) TimerEvent: {}
[69.788248] (-) TimerEvent: {}
[69.889174] (-) TimerEvent: {}
[69.990106] (-) TimerEvent: {}
[70.090880] (-) TimerEvent: {}
[70.191708] (-) TimerEvent: {}
[70.292499] (-) TimerEvent: {}
[71.008913] (-) TimerEvent: {}
[71.109779] (-) TimerEvent: {}
[71.320661] (-) TimerEvent: {}
[71.421481] (-) TimerEvent: {}
[71.522300] (-) TimerEvent: {}
[71.623434] (-) TimerEvent: {}
[71.724286] (-) TimerEvent: {}
[71.825201] (-) TimerEvent: {}
[71.926252] (-) TimerEvent: {}
[72.027011] (-) TimerEvent: {}
[72.127810] (-) TimerEvent: {}
[73.050966] (-) TimerEvent: {}
[73.151697] (-) TimerEvent: {}
[73.386873] (-) TimerEvent: {}
[73.487705] (-) TimerEvent: {}
[73.514759] (vision_msgs) StdoutLine: {'line': b'-- Found ament_cmake_ros: 0.10.0 (/opt/ros/humble/share/ament_cmake_ros/cmake)\n'}
[73.587995] (-) TimerEvent: {}
[73.688734] (-) TimerEvent: {}
[73.789581] (-) TimerEvent: {}
[74.039496] (-) TimerEvent: {}
[74.140289] (-) TimerEvent: {}
[74.273219] (-) TimerEvent: {}
[74.374007] (-) TimerEvent: {}
[74.474837] (-) TimerEvent: {}
[74.575671] (-) TimerEvent: {}
[74.676433] (-) TimerEvent: {}
[74.777183] (-) TimerEvent: {}
[74.877934] (-) TimerEvent: {}
[74.978817] (-) TimerEvent: {}
[75.079622] (-) TimerEvent: {}
[75.180380] (-) TimerEvent: {}
[75.281153] (-) TimerEvent: {}
[75.381915] (-) TimerEvent: {}
[75.482705] (-) TimerEvent: {}
[75.583457] (-) TimerEvent: {}
[75.716796] (-) TimerEvent: {}
[75.893590] (-) TimerEvent: {}
[75.994435] (-) TimerEvent: {}
[76.095253] (-) TimerEvent: {}
[76.211386] (-) TimerEvent: {}
[76.312187] (-) TimerEvent: {}
[76.413044] (-) TimerEvent: {}
[76.513814] (-) TimerEvent: {}
[76.733723] (-) TimerEvent: {}
[76.834440] (-) TimerEvent: {}
[76.935223] (-) TimerEvent: {}
[77.035924] (-) TimerEvent: {}
[77.239475] (-) TimerEvent: {}
[77.340253] (-) TimerEvent: {}
[77.441003] (-) TimerEvent: {}
[77.541803] (-) TimerEvent: {}
[77.746687] (-) TimerEvent: {}
[77.847442] (-) TimerEvent: {}
[77.948221] (-) TimerEvent: {}
[78.049034] (-) TimerEvent: {}
[78.149926] (-) TimerEvent: {}
[78.250721] (-) TimerEvent: {}
[78.351473] (-) TimerEvent: {}
[78.452257] (-) TimerEvent: {}
[78.553141] (-) TimerEvent: {}
[78.653934] (-) TimerEvent: {}
[79.172844] (-) TimerEvent: {}
[79.405147] (-) TimerEvent: {}
[79.505992] (-) TimerEvent: {}
[79.668036] (-) TimerEvent: {}
[79.768757] (-) TimerEvent: {}
[79.869432] (-) TimerEvent: {}
[79.970230] (-) TimerEvent: {}
[80.070995] (-) TimerEvent: {}
[80.172216] (-) TimerEvent: {}
[80.273106] (-) TimerEvent: {}
[80.373847] (-) TimerEvent: {}
[80.416381] (vision_msgs) StdoutLine: {'line': b'-- Using all available rosidl_typesupport_c: rosidl_typesupport_fastrtps_c;rosidl_typesupport_introspection_c\n'}
[80.474157] (-) TimerEvent: {}
[80.574931] (-) TimerEvent: {}
[80.675749] (-) TimerEvent: {}
[80.776585] (-) TimerEvent: {}
[80.877372] (-) TimerEvent: {}
[81.355349] (-) TimerEvent: {}
[81.456090] (-) TimerEvent: {}
[81.644218] (-) TimerEvent: {}
[81.744991] (-) TimerEvent: {}
[81.845755] (-) TimerEvent: {}
[81.946551] (-) TimerEvent: {}
[82.047391] (-) TimerEvent: {}
[82.148146] (-) TimerEvent: {}
[82.383577] (-) TimerEvent: {}
[82.484515] (-) TimerEvent: {}
[82.585358] (-) TimerEvent: {}
[82.686263] (-) TimerEvent: {}
[82.920200] (-) TimerEvent: {}
[83.021018] (-) TimerEvent: {}
[83.360618] (-) TimerEvent: {}
[83.461349] (-) TimerEvent: {}
[83.562249] (-) TimerEvent: {}
[83.662986] (-) TimerEvent: {}
[83.763863] (-) TimerEvent: {}
[84.262518] (-) TimerEvent: {}
[84.363352] (-) TimerEvent: {}
[84.464032] (-) TimerEvent: {}
[84.564774] (-) TimerEvent: {}
[85.010717] (vision_msgs) StdoutLine: {'line': b'-- Using all available rosidl_typesupport_cpp: rosidl_typesupport_fastrtps_cpp;rosidl_typesupport_introspection_cpp\n'}
[85.071115] (-) TimerEvent: {}
[85.171820] (-) TimerEvent: {}
[85.272673] (-) TimerEvent: {}
[85.373495] (-) TimerEvent: {}
[85.474321] (-) TimerEvent: {}
[86.027009] (-) TimerEvent: {}
[86.127862] (-) TimerEvent: {}
[86.228599] (-) TimerEvent: {}
[86.329338] (-) TimerEvent: {}
[86.430100] (-) TimerEvent: {}
[86.530884] (-) TimerEvent: {}
[86.631693] (-) TimerEvent: {}
[86.732451] (-) TimerEvent: {}
[86.833302] (-) TimerEvent: {}
[86.934092] (-) TimerEvent: {}
[87.034778] (-) TimerEvent: {}
[87.135462] (-) TimerEvent: {}
[87.236313] (-) TimerEvent: {}
[87.337053] (-) TimerEvent: {}
[87.437824] (-) TimerEvent: {}
[87.538595] (-) TimerEvent: {}
[87.639389] (-) TimerEvent: {}
[87.740155] (-) TimerEvent: {}
[87.840890] (-) TimerEvent: {}
[87.941635] (-) TimerEvent: {}
[88.042456] (-) TimerEvent: {}
[88.143252] (-) TimerEvent: {}
[88.243995] (-) TimerEvent: {}
[88.344762] (-) TimerEvent: {}
[88.445501] (-) TimerEvent: {}
[88.464611] (vision_msgs) StdoutLine: {'line': b'-- Found python_cmake_module: 0.10.0 (/opt/ros/humble/share/python_cmake_module/cmake)\n'}
[88.545802] (-) TimerEvent: {}
[88.646581] (-) TimerEvent: {}
[88.747472] (-) TimerEvent: {}
[88.848256] (-) TimerEvent: {}
[88.949024] (-) TimerEvent: {}
[89.049801] (-) TimerEvent: {}
[90.164445] (-) TimerEvent: {}
[90.265408] (-) TimerEvent: {}
[93.787059] (-) TimerEvent: {}
[93.887850] (-) TimerEvent: {}
[94.737195] (-) TimerEvent: {}
[94.837961] (-) TimerEvent: {}
[94.938774] (-) TimerEvent: {}
[95.039544] (-) TimerEvent: {}
[95.140453] (-) TimerEvent: {}
[95.241204] (-) TimerEvent: {}
[95.341954] (-) TimerEvent: {}
[95.442711] (-) TimerEvent: {}
[95.543582] (-) TimerEvent: {}
[95.644324] (-) TimerEvent: {}
[95.745091] (-) TimerEvent: {}
[95.845866] (-) TimerEvent: {}
[95.916090] (vision_msgs) StdoutLine: {'line': b'-- Using PYTHON_EXECUTABLE: /usr/bin/python3\n'}
[96.352330] (-) TimerEvent: {}
[96.352847] (vision_msgs) StdoutLine: {'line': b'-- Using PYTHON_INCLUDE_DIRS: /usr/include/python3.10\n'}
[96.354262] (vision_msgs) StdoutLine: {'line': b'-- Using PYTHON_LIBRARIES: /usr/lib/aarch64-linux-gnu/libpython3.10.so\n'}
[96.452668] (-) TimerEvent: {}
[96.553489] (-) TimerEvent: {}
[96.654201] (-) TimerEvent: {}
[96.754986] (-) TimerEvent: {}
[97.396287] (-) TimerEvent: {}
[97.590780] (-) TimerEvent: {}
[97.691553] (-) TimerEvent: {}
[97.792345] (-) TimerEvent: {}
[98.364105] (-) TimerEvent: {}
[98.464946] (-) TimerEvent: {}
[98.565707] (-) TimerEvent: {}
[98.666477] (-) TimerEvent: {}
[99.229109] (-) TimerEvent: {}
[99.329897] (-) TimerEvent: {}
[99.430654] (-) TimerEvent: {}
[99.531497] (-) TimerEvent: {}
[99.632244] (-) TimerEvent: {}
[99.733006] (-) TimerEvent: {}
[99.833744] (-) TimerEvent: {}
[99.934502] (-) TimerEvent: {}
[100.035241] (-) TimerEvent: {}
[100.257980] (-) TimerEvent: {}
[100.358766] (-) TimerEvent: {}
[100.459578] (-) TimerEvent: {}
[100.560374] (-) TimerEvent: {}
[100.661161] (-) TimerEvent: {}
[100.762125] (-) TimerEvent: {}
[100.863120] (-) TimerEvent: {}
[100.963973] (-) TimerEvent: {}
[101.064771] (-) TimerEvent: {}
[101.165594] (-) TimerEvent: {}
[101.266396] (-) TimerEvent: {}
[101.367223] (-) TimerEvent: {}
[101.469012] (-) TimerEvent: {}
[101.569812] (-) TimerEvent: {}
[101.670663] (-) TimerEvent: {}
[101.678290] (vision_msgs) StdoutLine: {'line': b'-- Configuring done\n'}
[101.770972] (-) TimerEvent: {}
[102.537949] (-) TimerEvent: {}
[102.638705] (-) TimerEvent: {}
[102.739505] (-) TimerEvent: {}
[103.351431] (-) TimerEvent: {}
[103.452225] (-) TimerEvent: {}
[103.553024] (-) TimerEvent: {}
[103.653781] (-) TimerEvent: {}
[103.754504] (-) TimerEvent: {}
[103.855300] (-) TimerEvent: {}
[104.476496] (-) TimerEvent: {}
[104.577229] (-) TimerEvent: {}
[105.724205] (-) TimerEvent: {}
[105.824985] (-) TimerEvent: {}
[105.925759] (-) TimerEvent: {}
[106.026502] (-) TimerEvent: {}
[106.127297] (-) TimerEvent: {}
[106.228046] (-) TimerEvent: {}
[106.328809] (-) TimerEvent: {}
[106.429552] (-) TimerEvent: {}
[106.530350] (-) TimerEvent: {}
[106.631258] (-) TimerEvent: {}
[106.732019] (-) TimerEvent: {}
[106.832771] (-) TimerEvent: {}
[106.933608] (-) TimerEvent: {}
[107.034319] (-) TimerEvent: {}
[107.134986] (-) TimerEvent: {}
[107.235768] (-) TimerEvent: {}
[107.336570] (-) TimerEvent: {}
[107.400377] (vision_msgs) StdoutLine: {'line': b'-- Generating done\n'}
[107.436914] (-) TimerEvent: {}
[107.537611] (-) TimerEvent: {}
[107.638397] (-) TimerEvent: {}
[107.739279] (-) TimerEvent: {}
[107.840020] (-) TimerEvent: {}
[107.940809] (-) TimerEvent: {}
[108.041547] (-) TimerEvent: {}
[108.142385] (-) TimerEvent: {}
[108.243129] (-) TimerEvent: {}
[108.343936] (-) TimerEvent: {}
[108.444665] (-) TimerEvent: {}
[108.545447] (-) TimerEvent: {}
[108.646217] (-) TimerEvent: {}
[108.746972] (-) TimerEvent: {}
[108.847766] (-) TimerEvent: {}
[108.948529] (-) TimerEvent: {}
[108.999743] (vision_msgs) StdoutLine: {'line': b'-- Build files have been written to: /home/robot/robot_ws/build/vision_msgs\n'}
[109.048836] (-) TimerEvent: {}
[109.149650] (-) TimerEvent: {}
[109.241062] (vision_msgs) StdoutLine: {'line': b'[  2%] Generating C code for ROS interfaces\n'}
[109.250022] (-) TimerEvent: {}
[109.350824] (-) TimerEvent: {}
[109.451541] (-) TimerEvent: {}
[109.552267] (-) TimerEvent: {}
[109.653239] (-) TimerEvent: {}
[109.754117] (-) TimerEvent: {}
[109.854955] (-) TimerEvent: {}
[109.955793] (-) TimerEvent: {}
[110.056553] (-) TimerEvent: {}
[110.157301] (-) TimerEvent: {}
[110.258089] (-) TimerEvent: {}
[110.358842] (-) TimerEvent: {}
[110.459642] (-) TimerEvent: {}
[110.560393] (-) TimerEvent: {}
[110.661221] (-) TimerEvent: {}
[110.761964] (-) TimerEvent: {}
[110.862701] (-) TimerEvent: {}
[110.963831] (-) TimerEvent: {}
[111.064602] (-) TimerEvent: {}
[111.165469] (-) TimerEvent: {}
[111.266267] (-) TimerEvent: {}
[111.367021] (-) TimerEvent: {}
[111.467832] (-) TimerEvent: {}
[111.568534] (-) TimerEvent: {}
[111.669276] (-) TimerEvent: {}
[111.770087] (-) TimerEvent: {}
[111.870944] (-) TimerEvent: {}
[111.971753] (-) TimerEvent: {}
[112.072576] (-) TimerEvent: {}
[112.173331] (-) TimerEvent: {}
[112.274066] (-) TimerEvent: {}
[112.374849] (-) TimerEvent: {}
[112.475644] (-) TimerEvent: {}
[112.576384] (-) TimerEvent: {}
[112.677149] (-) TimerEvent: {}
[112.777923] (-) TimerEvent: {}
[112.878681] (-) TimerEvent: {}
[112.979495] (-) TimerEvent: {}
[113.080252] (-) TimerEvent: {}
[113.181065] (-) TimerEvent: {}
[113.281863] (-) TimerEvent: {}
[113.382614] (-) TimerEvent: {}
[113.483394] (-) TimerEvent: {}
[113.584093] (-) TimerEvent: {}
[113.813638] (-) TimerEvent: {}
[113.914451] (-) TimerEvent: {}
[114.015292] (-) TimerEvent: {}
[114.116038] (-) TimerEvent: {}
[114.216755] (-) TimerEvent: {}
[114.317503] (-) TimerEvent: {}
[114.418200] (-) TimerEvent: {}
[114.519038] (-) TimerEvent: {}
[114.619846] (-) TimerEvent: {}
[114.720600] (-) TimerEvent: {}
[114.821378] (-) TimerEvent: {}
[114.922213] (-) TimerEvent: {}
[115.022962] (-) TimerEvent: {}
[115.123823] (-) TimerEvent: {}
[115.224561] (-) TimerEvent: {}
[115.325327] (-) TimerEvent: {}
[115.426062] (-) TimerEvent: {}
[115.526828] (-) TimerEvent: {}
[115.627610] (-) TimerEvent: {}
[115.728343] (-) TimerEvent: {}
[115.829129] (-) TimerEvent: {}
[115.929873] (-) TimerEvent: {}
[116.030638] (-) TimerEvent: {}
[116.131427] (-) TimerEvent: {}
[116.232253] (-) TimerEvent: {}
[116.333006] (-) TimerEvent: {}
[116.433750] (-) TimerEvent: {}
[116.534447] (-) TimerEvent: {}
[116.635142] (-) TimerEvent: {}
[116.735923] (-) TimerEvent: {}
[116.836742] (-) TimerEvent: {}
[116.937565] (-) TimerEvent: {}
[117.038550] (-) TimerEvent: {}
[117.139482] (-) TimerEvent: {}
[117.240335] (-) TimerEvent: {}
[117.472575] (-) TimerEvent: {}
[117.573343] (-) TimerEvent: {}
[117.674219] (-) TimerEvent: {}
[117.782580] (-) TimerEvent: {}
[117.883401] (-) TimerEvent: {}
[117.984216] (-) TimerEvent: {}
[118.084952] (-) TimerEvent: {}
[118.185713] (-) TimerEvent: {}
[118.427827] (-) TimerEvent: {}
[118.646364] (-) TimerEvent: {}
[118.747215] (-) TimerEvent: {}
[118.847986] (-) TimerEvent: {}
[118.948798] (-) TimerEvent: {}
[119.299486] (-) TimerEvent: {}
[119.488630] (-) TimerEvent: {}
[119.589363] (-) TimerEvent: {}
[119.690095] (-) TimerEvent: {}
[120.028610] (-) TimerEvent: {}
[120.129389] (-) TimerEvent: {}
[120.230151] (-) TimerEvent: {}
[120.330914] (-) TimerEvent: {}
[120.835481] (-) TimerEvent: {}
[120.936227] (-) TimerEvent: {}
[121.036968] (-) TimerEvent: {}
[121.137750] (-) TimerEvent: {}
[121.318794] (-) TimerEvent: {}
[121.678520] (-) TimerEvent: {}
[121.779355] (-) TimerEvent: {}
[121.880099] (-) TimerEvent: {}
[122.102522] (-) TimerEvent: {}
[122.203346] (-) TimerEvent: {}
[122.304125] (-) TimerEvent: {}
[122.404869] (-) TimerEvent: {}
[122.670988] (-) TimerEvent: {}
[122.771803] (-) TimerEvent: {}
[123.047056] (-) TimerEvent: {}
[123.147840] (-) TimerEvent: {}
[123.248608] (-) TimerEvent: {}
[123.349361] (-) TimerEvent: {}
[123.731445] (-) TimerEvent: {}
[123.832322] (-) TimerEvent: {}
[123.933165] (-) TimerEvent: {}
[124.033884] (-) TimerEvent: {}
[124.134572] (-) TimerEvent: {}
[124.235291] (-) TimerEvent: {}
[124.336075] (-) TimerEvent: {}
[124.436843] (-) TimerEvent: {}
[124.642246] (-) TimerEvent: {}
[124.743073] (-) TimerEvent: {}
[124.843847] (-) TimerEvent: {}
[124.944640] (-) TimerEvent: {}
[125.045397] (-) TimerEvent: {}
[125.146135] (-) TimerEvent: {}
[125.246891] (-) TimerEvent: {}
[125.347722] (-) TimerEvent: {}
[125.448526] (-) TimerEvent: {}
[125.549282] (-) TimerEvent: {}
[125.650038] (-) TimerEvent: {}
[125.750726] (-) TimerEvent: {}
[125.851431] (-) TimerEvent: {}
[125.952145] (-) TimerEvent: {}
[126.052907] (-) TimerEvent: {}
[126.153744] (-) TimerEvent: {}
[126.254496] (-) TimerEvent: {}
[126.355376] (-) TimerEvent: {}
[126.456128] (-) TimerEvent: {}
[126.556866] (-) TimerEvent: {}
[126.657621] (-) TimerEvent: {}
[126.842734] (-) TimerEvent: {}
[126.943528] (-) TimerEvent: {}
[127.044300] (-) TimerEvent: {}
[127.145124] (-) TimerEvent: {}
[127.245895] (-) TimerEvent: {}
[127.346842] (-) TimerEvent: {}
[127.447766] (-) TimerEvent: {}
[127.548521] (-) TimerEvent: {}
[127.649250] (-) TimerEvent: {}
[127.795075] (-) TimerEvent: {}
[128.030558] (-) TimerEvent: {}
[128.131356] (-) TimerEvent: {}
[128.232077] (-) TimerEvent: {}
[128.365986] (-) TimerEvent: {}
[128.466721] (-) TimerEvent: {}
[128.567414] (-) TimerEvent: {}
[128.668109] (-) TimerEvent: {}
[128.768852] (-) TimerEvent: {}
[128.869595] (-) TimerEvent: {}
[129.127078] (-) TimerEvent: {}
[129.227986] (-) TimerEvent: {}
[129.328864] (-) TimerEvent: {}
[129.429623] (-) TimerEvent: {}
[129.530359] (-) TimerEvent: {}
[129.631212] (-) TimerEvent: {}
[129.731996] (-) TimerEvent: {}
[129.847982] (-) TimerEvent: {}
[129.948725] (-) TimerEvent: {}
[130.116351] (-) TimerEvent: {}
[130.217045] (-) TimerEvent: {}
[130.317950] (-) TimerEvent: {}
[130.418915] (-) TimerEvent: {}
[130.519758] (-) TimerEvent: {}
[130.620730] (-) TimerEvent: {}
[130.721515] (-) TimerEvent: {}
[130.937313] (-) TimerEvent: {}
[131.038150] (-) TimerEvent: {}
[131.139004] (-) TimerEvent: {}
[131.239891] (-) TimerEvent: {}
[131.340738] (-) TimerEvent: {}
[131.487626] (-) TimerEvent: {}
[131.588439] (-) TimerEvent: {}
[131.689377] (-) TimerEvent: {}
[131.719141] (vision_msgs) StdoutLine: {'line': b'Consolidate compiler generated dependencies of target vision_msgs__rosidl_generator_c\n'}
[131.789734] (-) TimerEvent: {}
[132.078077] (-) TimerEvent: {}
[132.178857] (-) TimerEvent: {}
[132.343830] (-) TimerEvent: {}
[132.444665] (-) TimerEvent: {}
[132.545488] (-) TimerEvent: {}
[132.646283] (-) TimerEvent: {}
[132.982036] (-) TimerEvent: {}
[133.059867] (vision_msgs) StdoutLine: {'line': b'[  4%] Building C object CMakeFiles/vision_msgs__rosidl_generator_c.dir/rosidl_generator_c/vision_msgs/msg/detail/detection__functions.c.o\n'}
[133.082328] (-) TimerEvent: {}
[133.335792] (-) TimerEvent: {}
[133.436651] (-) TimerEvent: {}
[133.690700] (-) TimerEvent: {}
[133.791468] (-) TimerEvent: {}
[133.892212] (-) TimerEvent: {}
[133.992953] (-) TimerEvent: {}
[134.093724] (-) TimerEvent: {}
[134.194496] (-) TimerEvent: {}
[134.295305] (-) TimerEvent: {}
[134.426289] (-) TimerEvent: {}
[134.527059] (-) TimerEvent: {}
[134.627929] (-) TimerEvent: {}
[134.728808] (-) TimerEvent: {}
[134.831567] (-) TimerEvent: {}
[134.932358] (-) TimerEvent: {}
[135.033292] (-) TimerEvent: {}
[135.221906] (-) TimerEvent: {}
[135.322704] (-) TimerEvent: {}
[135.423549] (-) TimerEvent: {}
[135.524338] (-) TimerEvent: {}
[135.625148] (-) TimerEvent: {}
[135.725948] (-) TimerEvent: {}
[135.826721] (-) TimerEvent: {}
[135.927485] (-) TimerEvent: {}
[136.028338] (-) TimerEvent: {}
[136.129137] (-) TimerEvent: {}
[136.229991] (-) TimerEvent: {}
[136.330811] (-) TimerEvent: {}
[136.431711] (-) TimerEvent: {}
[136.532548] (-) TimerEvent: {}
[136.681206] (-) TimerEvent: {}
[136.782060] (-) TimerEvent: {}
[136.882882] (-) TimerEvent: {}
[136.983687] (-) TimerEvent: {}
[137.084379] (-) TimerEvent: {}
[137.300494] (-) TimerEvent: {}
[137.401210] (-) TimerEvent: {}
[137.501987] (-) TimerEvent: {}
[137.602751] (-) TimerEvent: {}
[137.737014] (-) TimerEvent: {}
[137.837770] (-) TimerEvent: {}
[138.090596] (-) TimerEvent: {}
[138.191379] (-) TimerEvent: {}
[138.292144] (-) TimerEvent: {}
[138.392904] (-) TimerEvent: {}
[138.493639] (-) TimerEvent: {}
[138.594400] (-) TimerEvent: {}
[138.695258] (-) TimerEvent: {}
[138.796090] (-) TimerEvent: {}
[138.896906] (-) TimerEvent: {}
[138.997690] (-) TimerEvent: {}
[139.098444] (-) TimerEvent: {}
[139.199373] (-) TimerEvent: {}
[139.300603] (-) TimerEvent: {}
[139.401315] (-) TimerEvent: {}
[139.502054] (-) TimerEvent: {}
[139.602798] (-) TimerEvent: {}
[139.703578] (-) TimerEvent: {}
[139.804335] (-) TimerEvent: {}
[139.905091] (-) TimerEvent: {}
[140.068543] (-) TimerEvent: {}
[140.169302] (-) TimerEvent: {}
[140.270167] (-) TimerEvent: {}
[140.370997] (-) TimerEvent: {}
[140.471798] (-) TimerEvent: {}
[140.572567] (-) TimerEvent: {}
[140.673404] (-) TimerEvent: {}
[140.774263] (-) TimerEvent: {}
[140.875035] (-) TimerEvent: {}
[140.975884] (-) TimerEvent: {}
[141.076648] (-) TimerEvent: {}
[141.177419] (-) TimerEvent: {}
[141.278509] (-) TimerEvent: {}
[141.379359] (-) TimerEvent: {}
[141.480275] (-) TimerEvent: {}
[141.581160] (-) TimerEvent: {}
[141.681937] (-) TimerEvent: {}
[141.782713] (-) TimerEvent: {}
[141.883458] (-) TimerEvent: {}
[142.005997] (-) TimerEvent: {}
[142.108563] (-) TimerEvent: {}
[142.209390] (-) TimerEvent: {}
[142.310149] (-) TimerEvent: {}
[142.410924] (-) TimerEvent: {}
[142.511720] (-) TimerEvent: {}
[142.612502] (-) TimerEvent: {}
[142.713343] (-) TimerEvent: {}
[142.814174] (-) TimerEvent: {}
[142.915009] (-) TimerEvent: {}
[143.015816] (-) TimerEvent: {}
[143.171991] (-) TimerEvent: {}
[143.458873] (vision_msgs) StdoutLine: {'line': b'[  6%] Building C object CMakeFiles/vision_msgs__rosidl_generator_c.dir/rosidl_generator_c/vision_msgs/msg/detail/detection_array__functions.c.o\n'}
[143.460650] (-) TimerEvent: {}
[143.561330] (-) TimerEvent: {}
[143.925528] (-) TimerEvent: {}
[144.026294] (-) TimerEvent: {}
[144.127154] (-) TimerEvent: {}
[144.228101] (-) TimerEvent: {}
[144.328928] (-) TimerEvent: {}
[144.824591] (-) TimerEvent: {}
[144.847024] (vision_msgs) StdoutLine: {'line': b'[  8%] Building C object CMakeFiles/vision_msgs__rosidl_generator_c.dir/rosidl_generator_c/vision_msgs/msg/detail/ai_status__functions.c.o\n'}
[144.924926] (-) TimerEvent: {}
[145.284498] (-) TimerEvent: {}
[145.385334] (-) TimerEvent: {}
[145.486190] (-) TimerEvent: {}
[145.587001] (-) TimerEvent: {}
[145.689698] (-) TimerEvent: {}
[145.790458] (-) TimerEvent: {}
[146.279584] (-) TimerEvent: {}
[146.382540] (vision_msgs) StdoutLine: {'line': b'[ 10%] Linking C shared library libvision_msgs__rosidl_generator_c.so\n'}
[146.384194] (-) TimerEvent: {}
[146.484818] (-) TimerEvent: {}
[146.585549] (-) TimerEvent: {}
[146.815439] (-) TimerEvent: {}
[146.971318] (-) TimerEvent: {}
[147.072066] (-) TimerEvent: {}
[147.291474] (-) TimerEvent: {}
[147.392341] (-) TimerEvent: {}
[147.493097] (-) TimerEvent: {}
[147.593896] (-) TimerEvent: {}
[147.694796] (-) TimerEvent: {}
[147.795709] (-) TimerEvent: {}
[147.896476] (-) TimerEvent: {}
[147.997240] (-) TimerEvent: {}
[148.762474] (-) TimerEvent: {}
[148.863273] (-) TimerEvent: {}
[148.964044] (-) TimerEvent: {}
[149.064816] (-) TimerEvent: {}
[149.165568] (-) TimerEvent: {}
[149.266347] (-) TimerEvent: {}
[149.367052] (-) TimerEvent: {}
[149.467877] (-) TimerEvent: {}
[149.568591] (-) TimerEvent: {}
[149.669335] (-) TimerEvent: {}
[149.770116] (-) TimerEvent: {}
[149.870874] (-) TimerEvent: {}
[149.971684] (-) TimerEvent: {}
[150.072472] (-) TimerEvent: {}
[150.173431] (-) TimerEvent: {}
[150.274259] (-) TimerEvent: {}
[150.375059] (-) TimerEvent: {}
[150.475897] (-) TimerEvent: {}
[150.576741] (-) TimerEvent: {}
[150.677564] (-) TimerEvent: {}
[150.778325] (-) TimerEvent: {}
[150.879097] (-) TimerEvent: {}
[150.979958] (-) TimerEvent: {}
[151.080709] (-) TimerEvent: {}
[151.181526] (-) TimerEvent: {}
[151.265496] (vision_msgs) StdoutLine: {'line': b'[ 10%] Built target vision_msgs__rosidl_generator_c\n'}
[151.281836] (-) TimerEvent: {}
[151.382646] (-) TimerEvent: {}
[151.483424] (-) TimerEvent: {}
[151.640995] (-) TimerEvent: {}
[151.657789] (vision_msgs) StdoutLine: {'line': b'[ 10%] Built target ament_cmake_python_copy_vision_msgs\n'}
[151.741368] (-) TimerEvent: {}
[151.761024] (vision_msgs) StdoutLine: {'line': b'[ 12%] Generating C introspection for ROS interfaces\n'}
[151.841670] (-) TimerEvent: {}
[151.942412] (-) TimerEvent: {}
[152.043135] (-) TimerEvent: {}
[152.180105] (-) TimerEvent: {}
[152.281018] (-) TimerEvent: {}
[152.381857] (-) TimerEvent: {}
[152.482632] (-) TimerEvent: {}
[152.583389] (-) TimerEvent: {}
[152.684122] (-) TimerEvent: {}
[152.853819] (-) TimerEvent: {}
[152.954605] (-) TimerEvent: {}
[153.055419] (-) TimerEvent: {}
[153.156212] (-) TimerEvent: {}
[153.256970] (-) TimerEvent: {}
[153.357738] (-) TimerEvent: {}
[153.458517] (-) TimerEvent: {}
[153.796236] (-) TimerEvent: {}
[153.926074] (-) TimerEvent: {}
[154.119914] (-) TimerEvent: {}
[154.415238] (-) TimerEvent: {}
[154.516620] (-) TimerEvent: {}
[154.617325] (-) TimerEvent: {}
[154.718011] (-) TimerEvent: {}
[154.818770] (-) TimerEvent: {}
[154.919559] (-) TimerEvent: {}
[155.057154] (-) TimerEvent: {}
[155.157923] (-) TimerEvent: {}
[155.258749] (-) TimerEvent: {}
[155.359550] (-) TimerEvent: {}
[155.460317] (-) TimerEvent: {}
[155.601016] (-) TimerEvent: {}
[155.701787] (-) TimerEvent: {}
[155.802544] (-) TimerEvent: {}
[155.984666] (-) TimerEvent: {}
[156.085396] (-) TimerEvent: {}
[156.186122] (-) TimerEvent: {}
[156.286915] (-) TimerEvent: {}
[156.387720] (-) TimerEvent: {}
[156.488468] (-) TimerEvent: {}
[156.589227] (-) TimerEvent: {}
[156.689971] (-) TimerEvent: {}
[156.790730] (-) TimerEvent: {}
[156.891563] (-) TimerEvent: {}
[156.992335] (-) TimerEvent: {}
[157.093103] (-) TimerEvent: {}
[157.193893] (-) TimerEvent: {}
[157.294651] (-) TimerEvent: {}
[157.395461] (-) TimerEvent: {}
[157.536003] (-) TimerEvent: {}
[157.636756] (-) TimerEvent: {}
[157.866425] (-) TimerEvent: {}
[157.967386] (-) TimerEvent: {}
[158.077890] (-) TimerEvent: {}
[158.178690] (-) TimerEvent: {}
[158.289711] (-) TimerEvent: {}
[158.390487] (-) TimerEvent: {}
[158.491392] (-) TimerEvent: {}
[158.697465] (-) TimerEvent: {}
[158.750414] (vision_msgs) StdoutLine: {'line': b'Consolidate compiler generated dependencies of target vision_msgs__rosidl_typesupport_introspection_c\n'}
[158.797952] (-) TimerEvent: {}
[158.898768] (-) TimerEvent: {}
[159.343014] (-) TimerEvent: {}
[159.443995] (-) TimerEvent: {}
[159.477172] (vision_msgs) StdoutLine: {'line': b'[ 14%] Building C object CMakeFiles/vision_msgs__rosidl_typesupport_introspection_c.dir/rosidl_typesupport_introspection_c/vision_msgs/msg/detail/detection__type_support.c.o\n'}
[159.544374] (-) TimerEvent: {}
[159.645238] (-) TimerEvent: {}
[159.837227] (-) TimerEvent: {}
[159.938044] (-) TimerEvent: {}
[160.086219] (-) TimerEvent: {}
[160.186967] (-) TimerEvent: {}
[160.287843] (-) TimerEvent: {}
[160.388699] (-) TimerEvent: {}
[160.489473] (-) TimerEvent: {}
[160.590297] (-) TimerEvent: {}
[160.691085] (-) TimerEvent: {}
[160.791914] (-) TimerEvent: {}
[161.069538] (vision_msgs) StdoutLine: {'line': b'[ 16%] Building C object CMakeFiles/vision_msgs__rosidl_typesupport_introspection_c.dir/rosidl_typesupport_introspection_c/vision_msgs/msg/detail/detection_array__type_support.c.o\n'}
[161.071342] (-) TimerEvent: {}
[161.172086] (-) TimerEvent: {}
[161.272935] (-) TimerEvent: {}
[161.700523] (-) TimerEvent: {}
[161.801304] (-) TimerEvent: {}
[161.902039] (-) TimerEvent: {}
[162.002865] (-) TimerEvent: {}
[162.103802] (-) TimerEvent: {}
[162.204600] (-) TimerEvent: {}
[162.305322] (-) TimerEvent: {}
[162.406148] (-) TimerEvent: {}
[162.507035] (-) TimerEvent: {}
[162.607897] (-) TimerEvent: {}
[162.645817] (vision_msgs) StdoutLine: {'line': b'[ 18%] Building C object CMakeFiles/vision_msgs__rosidl_typesupport_introspection_c.dir/rosidl_typesupport_introspection_c/vision_msgs/msg/detail/ai_status__type_support.c.o\n'}
[162.708212] (-) TimerEvent: {}
[162.809038] (-) TimerEvent: {}
[162.909797] (-) TimerEvent: {}
[163.010558] (-) TimerEvent: {}
[163.257285] (-) TimerEvent: {}
[163.358122] (-) TimerEvent: {}
[163.410553] (vision_msgs) StdoutLine: {'line': b'[ 20%] Linking C shared library libvision_msgs__rosidl_typesupport_introspection_c.so\n'}
[163.458517] (-) TimerEvent: {}
[163.559363] (-) TimerEvent: {}
[163.660133] (-) TimerEvent: {}
[163.760964] (-) TimerEvent: {}
[163.861738] (-) TimerEvent: {}
[163.962471] (-) TimerEvent: {}
[164.063277] (-) TimerEvent: {}
[164.357538] (-) TimerEvent: {}
[164.437731] (vision_msgs) StdoutLine: {'line': b'[ 20%] Built target vision_msgs__rosidl_typesupport_introspection_c\n'}
[164.457825] (-) TimerEvent: {}
[164.538812] (vision_msgs) StdoutLine: {'line': b'[ 22%] Generating C type support dispatch for ROS interfaces\n'}
[164.558140] (-) TimerEvent: {}
[164.658896] (-) TimerEvent: {}
[164.759727] (-) TimerEvent: {}
[164.860449] (-) TimerEvent: {}
[165.246390] (-) TimerEvent: {}
[165.347223] (-) TimerEvent: {}
[165.447973] (-) TimerEvent: {}
[165.548760] (-) TimerEvent: {}
[165.649552] (-) TimerEvent: {}
[165.750188] (-) TimerEvent: {}
[166.226736] (-) TimerEvent: {}
[166.327556] (-) TimerEvent: {}
[166.428296] (-) TimerEvent: {}
[166.529040] (-) TimerEvent: {}
[166.701018] (-) TimerEvent: {}
[166.801726] (-) TimerEvent: {}
[166.902454] (-) TimerEvent: {}
[167.156182] (-) TimerEvent: {}
[167.256912] (-) TimerEvent: {}
[167.399748] (-) TimerEvent: {}
[167.500420] (-) TimerEvent: {}
[167.622397] (-) TimerEvent: {}
[167.723246] (-) TimerEvent: {}
[167.823985] (-) TimerEvent: {}
[167.924708] (-) TimerEvent: {}
[168.025424] (-) TimerEvent: {}
[168.126140] (-) TimerEvent: {}
[168.226935] (-) TimerEvent: {}
[168.456177] (-) TimerEvent: {}
[168.556931] (-) TimerEvent: {}
[168.947567] (-) TimerEvent: {}
[169.048312] (-) TimerEvent: {}
[169.149075] (-) TimerEvent: {}
[169.249818] (-) TimerEvent: {}
[169.350498] (-) TimerEvent: {}
[169.451228] (-) TimerEvent: {}
[169.551968] (-) TimerEvent: {}
[169.765826] (-) TimerEvent: {}
[169.866616] (-) TimerEvent: {}
[170.102538] (-) TimerEvent: {}
[170.203436] (-) TimerEvent: {}
[170.304176] (-) TimerEvent: {}
[170.404928] (-) TimerEvent: {}
[170.505704] (-) TimerEvent: {}
[170.606514] (-) TimerEvent: {}
[170.707353] (-) TimerEvent: {}
[170.808222] (-) TimerEvent: {}
[170.909217] (-) TimerEvent: {}
[171.010080] (-) TimerEvent: {}
[171.111073] (-) TimerEvent: {}
[171.148867] (vision_msgs) StdoutLine: {'line': b'Consolidate compiler generated dependencies of target vision_msgs__rosidl_typesupport_c\n'}
[171.211426] (-) TimerEvent: {}
[171.379110] (-) TimerEvent: {}
[171.480002] (-) TimerEvent: {}
[171.552190] (vision_msgs) StdoutLine: {'line': b'[ 25%] Building CXX object CMakeFiles/vision_msgs__rosidl_typesupport_c.dir/rosidl_typesupport_c/vision_msgs/msg/detection__type_support.cpp.o\n'}
[171.580322] (-) TimerEvent: {}
[171.681146] (-) TimerEvent: {}
[171.981707] (-) TimerEvent: {}
[172.082528] (-) TimerEvent: {}
[172.183787] (-) TimerEvent: {}
[172.284572] (-) TimerEvent: {}
[172.390488] (-) TimerEvent: {}
[172.491351] (-) TimerEvent: {}
[172.592131] (-) TimerEvent: {}
[172.692890] (-) TimerEvent: {}
[172.793662] (-) TimerEvent: {}
[172.894441] (-) TimerEvent: {}
[173.089369] (-) TimerEvent: {}
[173.190148] (-) TimerEvent: {}
[173.290872] (-) TimerEvent: {}
[173.393397] (-) TimerEvent: {}
[173.494133] (-) TimerEvent: {}
[173.594961] (-) TimerEvent: {}
[173.834434] (-) TimerEvent: {}
[173.935260] (-) TimerEvent: {}
[174.041391] (-) TimerEvent: {}
[174.142341] (-) TimerEvent: {}
[174.243272] (-) TimerEvent: {}
[174.344227] (-) TimerEvent: {}
[174.444992] (-) TimerEvent: {}
[174.545839] (-) TimerEvent: {}
[174.863796] (-) TimerEvent: {}
[174.964562] (-) TimerEvent: {}
[175.065395] (-) TimerEvent: {}
[175.246699] (-) TimerEvent: {}
[175.347673] (-) TimerEvent: {}
[175.448591] (-) TimerEvent: {}
[175.549782] (-) TimerEvent: {}
[175.650540] (-) TimerEvent: {}
[175.751303] (-) TimerEvent: {}
[175.852032] (-) TimerEvent: {}
[175.952798] (-) TimerEvent: {}
[176.053556] (-) TimerEvent: {}
[176.154309] (-) TimerEvent: {}
[176.255092] (-) TimerEvent: {}
[176.455800] (-) TimerEvent: {}
[176.556590] (-) TimerEvent: {}
[176.657413] (-) TimerEvent: {}
[176.758238] (-) TimerEvent: {}
[176.859018] (-) TimerEvent: {}
[176.959820] (-) TimerEvent: {}
[177.060592] (-) TimerEvent: {}
[177.161358] (-) TimerEvent: {}
[177.292466] (-) TimerEvent: {}
[177.393337] (-) TimerEvent: {}
[177.494078] (-) TimerEvent: {}
[177.673527] (-) TimerEvent: {}
[177.774282] (-) TimerEvent: {}
[177.875091] (-) TimerEvent: {}
[177.975921] (-) TimerEvent: {}
[178.144760] (-) TimerEvent: {}
[178.245520] (-) TimerEvent: {}
[178.361782] (-) TimerEvent: {}
[178.462787] (-) TimerEvent: {}
[178.515002] (vision_msgs) StdoutLine: {'line': b'[ 27%] Building CXX object CMakeFiles/vision_msgs__rosidl_typesupport_c.dir/rosidl_typesupport_c/vision_msgs/msg/detection_array__type_support.cpp.o\n'}
[178.563288] (-) TimerEvent: {}
[178.664119] (-) TimerEvent: {}
[178.764886] (-) TimerEvent: {}
[178.865693] (-) TimerEvent: {}
[179.243638] (vision_msgs) StdoutLine: {'line': b'[ 29%] Building CXX object CMakeFiles/vision_msgs__rosidl_typesupport_c.dir/rosidl_typesupport_c/vision_msgs/msg/ai_status__type_support.cpp.o\n'}
[179.245301] (-) TimerEvent: {}
[179.345978] (-) TimerEvent: {}
[179.446793] (-) TimerEvent: {}
[179.547635] (-) TimerEvent: {}
[179.648413] (-) TimerEvent: {}
[179.688267] (vision_msgs) StdoutLine: {'line': b'[ 31%] Linking CXX shared library libvision_msgs__rosidl_typesupport_c.so\n'}
[179.748853] (-) TimerEvent: {}
[179.849777] (-) TimerEvent: {}
[179.950497] (-) TimerEvent: {}
[180.188680] (-) TimerEvent: {}
[180.289427] (-) TimerEvent: {}
[180.405534] (-) TimerEvent: {}
[180.506398] (-) TimerEvent: {}
[180.587320] (vision_msgs) StdoutLine: {'line': b'[ 31%] Built target vision_msgs__rosidl_typesupport_c\n'}
[180.606717] (-) TimerEvent: {}
[180.707490] (-) TimerEvent: {}
[181.112994] (vision_msgs) StdoutLine: {'line': b'[ 33%] Generating C type support for eProsima Fast-RTPS\n'}
[181.114884] (-) TimerEvent: {}
[181.215637] (-) TimerEvent: {}
[181.316343] (-) TimerEvent: {}
[181.417033] (-) TimerEvent: {}
[181.517760] (-) TimerEvent: {}
[181.618523] (-) TimerEvent: {}
[181.746793] (-) TimerEvent: {}
[181.848404] (-) TimerEvent: {}
[185.700367] (-) TimerEvent: {}
[185.801210] (-) TimerEvent: {}
[186.069275] (-) TimerEvent: {}
[186.170061] (-) TimerEvent: {}
[187.158711] (-) TimerEvent: {}
[187.259718] (-) TimerEvent: {}
[187.395495] (-) TimerEvent: {}
[187.496350] (-) TimerEvent: {}
[187.597228] (-) TimerEvent: {}
[188.275626] (-) TimerEvent: {}
[188.376417] (-) TimerEvent: {}
[188.477171] (-) TimerEvent: {}
[188.577948] (-) TimerEvent: {}
[188.678670] (-) TimerEvent: {}
[188.779467] (-) TimerEvent: {}
[188.880386] (-) TimerEvent: {}
[188.981164] (-) TimerEvent: {}
[189.081915] (-) TimerEvent: {}
[189.182638] (-) TimerEvent: {}
[189.283378] (-) TimerEvent: {}
[189.384050] (-) TimerEvent: {}
[189.484758] (-) TimerEvent: {}
[189.585501] (-) TimerEvent: {}
[189.686220] (-) TimerEvent: {}
[189.786906] (-) TimerEvent: {}
[189.973323] (-) TimerEvent: {}
[190.074088] (-) TimerEvent: {}
[190.174827] (-) TimerEvent: {}
[190.358516] (-) TimerEvent: {}
[190.459536] (-) TimerEvent: {}
[190.560322] (-) TimerEvent: {}
[190.661304] (-) TimerEvent: {}
[190.762247] (-) TimerEvent: {}
[191.375434] (-) TimerEvent: {}
[191.476164] (-) TimerEvent: {}
[191.622341] (-) TimerEvent: {}
[191.723475] (-) TimerEvent: {}
[192.240862] (-) TimerEvent: {}
[192.341657] (-) TimerEvent: {}
[192.479316] (-) TimerEvent: {}
[192.580248] (-) TimerEvent: {}
[192.625594] (vision_msgs) StdoutLine: {'line': b'Consolidate compiler generated dependencies of target vision_msgs__rosidl_typesupport_fastrtps_c\n'}
[192.680520] (-) TimerEvent: {}
[192.781296] (-) TimerEvent: {}
[192.882052] (-) TimerEvent: {}
[193.054624] (-) TimerEvent: {}
[193.155438] (-) TimerEvent: {}
[193.256277] (-) TimerEvent: {}
[193.357041] (-) TimerEvent: {}
[193.457806] (-) TimerEvent: {}
[193.505405] (vision_msgs) StdoutLine: {'line': b'[ 35%] Building CXX object CMakeFiles/vision_msgs__rosidl_typesupport_fastrtps_c.dir/rosidl_typesupport_fastrtps_c/vision_msgs/msg/detail/detection__type_support_c.cpp.o\n'}
[193.558172] (-) TimerEvent: {}
[193.736610] (-) TimerEvent: {}
[193.837422] (-) TimerEvent: {}
[194.088847] (-) TimerEvent: {}
[194.189626] (-) TimerEvent: {}
[194.348862] (-) TimerEvent: {}
[194.449598] (-) TimerEvent: {}
[194.550270] (-) TimerEvent: {}
[194.657128] (-) TimerEvent: {}
[194.757910] (-) TimerEvent: {}
[194.912607] (-) TimerEvent: {}
[195.122888] (-) TimerEvent: {}
[195.223689] (-) TimerEvent: {}
[195.324423] (-) TimerEvent: {}
[195.425139] (-) TimerEvent: {}
[195.525950] (-) TimerEvent: {}
[195.626691] (-) TimerEvent: {}
[195.727506] (-) TimerEvent: {}
[195.860328] (-) TimerEvent: {}
[195.961070] (-) TimerEvent: {}
[196.061851] (-) TimerEvent: {}
[196.162604] (-) TimerEvent: {}
[196.263535] (-) TimerEvent: {}
[196.364320] (-) TimerEvent: {}
[196.465110] (-) TimerEvent: {}
[196.565878] (-) TimerEvent: {}
[196.737889] (-) TimerEvent: {}
[196.838728] (-) TimerEvent: {}
[196.939600] (-) TimerEvent: {}
[197.040368] (-) TimerEvent: {}
[197.141160] (-) TimerEvent: {}
[197.241929] (-) TimerEvent: {}
[197.342701] (-) TimerEvent: {}
[197.443472] (-) TimerEvent: {}
[197.544203] (-) TimerEvent: {}
[197.644924] (-) TimerEvent: {}
[197.745666] (-) TimerEvent: {}
[197.846425] (-) TimerEvent: {}
[197.947233] (-) TimerEvent: {}
[198.048010] (-) TimerEvent: {}
[198.148759] (-) TimerEvent: {}
[198.249556] (-) TimerEvent: {}
[198.350234] (-) TimerEvent: {}
[198.451026] (-) TimerEvent: {}
[198.551879] (-) TimerEvent: {}
[198.891508] (-) TimerEvent: {}
[198.992335] (-) TimerEvent: {}
[199.093067] (-) TimerEvent: {}
[199.199261] (-) TimerEvent: {}
[199.299946] (-) TimerEvent: {}
[199.548365] (-) TimerEvent: {}
[199.649137] (-) TimerEvent: {}
[199.749868] (-) TimerEvent: {}
[199.850660] (-) TimerEvent: {}
[200.004084] (-) TimerEvent: {}
[200.104830] (-) TimerEvent: {}
[200.238175] (-) TimerEvent: {}
[200.338908] (-) TimerEvent: {}
[200.439747] (-) TimerEvent: {}
[200.540520] (-) TimerEvent: {}
[200.972762] (-) TimerEvent: {}
[201.073661] (-) TimerEvent: {}
[201.174512] (-) TimerEvent: {}
[201.275397] (-) TimerEvent: {}
[201.376261] (-) TimerEvent: {}
[201.561781] (-) TimerEvent: {}
[201.664841] (-) TimerEvent: {}
[201.765721] (-) TimerEvent: {}
[202.111946] (-) TimerEvent: {}
[202.212875] (-) TimerEvent: {}
[202.313741] (-) TimerEvent: {}
[202.414571] (-) TimerEvent: {}
[202.515498] (-) TimerEvent: {}
[202.616308] (-) TimerEvent: {}
[202.717049] (-) TimerEvent: {}
[202.817831] (-) TimerEvent: {}
[202.918652] (-) TimerEvent: {}
[203.019532] (-) TimerEvent: {}
[203.120333] (-) TimerEvent: {}
[203.221163] (-) TimerEvent: {}
[203.321999] (-) TimerEvent: {}
[203.422826] (-) TimerEvent: {}
[203.523792] (-) TimerEvent: {}
[203.624637] (-) TimerEvent: {}
[203.725489] (-) TimerEvent: {}
[203.826226] (-) TimerEvent: {}
[203.926956] (-) TimerEvent: {}
[204.027729] (-) TimerEvent: {}
[204.128531] (-) TimerEvent: {}
[204.229238] (-) TimerEvent: {}
[204.329999] (-) TimerEvent: {}
[204.430733] (-) TimerEvent: {}
[204.531618] (-) TimerEvent: {}
[204.632339] (-) TimerEvent: {}
[204.733013] (-) TimerEvent: {}
[204.833728] (-) TimerEvent: {}
[204.934435] (-) TimerEvent: {}
[205.035229] (-) TimerEvent: {}
[205.135957] (-) TimerEvent: {}
[205.236678] (-) TimerEvent: {}
[205.337406] (-) TimerEvent: {}
[205.438132] (-) TimerEvent: {}
[205.538859] (-) TimerEvent: {}
[205.639650] (-) TimerEvent: {}
[205.740461] (-) TimerEvent: {}
[205.841221] (-) TimerEvent: {}
[205.941945] (-) TimerEvent: {}
[206.042687] (-) TimerEvent: {}
[206.143493] (-) TimerEvent: {}
[206.244250] (-) TimerEvent: {}
[206.345002] (-) TimerEvent: {}
[206.445797] (-) TimerEvent: {}
[207.105557] (-) TimerEvent: {}
[207.206386] (-) TimerEvent: {}
[207.307318] (-) TimerEvent: {}
[207.408112] (-) TimerEvent: {}
[207.548849] (-) TimerEvent: {}
[207.649640] (-) TimerEvent: {}
[207.958011] (-) TimerEvent: {}
[208.058872] (-) TimerEvent: {}
[208.159733] (-) TimerEvent: {}
[208.260581] (-) TimerEvent: {}
[208.361513] (-) TimerEvent: {}
[208.462306] (-) TimerEvent: {}
[208.563369] (-) TimerEvent: {}
[208.657332] (vision_msgs) StdoutLine: {'line': b'[ 37%] Building CXX object CMakeFiles/vision_msgs__rosidl_typesupport_fastrtps_c.dir/rosidl_typesupport_fastrtps_c/vision_msgs/msg/detail/detection_array__type_support_c.cpp.o\n'}
[208.663642] (-) TimerEvent: {}
[208.764430] (-) TimerEvent: {}
[208.865259] (-) TimerEvent: {}
[209.070632] (-) TimerEvent: {}
[209.171439] (-) TimerEvent: {}
[209.272292] (-) TimerEvent: {}
[209.472669] (-) TimerEvent: {}
[209.573429] (-) TimerEvent: {}
[209.674269] (-) TimerEvent: {}
[209.776267] (-) TimerEvent: {}
[209.877213] (-) TimerEvent: {}
[209.978060] (-) TimerEvent: {}
[210.080283] (-) TimerEvent: {}
[210.181122] (-) TimerEvent: {}
[210.282029] (-) TimerEvent: {}
[210.382834] (-) TimerEvent: {}
[210.657760] (-) TimerEvent: {}
[210.758604] (-) TimerEvent: {}
[210.978653] (-) TimerEvent: {}
[211.079528] (-) TimerEvent: {}
[211.390876] (-) TimerEvent: {}
[211.491812] (-) TimerEvent: {}
[211.592688] (-) TimerEvent: {}
[211.733551] (-) TimerEvent: {}
[211.834337] (-) TimerEvent: {}
[211.935268] (-) TimerEvent: {}
[212.291033] (-) TimerEvent: {}
[212.391965] (-) TimerEvent: {}
[212.492860] (-) TimerEvent: {}
[212.598299] (-) TimerEvent: {}
[212.700028] (-) TimerEvent: {}
[212.800772] (-) TimerEvent: {}
[212.877256] (vision_msgs) StdoutLine: {'line': b'[ 39%] Building CXX object CMakeFiles/vision_msgs__rosidl_typesupport_fastrtps_c.dir/rosidl_typesupport_fastrtps_c/vision_msgs/msg/detail/ai_status__type_support_c.cpp.o\n'}
[212.901149] (-) TimerEvent: {}
[213.001962] (-) TimerEvent: {}
[213.314557] (-) TimerEvent: {}
[213.415398] (-) TimerEvent: {}
[213.516121] (-) TimerEvent: {}
[213.616807] (-) TimerEvent: {}
[213.717582] (-) TimerEvent: {}
[213.818467] (-) TimerEvent: {}
[214.146440] (-) TimerEvent: {}
[214.280696] (-) TimerEvent: {}
[214.498183] (-) TimerEvent: {}
[214.598991] (-) TimerEvent: {}
[214.699818] (-) TimerEvent: {}
[214.860411] (-) TimerEvent: {}
[214.961226] (-) TimerEvent: {}
[215.140696] (-) TimerEvent: {}
[215.241567] (-) TimerEvent: {}
[215.661431] (-) TimerEvent: {}
[215.762328] (-) TimerEvent: {}
[216.219317] (-) TimerEvent: {}
[216.320171] (-) TimerEvent: {}
[216.479414] (-) TimerEvent: {}
[216.656884] (-) TimerEvent: {}
[216.758418] (-) TimerEvent: {}
[216.939630] (-) TimerEvent: {}
[217.040437] (-) TimerEvent: {}
[217.464173] (vision_msgs) StdoutLine: {'line': b'[ 41%] Linking CXX shared library libvision_msgs__rosidl_typesupport_fastrtps_c.so\n'}
[217.465852] (-) TimerEvent: {}
[217.566457] (-) TimerEvent: {}
[217.667141] (-) TimerEvent: {}
[217.845009] (-) TimerEvent: {}
[217.945885] (-) TimerEvent: {}
[218.046617] (-) TimerEvent: {}
[218.147526] (-) TimerEvent: {}
[218.500255] (-) TimerEvent: {}
[218.600968] (-) TimerEvent: {}
[218.701742] (-) TimerEvent: {}
[218.948265] (-) TimerEvent: {}
[219.049044] (-) TimerEvent: {}
[219.367409] (-) TimerEvent: {}
[219.468362] (-) TimerEvent: {}
[219.586203] (-) TimerEvent: {}
[219.687078] (-) TimerEvent: {}
[219.784282] (vision_msgs) StdoutLine: {'line': b'[ 41%] Built target vision_msgs__rosidl_typesupport_fastrtps_c\n'}
[219.788154] (-) TimerEvent: {}
[219.889072] (-) TimerEvent: {}
[219.990049] (-) TimerEvent: {}
[220.093486] (-) TimerEvent: {}
[220.291504] (-) TimerEvent: {}
[220.392363] (-) TimerEvent: {}
[220.510997] (-) TimerEvent: {}
[220.611880] (-) TimerEvent: {}
[221.965103] (-) TimerEvent: {}
[222.065910] (-) TimerEvent: {}
[222.200418] (-) TimerEvent: {}
[222.301161] (-) TimerEvent: {}
[222.401938] (-) TimerEvent: {}
[222.595566] (-) TimerEvent: {}
[222.696313] (-) TimerEvent: {}
[222.826787] (-) TimerEvent: {}
[222.927702] (-) TimerEvent: {}
[223.028498] (-) TimerEvent: {}
[223.129296] (-) TimerEvent: {}
[223.230123] (-) TimerEvent: {}
[223.330917] (-) TimerEvent: {}
[223.472800] (-) TimerEvent: {}
[223.538599] (vision_msgs) StdoutLine: {'line': b'running egg_info\n'}
[223.616862] (-) TimerEvent: {}
[223.617204] (vision_msgs) StdoutLine: {'line': b'writing vision_msgs.egg-info/PKG-INFO\n'}
[223.618777] (vision_msgs) StdoutLine: {'line': b'writing dependency_links to vision_msgs.egg-info/dependency_links.txt\n'}
[223.620603] (vision_msgs) StdoutLine: {'line': b'writing top-level names to vision_msgs.egg-info/top_level.txt\n'}
[223.717140] (-) TimerEvent: {}
[223.796818] (vision_msgs) StdoutLine: {'line': b"reading manifest file 'vision_msgs.egg-info/SOURCES.txt'\n"}
[223.805365] (vision_msgs) StdoutLine: {'line': b"writing manifest file 'vision_msgs.egg-info/SOURCES.txt'\n"}
[223.817924] (-) TimerEvent: {}
[223.920263] (-) TimerEvent: {}
[224.021273] (-) TimerEvent: {}
[224.116736] (vision_msgs) StdoutLine: {'line': b'[ 41%] Built target ament_cmake_python_build_vision_msgs_egg\n'}
[224.272312] (-) TimerEvent: {}
[224.329905] (vision_msgs) StdoutLine: {'line': b'[ 43%] Generating Rust code for ROS interfaces\n'}
[224.375266] (-) TimerEvent: {}
[224.476109] (-) TimerEvent: {}
[224.576966] (-) TimerEvent: {}
[224.830782] (-) TimerEvent: {}
[224.931637] (-) TimerEvent: {}
[225.128304] (-) TimerEvent: {}
[225.229114] (-) TimerEvent: {}
[225.329922] (-) TimerEvent: {}
[225.430823] (-) TimerEvent: {}
[225.532794] (-) TimerEvent: {}
[225.633502] (-) TimerEvent: {}
[225.905282] (-) TimerEvent: {}
[226.012689] (-) TimerEvent: {}
[226.113416] (-) TimerEvent: {}
[226.214240] (-) TimerEvent: {}
[226.315256] (-) TimerEvent: {}
[226.416031] (-) TimerEvent: {}
[226.516764] (-) TimerEvent: {}
[226.631634] (-) TimerEvent: {}
[226.732490] (-) TimerEvent: {}
[226.894885] (-) TimerEvent: {}
[226.995826] (-) TimerEvent: {}
[227.164593] (-) TimerEvent: {}
[227.265470] (-) TimerEvent: {}
[227.371806] (-) TimerEvent: {}
[227.472682] (-) TimerEvent: {}
[227.643797] (-) TimerEvent: {}
[227.744672] (-) TimerEvent: {}
[227.845605] (-) TimerEvent: {}
[227.948810] (-) TimerEvent: {}
[228.049702] (-) TimerEvent: {}
[228.234147] (-) TimerEvent: {}
[228.335092] (-) TimerEvent: {}
[228.466532] (-) TimerEvent: {}
[228.567541] (-) TimerEvent: {}
[228.668526] (-) TimerEvent: {}
[228.769463] (-) TimerEvent: {}
[228.870390] (-) TimerEvent: {}
[228.971479] (-) TimerEvent: {}
[229.152471] (-) TimerEvent: {}
[229.261816] (-) TimerEvent: {}
[229.362837] (-) TimerEvent: {}
[229.465695] (-) TimerEvent: {}
[229.566798] (-) TimerEvent: {}
[229.668503] (-) TimerEvent: {}
[229.771117] (-) TimerEvent: {}
[229.872004] (-) TimerEvent: {}
[229.972849] (-) TimerEvent: {}
[230.327393] (-) TimerEvent: {}
[230.428192] (-) TimerEvent: {}
[230.528985] (-) TimerEvent: {}
[230.629842] (-) TimerEvent: {}
[230.730634] (-) TimerEvent: {}
[231.033182] (-) TimerEvent: {}
[231.136916] (-) TimerEvent: {}
[231.620082] (-) TimerEvent: {}
[232.227512] (-) TimerEvent: {}
[232.328361] (-) TimerEvent: {}
[232.429554] (-) TimerEvent: {}
[232.530417] (-) TimerEvent: {}
[232.896351] (-) TimerEvent: {}
[233.016066] (-) TimerEvent: {}
[233.116818] (-) TimerEvent: {}
[233.217645] (-) TimerEvent: {}
[236.974391] (vision_msgs) StdoutLine: {'line': b'[ 43%] Built target vision_msgs__rs\n'}
[236.976155] (-) TimerEvent: {}
[237.076807] (-) TimerEvent: {}
[237.177667] (-) TimerEvent: {}
[237.382151] (vision_msgs) StdoutLine: {'line': b'[ 45%] Generating C++ code for ROS interfaces\n'}
[237.383920] (-) TimerEvent: {}
[237.484598] (-) TimerEvent: {}
[237.585345] (-) TimerEvent: {}
[237.717235] (-) TimerEvent: {}
[237.818004] (-) TimerEvent: {}
[237.918808] (-) TimerEvent: {}
[238.024295] (-) TimerEvent: {}
[238.125147] (-) TimerEvent: {}
[238.258639] (-) TimerEvent: {}
[238.397494] (-) TimerEvent: {}
[238.498370] (-) TimerEvent: {}
[238.706615] (-) TimerEvent: {}
[238.807383] (-) TimerEvent: {}
[238.908153] (-) TimerEvent: {}
[239.008958] (-) TimerEvent: {}
[239.109696] (-) TimerEvent: {}
[239.210512] (-) TimerEvent: {}
[239.311658] (-) TimerEvent: {}
[239.412461] (-) TimerEvent: {}
[239.513241] (-) TimerEvent: {}
[239.635870] (-) TimerEvent: {}
[239.783502] (-) TimerEvent: {}
[239.884693] (-) TimerEvent: {}
[239.985519] (-) TimerEvent: {}
[240.086400] (-) TimerEvent: {}
[240.187401] (-) TimerEvent: {}
[240.288311] (-) TimerEvent: {}
[240.389229] (-) TimerEvent: {}
[240.490095] (-) TimerEvent: {}
[240.590969] (-) TimerEvent: {}
[240.691891] (-) TimerEvent: {}
[240.792665] (-) TimerEvent: {}
[240.893475] (-) TimerEvent: {}
[240.994257] (-) TimerEvent: {}
[241.095007] (-) TimerEvent: {}
[241.241207] (-) TimerEvent: {}
[241.341991] (-) TimerEvent: {}
[241.442721] (-) TimerEvent: {}
[241.543486] (-) TimerEvent: {}
[241.644238] (-) TimerEvent: {}
[241.745035] (-) TimerEvent: {}
[241.845803] (-) TimerEvent: {}
[241.946552] (-) TimerEvent: {}
[242.047347] (-) TimerEvent: {}
[242.165725] (-) TimerEvent: {}
[242.266490] (-) TimerEvent: {}
[242.496190] (-) TimerEvent: {}
[242.597029] (-) TimerEvent: {}
[242.697885] (-) TimerEvent: {}
[242.798628] (-) TimerEvent: {}
[243.066294] (-) TimerEvent: {}
[243.167027] (-) TimerEvent: {}
[243.881819] (-) TimerEvent: {}
[243.982496] (-) TimerEvent: {}
[244.083257] (-) TimerEvent: {}
[244.183973] (-) TimerEvent: {}
[244.332414] (-) TimerEvent: {}
[244.433130] (-) TimerEvent: {}
[244.717725] (-) TimerEvent: {}
[244.818490] (-) TimerEvent: {}
[244.919561] (-) TimerEvent: {}
[245.020598] (-) TimerEvent: {}
[245.197792] (-) TimerEvent: {}
[245.298754] (-) TimerEvent: {}
[245.400325] (-) TimerEvent: {}
[245.501184] (-) TimerEvent: {}
[245.695146] (-) TimerEvent: {}
[245.796770] (-) TimerEvent: {}
[246.159463] (-) TimerEvent: {}
[246.260380] (-) TimerEvent: {}
[246.361555] (-) TimerEvent: {}
[246.613754] (-) TimerEvent: {}
[246.714566] (-) TimerEvent: {}
[246.815512] (-) TimerEvent: {}
[246.916230] (-) TimerEvent: {}
[247.017001] (-) TimerEvent: {}
[247.118003] (-) TimerEvent: {}
[247.218835] (-) TimerEvent: {}
[247.319747] (-) TimerEvent: {}
[247.420548] (-) TimerEvent: {}
[247.559305] (vision_msgs) StdoutLine: {'line': b'[ 45%] Built target vision_msgs__cpp\n'}
[247.561011] (-) TimerEvent: {}
[247.659002] (vision_msgs) StdoutLine: {'line': b'[ 47%] Generating C++ type support for eProsima Fast-RTPS\n'}
[247.796076] (-) TimerEvent: {}
[247.896759] (-) TimerEvent: {}
[248.024942] (-) TimerEvent: {}
[248.125650] (-) TimerEvent: {}
[248.333252] (-) TimerEvent: {}
[248.570789] (-) TimerEvent: {}
[248.671642] (-) TimerEvent: {}
[248.772409] (-) TimerEvent: {}
[248.997574] (-) TimerEvent: {}
[249.098330] (-) TimerEvent: {}
[249.199060] (-) TimerEvent: {}
[249.338035] (-) TimerEvent: {}
[249.438784] (-) TimerEvent: {}
[249.539555] (-) TimerEvent: {}
[249.640285] (-) TimerEvent: {}
[249.741035] (-) TimerEvent: {}
[249.841845] (-) TimerEvent: {}
[249.960864] (-) TimerEvent: {}
[250.139968] (-) TimerEvent: {}
[250.240783] (-) TimerEvent: {}
[250.341547] (-) TimerEvent: {}
[250.464481] (-) TimerEvent: {}
[250.565251] (-) TimerEvent: {}
[250.665917] (-) TimerEvent: {}
[250.766583] (-) TimerEvent: {}
[250.887752] (-) TimerEvent: {}
[250.988473] (-) TimerEvent: {}
[251.089183] (-) TimerEvent: {}
[251.189961] (-) TimerEvent: {}
[251.290714] (-) TimerEvent: {}
[251.563278] (-) TimerEvent: {}
[251.664105] (-) TimerEvent: {}
[251.764819] (-) TimerEvent: {}
[251.865566] (-) TimerEvent: {}
[251.966387] (-) TimerEvent: {}
[252.067242] (-) TimerEvent: {}
[252.168007] (-) TimerEvent: {}
[252.268771] (-) TimerEvent: {}
[252.369556] (-) TimerEvent: {}
[252.470381] (-) TimerEvent: {}
[253.522726] (-) TimerEvent: {}
[253.715479] (-) TimerEvent: {}
[253.816153] (-) TimerEvent: {}
[253.916836] (-) TimerEvent: {}
[254.017628] (-) TimerEvent: {}
[254.118544] (-) TimerEvent: {}
[254.219840] (-) TimerEvent: {}
[254.320572] (-) TimerEvent: {}
[254.421315] (-) TimerEvent: {}
[254.522076] (-) TimerEvent: {}
[254.622917] (-) TimerEvent: {}
[254.724251] (-) TimerEvent: {}
[254.904885] (-) TimerEvent: {}
[255.005643] (-) TimerEvent: {}
[255.313402] (-) TimerEvent: {}
[255.513616] (-) TimerEvent: {}
[255.614366] (-) TimerEvent: {}
[255.724066] (-) TimerEvent: {}
[255.824823] (-) TimerEvent: {}
[256.030208] (-) TimerEvent: {}
[256.131086] (-) TimerEvent: {}
[256.231871] (-) TimerEvent: {}
[256.459401] (-) TimerEvent: {}
[256.560402] (-) TimerEvent: {}
[256.661232] (-) TimerEvent: {}
[256.923603] (-) TimerEvent: {}
[257.024450] (-) TimerEvent: {}
[257.125305] (-) TimerEvent: {}
[257.284091] (-) TimerEvent: {}
[257.355759] (vision_msgs) StdoutLine: {'line': b'Consolidate compiler generated dependencies of target vision_msgs__rosidl_typesupport_fastrtps_cpp\n'}
[257.384417] (-) TimerEvent: {}
[257.485186] (-) TimerEvent: {}
[257.585953] (-) TimerEvent: {}
[257.686722] (-) TimerEvent: {}
[257.787490] (-) TimerEvent: {}
[257.909260] (vision_msgs) StdoutLine: {'line': b'[ 50%] Building CXX object CMakeFiles/vision_msgs__rosidl_typesupport_fastrtps_cpp.dir/rosidl_typesupport_fastrtps_cpp/vision_msgs/msg/detail/dds_fastrtps/detection__type_support.cpp.o\n'}
[257.911321] (-) TimerEvent: {}
[258.012097] (-) TimerEvent: {}
[258.112902] (-) TimerEvent: {}
[258.213664] (-) TimerEvent: {}
[258.508727] (-) TimerEvent: {}
[258.609477] (-) TimerEvent: {}
[258.710209] (-) TimerEvent: {}
[258.854784] (-) TimerEvent: {}
[258.955600] (-) TimerEvent: {}
[259.094717] (-) TimerEvent: {}
[259.195468] (-) TimerEvent: {}
[259.296578] (-) TimerEvent: {}
[259.397387] (-) TimerEvent: {}
[259.498114] (-) TimerEvent: {}
[259.598826] (-) TimerEvent: {}
[259.699497] (-) TimerEvent: {}
[259.851523] (-) TimerEvent: {}
[259.952365] (-) TimerEvent: {}
[260.244126] (-) TimerEvent: {}
[260.344923] (-) TimerEvent: {}
[260.445725] (-) TimerEvent: {}
[260.546555] (-) TimerEvent: {}
[260.647385] (-) TimerEvent: {}
[260.748189] (-) TimerEvent: {}
[260.862222] (-) TimerEvent: {}
[261.028977] (-) TimerEvent: {}
[261.129885] (-) TimerEvent: {}
[261.230736] (-) TimerEvent: {}
[261.331583] (-) TimerEvent: {}
[261.471704] (-) TimerEvent: {}
[261.572544] (-) TimerEvent: {}
[261.673388] (-) TimerEvent: {}
[261.774247] (-) TimerEvent: {}
[261.875255] (-) TimerEvent: {}
[262.011711] (-) TimerEvent: {}
[262.112613] (-) TimerEvent: {}
[262.213447] (-) TimerEvent: {}
[262.314310] (-) TimerEvent: {}
[262.450662] (-) TimerEvent: {}
[262.551608] (-) TimerEvent: {}
[262.652429] (-) TimerEvent: {}
[262.753239] (-) TimerEvent: {}
[262.854073] (-) TimerEvent: {}
[262.954901] (-) TimerEvent: {}
[263.055804] (-) TimerEvent: {}
[263.156621] (-) TimerEvent: {}
[263.368892] (-) TimerEvent: {}
[263.469724] (-) TimerEvent: {}
[263.570622] (-) TimerEvent: {}
[263.672553] (-) TimerEvent: {}
[263.773395] (-) TimerEvent: {}
[263.874267] (-) TimerEvent: {}
[263.975107] (-) TimerEvent: {}
[264.075987] (-) TimerEvent: {}
[264.176791] (-) TimerEvent: {}
[264.277548] (-) TimerEvent: {}
[264.378336] (-) TimerEvent: {}
[264.479127] (-) TimerEvent: {}
[264.580036] (-) TimerEvent: {}
[264.680883] (-) TimerEvent: {}
[264.781646] (-) TimerEvent: {}
[264.882383] (-) TimerEvent: {}
[264.983217] (-) TimerEvent: {}
[265.084041] (-) TimerEvent: {}
[265.184806] (-) TimerEvent: {}
[265.285571] (-) TimerEvent: {}
[265.386316] (-) TimerEvent: {}
[265.487061] (-) TimerEvent: {}
[265.587887] (-) TimerEvent: {}
[265.688843] (-) TimerEvent: {}
[265.789635] (-) TimerEvent: {}
[265.890460] (-) TimerEvent: {}
[265.991250] (-) TimerEvent: {}
[266.092042] (-) TimerEvent: {}
[266.192778] (-) TimerEvent: {}
[266.293641] (-) TimerEvent: {}
[266.394403] (-) TimerEvent: {}
[266.495150] (-) TimerEvent: {}
[266.595925] (-) TimerEvent: {}
[266.696754] (-) TimerEvent: {}
[266.797576] (-) TimerEvent: {}
[266.898292] (-) TimerEvent: {}
[267.229129] (vision_msgs) StdoutLine: {'line': b'[ 52%] Building CXX object CMakeFiles/vision_msgs__rosidl_typesupport_fastrtps_cpp.dir/rosidl_typesupport_fastrtps_cpp/vision_msgs/msg/detail/dds_fastrtps/detection_array__type_support.cpp.o\n'}
[267.230827] (-) TimerEvent: {}
[267.331562] (-) TimerEvent: {}
[267.432381] (-) TimerEvent: {}
[267.533164] (-) TimerEvent: {}
[267.633947] (-) TimerEvent: {}
[267.734704] (-) TimerEvent: {}
[267.835462] (-) TimerEvent: {}
[268.086157] (-) TimerEvent: {}
[268.186922] (-) TimerEvent: {}
[268.492237] (-) TimerEvent: {}
[268.593054] (-) TimerEvent: {}
[268.822274] (-) TimerEvent: {}
[268.923102] (-) TimerEvent: {}
[269.023961] (-) TimerEvent: {}
[269.183840] (-) TimerEvent: {}
[269.336406] (-) TimerEvent: {}
[269.437284] (-) TimerEvent: {}
[269.538206] (-) TimerEvent: {}
[269.639327] (-) TimerEvent: {}
[269.740169] (-) TimerEvent: {}
[269.841005] (-) TimerEvent: {}
[269.941888] (-) TimerEvent: {}
[270.042776] (-) TimerEvent: {}
[270.143689] (-) TimerEvent: {}
[270.244565] (-) TimerEvent: {}
[270.345361] (-) TimerEvent: {}
[270.498145] (-) TimerEvent: {}
[270.706904] (-) TimerEvent: {}
[270.808018] (-) TimerEvent: {}
[270.908870] (-) TimerEvent: {}
[271.081182] (-) TimerEvent: {}
[271.181987] (-) TimerEvent: {}
[271.283496] (-) TimerEvent: {}
[271.384401] (-) TimerEvent: {}
[271.485296] (-) TimerEvent: {}
[271.587030] (-) TimerEvent: {}
[271.687935] (-) TimerEvent: {}
[271.788810] (-) TimerEvent: {}
[271.889676] (-) TimerEvent: {}
[271.990549] (-) TimerEvent: {}
[272.091498] (-) TimerEvent: {}
[272.192317] (-) TimerEvent: {}
[272.315253] (-) TimerEvent: {}
[272.423464] (-) TimerEvent: {}
[272.524272] (-) TimerEvent: {}
[272.625054] (-) TimerEvent: {}
[272.725788] (-) TimerEvent: {}
[272.826591] (-) TimerEvent: {}
[272.927509] (-) TimerEvent: {}
[273.028279] (-) TimerEvent: {}
[273.063122] (vision_msgs) StdoutLine: {'line': b'[ 54%] Building CXX object CMakeFiles/vision_msgs__rosidl_typesupport_fastrtps_cpp.dir/rosidl_typesupport_fastrtps_cpp/vision_msgs/msg/detail/dds_fastrtps/ai_status__type_support.cpp.o\n'}
[273.128628] (-) TimerEvent: {}
[273.229460] (-) TimerEvent: {}
[273.518985] (-) TimerEvent: {}
[273.619912] (-) TimerEvent: {}
[273.720703] (-) TimerEvent: {}
[273.821493] (-) TimerEvent: {}
[273.922266] (-) TimerEvent: {}
[274.023074] (-) TimerEvent: {}
[274.123949] (-) TimerEvent: {}
[274.224738] (-) TimerEvent: {}
[274.569285] (-) TimerEvent: {}
[274.670105] (-) TimerEvent: {}
[274.770904] (-) TimerEvent: {}
[274.871811] (-) TimerEvent: {}
[275.066293] (-) TimerEvent: {}
[275.310840] (-) TimerEvent: {}
[275.411813] (-) TimerEvent: {}
[275.588252] (-) TimerEvent: {}
[275.820343] (-) TimerEvent: {}
[275.921230] (-) TimerEvent: {}
[276.022171] (-) TimerEvent: {}
[276.123062] (-) TimerEvent: {}
[276.223998] (-) TimerEvent: {}
[276.324941] (-) TimerEvent: {}
[276.425863] (-) TimerEvent: {}
[276.578022] (-) TimerEvent: {}
[276.678951] (-) TimerEvent: {}
[276.878905] (-) TimerEvent: {}
[277.084330] (-) TimerEvent: {}
[277.185163] (-) TimerEvent: {}
[277.285985] (-) TimerEvent: {}
[277.386803] (-) TimerEvent: {}
[277.554153] (-) TimerEvent: {}
[277.998222] (-) TimerEvent: {}
[278.022406] (vision_msgs) StdoutLine: {'line': b'[ 56%] Linking CXX shared library libvision_msgs__rosidl_typesupport_fastrtps_cpp.so\n'}
[278.098513] (-) TimerEvent: {}
[278.199328] (-) TimerEvent: {}
[278.367217] (-) TimerEvent: {}
[278.467956] (-) TimerEvent: {}
[278.568670] (-) TimerEvent: {}
[278.890121] (-) TimerEvent: {}
[278.991049] (-) TimerEvent: {}
[279.379031] (-) TimerEvent: {}
[279.479834] (-) TimerEvent: {}
[279.580610] (-) TimerEvent: {}
[279.681396] (-) TimerEvent: {}
[280.181359] (vision_msgs) StdoutLine: {'line': b'[ 56%] Built target vision_msgs__rosidl_typesupport_fastrtps_cpp\n'}
[280.182888] (-) TimerEvent: {}
[280.282621] (vision_msgs) StdoutLine: {'line': b'[ 58%] Generating C++ type support dispatch for ROS interfaces\n'}
[280.284813] (-) TimerEvent: {}
[280.385481] (-) TimerEvent: {}
[280.568181] (-) TimerEvent: {}
[280.668907] (-) TimerEvent: {}
[280.857425] (-) TimerEvent: {}
[280.958340] (-) TimerEvent: {}
[281.059082] (-) TimerEvent: {}
[281.159840] (-) TimerEvent: {}
[281.714439] (-) TimerEvent: {}
[281.815158] (-) TimerEvent: {}
[282.000544] (-) TimerEvent: {}
[282.101282] (-) TimerEvent: {}
[282.387829] (-) TimerEvent: {}
[282.488600] (-) TimerEvent: {}
[282.589336] (-) TimerEvent: {}
[282.690139] (-) TimerEvent: {}
[282.790921] (-) TimerEvent: {}
[282.891743] (-) TimerEvent: {}
[282.992476] (-) TimerEvent: {}
[283.093191] (-) TimerEvent: {}
[283.193928] (-) TimerEvent: {}
[283.294665] (-) TimerEvent: {}
[283.395463] (-) TimerEvent: {}
[283.496205] (-) TimerEvent: {}
[283.840810] (-) TimerEvent: {}
[283.941591] (-) TimerEvent: {}
[284.172581] (-) TimerEvent: {}
[284.273317] (-) TimerEvent: {}
[284.473151] (-) TimerEvent: {}
[284.583700] (-) TimerEvent: {}
[284.684433] (-) TimerEvent: {}
[284.785209] (-) TimerEvent: {}
[284.990746] (-) TimerEvent: {}
[285.091693] (-) TimerEvent: {}
[285.192489] (-) TimerEvent: {}
[285.590865] (-) TimerEvent: {}
[285.693634] (-) TimerEvent: {}
[285.851664] (-) TimerEvent: {}
[285.952408] (-) TimerEvent: {}
[286.432119] (-) TimerEvent: {}
[286.574700] (-) TimerEvent: {}
[286.675467] (-) TimerEvent: {}
[287.006562] (vision_msgs) StdoutLine: {'line': b'Consolidate compiler generated dependencies of target vision_msgs__rosidl_typesupport_cpp\n'}
[287.008288] (-) TimerEvent: {}
[287.108937] (-) TimerEvent: {}
[287.209788] (-) TimerEvent: {}
[287.310577] (-) TimerEvent: {}
[287.411469] (-) TimerEvent: {}
[287.711668] (vision_msgs) StdoutLine: {'line': b'[ 60%] Building CXX object CMakeFiles/vision_msgs__rosidl_typesupport_cpp.dir/rosidl_typesupport_cpp/vision_msgs/msg/detection__type_support.cpp.o\n'}
[287.713332] (-) TimerEvent: {}
[287.814067] (-) TimerEvent: {}
[287.914920] (-) TimerEvent: {}
[288.224675] (-) TimerEvent: {}
[288.325447] (-) TimerEvent: {}
[288.426205] (-) TimerEvent: {}
[288.526961] (-) TimerEvent: {}
[288.627769] (-) TimerEvent: {}
[288.728503] (-) TimerEvent: {}
[289.105831] (-) TimerEvent: {}
[289.206635] (-) TimerEvent: {}
[289.601557] (-) TimerEvent: {}
[289.748662] (-) TimerEvent: {}
[289.849486] (-) TimerEvent: {}
[289.950352] (-) TimerEvent: {}
[290.051327] (-) TimerEvent: {}
[290.152216] (-) TimerEvent: {}
