[1.270s] DEBUG:colcon:Command line arguments: ['/usr/bin/colcon', 'build', '--packages-select', 'vision_msgs']
[1.271s] DEBUG:colcon:Parsed command line arguments: Namespace(log_base=None, log_level=None, verb_name='build', build_base='build', install_base='install', merge_install=False, symlink_install=False, test_result_base=None, continue_on_error=False, executor='parallel', parallel_workers=4, event_handlers=None, ignore_user_meta=False, metas=['./colcon.meta'], base_paths=['.'], packages_ignore=None, packages_ignore_regex=None, paths=None, packages_up_to=None, packages_up_to_regex=None, packages_above=None, packages_above_and_dependencies=None, packages_above_depth=None, packages_select_by_dep=None, packages_skip_by_dep=None, packages_skip_up_to=None, packages_select_build_failed=False, packages_skip_build_finished=False, packages_select_test_failures=False, packages_skip_test_passed=False, packages_select=['vision_msgs'], packages_skip=None, packages_select_regex=None, packages_skip_regex=None, packages_start=None, packages_end=None, allow_overriding=[], cmake_args=None, cmake_target=None, cmake_target_skip_unavailable=False, cmake_clean_cache=False, cmake_clean_first=False, cmake_force_configure=False, ament_cmake_args=None, catkin_cmake_args=None, catkin_skip_building_tests=False, verb_parser=<colcon_defaults.argument_parser.defaults.DefaultArgumentsDecorator object at 0xffff814e6560>, verb_extension=<colcon_core.verb.build.BuildVerb object at 0xffff815f3cd0>, main=<bound method BuildVerb.main of <colcon_core.verb.build.BuildVerb object at 0xffff815f3cd0>>)
[3.243s] Level 1:colcon.colcon_core.package_discovery:discover_packages(colcon_meta) check parameters
[3.244s] Level 1:colcon.colcon_core.package_discovery:discover_packages(recursive) check parameters
[3.244s] Level 1:colcon.colcon_core.package_discovery:discover_packages(ignore) check parameters
[3.245s] Level 1:colcon.colcon_core.package_discovery:discover_packages(path) check parameters
[3.245s] Level 1:colcon.colcon_core.package_discovery:discover_packages(colcon_meta) discover
[3.246s] Level 1:colcon.colcon_core.package_discovery:discover_packages(recursive) discover
[3.247s] INFO:colcon.colcon_core.package_discovery:Crawling recursively for packages in '/home/robot/robot_ws'
[3.248s] Level 1:colcon.colcon_core.package_identification:_identify(.) by extensions ['ignore', 'ignore_ament_install']
[3.249s] Level 1:colcon.colcon_core.package_identification:_identify(.) by extension 'ignore'
[3.250s] Level 1:colcon.colcon_core.package_identification:_identify(.) by extension 'ignore_ament_install'
[3.251s] Level 1:colcon.colcon_core.package_identification:_identify(.) by extensions ['colcon_pkg']
[3.251s] Level 1:colcon.colcon_core.package_identification:_identify(.) by extension 'colcon_pkg'
[3.252s] Level 1:colcon.colcon_core.package_identification:_identify(.) by extensions ['colcon_meta']
[3.252s] Level 1:colcon.colcon_core.package_identification:_identify(.) by extension 'colcon_meta'
[3.253s] Level 1:colcon.colcon_core.package_identification:_identify(.) by extensions ['ros']
[3.253s] Level 1:colcon.colcon_core.package_identification:_identify(.) by extension 'ros'
[3.373s] Level 1:colcon.colcon_core.package_identification:_identify(.) by extensions ['cmake', 'python']
[3.373s] Level 1:colcon.colcon_core.package_identification:_identify(.) by extension 'cmake'
[3.374s] Level 1:colcon.colcon_core.package_identification:_identify(.) by extension 'python'
[3.375s] Level 1:colcon.colcon_core.package_identification:_identify(.) by extensions ['python_setup_py']
[3.375s] Level 1:colcon.colcon_core.package_identification:_identify(.) by extension 'python_setup_py'
[3.377s] Level 1:colcon.colcon_core.package_identification:_identify(build) by extensions ['ignore', 'ignore_ament_install']
[3.378s] Level 1:colcon.colcon_core.package_identification:_identify(build) by extension 'ignore'
[3.379s] Level 1:colcon.colcon_core.package_identification:_identify(build) ignored
[3.381s] Level 1:colcon.colcon_core.package_identification:_identify(install) by extensions ['ignore', 'ignore_ament_install']
[3.382s] Level 1:colcon.colcon_core.package_identification:_identify(install) by extension 'ignore'
[3.382s] Level 1:colcon.colcon_core.package_identification:_identify(install) ignored
[3.385s] Level 1:colcon.colcon_core.package_identification:_identify(log) by extensions ['ignore', 'ignore_ament_install']
[3.386s] Level 1:colcon.colcon_core.package_identification:_identify(log) by extension 'ignore'
[3.386s] Level 1:colcon.colcon_core.package_identification:_identify(log) ignored
[3.388s] Level 1:colcon.colcon_core.package_identification:_identify(src) by extensions ['ignore', 'ignore_ament_install']
[3.388s] Level 1:colcon.colcon_core.package_identification:_identify(src) by extension 'ignore'
[3.389s] Level 1:colcon.colcon_core.package_identification:_identify(src) by extension 'ignore_ament_install'
[3.390s] Level 1:colcon.colcon_core.package_identification:_identify(src) by extensions ['colcon_pkg']
[3.390s] Level 1:colcon.colcon_core.package_identification:_identify(src) by extension 'colcon_pkg'
[3.391s] Level 1:colcon.colcon_core.package_identification:_identify(src) by extensions ['colcon_meta']
[3.391s] Level 1:colcon.colcon_core.package_identification:_identify(src) by extension 'colcon_meta'
[3.392s] Level 1:colcon.colcon_core.package_identification:_identify(src) by extensions ['ros']
[3.392s] Level 1:colcon.colcon_core.package_identification:_identify(src) by extension 'ros'
[3.393s] Level 1:colcon.colcon_core.package_identification:_identify(src) by extensions ['cmake', 'python']
[3.394s] Level 1:colcon.colcon_core.package_identification:_identify(src) by extension 'cmake'
[3.395s] Level 1:colcon.colcon_core.package_identification:_identify(src) by extension 'python'
[3.395s] Level 1:colcon.colcon_core.package_identification:_identify(src) by extensions ['python_setup_py']
[3.396s] Level 1:colcon.colcon_core.package_identification:_identify(src) by extension 'python_setup_py'
[3.397s] Level 1:colcon.colcon_core.package_identification:_identify(src/camera_node) by extensions ['ignore', 'ignore_ament_install']
[3.398s] Level 1:colcon.colcon_core.package_identification:_identify(src/camera_node) by extension 'ignore'
[3.399s] Level 1:colcon.colcon_core.package_identification:_identify(src/camera_node) by extension 'ignore_ament_install'
[3.400s] Level 1:colcon.colcon_core.package_identification:_identify(src/camera_node) by extensions ['colcon_pkg']
[3.400s] Level 1:colcon.colcon_core.package_identification:_identify(src/camera_node) by extension 'colcon_pkg'
[3.401s] Level 1:colcon.colcon_core.package_identification:_identify(src/camera_node) by extensions ['colcon_meta']
[3.401s] Level 1:colcon.colcon_core.package_identification:_identify(src/camera_node) by extension 'colcon_meta'
[3.402s] Level 1:colcon.colcon_core.package_identification:_identify(src/camera_node) by extensions ['ros']
[3.402s] Level 1:colcon.colcon_core.package_identification:_identify(src/camera_node) by extension 'ros'
[3.434s] DEBUG:colcon.colcon_core.package_identification:Package 'src/camera_node' with type 'ros.ament_python' and name 'camera_node'
[3.436s] Level 1:colcon.colcon_core.package_identification:_identify(src/robot_bringup) by extensions ['ignore', 'ignore_ament_install']
[3.437s] Level 1:colcon.colcon_core.package_identification:_identify(src/robot_bringup) by extension 'ignore'
[3.438s] Level 1:colcon.colcon_core.package_identification:_identify(src/robot_bringup) by extension 'ignore_ament_install'
[3.439s] Level 1:colcon.colcon_core.package_identification:_identify(src/robot_bringup) by extensions ['colcon_pkg']
[3.439s] Level 1:colcon.colcon_core.package_identification:_identify(src/robot_bringup) by extension 'colcon_pkg'
[3.440s] Level 1:colcon.colcon_core.package_identification:_identify(src/robot_bringup) by extensions ['colcon_meta']
[3.440s] Level 1:colcon.colcon_core.package_identification:_identify(src/robot_bringup) by extension 'colcon_meta'
[3.441s] Level 1:colcon.colcon_core.package_identification:_identify(src/robot_bringup) by extensions ['ros']
[3.441s] Level 1:colcon.colcon_core.package_identification:_identify(src/robot_bringup) by extension 'ros'
[3.448s] DEBUG:colcon.colcon_core.package_identification:Package 'src/robot_bringup' with type 'ros.ament_cmake' and name 'robot_bringup'
[3.449s] Level 1:colcon.colcon_core.package_identification:_identify(src/robot_description) by extensions ['ignore', 'ignore_ament_install']
[3.450s] Level 1:colcon.colcon_core.package_identification:_identify(src/robot_description) by extension 'ignore'
[3.451s] Level 1:colcon.colcon_core.package_identification:_identify(src/robot_description) by extension 'ignore_ament_install'
[3.452s] Level 1:colcon.colcon_core.package_identification:_identify(src/robot_description) by extensions ['colcon_pkg']
[3.452s] Level 1:colcon.colcon_core.package_identification:_identify(src/robot_description) by extension 'colcon_pkg'
[3.453s] Level 1:colcon.colcon_core.package_identification:_identify(src/robot_description) by extensions ['colcon_meta']
[3.453s] Level 1:colcon.colcon_core.package_identification:_identify(src/robot_description) by extension 'colcon_meta'
[3.454s] Level 1:colcon.colcon_core.package_identification:_identify(src/robot_description) by extensions ['ros']
[3.455s] Level 1:colcon.colcon_core.package_identification:_identify(src/robot_description) by extension 'ros'
[3.461s] DEBUG:colcon.colcon_core.package_identification:Package 'src/robot_description' with type 'ros.ament_cmake' and name 'robot_description'
[3.463s] Level 1:colcon.colcon_core.package_identification:_identify(src/robot_serial) by extensions ['ignore', 'ignore_ament_install']
[3.464s] Level 1:colcon.colcon_core.package_identification:_identify(src/robot_serial) by extension 'ignore'
[3.465s] Level 1:colcon.colcon_core.package_identification:_identify(src/robot_serial) by extension 'ignore_ament_install'
[3.466s] Level 1:colcon.colcon_core.package_identification:_identify(src/robot_serial) by extensions ['colcon_pkg']
[3.466s] Level 1:colcon.colcon_core.package_identification:_identify(src/robot_serial) by extension 'colcon_pkg'
[3.467s] Level 1:colcon.colcon_core.package_identification:_identify(src/robot_serial) by extensions ['colcon_meta']
[3.467s] Level 1:colcon.colcon_core.package_identification:_identify(src/robot_serial) by extension 'colcon_meta'
[3.468s] Level 1:colcon.colcon_core.package_identification:_identify(src/robot_serial) by extensions ['ros']
[3.468s] Level 1:colcon.colcon_core.package_identification:_identify(src/robot_serial) by extension 'ros'
[3.475s] DEBUG:colcon.colcon_core.package_identification:Package 'src/robot_serial' with type 'ros.ament_python' and name 'robot_serial'
[3.477s] Level 1:colcon.colcon_core.package_identification:_identify(src/sllidar_ros2) by extensions ['ignore', 'ignore_ament_install']
[3.478s] Level 1:colcon.colcon_core.package_identification:_identify(src/sllidar_ros2) by extension 'ignore'
[3.478s] Level 1:colcon.colcon_core.package_identification:_identify(src/sllidar_ros2) by extension 'ignore_ament_install'
[3.479s] Level 1:colcon.colcon_core.package_identification:_identify(src/sllidar_ros2) by extensions ['colcon_pkg']
[3.480s] Level 1:colcon.colcon_core.package_identification:_identify(src/sllidar_ros2) by extension 'colcon_pkg'
[3.480s] Level 1:colcon.colcon_core.package_identification:_identify(src/sllidar_ros2) by extensions ['colcon_meta']
[3.481s] Level 1:colcon.colcon_core.package_identification:_identify(src/sllidar_ros2) by extension 'colcon_meta'
[3.481s] Level 1:colcon.colcon_core.package_identification:_identify(src/sllidar_ros2) by extensions ['ros']
[3.482s] Level 1:colcon.colcon_core.package_identification:_identify(src/sllidar_ros2) by extension 'ros'
[3.489s] DEBUG:colcon.colcon_core.package_identification:Package 'src/sllidar_ros2' with type 'ros.ament_cmake' and name 'sllidar_ros2'
[3.491s] Level 1:colcon.colcon_core.package_identification:_identify(src/vision_ai_node) by extensions ['ignore', 'ignore_ament_install']
[3.492s] Level 1:colcon.colcon_core.package_identification:_identify(src/vision_ai_node) by extension 'ignore'
[3.493s] Level 1:colcon.colcon_core.package_identification:_identify(src/vision_ai_node) by extension 'ignore_ament_install'
[3.494s] Level 1:colcon.colcon_core.package_identification:_identify(src/vision_ai_node) by extensions ['colcon_pkg']
[3.494s] Level 1:colcon.colcon_core.package_identification:_identify(src/vision_ai_node) by extension 'colcon_pkg'
[3.495s] Level 1:colcon.colcon_core.package_identification:_identify(src/vision_ai_node) by extensions ['colcon_meta']
[3.495s] Level 1:colcon.colcon_core.package_identification:_identify(src/vision_ai_node) by extension 'colcon_meta'
[3.496s] Level 1:colcon.colcon_core.package_identification:_identify(src/vision_ai_node) by extensions ['ros']
[3.496s] Level 1:colcon.colcon_core.package_identification:_identify(src/vision_ai_node) by extension 'ros'
[3.502s] DEBUG:colcon.colcon_core.package_identification:Package 'src/vision_ai_node' with type 'ros.ament_python' and name 'vision_ai_node'
[3.504s] Level 1:colcon.colcon_core.package_identification:_identify(src/vision_msgs) by extensions ['ignore', 'ignore_ament_install']
[3.505s] Level 1:colcon.colcon_core.package_identification:_identify(src/vision_msgs) by extension 'ignore'
[3.505s] Level 1:colcon.colcon_core.package_identification:_identify(src/vision_msgs) by extension 'ignore_ament_install'
[3.506s] Level 1:colcon.colcon_core.package_identification:_identify(src/vision_msgs) by extensions ['colcon_pkg']
[3.507s] Level 1:colcon.colcon_core.package_identification:_identify(src/vision_msgs) by extension 'colcon_pkg'
[3.507s] Level 1:colcon.colcon_core.package_identification:_identify(src/vision_msgs) by extensions ['colcon_meta']
[3.508s] Level 1:colcon.colcon_core.package_identification:_identify(src/vision_msgs) by extension 'colcon_meta'
[3.509s] Level 1:colcon.colcon_core.package_identification:_identify(src/vision_msgs) by extensions ['ros']
[3.509s] Level 1:colcon.colcon_core.package_identification:_identify(src/vision_msgs) by extension 'ros'
[3.515s] DEBUG:colcon.colcon_core.package_identification:Package 'src/vision_msgs' with type 'ros.ament_cmake' and name 'vision_msgs'
[3.516s] Level 1:colcon.colcon_core.package_discovery:discover_packages(recursive) using defaults
[3.516s] Level 1:colcon.colcon_core.package_discovery:discover_packages(ignore) discover
[3.517s] Level 1:colcon.colcon_core.package_discovery:discover_packages(ignore) using defaults
[3.517s] Level 1:colcon.colcon_core.package_discovery:discover_packages(path) discover
[3.517s] Level 1:colcon.colcon_core.package_discovery:discover_packages(path) using defaults
[3.740s] INFO:colcon.colcon_core.package_selection:Skipping not selected package 'camera_node' in 'src/camera_node'
[3.741s] INFO:colcon.colcon_core.package_selection:Skipping not selected package 'robot_description' in 'src/robot_description'
[3.741s] INFO:colcon.colcon_core.package_selection:Skipping not selected package 'robot_serial' in 'src/robot_serial'
[3.741s] INFO:colcon.colcon_core.package_selection:Skipping not selected package 'sllidar_ros2' in 'src/sllidar_ros2'
[3.742s] INFO:colcon.colcon_core.package_selection:Skipping not selected package 'robot_bringup' in 'src/robot_bringup'
[3.742s] INFO:colcon.colcon_core.package_selection:Skipping not selected package 'vision_ai_node' in 'src/vision_ai_node'
[3.747s] Level 1:colcon.colcon_core.package_discovery:discover_packages(prefix_path) check parameters
[3.747s] Level 1:colcon.colcon_core.package_discovery:discover_packages(prefix_path) discover
[3.787s] DEBUG:colcon.colcon_installed_package_information.package_discovery:Found 259 installed packages in /opt/ros/humble
[3.805s] Level 1:colcon.colcon_core.package_discovery:discover_packages(prefix_path) using defaults
[4.318s] Level 5:colcon.colcon_core.verb:set package 'vision_msgs' build argument 'cmake_args' from command line to 'None'
[6.979s] Level 5:colcon.colcon_core.verb:set package 'vision_msgs' build argument 'cmake_target' from command line to 'None'
[6.980s] Level 5:colcon.colcon_core.verb:set package 'vision_msgs' build argument 'cmake_target_skip_unavailable' from command line to 'False'
[6.981s] Level 5:colcon.colcon_core.verb:set package 'vision_msgs' build argument 'cmake_clean_cache' from command line to 'False'
[6.982s] Level 5:colcon.colcon_core.verb:set package 'vision_msgs' build argument 'cmake_clean_first' from command line to 'False'
[6.982s] Level 5:colcon.colcon_core.verb:set package 'vision_msgs' build argument 'cmake_force_configure' from command line to 'False'
[6.983s] Level 5:colcon.colcon_core.verb:set package 'vision_msgs' build argument 'ament_cmake_args' from command line to 'None'
[6.984s] Level 5:colcon.colcon_core.verb:set package 'vision_msgs' build argument 'catkin_cmake_args' from command line to 'None'
[6.985s] Level 5:colcon.colcon_core.verb:set package 'vision_msgs' build argument 'catkin_skip_building_tests' from command line to 'False'
[6.986s] DEBUG:colcon.colcon_core.verb:Building package 'vision_msgs' with the following arguments: {'ament_cmake_args': None, 'build_base': '/home/robot/robot_ws/build/vision_msgs', 'catkin_cmake_args': None, 'catkin_skip_building_tests': False, 'cmake_args': None, 'cmake_clean_cache': False, 'cmake_clean_first': False, 'cmake_force_configure': False, 'cmake_target': None, 'cmake_target_skip_unavailable': False, 'install_base': '/home/robot/robot_ws/install/vision_msgs', 'merge_install': False, 'path': '/home/robot/robot_ws/src/vision_msgs', 'symlink_install': False, 'test_result_base': None}
[6.989s] INFO:colcon.colcon_core.executor:Executing jobs using 'parallel' executor
[6.998s] DEBUG:colcon.colcon_parallel_executor.executor.parallel:run_until_complete
[7.004s] INFO:colcon.colcon_ros.task.ament_cmake.build:Building ROS package in '/home/robot/robot_ws/src/vision_msgs' with build type 'ament_cmake'
[7.006s] INFO:colcon.colcon_cmake.task.cmake.build:Building CMake package in '/home/robot/robot_ws/src/vision_msgs'
[7.029s] INFO:colcon.colcon_core.plugin_system:Skipping extension 'colcon_core.shell.bat': Not used on non-Windows systems
[7.032s] INFO:colcon.colcon_core.shell:Skip shell extension 'powershell' for command environment: Not usable outside of PowerShell
[7.033s] DEBUG:colcon.colcon_core.shell:Skip shell extension 'dsv' for command environment
[7.134s] DEBUG:colcon.colcon_core.event_handler.log_command:Invoking command in '/home/robot/robot_ws/build/vision_msgs': CMAKE_PREFIX_PATH=/opt/ros/humble /usr/bin/cmake --build /home/robot/robot_ws/build/vision_msgs -- -j4 -l4
