[0.000000] (-) TimerEvent: {}
[0.001533] (-) JobUnselected: {'identifier': 'camera_node'}
[0.002778] (-) JobUnselected: {'identifier': 'robot_bringup'}
[0.003273] (-) JobUnselected: {'identifier': 'robot_description'}
[0.004230] (-) JobUnselected: {'identifier': 'sllidar_ros2'}
[0.004560] (vision_msgs) JobQueued: {'identifier': 'vision_msgs', 'dependencies': OrderedDict()}
[0.004891] (vision_msgs) JobStarted: {'identifier': 'vision_msgs'}
[0.087174] (vision_msgs) JobProgress: {'identifier': 'vision_msgs', 'progress': 'cmake'}
[0.092291] (vision_msgs) Command: {'cmd': ['/usr/bin/cmake', '/home/robot/robot_ws/src/vision_msgs', '-DCMAKE_INSTALL_PREFIX=/home/robot/robot_ws/install/vision_msgs'], 'cwd': '/home/robot/robot_ws/build/vision_msgs', 'env': OrderedDict([('VSCODE_CWD', '/home/robot'), ('USER', 'robot'), ('SSH_CLIENT', '192.168.1.87 62742 22'), ('VSCODE_NLS_CONFIG', '{"userLocale":"en","osLocale":"en","resolvedLanguage":"en","defaultMessagesFile":"/home/robot/.qoder-server/bin/3ed5d31635b5343712913d2f132876a4b5dc7e53/out/nls.messages.json","locale":"en","availableLanguages":{}}'), ('XDG_SESSION_TYPE', 'tty'), ('SHLVL', '1'), ('LD_LIBRARY_PATH', '/opt/ros/humble/opt/rviz_ogre_vendor/lib:/opt/ros/humble/lib/aarch64-linux-gnu:/opt/ros/humble/lib'), ('MOTD_SHOWN', 'pam'), ('HOME', '/home/robot'), ('OLDPWD', '/home/robot/robot_ws'), ('DISABLE_AUTO_UPDATE', 'true'), ('ROS_PYTHON_VERSION', '3'), ('npm_config_yes', 'true'), ('VSCODE_PREVENT_SHELL_HISTORY', '1'), ('DBUS_SESSION_BUS_ADDRESS', 'unix:path=/run/user/1000/bus'), ('ROS_DISTRO', 'humble'), ('LOGNAME', 'robot'), ('VSCODE_HANDLES_SIGPIPE', 'true'), ('_', '/usr/bin/colcon'), ('ROS_VERSION', '2'), ('XDG_SESSION_CLASS', 'user'), ('XDG_SESSION_ID', '12'), ('ROS_LOCALHOST_ONLY', '0'), ('PATH', '/opt/ros/humble/bin:/usr/local/sbin:/usr/local/bin:/usr/sbin:/usr/bin:/sbin:/bin:/usr/games:/usr/local/games:/snap/bin'), ('XDG_RUNTIME_DIR', '/run/user/1000'), ('LANG', 'en_US.UTF-8'), ('AMENT_PREFIX_PATH', '/opt/ros/humble'), ('DEBIAN_FRONTEND', 'noninteractive'), ('SHELL', '/bin/bash'), ('QODER_AGENT', 'true'), ('GIT_PAGER', 'cat'), ('PWD', '/home/robot/robot_ws/build/vision_msgs'), ('LC_ALL', 'en_US.UTF-8'), ('SSH_CONNECTION', '192.168.1.87 62742 192.168.1.252 22'), ('XDG_DATA_DIRS', '/usr/local/share:/usr/share:/var/lib/snapd/desktop'), ('PYTHONPATH', '/opt/ros/humble/lib/python3.10/site-packages:/opt/ros/humble/local/lib/python3.10/dist-packages'), ('COLCON', '1'), ('PIP_NO_INPUT', 'true'), ('CMAKE_PREFIX_PATH', '/opt/ros/humble')]), 'shell': False}
[0.111108] (-) TimerEvent: {}
[0.211785] (-) TimerEvent: {}
[0.449802] (-) TimerEvent: {}
[0.644697] (-) TimerEvent: {}
[1.035780] (-) TimerEvent: {}
[1.225587] (-) TimerEvent: {}
[1.326373] (-) TimerEvent: {}
[1.427173] (-) TimerEvent: {}
[1.527965] (-) TimerEvent: {}
[1.628818] (-) TimerEvent: {}
[1.729728] (-) TimerEvent: {}
[1.830584] (-) TimerEvent: {}
[1.931422] (-) TimerEvent: {}
[2.032256] (-) TimerEvent: {}
[2.133086] (-) TimerEvent: {}
[2.233952] (-) TimerEvent: {}
[2.334746] (-) TimerEvent: {}
[2.435611] (-) TimerEvent: {}
[2.444994] (vision_msgs) StdoutLine: {'line': b'-- The C compiler identification is GNU 11.4.0\n'}
[2.535939] (-) TimerEvent: {}
[2.636727] (-) TimerEvent: {}
[2.737552] (-) TimerEvent: {}
[2.838408] (-) TimerEvent: {}
[2.939247] (-) TimerEvent: {}
[3.040063] (-) TimerEvent: {}
[3.140880] (-) TimerEvent: {}
[3.241692] (-) TimerEvent: {}
[3.342469] (-) TimerEvent: {}
[3.443455] (-) TimerEvent: {}
[3.544429] (-) TimerEvent: {}
[3.552708] (vision_msgs) StdoutLine: {'line': b'-- The CXX compiler identification is GNU 11.4.0\n'}
[3.644756] (-) TimerEvent: {}
[3.655951] (vision_msgs) StdoutLine: {'line': b'-- Detecting C compiler ABI info\n'}
[3.745060] (-) TimerEvent: {}
[3.845925] (-) TimerEvent: {}
[3.946827] (-) TimerEvent: {}
[4.047908] (-) TimerEvent: {}
[4.148794] (-) TimerEvent: {}
[4.249695] (-) TimerEvent: {}
[4.350507] (-) TimerEvent: {}
[4.451559] (vision_msgs) StdoutLine: {'line': b'-- Detecting C compiler ABI info - done\n'}
[4.452949] (-) TimerEvent: {}
[4.527548] (vision_msgs) StdoutLine: {'line': b'-- Check for working C compiler: /usr/bin/cc - skipped\n'}
[4.532312] (vision_msgs) StdoutLine: {'line': b'-- Detecting C compile features\n'}
[4.538908] (vision_msgs) StdoutLine: {'line': b'-- Detecting C compile features - done\n'}
[4.553328] (-) TimerEvent: {}
[4.574716] (vision_msgs) StdoutLine: {'line': b'-- Detecting CXX compiler ABI info\n'}
[4.653820] (-) TimerEvent: {}
[4.754642] (-) TimerEvent: {}
[4.855528] (-) TimerEvent: {}
[4.956626] (-) TimerEvent: {}
[5.057591] (-) TimerEvent: {}
[5.158393] (-) TimerEvent: {}
[5.259326] (-) TimerEvent: {}
[5.360377] (-) TimerEvent: {}
[5.461466] (-) TimerEvent: {}
[5.532744] (vision_msgs) StdoutLine: {'line': b'-- Detecting CXX compiler ABI info - done\n'}
[5.561786] (-) TimerEvent: {}
[5.607064] (vision_msgs) StdoutLine: {'line': b'-- Check for working CXX compiler: /usr/bin/c++ - skipped\n'}
[5.609641] (vision_msgs) StdoutLine: {'line': b'-- Detecting CXX compile features\n'}
[5.614318] (vision_msgs) StdoutLine: {'line': b'-- Detecting CXX compile features - done\n'}
[5.662061] (-) TimerEvent: {}
[5.722418] (vision_msgs) StdoutLine: {'line': b'-- Found ament_cmake: 1.3.14 (/opt/ros/humble/share/ament_cmake/cmake)\n'}
[5.762315] (-) TimerEvent: {}
[5.863081] (-) TimerEvent: {}
[5.964717] (-) TimerEvent: {}
[6.065517] (-) TimerEvent: {}
[6.166352] (-) TimerEvent: {}
[6.267133] (-) TimerEvent: {}
[6.746174] (-) TimerEvent: {}
[6.846952] (-) TimerEvent: {}
[6.947724] (-) TimerEvent: {}
[7.048529] (-) TimerEvent: {}
[7.149568] (-) TimerEvent: {}
[7.250328] (-) TimerEvent: {}
[7.351268] (-) TimerEvent: {}
[7.452381] (-) TimerEvent: {}
[7.553300] (-) TimerEvent: {}
[7.654103] (-) TimerEvent: {}
[7.754972] (-) TimerEvent: {}
[7.855753] (-) TimerEvent: {}
[7.956539] (-) TimerEvent: {}
[7.962860] (vision_msgs) StdoutLine: {'line': b'-- Found Python3: /usr/bin/python3 (found version "3.10.12") found components: Interpreter \n'}
[8.056879] (-) TimerEvent: {}
[8.157663] (-) TimerEvent: {}
[8.258404] (-) TimerEvent: {}
[8.359135] (-) TimerEvent: {}
[8.459914] (-) TimerEvent: {}
[8.560673] (-) TimerEvent: {}
[8.661452] (-) TimerEvent: {}
[8.762218] (-) TimerEvent: {}
[8.863003] (-) TimerEvent: {}
[8.963847] (-) TimerEvent: {}
[9.064609] (-) TimerEvent: {}
[9.325639] (-) TimerEvent: {}
[9.426441] (-) TimerEvent: {}
[9.527226] (-) TimerEvent: {}
[9.627993] (-) TimerEvent: {}
[9.728761] (-) TimerEvent: {}
[9.829644] (-) TimerEvent: {}
[9.930413] (-) TimerEvent: {}
[10.138889] (-) TimerEvent: {}
[10.239636] (-) TimerEvent: {}
[10.899466] (-) TimerEvent: {}
[11.000213] (-) TimerEvent: {}
[11.101043] (-) TimerEvent: {}
[11.201836] (-) TimerEvent: {}
[11.339624] (-) TimerEvent: {}
[11.440353] (-) TimerEvent: {}
[11.541036] (-) TimerEvent: {}
[11.721498] (-) TimerEvent: {}
[11.822241] (-) TimerEvent: {}
[12.080471] (-) TimerEvent: {}
[12.181437] (-) TimerEvent: {}
[12.282269] (-) TimerEvent: {}
[12.383049] (-) TimerEvent: {}
[12.483837] (-) TimerEvent: {}
[12.584746] (-) TimerEvent: {}
[12.685563] (-) TimerEvent: {}
[12.786401] (-) TimerEvent: {}
[12.887166] (-) TimerEvent: {}
[12.984600] (vision_msgs) StdoutLine: {'line': b'-- Found rosidl_default_generators: 1.2.1 (/opt/ros/humble/share/rosidl_default_generators/cmake)\n'}
[12.987388] (-) TimerEvent: {}
[13.068306] (vision_msgs) StdoutLine: {'line': b'-- Using all available rosidl_typesupport_c: rosidl_typesupport_fastrtps_c;rosidl_typesupport_introspection_c\n'}
[13.087726] (-) TimerEvent: {}
[13.188495] (-) TimerEvent: {}
[13.274837] (vision_msgs) StdoutLine: {'line': b'-- Found rosidl_adapter: 3.1.9 (/opt/ros/humble/share/rosidl_adapter/cmake)\n'}
[13.288770] (-) TimerEvent: {}
[13.389564] (-) TimerEvent: {}
[13.490335] (-) TimerEvent: {}
[13.591042] (-) TimerEvent: {}
[13.691767] (-) TimerEvent: {}
[13.792521] (-) TimerEvent: {}
[13.893381] (-) TimerEvent: {}
[13.994170] (-) TimerEvent: {}
[14.094923] (-) TimerEvent: {}
[14.195877] (-) TimerEvent: {}
[14.264964] (vision_msgs) StdoutLine: {'line': b'-- Using all available rosidl_typesupport_cpp: rosidl_typesupport_fastrtps_cpp;rosidl_typesupport_introspection_cpp\n'}
[14.296170] (-) TimerEvent: {}
[14.397075] (-) TimerEvent: {}
[14.497989] (-) TimerEvent: {}
[14.598784] (-) TimerEvent: {}
[14.699605] (-) TimerEvent: {}
[14.800539] (-) TimerEvent: {}
[14.901590] (-) TimerEvent: {}
[15.002549] (-) TimerEvent: {}
[15.103343] (-) TimerEvent: {}
[15.126156] (vision_msgs) StdoutLine: {'line': b'-- Found std_msgs: 4.9.1 (/opt/ros/humble/share/std_msgs/cmake)\n'}
[15.203673] (-) TimerEvent: {}
[15.304509] (-) TimerEvent: {}
[15.405392] (-) TimerEvent: {}
[15.506195] (-) TimerEvent: {}
[15.606966] (-) TimerEvent: {}
[15.707753] (-) TimerEvent: {}
[15.808502] (-) TimerEvent: {}
[15.909343] (-) TimerEvent: {}
[16.010156] (-) TimerEvent: {}
[16.110989] (-) TimerEvent: {}
[16.211936] (-) TimerEvent: {}
[16.312745] (-) TimerEvent: {}
[16.413687] (-) TimerEvent: {}
[16.514430] (-) TimerEvent: {}
[16.615264] (-) TimerEvent: {}
[16.716121] (-) TimerEvent: {}
[16.816953] (-) TimerEvent: {}
[16.917994] (-) TimerEvent: {}
[17.483079] (-) TimerEvent: {}
[17.584298] (-) TimerEvent: {}
[17.685328] (-) TimerEvent: {}
[17.786168] (-) TimerEvent: {}
[17.886935] (-) TimerEvent: {}
[17.987704] (-) TimerEvent: {}
[18.088510] (-) TimerEvent: {}
[18.189411] (-) TimerEvent: {}
[18.290170] (-) TimerEvent: {}
[18.391084] (-) TimerEvent: {}
[18.491811] (-) TimerEvent: {}
[18.592644] (-) TimerEvent: {}
[18.693491] (-) TimerEvent: {}
[18.794657] (-) TimerEvent: {}
[18.895497] (-) TimerEvent: {}
[18.996333] (-) TimerEvent: {}
[19.097236] (-) TimerEvent: {}
[19.198063] (-) TimerEvent: {}
[19.298906] (-) TimerEvent: {}
[19.373971] (vision_msgs) StdoutLine: {'line': b'-- Found ament_cmake_ros: 0.10.0 (/opt/ros/humble/share/ament_cmake_ros/cmake)\n'}
[19.399204] (-) TimerEvent: {}
[19.499957] (-) TimerEvent: {}
[19.600732] (-) TimerEvent: {}
[19.701583] (-) TimerEvent: {}
[19.802449] (-) TimerEvent: {}
[19.903316] (-) TimerEvent: {}
[20.004089] (-) TimerEvent: {}
[20.104838] (-) TimerEvent: {}
[20.205706] (-) TimerEvent: {}
[20.306496] (-) TimerEvent: {}
[20.407316] (-) TimerEvent: {}
[20.508270] (-) TimerEvent: {}
[20.609107] (-) TimerEvent: {}
[20.710047] (-) TimerEvent: {}
[20.810918] (-) TimerEvent: {}
[20.911749] (-) TimerEvent: {}
[21.012664] (-) TimerEvent: {}
[21.113570] (-) TimerEvent: {}
[21.214399] (-) TimerEvent: {}
[21.315227] (-) TimerEvent: {}
[21.416028] (-) TimerEvent: {}
[21.516843] (-) TimerEvent: {}
[21.617764] (-) TimerEvent: {}
[21.718547] (-) TimerEvent: {}
[21.819485] (-) TimerEvent: {}
[21.920619] (-) TimerEvent: {}
[22.021603] (-) TimerEvent: {}
[22.108725] (vision_msgs) StdoutLine: {'line': b'-- Using all available rosidl_typesupport_c: rosidl_typesupport_fastrtps_c;rosidl_typesupport_introspection_c\n'}
[22.121934] (-) TimerEvent: {}
[22.222772] (-) TimerEvent: {}
[22.323650] (-) TimerEvent: {}
[22.424399] (-) TimerEvent: {}
[22.525226] (-) TimerEvent: {}
[22.625973] (-) TimerEvent: {}
[22.726710] (-) TimerEvent: {}
[22.827534] (-) TimerEvent: {}
[23.385989] (-) TimerEvent: {}
[23.486769] (-) TimerEvent: {}
[23.768266] (-) TimerEvent: {}
[23.869016] (-) TimerEvent: {}
[23.969779] (-) TimerEvent: {}
[24.070723] (-) TimerEvent: {}
[24.171679] (-) TimerEvent: {}
[24.272446] (-) TimerEvent: {}
[24.373471] (-) TimerEvent: {}
[24.474268] (-) TimerEvent: {}
[24.575031] (-) TimerEvent: {}
[24.675891] (-) TimerEvent: {}
[24.776741] (-) TimerEvent: {}
[24.878136] (-) TimerEvent: {}
[24.978953] (-) TimerEvent: {}
[25.079792] (-) TimerEvent: {}
[25.180767] (-) TimerEvent: {}
[25.281877] (-) TimerEvent: {}
[25.382690] (-) TimerEvent: {}
[25.483376] (-) TimerEvent: {}
[25.584279] (-) TimerEvent: {}
[25.685395] (-) TimerEvent: {}
[25.786288] (-) TimerEvent: {}
[25.887180] (-) TimerEvent: {}
[25.987960] (-) TimerEvent: {}
[26.031457] (vision_msgs) StdoutLine: {'line': b'-- Using all available rosidl_typesupport_cpp: rosidl_typesupport_fastrtps_cpp;rosidl_typesupport_introspection_cpp\n'}
[26.088414] (-) TimerEvent: {}
[26.189472] (-) TimerEvent: {}
[26.290415] (-) TimerEvent: {}
[26.293492] (vision_msgs) StdoutLine: {'line': b'-- Found PythonInterp: /usr/bin/python3 (found suitable version "3.10.12", minimum required is "3.6") \n'}
[26.355046] (vision_msgs) StdoutLine: {'line': b'-- Found python_cmake_module: 0.10.0 (/opt/ros/humble/share/python_cmake_module/cmake)\n'}
[26.390721] (-) TimerEvent: {}
[26.491500] (-) TimerEvent: {}
[26.592376] (-) TimerEvent: {}
[26.659573] (vision_msgs) StdoutLine: {'line': b'-- Found PythonLibs: /usr/lib/aarch64-linux-gnu/libpython3.10.so (found suitable version "3.10.12", minimum required is "3.5") \n'}
[26.661417] (vision_msgs) StdoutLine: {'line': b'-- Using PYTHON_EXECUTABLE: /usr/bin/python3\n'}
[26.662800] (vision_msgs) StdoutLine: {'line': b'-- Using PYTHON_INCLUDE_DIRS: /usr/include/python3.10\n'}
[26.663877] (vision_msgs) StdoutLine: {'line': b'-- Using PYTHON_LIBRARIES: /usr/lib/aarch64-linux-gnu/libpython3.10.so\n'}
[26.692611] (-) TimerEvent: {}
[26.793441] (-) TimerEvent: {}
[26.894282] (-) TimerEvent: {}
[26.911217] (vision_msgs) StdoutLine: {'line': b'-- Found PythonExtra: .so  \n'}
[26.994572] (-) TimerEvent: {}
[27.095348] (-) TimerEvent: {}
[27.196034] (-) TimerEvent: {}
[27.296838] (-) TimerEvent: {}
[27.397837] (-) TimerEvent: {}
[27.498646] (-) TimerEvent: {}
[27.599477] (-) TimerEvent: {}
[27.700305] (-) TimerEvent: {}
[27.801240] (-) TimerEvent: {}
[27.901995] (-) TimerEvent: {}
[28.002773] (-) TimerEvent: {}
[28.270519] (-) TimerEvent: {}
[28.371262] (-) TimerEvent: {}
[28.472062] (-) TimerEvent: {}
[28.572858] (-) TimerEvent: {}
[28.673680] (-) TimerEvent: {}
[28.774415] (-) TimerEvent: {}
[28.852827] (vision_msgs) StdoutLine: {'line': b'-- Configuring done\n'}
[28.874676] (-) TimerEvent: {}
[28.975504] (-) TimerEvent: {}
[29.076317] (-) TimerEvent: {}
[29.177088] (-) TimerEvent: {}
[29.277902] (-) TimerEvent: {}
[29.378684] (-) TimerEvent: {}
[29.429637] (vision_msgs) StdoutLine: {'line': b'-- Generating done\n'}
[29.479032] (-) TimerEvent: {}
[29.578394] (vision_msgs) StdoutLine: {'line': b'-- Build files have been written to: /home/robot/robot_ws/build/vision_msgs\n'}
[29.580146] (-) TimerEvent: {}
[29.635562] (vision_msgs) CommandEnded: {'returncode': 0}
[29.647970] (vision_msgs) JobProgress: {'identifier': 'vision_msgs', 'progress': 'build'}
[29.648459] (vision_msgs) Command: {'cmd': ['/usr/bin/cmake', '--build', '/home/robot/robot_ws/build/vision_msgs', '--', '-j4', '-l4'], 'cwd': '/home/robot/robot_ws/build/vision_msgs', 'env': OrderedDict([('VSCODE_CWD', '/home/robot'), ('USER', 'robot'), ('SSH_CLIENT', '192.168.1.87 62742 22'), ('VSCODE_NLS_CONFIG', '{"userLocale":"en","osLocale":"en","resolvedLanguage":"en","defaultMessagesFile":"/home/robot/.qoder-server/bin/3ed5d31635b5343712913d2f132876a4b5dc7e53/out/nls.messages.json","locale":"en","availableLanguages":{}}'), ('XDG_SESSION_TYPE', 'tty'), ('SHLVL', '1'), ('LD_LIBRARY_PATH', '/opt/ros/humble/opt/rviz_ogre_vendor/lib:/opt/ros/humble/lib/aarch64-linux-gnu:/opt/ros/humble/lib'), ('MOTD_SHOWN', 'pam'), ('HOME', '/home/robot'), ('OLDPWD', '/home/robot/robot_ws'), ('DISABLE_AUTO_UPDATE', 'true'), ('ROS_PYTHON_VERSION', '3'), ('npm_config_yes', 'true'), ('VSCODE_PREVENT_SHELL_HISTORY', '1'), ('DBUS_SESSION_BUS_ADDRESS', 'unix:path=/run/user/1000/bus'), ('ROS_DISTRO', 'humble'), ('LOGNAME', 'robot'), ('VSCODE_HANDLES_SIGPIPE', 'true'), ('_', '/usr/bin/colcon'), ('ROS_VERSION', '2'), ('XDG_SESSION_CLASS', 'user'), ('XDG_SESSION_ID', '12'), ('ROS_LOCALHOST_ONLY', '0'), ('PATH', '/opt/ros/humble/bin:/usr/local/sbin:/usr/local/bin:/usr/sbin:/usr/bin:/sbin:/bin:/usr/games:/usr/local/games:/snap/bin'), ('XDG_RUNTIME_DIR', '/run/user/1000'), ('LANG', 'en_US.UTF-8'), ('AMENT_PREFIX_PATH', '/opt/ros/humble'), ('DEBIAN_FRONTEND', 'noninteractive'), ('SHELL', '/bin/bash'), ('QODER_AGENT', 'true'), ('GIT_PAGER', 'cat'), ('PWD', '/home/robot/robot_ws/build/vision_msgs'), ('LC_ALL', 'en_US.UTF-8'), ('SSH_CONNECTION', '192.168.1.87 62742 192.168.1.252 22'), ('XDG_DATA_DIRS', '/usr/local/share:/usr/share:/var/lib/snapd/desktop'), ('PYTHONPATH', '/opt/ros/humble/lib/python3.10/site-packages:/opt/ros/humble/local/lib/python3.10/dist-packages'), ('COLCON', '1'), ('PIP_NO_INPUT', 'true'), ('CMAKE_PREFIX_PATH', '/opt/ros/humble')]), 'shell': False}
[29.680581] (-) TimerEvent: {}
[29.782526] (-) TimerEvent: {}
[29.883375] (-) TimerEvent: {}
[29.984164] (-) TimerEvent: {}
[30.084982] (-) TimerEvent: {}
[30.181395] (vision_msgs) StdoutLine: {'line': b'[  2%] Generating Rust code for ROS interfaces\n'}
[30.185325] (-) TimerEvent: {}
[30.286081] (-) TimerEvent: {}
[30.386855] (-) TimerEvent: {}
[30.487635] (-) TimerEvent: {}
[30.588468] (-) TimerEvent: {}
[30.689292] (-) TimerEvent: {}
[30.790075] (-) TimerEvent: {}
[30.890873] (-) TimerEvent: {}
[30.991610] (-) TimerEvent: {}
[31.092327] (-) TimerEvent: {}
[31.193107] (-) TimerEvent: {}
[31.293999] (-) TimerEvent: {}
[31.394772] (-) TimerEvent: {}
[31.495548] (-) TimerEvent: {}
[31.596292] (-) TimerEvent: {}
[31.697052] (-) TimerEvent: {}
[31.797864] (-) TimerEvent: {}
[31.898627] (-) TimerEvent: {}
[31.999390] (-) TimerEvent: {}
[32.100205] (-) TimerEvent: {}
[32.201074] (-) TimerEvent: {}
[32.301884] (-) TimerEvent: {}
[32.402711] (-) TimerEvent: {}
[32.503466] (-) TimerEvent: {}
[32.604220] (-) TimerEvent: {}
[32.704988] (-) TimerEvent: {}
[32.805806] (-) TimerEvent: {}
[32.906593] (-) TimerEvent: {}
[33.007340] (-) TimerEvent: {}
[36.916535] (-) TimerEvent: {}
[39.524723] (-) TimerEvent: {}
[39.625721] (-) TimerEvent: {}
[40.451447] (-) TimerEvent: {}
[40.552317] (-) TimerEvent: {}
[41.200142] (-) TimerEvent: {}
[41.300977] (-) TimerEvent: {}
[41.401796] (-) TimerEvent: {}
[41.502712] (-) TimerEvent: {}
[41.603699] (-) TimerEvent: {}
[41.704531] (-) TimerEvent: {}
[41.805418] (-) TimerEvent: {}
[41.906207] (-) TimerEvent: {}
[42.006962] (-) TimerEvent: {}
[42.107668] (-) TimerEvent: {}
[42.208373] (-) TimerEvent: {}
[42.309211] (-) TimerEvent: {}
[42.409988] (-) TimerEvent: {}
[42.510748] (-) TimerEvent: {}
[42.611529] (-) TimerEvent: {}
[42.712313] (-) TimerEvent: {}
[42.813306] (-) TimerEvent: {}
[42.914196] (-) TimerEvent: {}
[43.014991] (-) TimerEvent: {}
[43.115826] (-) TimerEvent: {}
[43.216606] (-) TimerEvent: {}
[43.317429] (-) TimerEvent: {}
[43.418237] (-) TimerEvent: {}
[43.519018] (-) TimerEvent: {}
[43.619788] (-) TimerEvent: {}
[43.720601] (-) TimerEvent: {}
[43.821454] (-) TimerEvent: {}
[43.922225] (-) TimerEvent: {}
[44.023035] (-) TimerEvent: {}
[44.123771] (-) TimerEvent: {}
[44.224517] (-) TimerEvent: {}
[44.469939] (-) TimerEvent: {}
[44.570760] (-) TimerEvent: {}
[44.671552] (-) TimerEvent: {}
[44.772309] (-) TimerEvent: {}
[44.873040] (-) TimerEvent: {}
[44.973827] (-) TimerEvent: {}
[45.074517] (-) TimerEvent: {}
[45.175214] (-) TimerEvent: {}
[45.275979] (-) TimerEvent: {}
[45.376787] (-) TimerEvent: {}
[45.477597] (-) TimerEvent: {}
[45.578342] (-) TimerEvent: {}
[45.679093] (-) TimerEvent: {}
[45.779919] (-) TimerEvent: {}
[45.880685] (-) TimerEvent: {}
[45.981443] (-) TimerEvent: {}
[46.082227] (-) TimerEvent: {}
[46.183018] (-) TimerEvent: {}
[46.283848] (-) TimerEvent: {}
[46.384750] (-) TimerEvent: {}
[46.485558] (-) TimerEvent: {}
[46.586388] (-) TimerEvent: {}
[48.841971] (-) TimerEvent: {}
[48.942732] (-) TimerEvent: {}
[49.043503] (-) TimerEvent: {}
[49.144235] (-) TimerEvent: {}
[49.244989] (-) TimerEvent: {}
[49.345769] (-) TimerEvent: {}
[49.446528] (-) TimerEvent: {}
[49.547412] (-) TimerEvent: {}
[50.269712] (vision_msgs) StdoutLine: {'line': b'[  2%] Built target vision_msgs__rs\n'}
[50.271833] (-) TimerEvent: {}
[50.372579] (-) TimerEvent: {}
[50.725459] (vision_msgs) StdoutLine: {'line': b'[  2%] Built target ament_cmake_python_copy_vision_msgs\n'}
[50.812316] (-) TimerEvent: {}
[50.826912] (vision_msgs) StdoutLine: {'line': b'[  5%] Generating C code for ROS interfaces\n'}
[50.912633] (-) TimerEvent: {}
[51.013406] (-) TimerEvent: {}
[51.443335] (-) TimerEvent: {}
[51.544108] (-) TimerEvent: {}
[51.644888] (-) TimerEvent: {}
[51.745729] (-) TimerEvent: {}
[51.846511] (-) TimerEvent: {}
[51.947311] (-) TimerEvent: {}
[52.048080] (-) TimerEvent: {}
[52.148902] (-) TimerEvent: {}
[52.401317] (-) TimerEvent: {}
[52.502083] (-) TimerEvent: {}
[52.602817] (-) TimerEvent: {}
[52.703577] (-) TimerEvent: {}
[52.804338] (-) TimerEvent: {}
[52.905183] (-) TimerEvent: {}
[53.005966] (-) TimerEvent: {}
[53.106863] (-) TimerEvent: {}
[53.207591] (-) TimerEvent: {}
[53.308295] (-) TimerEvent: {}
[53.409000] (-) TimerEvent: {}
[53.509810] (-) TimerEvent: {}
[53.610582] (-) TimerEvent: {}
[53.711414] (-) TimerEvent: {}
[53.812245] (-) TimerEvent: {}
[53.913028] (-) TimerEvent: {}
[54.013803] (-) TimerEvent: {}
[54.114572] (-) TimerEvent: {}
[54.215894] (-) TimerEvent: {}
[54.316697] (-) TimerEvent: {}
[54.417513] (-) TimerEvent: {}
[54.518292] (-) TimerEvent: {}
[54.619120] (-) TimerEvent: {}
[54.719970] (-) TimerEvent: {}
[54.820795] (-) TimerEvent: {}
[54.921635] (-) TimerEvent: {}
[55.022411] (-) TimerEvent: {}
[55.123230] (-) TimerEvent: {}
[55.224060] (-) TimerEvent: {}
[55.324793] (-) TimerEvent: {}
[55.425551] (-) TimerEvent: {}
[55.526349] (-) TimerEvent: {}
[55.627180] (-) TimerEvent: {}
[55.727973] (-) TimerEvent: {}
[55.828762] (-) TimerEvent: {}
[55.929565] (-) TimerEvent: {}
[56.030356] (-) TimerEvent: {}
[56.131187] (-) TimerEvent: {}
[56.231959] (-) TimerEvent: {}
[56.332724] (-) TimerEvent: {}
[56.433558] (-) TimerEvent: {}
[56.534399] (-) TimerEvent: {}
[56.635310] (-) TimerEvent: {}
[56.736150] (-) TimerEvent: {}
[56.837043] (-) TimerEvent: {}
[56.937852] (-) TimerEvent: {}
[57.038604] (-) TimerEvent: {}
[57.139365] (-) TimerEvent: {}
[57.240144] (-) TimerEvent: {}
[57.453976] (-) TimerEvent: {}
[57.554759] (-) TimerEvent: {}
[57.655503] (-) TimerEvent: {}
[57.756306] (-) TimerEvent: {}
[57.857260] (-) TimerEvent: {}
[57.958166] (-) TimerEvent: {}
[58.058985] (-) TimerEvent: {}
[58.159800] (-) TimerEvent: {}
[58.260733] (-) TimerEvent: {}
[58.361762] (-) TimerEvent: {}
[58.462635] (-) TimerEvent: {}
[58.563521] (-) TimerEvent: {}
[58.664383] (-) TimerEvent: {}
[58.765475] (-) TimerEvent: {}
[58.793068] (vision_msgs) StdoutLine: {'line': b'[  7%] Building C object CMakeFiles/vision_msgs__rosidl_generator_c.dir/rosidl_generator_c/vision_msgs/msg/detail/detection__functions.c.o\n'}
[58.865815] (-) TimerEvent: {}
[58.966654] (-) TimerEvent: {}
[59.067559] (-) TimerEvent: {}
[59.168511] (-) TimerEvent: {}
[59.269328] (-) TimerEvent: {}
[59.370143] (-) TimerEvent: {}
[59.470959] (-) TimerEvent: {}
[59.571703] (-) TimerEvent: {}
[59.647054] (vision_msgs) StdoutLine: {'line': b'[ 10%] Building C object CMakeFiles/vision_msgs__rosidl_generator_c.dir/rosidl_generator_c/vision_msgs/msg/detail/detection_array__functions.c.o\n'}
[59.672014] (-) TimerEvent: {}
[59.772786] (-) TimerEvent: {}
[59.873612] (-) TimerEvent: {}
[59.974374] (-) TimerEvent: {}
[60.075183] (-) TimerEvent: {}
[60.175992] (-) TimerEvent: {}
[60.276881] (-) TimerEvent: {}
[60.378355] (-) TimerEvent: {}
[60.382348] (vision_msgs) StdoutLine: {'line': b'[ 12%] Linking C shared library libvision_msgs__rosidl_generator_c.so\n'}
[60.478701] (-) TimerEvent: {}
[60.579637] (-) TimerEvent: {}
[60.681775] (-) TimerEvent: {}
[60.782661] (-) TimerEvent: {}
[60.863102] (vision_msgs) StdoutLine: {'line': b'[ 12%] Built target vision_msgs__rosidl_generator_c\n'}
[60.882987] (-) TimerEvent: {}
[60.983811] (-) TimerEvent: {}
[61.084637] (-) TimerEvent: {}
[61.185433] (-) TimerEvent: {}
[61.286286] (-) TimerEvent: {}
[61.387134] (-) TimerEvent: {}
[61.487928] (-) TimerEvent: {}
[61.588762] (-) TimerEvent: {}
[61.689693] (-) TimerEvent: {}
[61.790540] (-) TimerEvent: {}
[61.892050] (-) TimerEvent: {}
[61.992842] (-) TimerEvent: {}
[62.093772] (-) TimerEvent: {}
[62.194499] (-) TimerEvent: {}
[62.295438] (-) TimerEvent: {}
[62.396190] (-) TimerEvent: {}
[62.496930] (-) TimerEvent: {}
[62.597700] (-) TimerEvent: {}
[62.698428] (-) TimerEvent: {}
[62.799155] (-) TimerEvent: {}
[62.899861] (-) TimerEvent: {}
[63.000579] (-) TimerEvent: {}
[63.101413] (-) TimerEvent: {}
[63.202126] (-) TimerEvent: {}
[63.302842] (-) TimerEvent: {}
[63.403583] (-) TimerEvent: {}
[63.504342] (-) TimerEvent: {}
[63.605069] (-) TimerEvent: {}
[63.671622] (vision_msgs) StdoutLine: {'line': b'running egg_info\n'}
[63.677578] (vision_msgs) StdoutLine: {'line': b'creating vision_msgs.egg-info\n'}
[63.680044] (vision_msgs) StdoutLine: {'line': b'writing vision_msgs.egg-info/PKG-INFO\n'}
[63.682680] (vision_msgs) StdoutLine: {'line': b'writing dependency_links to vision_msgs.egg-info/dependency_links.txt\n'}
[63.684901] (vision_msgs) StdoutLine: {'line': b'writing top-level names to vision_msgs.egg-info/top_level.txt\n'}
[63.687237] (vision_msgs) StdoutLine: {'line': b"writing manifest file 'vision_msgs.egg-info/SOURCES.txt'\n"}
[63.705418] (-) TimerEvent: {}
[63.707028] (vision_msgs) StdoutLine: {'line': b"reading manifest file 'vision_msgs.egg-info/SOURCES.txt'\n"}
[63.713070] (vision_msgs) StdoutLine: {'line': b"writing manifest file 'vision_msgs.egg-info/SOURCES.txt'\n"}
[63.805881] (-) TimerEvent: {}
[63.906787] (-) TimerEvent: {}
[63.971405] (vision_msgs) StdoutLine: {'line': b'[ 12%] Built target ament_cmake_python_build_vision_msgs_egg\n'}
[64.007206] (-) TimerEvent: {}
[64.073992] (vision_msgs) StdoutLine: {'line': b'[ 15%] Generating C introspection for ROS interfaces\n'}
[64.107474] (-) TimerEvent: {}
[64.208180] (-) TimerEvent: {}
[64.308929] (-) TimerEvent: {}
[64.409838] (-) TimerEvent: {}
[64.510608] (-) TimerEvent: {}
[64.611357] (-) TimerEvent: {}
[64.712166] (-) TimerEvent: {}
[64.813056] (-) TimerEvent: {}
[64.913980] (-) TimerEvent: {}
[65.014743] (-) TimerEvent: {}
[65.115566] (-) TimerEvent: {}
[65.216421] (-) TimerEvent: {}
[65.317317] (-) TimerEvent: {}
[65.418076] (-) TimerEvent: {}
[65.518820] (-) TimerEvent: {}
[65.619603] (-) TimerEvent: {}
[65.720358] (-) TimerEvent: {}
[65.821236] (-) TimerEvent: {}
[65.921999] (-) TimerEvent: {}
[66.022774] (-) TimerEvent: {}
[66.123579] (-) TimerEvent: {}
[66.224303] (-) TimerEvent: {}
[66.325018] (-) TimerEvent: {}
[66.425823] (-) TimerEvent: {}
[66.526572] (-) TimerEvent: {}
[66.627334] (-) TimerEvent: {}
[66.728238] (-) TimerEvent: {}
[66.829096] (-) TimerEvent: {}
[66.929931] (-) TimerEvent: {}
[67.030718] (-) TimerEvent: {}
[67.131543] (-) TimerEvent: {}
[67.232347] (-) TimerEvent: {}
[67.333282] (-) TimerEvent: {}
[67.714452] (-) TimerEvent: {}
[67.815197] (-) TimerEvent: {}
[67.915952] (-) TimerEvent: {}
[68.016705] (-) TimerEvent: {}
[68.117532] (-) TimerEvent: {}
[68.218303] (-) TimerEvent: {}
[68.319079] (-) TimerEvent: {}
[68.419865] (-) TimerEvent: {}
[68.520614] (-) TimerEvent: {}
[68.621380] (-) TimerEvent: {}
[68.722140] (-) TimerEvent: {}
[68.822925] (-) TimerEvent: {}
[68.923838] (-) TimerEvent: {}
[69.024750] (-) TimerEvent: {}
[69.125590] (-) TimerEvent: {}
[69.226852] (-) TimerEvent: {}
[69.327787] (-) TimerEvent: {}
[69.428614] (-) TimerEvent: {}
[69.430195] (vision_msgs) StdoutLine: {'line': b'[ 17%] Building C object CMakeFiles/vision_msgs__rosidl_typesupport_introspection_c.dir/rosidl_typesupport_introspection_c/vision_msgs/msg/detail/detection__type_support.c.o\n'}
[69.528951] (-) TimerEvent: {}
[69.630020] (-) TimerEvent: {}
[69.730862] (-) TimerEvent: {}
[69.831755] (-) TimerEvent: {}
[69.932525] (-) TimerEvent: {}
[70.033359] (vision_msgs) StdoutLine: {'line': b'[ 20%] Building C object CMakeFiles/vision_msgs__rosidl_typesupport_introspection_c.dir/rosidl_typesupport_introspection_c/vision_msgs/msg/detail/detection_array__type_support.c.o\n'}
[70.035141] (-) TimerEvent: {}
[70.135826] (-) TimerEvent: {}
[70.236643] (-) TimerEvent: {}
[70.337680] (-) TimerEvent: {}
[70.438449] (-) TimerEvent: {}
[70.539238] (-) TimerEvent: {}
[70.640039] (-) TimerEvent: {}
[70.741023] (-) TimerEvent: {}
[70.841761] (-) TimerEvent: {}
[70.942550] (-) TimerEvent: {}
[71.043289] (-) TimerEvent: {}
[71.144086] (-) TimerEvent: {}
[71.244856] (-) TimerEvent: {}
[71.345677] (-) TimerEvent: {}
[71.446421] (-) TimerEvent: {}
[71.547181] (-) TimerEvent: {}
[71.647929] (-) TimerEvent: {}
[71.748704] (-) TimerEvent: {}
[71.849606] (-) TimerEvent: {}
[71.950377] (-) TimerEvent: {}
[72.051130] (-) TimerEvent: {}
[72.151885] (-) TimerEvent: {}
[72.252766] (-) TimerEvent: {}
[72.353801] (-) TimerEvent: {}
[76.676799] (-) TimerEvent: {}
[76.777622] (-) TimerEvent: {}
[76.878476] (-) TimerEvent: {}
[76.928754] (vision_msgs) StdoutLine: {'line': b'[ 22%] Linking C shared library libvision_msgs__rosidl_typesupport_introspection_c.so\n'}
[76.978808] (-) TimerEvent: {}
[77.079776] (-) TimerEvent: {}
[77.180665] (-) TimerEvent: {}
[77.281411] (-) TimerEvent: {}
[77.291869] (vision_msgs) StdoutLine: {'line': b'[ 22%] Built target vision_msgs__rosidl_typesupport_introspection_c\n'}
[78.215646] (-) TimerEvent: {}
[78.219630] (vision_msgs) StdoutLine: {'line': b'[ 25%] Generating C type support dispatch for ROS interfaces\n'}
[78.315940] (-) TimerEvent: {}
[78.416688] (-) TimerEvent: {}
[78.517474] (-) TimerEvent: {}
[78.618302] (-) TimerEvent: {}
[78.719145] (-) TimerEvent: {}
[78.820008] (-) TimerEvent: {}
[78.920735] (-) TimerEvent: {}
[79.021479] (-) TimerEvent: {}
[79.122241] (-) TimerEvent: {}
[79.223006] (-) TimerEvent: {}
[79.323775] (-) TimerEvent: {}
[79.424627] (-) TimerEvent: {}
[79.525412] (-) TimerEvent: {}
[79.626171] (-) TimerEvent: {}
[79.726935] (-) TimerEvent: {}
[79.827744] (-) TimerEvent: {}
[79.928590] (-) TimerEvent: {}
[80.029387] (-) TimerEvent: {}
[80.130158] (-) TimerEvent: {}
[80.230927] (-) TimerEvent: {}
[80.331699] (-) TimerEvent: {}
[80.432437] (-) TimerEvent: {}
[80.533307] (-) TimerEvent: {}
[80.634057] (-) TimerEvent: {}
[80.734937] (-) TimerEvent: {}
[80.835776] (-) TimerEvent: {}
[80.936567] (-) TimerEvent: {}
[81.037403] (-) TimerEvent: {}
[81.138185] (-) TimerEvent: {}
[81.238964] (-) TimerEvent: {}
[81.339722] (-) TimerEvent: {}
[81.440508] (-) TimerEvent: {}
[81.541401] (-) TimerEvent: {}
[81.642325] (-) TimerEvent: {}
[81.743156] (-) TimerEvent: {}
[81.843953] (-) TimerEvent: {}
[81.944757] (-) TimerEvent: {}
[82.045551] (-) TimerEvent: {}
[82.146342] (-) TimerEvent: {}
[82.247179] (-) TimerEvent: {}
[82.348136] (-) TimerEvent: {}
[82.582442] (-) TimerEvent: {}
[82.681305] (vision_msgs) StdoutLine: {'line': b'[ 27%] Building CXX object CMakeFiles/vision_msgs__rosidl_typesupport_c.dir/rosidl_typesupport_c/vision_msgs/msg/detection__type_support.cpp.o\n'}
[82.683071] (-) TimerEvent: {}
[82.783760] (-) TimerEvent: {}
[82.884675] (-) TimerEvent: {}
[82.985632] (-) TimerEvent: {}
[83.086524] (-) TimerEvent: {}
[83.120240] (vision_msgs) StdoutLine: {'line': b'[ 30%] Building CXX object CMakeFiles/vision_msgs__rosidl_typesupport_c.dir/rosidl_typesupport_c/vision_msgs/msg/detection_array__type_support.cpp.o\n'}
[83.186916] (-) TimerEvent: {}
[83.287820] (-) TimerEvent: {}
[83.388731] (-) TimerEvent: {}
[83.489681] (-) TimerEvent: {}
[83.521820] (vision_msgs) StdoutLine: {'line': b'[ 32%] Linking CXX shared library libvision_msgs__rosidl_typesupport_c.so\n'}
[83.590009] (-) TimerEvent: {}
[83.690793] (-) TimerEvent: {}
[83.791562] (-) TimerEvent: {}
[83.892379] (-) TimerEvent: {}
[83.933903] (vision_msgs) StdoutLine: {'line': b'[ 32%] Built target vision_msgs__rosidl_typesupport_c\n'}
[83.992674] (-) TimerEvent: {}
[84.035335] (vision_msgs) StdoutLine: {'line': b'[ 35%] Generating C type support for eProsima Fast-RTPS\n'}
[84.093665] (-) TimerEvent: {}
[84.194650] (-) TimerEvent: {}
[84.295435] (-) TimerEvent: {}
[84.396258] (-) TimerEvent: {}
[84.497112] (-) TimerEvent: {}
[84.597936] (-) TimerEvent: {}
[84.698691] (-) TimerEvent: {}
[84.799492] (-) TimerEvent: {}
[84.900737] (-) TimerEvent: {}
[85.001629] (-) TimerEvent: {}
[85.102393] (-) TimerEvent: {}
[85.203132] (-) TimerEvent: {}
[85.303875] (-) TimerEvent: {}
[85.404607] (-) TimerEvent: {}
[85.505413] (-) TimerEvent: {}
[85.606147] (-) TimerEvent: {}
[85.706876] (-) TimerEvent: {}
[85.807602] (-) TimerEvent: {}
[85.908324] (-) TimerEvent: {}
[86.009086] (-) TimerEvent: {}
[86.109868] (-) TimerEvent: {}
[86.210635] (-) TimerEvent: {}
[86.311386] (-) TimerEvent: {}
[86.412120] (-) TimerEvent: {}
[86.512904] (-) TimerEvent: {}
[86.613725] (-) TimerEvent: {}
[86.714473] (-) TimerEvent: {}
[86.815225] (-) TimerEvent: {}
[86.916015] (-) TimerEvent: {}
[87.016806] (-) TimerEvent: {}
[87.117675] (-) TimerEvent: {}
[87.218551] (-) TimerEvent: {}
[87.319317] (-) TimerEvent: {}
[87.967381] (-) TimerEvent: {}
[88.068115] (-) TimerEvent: {}
[88.169080] (-) TimerEvent: {}
[88.269859] (-) TimerEvent: {}
[88.370600] (-) TimerEvent: {}
[88.471353] (-) TimerEvent: {}
[88.572112] (-) TimerEvent: {}
[88.672950] (-) TimerEvent: {}
[88.773960] (-) TimerEvent: {}
[88.874762] (-) TimerEvent: {}
[88.975475] (-) TimerEvent: {}
[89.076327] (-) TimerEvent: {}
[89.177210] (-) TimerEvent: {}
[89.277991] (-) TimerEvent: {}
[89.378888] (-) TimerEvent: {}
[89.480264] (-) TimerEvent: {}
[89.581117] (-) TimerEvent: {}
[89.682122] (-) TimerEvent: {}
[89.783105] (-) TimerEvent: {}
[89.884103] (-) TimerEvent: {}
[89.949597] (vision_msgs) StdoutLine: {'line': b'[ 37%] Building CXX object CMakeFiles/vision_msgs__rosidl_typesupport_fastrtps_c.dir/rosidl_typesupport_fastrtps_c/vision_msgs/msg/detail/detection__type_support_c.cpp.o\n'}
[89.984413] (-) TimerEvent: {}
[90.085304] (-) TimerEvent: {}
[90.186057] (-) TimerEvent: {}
[90.287302] (-) TimerEvent: {}
[90.388074] (-) TimerEvent: {}
[90.488881] (-) TimerEvent: {}
[90.589712] (-) TimerEvent: {}
[90.690488] (-) TimerEvent: {}
[90.791272] (-) TimerEvent: {}
[90.892005] (-) TimerEvent: {}
[90.992771] (-) TimerEvent: {}
[91.093588] (-) TimerEvent: {}
[91.194363] (-) TimerEvent: {}
[91.295149] (-) TimerEvent: {}
[91.396202] (-) TimerEvent: {}
[91.497202] (-) TimerEvent: {}
[91.598110] (-) TimerEvent: {}
[91.698966] (-) TimerEvent: {}
[91.799862] (-) TimerEvent: {}
[91.900756] (-) TimerEvent: {}
[92.001630] (-) TimerEvent: {}
[92.102481] (-) TimerEvent: {}
[92.203361] (-) TimerEvent: {}
[92.304198] (-) TimerEvent: {}
[94.792308] (-) TimerEvent: {}
[94.893273] (-) TimerEvent: {}
[94.994084] (-) TimerEvent: {}
[95.094945] (-) TimerEvent: {}
[95.124098] (vision_msgs) StdoutLine: {'line': b'[ 40%] Building CXX object CMakeFiles/vision_msgs__rosidl_typesupport_fastrtps_c.dir/rosidl_typesupport_fastrtps_c/vision_msgs/msg/detail/detection_array__type_support_c.cpp.o\n'}
[95.195310] (-) TimerEvent: {}
[95.296138] (-) TimerEvent: {}
[95.397007] (-) TimerEvent: {}
[95.497850] (-) TimerEvent: {}
[95.598644] (-) TimerEvent: {}
[95.699417] (-) TimerEvent: {}
[95.800202] (-) TimerEvent: {}
[95.901020] (-) TimerEvent: {}
[96.001856] (-) TimerEvent: {}
[96.102650] (-) TimerEvent: {}
[96.203431] (-) TimerEvent: {}
[96.304219] (-) TimerEvent: {}
[96.405016] (-) TimerEvent: {}
[96.505941] (-) TimerEvent: {}
[96.606784] (-) TimerEvent: {}
[96.707628] (-) TimerEvent: {}
[96.808402] (-) TimerEvent: {}
[96.909295] (-) TimerEvent: {}
[97.010131] (-) TimerEvent: {}
[97.110998] (-) TimerEvent: {}
[97.211848] (-) TimerEvent: {}
[97.312739] (-) TimerEvent: {}
[98.026896] (-) TimerEvent: {}
[98.127717] (-) TimerEvent: {}
[98.228568] (-) TimerEvent: {}
[98.329456] (-) TimerEvent: {}
[98.430275] (-) TimerEvent: {}
[98.531119] (-) TimerEvent: {}
[98.631957] (-) TimerEvent: {}
[98.732765] (-) TimerEvent: {}
[98.833638] (-) TimerEvent: {}
[98.934464] (-) TimerEvent: {}
[99.035265] (-) TimerEvent: {}
[99.109937] (vision_msgs) StdoutLine: {'line': b'[ 42%] Linking CXX shared library libvision_msgs__rosidl_typesupport_fastrtps_c.so\n'}
[99.135587] (-) TimerEvent: {}
[99.236375] (-) TimerEvent: {}
[99.337291] (-) TimerEvent: {}
[99.438291] (-) TimerEvent: {}
[99.539296] (-) TimerEvent: {}
[99.640291] (-) TimerEvent: {}
[99.741212] (-) TimerEvent: {}
[99.842247] (vision_msgs) StdoutLine: {'line': b'[ 42%] Built target vision_msgs__rosidl_typesupport_fastrtps_c\n'}
[99.843979] (-) TimerEvent: {}
[99.944796] (-) TimerEvent: {}
[100.042492] (vision_msgs) StdoutLine: {'line': b'[ 45%] Generating C++ code for ROS interfaces\n'}
[100.045066] (-) TimerEvent: {}
[100.145920] (-) TimerEvent: {}
[100.246705] (-) TimerEvent: {}
[100.347500] (-) TimerEvent: {}
[100.448303] (-) TimerEvent: {}
[100.549115] (-) TimerEvent: {}
[100.649961] (-) TimerEvent: {}
[100.750728] (-) TimerEvent: {}
[100.851585] (-) TimerEvent: {}
[100.952337] (-) TimerEvent: {}
[101.053091] (-) TimerEvent: {}
[101.153912] (-) TimerEvent: {}
[101.254707] (-) TimerEvent: {}
[101.355468] (-) TimerEvent: {}
[101.456239] (-) TimerEvent: {}
[101.556952] (-) TimerEvent: {}
[101.657654] (-) TimerEvent: {}
[101.758474] (-) TimerEvent: {}
[101.859314] (-) TimerEvent: {}
[101.960112] (-) TimerEvent: {}
[102.060912] (-) TimerEvent: {}
[102.161773] (-) TimerEvent: {}
[102.264231] (-) TimerEvent: {}
[102.365567] (-) TimerEvent: {}
[102.976501] (-) TimerEvent: {}
[103.077353] (-) TimerEvent: {}
[103.178149] (-) TimerEvent: {}
[103.280200] (-) TimerEvent: {}
[103.380952] (-) TimerEvent: {}
[103.481712] (-) TimerEvent: {}
[103.582479] (-) TimerEvent: {}
[103.683250] (-) TimerEvent: {}
[103.784084] (-) TimerEvent: {}
[103.884936] (-) TimerEvent: {}
[103.985872] (-) TimerEvent: {}
[104.086704] (-) TimerEvent: {}
[104.187465] (-) TimerEvent: {}
[104.288296] (-) TimerEvent: {}
[104.389117] (-) TimerEvent: {}
[104.489956] (-) TimerEvent: {}
[104.590652] (-) TimerEvent: {}
[104.691347] (-) TimerEvent: {}
[104.792232] (-) TimerEvent: {}
[104.893309] (-) TimerEvent: {}
[104.994414] (-) TimerEvent: {}
[105.095298] (-) TimerEvent: {}
[105.196185] (-) TimerEvent: {}
[105.296996] (-) TimerEvent: {}
[105.397877] (-) TimerEvent: {}
[105.498680] (-) TimerEvent: {}
[105.599602] (-) TimerEvent: {}
[105.697958] (vision_msgs) StdoutLine: {'line': b'[ 45%] Built target vision_msgs__cpp\n'}
[105.699679] (-) TimerEvent: {}
[105.800334] (vision_msgs) StdoutLine: {'line': b'[ 47%] Generating C++ type support for eProsima Fast-RTPS\n'}
[105.802093] (-) TimerEvent: {}
[105.902698] (-) TimerEvent: {}
[106.003441] (-) TimerEvent: {}
[106.104183] (-) TimerEvent: {}
[106.204932] (-) TimerEvent: {}
[106.305988] (-) TimerEvent: {}
[106.406957] (-) TimerEvent: {}
[106.507690] (-) TimerEvent: {}
[106.608394] (-) TimerEvent: {}
[106.709202] (-) TimerEvent: {}
[106.810005] (-) TimerEvent: {}
[106.910754] (-) TimerEvent: {}
[107.011545] (-) TimerEvent: {}
[107.112348] (-) TimerEvent: {}
[107.213112] (-) TimerEvent: {}
[107.313898] (-) TimerEvent: {}
[107.791332] (-) TimerEvent: {}
[107.892102] (-) TimerEvent: {}
[107.992933] (-) TimerEvent: {}
[108.093944] (-) TimerEvent: {}
[108.194739] (-) TimerEvent: {}
[108.295595] (-) TimerEvent: {}
[108.396392] (-) TimerEvent: {}
[108.497941] (-) TimerEvent: {}
[108.598760] (-) TimerEvent: {}
[108.699516] (-) TimerEvent: {}
[108.800270] (-) TimerEvent: {}
[108.901034] (-) TimerEvent: {}
[109.001808] (-) TimerEvent: {}
[109.102542] (-) TimerEvent: {}
[109.203246] (-) TimerEvent: {}
[109.303998] (-) TimerEvent: {}
[109.404778] (-) TimerEvent: {}
[109.505634] (-) TimerEvent: {}
[109.606390] (-) TimerEvent: {}
[109.707106] (-) TimerEvent: {}
[109.807801] (-) TimerEvent: {}
[109.908633] (-) TimerEvent: {}
[110.009479] (-) TimerEvent: {}
[110.110210] (-) TimerEvent: {}
[110.211010] (-) TimerEvent: {}
[110.311966] (-) TimerEvent: {}
[110.413093] (-) TimerEvent: {}
[110.514004] (-) TimerEvent: {}
[110.614827] (-) TimerEvent: {}
[110.715715] (-) TimerEvent: {}
