[64.624s] DEBUG:colcon:Command line arguments: ['/usr/bin/colcon', 'build', '--packages-select', 'sllidar_ros2']
[64.625s] DEBUG:colcon:Parsed command line arguments: Namespace(log_base=None, log_level=None, verb_name='build', build_base='build', install_base='install', merge_install=False, symlink_install=False, test_result_base=None, continue_on_error=False, executor='parallel', parallel_workers=4, event_handlers=None, ignore_user_meta=False, metas=['./colcon.meta'], base_paths=['.'], packages_ignore=None, packages_ignore_regex=None, paths=None, packages_up_to=None, packages_up_to_regex=None, packages_above=None, packages_above_and_dependencies=None, packages_above_depth=None, packages_select_by_dep=None, packages_skip_by_dep=None, packages_skip_up_to=None, packages_select_build_failed=False, packages_skip_build_finished=False, packages_select_test_failures=False, packages_skip_test_passed=False, packages_select=['sllidar_ros2'], packages_skip=None, packages_select_regex=None, packages_skip_regex=None, packages_start=None, packages_end=None, allow_overriding=[], cmake_args=None, cmake_target=None, cmake_target_skip_unavailable=False, cmake_clean_cache=False, cmake_clean_first=False, cmake_force_configure=False, ament_cmake_args=None, catkin_cmake_args=None, catkin_skip_building_tests=False, verb_parser=<colcon_defaults.argument_parser.defaults.DefaultArgumentsDecorator object at 0xffff8982e9e0>, verb_extension=<colcon_core.verb.build.BuildVerb object at 0xffff89984190>, main=<bound method BuildVerb.main of <colcon_core.verb.build.BuildVerb object at 0xffff89984190>>)
[76.888s] Level 1:colcon.colcon_core.package_discovery:discover_packages(colcon_meta) check parameters
[76.889s] Level 1:colcon.colcon_core.package_discovery:discover_packages(recursive) check parameters
[76.890s] Level 1:colcon.colcon_core.package_discovery:discover_packages(ignore) check parameters
[76.890s] Level 1:colcon.colcon_core.package_discovery:discover_packages(path) check parameters
[76.890s] Level 1:colcon.colcon_core.package_discovery:discover_packages(colcon_meta) discover
[76.891s] Level 1:colcon.colcon_core.package_discovery:discover_packages(recursive) discover
[76.892s] INFO:colcon.colcon_core.package_discovery:Crawling recursively for packages in '/home/robot/robot_ws'
[76.893s] Level 1:colcon.colcon_core.package_identification:_identify(.) by extensions ['ignore', 'ignore_ament_install']
[76.894s] Level 1:colcon.colcon_core.package_identification:_identify(.) by extension 'ignore'
[76.894s] Level 1:colcon.colcon_core.package_identification:_identify(.) by extension 'ignore_ament_install'
[76.895s] Level 1:colcon.colcon_core.package_identification:_identify(.) by extensions ['colcon_pkg']
[76.895s] Level 1:colcon.colcon_core.package_identification:_identify(.) by extension 'colcon_pkg'
[76.896s] Level 1:colcon.colcon_core.package_identification:_identify(.) by extensions ['colcon_meta']
[76.896s] Level 1:colcon.colcon_core.package_identification:_identify(.) by extension 'colcon_meta'
[76.897s] Level 1:colcon.colcon_core.package_identification:_identify(.) by extensions ['ros']
[76.897s] Level 1:colcon.colcon_core.package_identification:_identify(.) by extension 'ros'
[76.974s] Level 1:colcon.colcon_core.package_identification:_identify(.) by extensions ['cmake', 'python']
[76.974s] Level 1:colcon.colcon_core.package_identification:_identify(.) by extension 'cmake'
[76.975s] Level 1:colcon.colcon_core.package_identification:_identify(.) by extension 'python'
[76.975s] Level 1:colcon.colcon_core.package_identification:_identify(.) by extensions ['python_setup_py']
[76.975s] Level 1:colcon.colcon_core.package_identification:_identify(.) by extension 'python_setup_py'
[76.976s] Level 1:colcon.colcon_core.package_identification:_identify(build) by extensions ['ignore', 'ignore_ament_install']
[76.976s] Level 1:colcon.colcon_core.package_identification:_identify(build) by extension 'ignore'
[76.976s] Level 1:colcon.colcon_core.package_identification:_identify(build) ignored
[76.977s] Level 1:colcon.colcon_core.package_identification:_identify(install) by extensions ['ignore', 'ignore_ament_install']
[76.978s] Level 1:colcon.colcon_core.package_identification:_identify(install) by extension 'ignore'
[76.978s] Level 1:colcon.colcon_core.package_identification:_identify(install) ignored
[76.979s] Level 1:colcon.colcon_core.package_identification:_identify(log) by extensions ['ignore', 'ignore_ament_install']
[76.979s] Level 1:colcon.colcon_core.package_identification:_identify(log) by extension 'ignore'
[76.979s] Level 1:colcon.colcon_core.package_identification:_identify(log) ignored
[76.980s] Level 1:colcon.colcon_core.package_identification:_identify(src) by extensions ['ignore', 'ignore_ament_install']
[76.980s] Level 1:colcon.colcon_core.package_identification:_identify(src) by extension 'ignore'
[76.980s] Level 1:colcon.colcon_core.package_identification:_identify(src) by extension 'ignore_ament_install'
[76.981s] Level 1:colcon.colcon_core.package_identification:_identify(src) by extensions ['colcon_pkg']
[76.981s] Level 1:colcon.colcon_core.package_identification:_identify(src) by extension 'colcon_pkg'
[76.981s] Level 1:colcon.colcon_core.package_identification:_identify(src) by extensions ['colcon_meta']
[76.981s] Level 1:colcon.colcon_core.package_identification:_identify(src) by extension 'colcon_meta'
[76.981s] Level 1:colcon.colcon_core.package_identification:_identify(src) by extensions ['ros']
[76.982s] Level 1:colcon.colcon_core.package_identification:_identify(src) by extension 'ros'
[76.982s] Level 1:colcon.colcon_core.package_identification:_identify(src) by extensions ['cmake', 'python']
[76.982s] Level 1:colcon.colcon_core.package_identification:_identify(src) by extension 'cmake'
[76.982s] Level 1:colcon.colcon_core.package_identification:_identify(src) by extension 'python'
[76.983s] Level 1:colcon.colcon_core.package_identification:_identify(src) by extensions ['python_setup_py']
[76.983s] Level 1:colcon.colcon_core.package_identification:_identify(src) by extension 'python_setup_py'
[76.983s] Level 1:colcon.colcon_core.package_identification:_identify(src/robot_camera) by extensions ['ignore', 'ignore_ament_install']
[76.984s] Level 1:colcon.colcon_core.package_identification:_identify(src/robot_camera) by extension 'ignore'
[76.984s] Level 1:colcon.colcon_core.package_identification:_identify(src/robot_camera) by extension 'ignore_ament_install'
[76.984s] Level 1:colcon.colcon_core.package_identification:_identify(src/robot_camera) by extensions ['colcon_pkg']
[76.985s] Level 1:colcon.colcon_core.package_identification:_identify(src/robot_camera) by extension 'colcon_pkg'
[76.985s] Level 1:colcon.colcon_core.package_identification:_identify(src/robot_camera) by extensions ['colcon_meta']
[76.985s] Level 1:colcon.colcon_core.package_identification:_identify(src/robot_camera) by extension 'colcon_meta'
[76.985s] Level 1:colcon.colcon_core.package_identification:_identify(src/robot_camera) by extensions ['ros']
[76.985s] Level 1:colcon.colcon_core.package_identification:_identify(src/robot_camera) by extension 'ros'
[77.007s] DEBUG:colcon.colcon_core.package_identification:Package 'src/robot_camera' with type 'ros.ament_python' and name 'robot_camera'
[77.008s] Level 1:colcon.colcon_core.package_identification:_identify(src/sllidar_ros2) by extensions ['ignore', 'ignore_ament_install']
[77.009s] Level 1:colcon.colcon_core.package_identification:_identify(src/sllidar_ros2) by extension 'ignore'
[77.009s] Level 1:colcon.colcon_core.package_identification:_identify(src/sllidar_ros2) by extension 'ignore_ament_install'
[77.009s] Level 1:colcon.colcon_core.package_identification:_identify(src/sllidar_ros2) by extensions ['colcon_pkg']
[77.009s] Level 1:colcon.colcon_core.package_identification:_identify(src/sllidar_ros2) by extension 'colcon_pkg'
[77.010s] Level 1:colcon.colcon_core.package_identification:_identify(src/sllidar_ros2) by extensions ['colcon_meta']
[77.010s] Level 1:colcon.colcon_core.package_identification:_identify(src/sllidar_ros2) by extension 'colcon_meta'
[77.010s] Level 1:colcon.colcon_core.package_identification:_identify(src/sllidar_ros2) by extensions ['ros']
[77.010s] Level 1:colcon.colcon_core.package_identification:_identify(src/sllidar_ros2) by extension 'ros'
[77.014s] DEBUG:colcon.colcon_core.package_identification:Package 'src/sllidar_ros2' with type 'ros.ament_cmake' and name 'sllidar_ros2'
[77.014s] Level 1:colcon.colcon_core.package_discovery:discover_packages(recursive) using defaults
[77.014s] Level 1:colcon.colcon_core.package_discovery:discover_packages(ignore) discover
[77.014s] Level 1:colcon.colcon_core.package_discovery:discover_packages(ignore) using defaults
[77.015s] Level 1:colcon.colcon_core.package_discovery:discover_packages(path) discover
[77.015s] Level 1:colcon.colcon_core.package_discovery:discover_packages(path) using defaults
[77.153s] INFO:colcon.colcon_core.package_selection:Skipping not selected package 'robot_camera' in 'src/robot_camera'
[77.156s] Level 1:colcon.colcon_core.package_discovery:discover_packages(prefix_path) check parameters
[77.157s] Level 1:colcon.colcon_core.package_discovery:discover_packages(prefix_path) discover
[77.174s] DEBUG:colcon.colcon_installed_package_information.package_discovery:Found 2 installed packages in /home/robot/robot_ws/install
[77.185s] DEBUG:colcon.colcon_installed_package_information.package_discovery:Found 259 installed packages in /opt/ros/humble
[77.192s] Level 1:colcon.colcon_core.package_discovery:discover_packages(prefix_path) using defaults
[77.419s] Level 5:colcon.colcon_core.verb:set package 'sllidar_ros2' build argument 'cmake_args' from command line to 'None'
[77.419s] Level 5:colcon.colcon_core.verb:set package 'sllidar_ros2' build argument 'cmake_target' from command line to 'None'
[77.419s] Level 5:colcon.colcon_core.verb:set package 'sllidar_ros2' build argument 'cmake_target_skip_unavailable' from command line to 'False'
[77.419s] Level 5:colcon.colcon_core.verb:set package 'sllidar_ros2' build argument 'cmake_clean_cache' from command line to 'False'
[77.419s] Level 5:colcon.colcon_core.verb:set package 'sllidar_ros2' build argument 'cmake_clean_first' from command line to 'False'
[77.420s] Level 5:colcon.colcon_core.verb:set package 'sllidar_ros2' build argument 'cmake_force_configure' from command line to 'False'
[77.420s] Level 5:colcon.colcon_core.verb:set package 'sllidar_ros2' build argument 'ament_cmake_args' from command line to 'None'
[77.420s] Level 5:colcon.colcon_core.verb:set package 'sllidar_ros2' build argument 'catkin_cmake_args' from command line to 'None'
[77.420s] Level 5:colcon.colcon_core.verb:set package 'sllidar_ros2' build argument 'catkin_skip_building_tests' from command line to 'False'
[77.420s] DEBUG:colcon.colcon_core.verb:Building package 'sllidar_ros2' with the following arguments: {'ament_cmake_args': None, 'build_base': '/home/robot/robot_ws/build/sllidar_ros2', 'catkin_cmake_args': None, 'catkin_skip_building_tests': False, 'cmake_args': None, 'cmake_clean_cache': False, 'cmake_clean_first': False, 'cmake_force_configure': False, 'cmake_target': None, 'cmake_target_skip_unavailable': False, 'install_base': '/home/robot/robot_ws/install/sllidar_ros2', 'merge_install': False, 'path': '/home/robot/robot_ws/src/sllidar_ros2', 'symlink_install': False, 'test_result_base': None}
[77.421s] INFO:colcon.colcon_core.executor:Executing jobs using 'parallel' executor
[77.424s] DEBUG:colcon.colcon_parallel_executor.executor.parallel:run_until_complete
[77.425s] INFO:colcon.colcon_ros.task.ament_cmake.build:Building ROS package in '/home/robot/robot_ws/src/sllidar_ros2' with build type 'ament_cmake'
[77.426s] INFO:colcon.colcon_cmake.task.cmake.build:Building CMake package in '/home/robot/robot_ws/src/sllidar_ros2'
[77.450s] INFO:colcon.colcon_core.plugin_system:Skipping extension 'colcon_core.shell.bat': Not used on non-Windows systems
[77.452s] INFO:colcon.colcon_core.shell:Skip shell extension 'powershell' for command environment: Not usable outside of PowerShell
[77.452s] DEBUG:colcon.colcon_core.shell:Skip shell extension 'dsv' for command environment
[79.090s] DEBUG:colcon.colcon_core.event_handler.log_command:Invoking command in '/home/robot/robot_ws/build/sllidar_ros2': CMAKE_PREFIX_PATH=${CMAKE_PREFIX_PATH}:/home/robot/robot_ws/install/robot_camera:/opt/ros/humble /usr/bin/cmake /home/robot/robot_ws/src/sllidar_ros2 -DCMAKE_INSTALL_PREFIX=/home/robot/robot_ws/install/sllidar_ros2
[102.554s] DEBUG:colcon.colcon_core.event_handler.log_command:Invoked command in '/home/robot/robot_ws/build/sllidar_ros2' returned '0': CMAKE_PREFIX_PATH=${CMAKE_PREFIX_PATH}:/home/robot/robot_ws/install/robot_camera:/opt/ros/humble /usr/bin/cmake /home/robot/robot_ws/src/sllidar_ros2 -DCMAKE_INSTALL_PREFIX=/home/robot/robot_ws/install/sllidar_ros2
[102.568s] DEBUG:colcon.colcon_core.event_handler.log_command:Invoking command in '/home/robot/robot_ws/build/sllidar_ros2': CMAKE_PREFIX_PATH=${CMAKE_PREFIX_PATH}:/home/robot/robot_ws/install/robot_camera:/opt/ros/humble /usr/bin/cmake --build /home/robot/robot_ws/build/sllidar_ros2 -- -j4 -l4
[352.671s] DEBUG:colcon.colcon_core.event_handler.log_command:Invoked command in '/home/robot/robot_ws/build/sllidar_ros2' returned '0': CMAKE_PREFIX_PATH=${CMAKE_PREFIX_PATH}:/home/robot/robot_ws/install/robot_camera:/opt/ros/humble /usr/bin/cmake --build /home/robot/robot_ws/build/sllidar_ros2 -- -j4 -l4
[352.717s] DEBUG:colcon.colcon_core.event_handler.log_command:Invoking command in '/home/robot/robot_ws/build/sllidar_ros2': CMAKE_PREFIX_PATH=${CMAKE_PREFIX_PATH}:/home/robot/robot_ws/install/robot_camera:/opt/ros/humble /usr/bin/cmake --install /home/robot/robot_ws/build/sllidar_ros2
[352.887s] Level 1:colcon.colcon_core.environment:create_environment_scripts_only(sllidar_ros2)
[352.891s] DEBUG:colcon.colcon_core.event_handler.log_command:Invoked command in '/home/robot/robot_ws/build/sllidar_ros2' returned '0': CMAKE_PREFIX_PATH=${CMAKE_PREFIX_PATH}:/home/robot/robot_ws/install/robot_camera:/opt/ros/humble /usr/bin/cmake --install /home/robot/robot_ws/build/sllidar_ros2
[354.190s] Level 1:colcon.colcon_core.environment:checking '/home/robot/robot_ws/install/sllidar_ros2' for CMake module files
[354.198s] Level 1:colcon.colcon_core.environment:checking '/home/robot/robot_ws/install/sllidar_ros2' for CMake config files
[354.200s] Level 1:colcon.colcon_core.shell:create_environment_hook('sllidar_ros2', 'cmake_prefix_path')
[354.202s] INFO:colcon.colcon_core.shell:Creating environment hook '/home/robot/robot_ws/install/sllidar_ros2/share/sllidar_ros2/hook/cmake_prefix_path.ps1'
[354.315s] INFO:colcon.colcon_core.shell:Creating environment descriptor '/home/robot/robot_ws/install/sllidar_ros2/share/sllidar_ros2/hook/cmake_prefix_path.dsv'
[354.432s] INFO:colcon.colcon_core.shell:Creating environment hook '/home/robot/robot_ws/install/sllidar_ros2/share/sllidar_ros2/hook/cmake_prefix_path.sh'
[354.647s] Level 1:colcon.colcon_core.environment:checking '/home/robot/robot_ws/install/sllidar_ros2/lib'
[354.649s] Level 1:colcon.colcon_core.environment:checking '/home/robot/robot_ws/install/sllidar_ros2/bin'
[354.833s] Level 1:colcon.colcon_core.environment:checking '/home/robot/robot_ws/install/sllidar_ros2/lib/pkgconfig/sllidar_ros2.pc'
[354.835s] Level 1:colcon.colcon_core.environment:checking '/home/robot/robot_ws/install/sllidar_ros2/lib/python3.10/site-packages'
[354.838s] Level 1:colcon.colcon_core.environment:checking '/home/robot/robot_ws/install/sllidar_ros2/bin'
[354.841s] INFO:colcon.colcon_core.shell:Creating package script '/home/robot/robot_ws/install/sllidar_ros2/share/sllidar_ros2/package.ps1'
[356.054s] INFO:colcon.colcon_core.shell:Creating package descriptor '/home/robot/robot_ws/install/sllidar_ros2/share/sllidar_ros2/package.dsv'
[356.237s] INFO:colcon.colcon_core.shell:Creating package script '/home/robot/robot_ws/install/sllidar_ros2/share/sllidar_ros2/package.sh'
[356.247s] INFO:colcon.colcon_core.shell:Creating package script '/home/robot/robot_ws/install/sllidar_ros2/share/sllidar_ros2/package.bash'
[356.254s] INFO:colcon.colcon_core.shell:Creating package script '/home/robot/robot_ws/install/sllidar_ros2/share/sllidar_ros2/package.zsh'
[356.260s] Level 1:colcon.colcon_core.environment:create_file_with_runtime_dependencies(/home/robot/robot_ws/install/sllidar_ros2/share/colcon-core/packages/sllidar_ros2)
[356.263s] Level 1:colcon.colcon_core.environment:create_environment_scripts_only(sllidar_ros2)
[356.265s] Level 1:colcon.colcon_core.environment:checking '/home/robot/robot_ws/install/sllidar_ros2' for CMake module files
[356.269s] Level 1:colcon.colcon_core.environment:checking '/home/robot/robot_ws/install/sllidar_ros2' for CMake config files
[356.271s] Level 1:colcon.colcon_core.shell:create_environment_hook('sllidar_ros2', 'cmake_prefix_path')
[356.272s] INFO:colcon.colcon_core.shell:Creating environment hook '/home/robot/robot_ws/install/sllidar_ros2/share/sllidar_ros2/hook/cmake_prefix_path.ps1'
[356.274s] INFO:colcon.colcon_core.shell:Creating environment descriptor '/home/robot/robot_ws/install/sllidar_ros2/share/sllidar_ros2/hook/cmake_prefix_path.dsv'
[356.277s] INFO:colcon.colcon_core.shell:Creating environment hook '/home/robot/robot_ws/install/sllidar_ros2/share/sllidar_ros2/hook/cmake_prefix_path.sh'
[356.279s] Level 1:colcon.colcon_core.environment:checking '/home/robot/robot_ws/install/sllidar_ros2/lib'
[356.280s] Level 1:colcon.colcon_core.environment:checking '/home/robot/robot_ws/install/sllidar_ros2/bin'
[356.280s] Level 1:colcon.colcon_core.environment:checking '/home/robot/robot_ws/install/sllidar_ros2/lib/pkgconfig/sllidar_ros2.pc'
[356.281s] Level 1:colcon.colcon_core.environment:checking '/home/robot/robot_ws/install/sllidar_ros2/lib/python3.10/site-packages'
[356.283s] Level 1:colcon.colcon_core.environment:checking '/home/robot/robot_ws/install/sllidar_ros2/bin'
[356.284s] INFO:colcon.colcon_core.shell:Creating package script '/home/robot/robot_ws/install/sllidar_ros2/share/sllidar_ros2/package.ps1'
[356.287s] INFO:colcon.colcon_core.shell:Creating package descriptor '/home/robot/robot_ws/install/sllidar_ros2/share/sllidar_ros2/package.dsv'
[356.290s] INFO:colcon.colcon_core.shell:Creating package script '/home/robot/robot_ws/install/sllidar_ros2/share/sllidar_ros2/package.sh'
[356.292s] INFO:colcon.colcon_core.shell:Creating package script '/home/robot/robot_ws/install/sllidar_ros2/share/sllidar_ros2/package.bash'
[356.294s] INFO:colcon.colcon_core.shell:Creating package script '/home/robot/robot_ws/install/sllidar_ros2/share/sllidar_ros2/package.zsh'
[356.388s] Level 1:colcon.colcon_core.environment:create_file_with_runtime_dependencies(/home/robot/robot_ws/install/sllidar_ros2/share/colcon-core/packages/sllidar_ros2)
[356.390s] DEBUG:colcon.colcon_parallel_executor.executor.parallel:closing loop
[356.395s] DEBUG:colcon.colcon_parallel_executor.executor.parallel:loop closed
[356.396s] DEBUG:colcon.colcon_parallel_executor.executor.parallel:run_until_complete finished with '0'
[356.397s] DEBUG:colcon.colcon_core.event_reactor:joining thread
[356.403s] DEBUG:colcon.colcon_core.event_reactor:joined thread
[356.404s] INFO:colcon.colcon_core.shell:Creating prefix script '/home/robot/robot_ws/install/local_setup.ps1'
[356.958s] INFO:colcon.colcon_core.shell:Creating prefix util module '/home/robot/robot_ws/install/_local_setup_util_ps1.py'
[357.114s] INFO:colcon.colcon_core.shell:Creating prefix chain script '/home/robot/robot_ws/install/setup.ps1'
[357.241s] INFO:colcon.colcon_core.shell:Creating prefix script '/home/robot/robot_ws/install/local_setup.sh'
[357.249s] INFO:colcon.colcon_core.shell:Creating prefix util module '/home/robot/robot_ws/install/_local_setup_util_sh.py'
[357.256s] INFO:colcon.colcon_core.shell:Creating prefix chain script '/home/robot/robot_ws/install/setup.sh'
[357.494s] INFO:colcon.colcon_core.shell:Creating prefix script '/home/robot/robot_ws/install/local_setup.bash'
[357.500s] INFO:colcon.colcon_core.shell:Creating prefix chain script '/home/robot/robot_ws/install/setup.bash'
[357.507s] INFO:colcon.colcon_core.shell:Creating prefix script '/home/robot/robot_ws/install/local_setup.zsh'
[357.511s] INFO:colcon.colcon_core.shell:Creating prefix chain script '/home/robot/robot_ws/install/setup.zsh'
