[0.000000] (-) TimerEvent: {}
[0.002035] (-) JobUnselected: {'identifier': 'robot_bringup'}
[0.003283] (-) JobUnselected: {'identifier': 'robot_camera'}
[0.004314] (-) JobUnselected: {'identifier': 'sllidar_ros2'}
[0.004795] (robot_description) JobQueued: {'identifier': 'robot_description', 'dependencies': OrderedDict()}
[0.005617] (robot_description) JobStarted: {'identifier': 'robot_description'}
[0.086020] (robot_description) JobProgress: {'identifier': 'robot_description', 'progress': 'cmake'}
[0.091680] (robot_description) JobProgress: {'identifier': 'robot_description', 'progress': 'build'}
[0.097833] (robot_description) Command: {'cmd': ['/usr/bin/cmake', '--build', '/home/robot/robot_ws/build/robot_description', '--', '-j4', '-l4'], 'cwd': '/home/robot/robot_ws/build/robot_description', 'env': OrderedDict([('VSCODE_CWD', '/home/robot'), ('USER', 'robot'), ('SSH_CLIENT', '192.168.31.103 56500 22'), ('VSCODE_NLS_CONFIG', '{"userLocale":"en","osLocale":"en","resolvedLanguage":"en","defaultMessagesFile":"/home/robot/.qoder-server/bin/df796da00864399fd38bf22024de7bdc0bbd9d73/out/nls.messages.json","locale":"en","availableLanguages":{}}'), ('XDG_SESSION_TYPE', 'tty'), ('SHLVL', '1'), ('LD_LIBRARY_PATH', '/opt/ros/humble/opt/rviz_ogre_vendor/lib:/opt/ros/humble/lib/aarch64-linux-gnu:/opt/ros/humble/lib'), ('MOTD_SHOWN', 'pam'), ('HOME', '/home/robot'), ('OLDPWD', '/home/robot/robot_ws'), ('DISABLE_AUTO_UPDATE', 'true'), ('ROS_PYTHON_VERSION', '3'), ('npm_config_yes', 'true'), ('VSCODE_PREVENT_SHELL_HISTORY', '1'), ('DBUS_SESSION_BUS_ADDRESS', 'unix:path=/run/user/1000/bus'), ('ROS_DISTRO', 'humble'), ('LOGNAME', 'robot'), ('VSCODE_HANDLES_SIGPIPE', 'true'), ('_', '/usr/bin/colcon'), ('ROS_VERSION', '2'), ('XDG_SESSION_CLASS', 'user'), ('XDG_SESSION_ID', '16'), ('ROS_LOCALHOST_ONLY', '0'), ('PATH', '/opt/ros/humble/bin:/usr/local/sbin:/usr/local/bin:/usr/sbin:/usr/bin:/sbin:/bin:/usr/games:/usr/local/games:/snap/bin'), ('XDG_RUNTIME_DIR', '/run/user/1000'), ('LANG', 'en_US.UTF-8'), ('AMENT_PREFIX_PATH', '/opt/ros/humble'), ('DEBIAN_FRONTEND', 'noninteractive'), ('SHELL', '/bin/bash'), ('QODER_AGENT', 'true'), ('GIT_PAGER', 'cat'), ('PWD', '/home/robot/robot_ws/build/robot_description'), ('LC_ALL', 'en_US.UTF-8'), ('SSH_CONNECTION', '192.168.31.103 56500 192.168.31.121 22'), ('XDG_DATA_DIRS', '/usr/local/share:/usr/share:/var/lib/snapd/desktop'), ('PYTHONPATH', '/opt/ros/humble/lib/python3.10/site-packages:/opt/ros/humble/local/lib/python3.10/dist-packages'), ('COLCON', '1'), ('PIP_NO_INPUT', 'true'), ('CMAKE_PREFIX_PATH', '/opt/ros/humble')]), 'shell': False}
[0.113033] (-) TimerEvent: {}
[0.213719] (-) TimerEvent: {}
[0.314511] (-) TimerEvent: {}
[0.322206] (robot_description) StdoutLine: {'line': b'-- Found ament_cmake: 1.3.14 (/opt/ros/humble/share/ament_cmake/cmake)\n'}
[0.414776] (-) TimerEvent: {}
[0.515485] (-) TimerEvent: {}
[0.616201] (-) TimerEvent: {}
[0.717072] (-) TimerEvent: {}
[0.817828] (-) TimerEvent: {}
[0.918613] (-) TimerEvent: {}
[1.019472] (-) TimerEvent: {}
[1.120240] (-) TimerEvent: {}
[1.221008] (-) TimerEvent: {}
[1.321704] (-) TimerEvent: {}
[1.422466] (-) TimerEvent: {}
[1.523259] (-) TimerEvent: {}
[1.623981] (-) TimerEvent: {}
[1.683908] (robot_description) StdoutLine: {'line': b'-- Found ament_lint_auto: 0.12.15 (/opt/ros/humble/share/ament_lint_auto/cmake)\n'}
[1.724259] (-) TimerEvent: {}
[1.825029] (-) TimerEvent: {}
[1.925711] (-) TimerEvent: {}
[2.026447] (-) TimerEvent: {}
[2.127198] (-) TimerEvent: {}
[2.227886] (-) TimerEvent: {}
[2.328615] (-) TimerEvent: {}
[2.413878] (robot_description) StdoutLine: {'line': b"-- Added test 'copyright' to check source files copyright and LICENSE\n"}
[2.428954] (-) TimerEvent: {}
[2.472252] (robot_description) StdoutLine: {'line': b"-- Added test 'flake8' to check Python code syntax and style conventions\n"}
[2.481041] (robot_description) StdoutLine: {'line': b"-- Added test 'lint_cmake' to check CMake code style\n"}
[2.487117] (robot_description) StdoutLine: {'line': b"-- Added test 'pep257' to check Python code against some of the docstring style conventions in PEP 257\n"}
[2.517781] (robot_description) StdoutLine: {'line': b"-- Added test 'xmllint' to check XML markup files\n"}
[2.529267] (-) TimerEvent: {}
[2.532479] (robot_description) StdoutLine: {'line': b'-- Configuring done\n'}
[2.584125] (robot_description) StdoutLine: {'line': b'-- Generating done\n'}
[2.609359] (robot_description) StdoutLine: {'line': b'-- Build files have been written to: /home/robot/robot_ws/build/robot_description\n'}
[2.629555] (-) TimerEvent: {}
[2.730276] (-) TimerEvent: {}
[2.790262] (robot_description) CommandEnded: {'returncode': 0}
[2.795068] (robot_description) JobProgress: {'identifier': 'robot_description', 'progress': 'install'}
[2.830583] (-) TimerEvent: {}
[2.869654] (robot_description) Command: {'cmd': ['/usr/bin/cmake', '--install', '/home/robot/robot_ws/build/robot_description'], 'cwd': '/home/robot/robot_ws/build/robot_description', 'env': OrderedDict([('VSCODE_CWD', '/home/robot'), ('USER', 'robot'), ('SSH_CLIENT', '192.168.31.103 56500 22'), ('VSCODE_NLS_CONFIG', '{"userLocale":"en","osLocale":"en","resolvedLanguage":"en","defaultMessagesFile":"/home/robot/.qoder-server/bin/df796da00864399fd38bf22024de7bdc0bbd9d73/out/nls.messages.json","locale":"en","availableLanguages":{}}'), ('XDG_SESSION_TYPE', 'tty'), ('SHLVL', '1'), ('LD_LIBRARY_PATH', '/opt/ros/humble/opt/rviz_ogre_vendor/lib:/opt/ros/humble/lib/aarch64-linux-gnu:/opt/ros/humble/lib'), ('MOTD_SHOWN', 'pam'), ('HOME', '/home/robot'), ('OLDPWD', '/home/robot/robot_ws'), ('DISABLE_AUTO_UPDATE', 'true'), ('ROS_PYTHON_VERSION', '3'), ('npm_config_yes', 'true'), ('VSCODE_PREVENT_SHELL_HISTORY', '1'), ('DBUS_SESSION_BUS_ADDRESS', 'unix:path=/run/user/1000/bus'), ('ROS_DISTRO', 'humble'), ('LOGNAME', 'robot'), ('VSCODE_HANDLES_SIGPIPE', 'true'), ('_', '/usr/bin/colcon'), ('ROS_VERSION', '2'), ('XDG_SESSION_CLASS', 'user'), ('XDG_SESSION_ID', '16'), ('ROS_LOCALHOST_ONLY', '0'), ('PATH', '/opt/ros/humble/bin:/usr/local/sbin:/usr/local/bin:/usr/sbin:/usr/bin:/sbin:/bin:/usr/games:/usr/local/games:/snap/bin'), ('XDG_RUNTIME_DIR', '/run/user/1000'), ('LANG', 'en_US.UTF-8'), ('AMENT_PREFIX_PATH', '/opt/ros/humble'), ('DEBIAN_FRONTEND', 'noninteractive'), ('SHELL', '/bin/bash'), ('QODER_AGENT', 'true'), ('GIT_PAGER', 'cat'), ('PWD', '/home/robot/robot_ws/build/robot_description'), ('LC_ALL', 'en_US.UTF-8'), ('SSH_CONNECTION', '192.168.31.103 56500 192.168.31.121 22'), ('XDG_DATA_DIRS', '/usr/local/share:/usr/share:/var/lib/snapd/desktop'), ('PYTHONPATH', '/opt/ros/humble/lib/python3.10/site-packages:/opt/ros/humble/local/lib/python3.10/dist-packages'), ('COLCON', '1'), ('PIP_NO_INPUT', 'true'), ('CMAKE_PREFIX_PATH', '/opt/ros/humble')]), 'shell': False}
[2.930918] (-) TimerEvent: {}
[2.942123] (robot_description) StdoutLine: {'line': b'-- Install configuration: ""\n'}
[2.945241] (robot_description) StdoutLine: {'line': b'-- Up-to-date: /home/robot/robot_ws/install/robot_description/share/robot_description//launch\n'}
[2.946849] (robot_description) StdoutLine: {'line': b'-- Installing: /home/robot/robot_ws/install/robot_description/share/robot_description//launch/display.launch.py\n'}
[2.949322] (robot_description) StdoutLine: {'line': b'-- Installing: /home/robot/robot_ws/install/robot_description/share/robot_description//launch/robot_state_publisher.launch.py\n'}
[2.953298] (robot_description) StdoutLine: {'line': b'-- Up-to-date: /home/robot/robot_ws/install/robot_description/share/robot_description//urdf\n'}
[2.958513] (robot_description) StdoutLine: {'line': b'-- Installing: /home/robot/robot_ws/install/robot_description/share/robot_description//urdf/gazebo.xacro\n'}
[2.960735] (robot_description) StdoutLine: {'line': b'-- Installing: /home/robot/robot_ws/install/robot_description/share/robot_description//urdf/materials.xacro\n'}
[2.964105] (robot_description) StdoutLine: {'line': b'-- Installing: /home/robot/robot_ws/install/robot_description/share/robot_description//urdf/robot.urdf.xacro\n'}
[2.965745] (robot_description) StdoutLine: {'line': b'-- Installing: /home/robot/robot_ws/install/robot_description/share/robot_description//urdf/macros.xacro\n'}
[2.968778] (robot_description) StdoutLine: {'line': b'-- Up-to-date: /home/robot/robot_ws/install/robot_description/share/robot_description//config\n'}
[2.970481] (robot_description) StdoutLine: {'line': b'-- Up-to-date: /home/robot/robot_ws/install/robot_description/share/robot_description//config/joint_limits.yaml\n'}
[2.972087] (robot_description) StdoutLine: {'line': b'-- Installing: /home/robot/robot_ws/install/robot_description/share/robot_description//rviz\n'}
[2.973534] (robot_description) StdoutLine: {'line': b'-- Installing: /home/robot/robot_ws/install/robot_description/share/robot_description//rviz/rviz.rviz\n'}
[2.975769] (robot_description) StdoutLine: {'line': b'-- Installing: /home/robot/robot_ws/install/robot_description/share/ament_index/resource_index/package_run_dependencies/robot_description\n'}
[2.977708] (robot_description) StdoutLine: {'line': b'-- Up-to-date: /home/robot/robot_ws/install/robot_description/share/ament_index/resource_index/parent_prefix_path/robot_description\n'}
[2.978762] (robot_description) StdoutLine: {'line': b'-- Up-to-date: /home/robot/robot_ws/install/robot_description/share/robot_description/environment/ament_prefix_path.sh\n'}
[2.986279] (robot_description) StdoutLine: {'line': b'-- Installing: /home/robot/robot_ws/install/robot_description/share/robot_description/environment/ament_prefix_path.dsv\n'}
[2.987734] (robot_description) StdoutLine: {'line': b'-- Up-to-date: /home/robot/robot_ws/install/robot_description/share/robot_description/environment/path.sh\n'}
[2.988749] (robot_description) StdoutLine: {'line': b'-- Installing: /home/robot/robot_ws/install/robot_description/share/robot_description/environment/path.dsv\n'}
[2.991199] (robot_description) StdoutLine: {'line': b'-- Up-to-date: /home/robot/robot_ws/install/robot_description/share/robot_description/local_setup.bash\n'}
[2.992206] (robot_description) StdoutLine: {'line': b'-- Up-to-date: /home/robot/robot_ws/install/robot_description/share/robot_description/local_setup.sh\n'}
[2.994077] (robot_description) StdoutLine: {'line': b'-- Up-to-date: /home/robot/robot_ws/install/robot_description/share/robot_description/local_setup.zsh\n'}
[2.995272] (robot_description) StdoutLine: {'line': b'-- Installing: /home/robot/robot_ws/install/robot_description/share/robot_description/local_setup.dsv\n'}
[2.996267] (robot_description) StdoutLine: {'line': b'-- Installing: /home/robot/robot_ws/install/robot_description/share/robot_description/package.dsv\n'}
[2.999098] (robot_description) StdoutLine: {'line': b'-- Up-to-date: /home/robot/robot_ws/install/robot_description/share/ament_index/resource_index/packages/robot_description\n'}
[3.001806] (robot_description) StdoutLine: {'line': b'-- Installing: /home/robot/robot_ws/install/robot_description/share/robot_description/cmake/robot_descriptionConfig.cmake\n'}
[3.004618] (robot_description) StdoutLine: {'line': b'-- Installing: /home/robot/robot_ws/install/robot_description/share/robot_description/cmake/robot_descriptionConfig-version.cmake\n'}
[3.006858] (robot_description) StdoutLine: {'line': b'-- Installing: /home/robot/robot_ws/install/robot_description/share/robot_description/package.xml\n'}
[3.019850] (robot_description) CommandEnded: {'returncode': 0}
[3.031359] (-) TimerEvent: {}
[3.132355] (-) TimerEvent: {}
[3.233089] (-) TimerEvent: {}
[3.333734] (-) TimerEvent: {}
[3.408193] (robot_description) JobEnded: {'identifier': 'robot_description', 'rc': 0}
[3.413650] (-) EventReactorShutdown: {}
